Consolidate compiler generated dependencies of target chess_interfaces__rosidl_generator_c
[  1%] Built target chess_interfaces__cpp
[  1%] Built target ament_cmake_python_copy_chess_interfaces
[ 12%] Built target chess_interfaces__rosidl_generator_c
Consolidate compiler generated dependencies of target chess_interfaces__rosidl_typesupport_cpp
Consolidate compiler generated dependencies of target chess_interfaces__rosidl_typesupport_fastrtps_cpp
Consolidate compiler generated dependencies of target chess_interfaces__rosidl_typesupport_introspection_cpp
Consolidate compiler generated dependencies of target chess_interfaces__rosidl_typesupport_fastrtps_c
Consolidate compiler generated dependencies of target chess_interfaces__rosidl_typesupport_introspection_c
[ 23%] Built target chess_interfaces__rosidl_typesupport_fastrtps_cpp
[ 35%] Built target chess_interfaces__rosidl_typesupport_introspection_cpp
[ 46%] Built target chess_interfaces__rosidl_typesupport_cpp
[ 57%] Built target chess_interfaces__rosidl_typesupport_fastrtps_c
[ 69%] Built target chess_interfaces__rosidl_typesupport_introspection_c
Consolidate compiler generated dependencies of target chess_interfaces__rosidl_typesupport_c
[ 80%] Built target chess_interfaces__rosidl_typesupport_c
[ 80%] Built target chess_interfaces
[ 81%] Built target chess_interfaces__py
Consolidate compiler generated dependencies of target chess_interfaces__rosidl_generator_py
[ 91%] Built target chess_interfaces__rosidl_generator_py
Consolidate compiler generated dependencies of target chess_interfaces__rosidl_typesupport_c__pyext
Consolidate compiler generated dependencies of target chess_interfaces__rosidl_typesupport_introspection_c__pyext
Consolidate compiler generated dependencies of target chess_interfaces__rosidl_typesupport_fastrtps_c__pyext
[ 97%] Built target chess_interfaces__rosidl_typesupport_introspection_c__pyext
[ 97%] Built target chess_interfaces__rosidl_typesupport_fastrtps_c__pyext
[100%] Built target chess_interfaces__rosidl_typesupport_c__pyext
running egg_info
writing chess_interfaces.egg-info/PKG-INFO
writing dependency_links to chess_interfaces.egg-info/dependency_links.txt
writing top-level names to chess_interfaces.egg-info/top_level.txt
reading manifest file 'chess_interfaces.egg-info/SOURCES.txt'
writing manifest file 'chess_interfaces.egg-info/SOURCES.txt'
[100%] Built target ament_cmake_python_build_chess_interfaces_egg
-- Install configuration: ""
-- Up-to-date: /home/jetson/aichess/install/chess_interfaces/share/ament_index/resource_index/rosidl_interfaces/chess_interfaces
-- Up-to-date: /home/jetson/aichess/install/chess_interfaces/include/chess_interfaces/chess_interfaces
-- Up-to-date: /home/jetson/aichess/install/chess_interfaces/include/chess_interfaces/chess_interfaces/msg
-- Up-to-date: /home/jetson/aichess/install/chess_interfaces/include/chess_interfaces/chess_interfaces/msg/piece_detection.h
-- Up-to-date: /home/jetson/aichess/install/chess_interfaces/include/chess_interfaces/chess_interfaces/msg/rosidl_generator_c__visibility_control.h
-- Up-to-date: /home/jetson/aichess/install/chess_interfaces/include/chess_interfaces/chess_interfaces/msg/chess_move.h
-- Up-to-date: /home/jetson/aichess/install/chess_interfaces/include/chess_interfaces/chess_interfaces/msg/detail
-- Up-to-date: /home/jetson/aichess/install/chess_interfaces/include/chess_interfaces/chess_interfaces/msg/detail/board_state__type_support.h
-- Up-to-date: /home/jetson/aichess/install/chess_interfaces/include/chess_interfaces/chess_interfaces/msg/detail/board_state__struct.h
-- Up-to-date: /home/jetson/aichess/install/chess_interfaces/include/chess_interfaces/chess_interfaces/msg/detail/piece_detection__type_support.h
-- Up-to-date: /home/jetson/aichess/install/chess_interfaces/include/chess_interfaces/chess_interfaces/msg/detail/chess_move__type_support.h
-- Up-to-date: /home/jetson/aichess/install/chess_interfaces/include/chess_interfaces/chess_interfaces/msg/detail/board_state__functions.h
-- Up-to-date: /home/jetson/aichess/install/chess_interfaces/include/chess_interfaces/chess_interfaces/msg/detail/chess_move__functions.c
-- Up-to-date: /home/jetson/aichess/install/chess_interfaces/include/chess_interfaces/chess_interfaces/msg/detail/piece_detection__functions.c
-- Up-to-date: /home/jetson/aichess/install/chess_interfaces/include/chess_interfaces/chess_interfaces/msg/detail/piece_detection__functions.h
-- Up-to-date: /home/jetson/aichess/install/chess_interfaces/include/chess_interfaces/chess_interfaces/msg/detail/board_state__functions.c
-- Up-to-date: /home/jetson/aichess/install/chess_interfaces/include/chess_interfaces/chess_interfaces/msg/detail/piece_detection__struct.h
-- Up-to-date: /home/jetson/aichess/install/chess_interfaces/include/chess_interfaces/chess_interfaces/msg/detail/chess_move__functions.h
-- Up-to-date: /home/jetson/aichess/install/chess_interfaces/include/chess_interfaces/chess_interfaces/msg/detail/chess_move__struct.h
-- Up-to-date: /home/jetson/aichess/install/chess_interfaces/include/chess_interfaces/chess_interfaces/msg/board_state.h
-- Up-to-date: /home/jetson/aichess/install/chess_interfaces/include/chess_interfaces/chess_interfaces/srv
-- Up-to-date: /home/jetson/aichess/install/chess_interfaces/include/chess_interfaces/chess_interfaces/srv/plan_move.h
-- Up-to-date: /home/jetson/aichess/install/chess_interfaces/include/chess_interfaces/chess_interfaces/srv/detect_board.h
-- Up-to-date: /home/jetson/aichess/install/chess_interfaces/include/chess_interfaces/chess_interfaces/srv/detail
-- Up-to-date: /home/jetson/aichess/install/chess_interfaces/include/chess_interfaces/chess_interfaces/srv/detail/detect_board__struct.h
-- Up-to-date: /home/jetson/aichess/install/chess_interfaces/include/chess_interfaces/chess_interfaces/srv/detail/plan_move__struct.h
-- Up-to-date: /home/jetson/aichess/install/chess_interfaces/include/chess_interfaces/chess_interfaces/srv/detail/detect_board__functions.c
-- Up-to-date: /home/jetson/aichess/install/chess_interfaces/include/chess_interfaces/chess_interfaces/srv/detail/plan_move__type_support.h
-- Up-to-date: /home/jetson/aichess/install/chess_interfaces/include/chess_interfaces/chess_interfaces/srv/detail/execute_move__struct.h
-- Up-to-date: /home/jetson/aichess/install/chess_interfaces/include/chess_interfaces/chess_interfaces/srv/detail/plan_move__functions.c
-- Up-to-date: /home/jetson/aichess/install/chess_interfaces/include/chess_interfaces/chess_interfaces/srv/detail/detect_board__type_support.h
-- Up-to-date: /home/jetson/aichess/install/chess_interfaces/include/chess_interfaces/chess_interfaces/srv/detail/detect_board__functions.h
-- Up-to-date: /home/jetson/aichess/install/chess_interfaces/include/chess_interfaces/chess_interfaces/srv/detail/execute_move__functions.c
-- Up-to-date: /home/jetson/aichess/install/chess_interfaces/include/chess_interfaces/chess_interfaces/srv/detail/execute_move__functions.h
-- Up-to-date: /home/jetson/aichess/install/chess_interfaces/include/chess_interfaces/chess_interfaces/srv/detail/plan_move__functions.h
-- Up-to-date: /home/jetson/aichess/install/chess_interfaces/include/chess_interfaces/chess_interfaces/srv/detail/execute_move__type_support.h
-- Up-to-date: /home/jetson/aichess/install/chess_interfaces/include/chess_interfaces/chess_interfaces/srv/execute_move.h
-- Up-to-date: /home/jetson/aichess/install/chess_interfaces/share/chess_interfaces/environment/library_path.sh
-- Up-to-date: /home/jetson/aichess/install/chess_interfaces/share/chess_interfaces/environment/library_path.dsv
-- Up-to-date: /home/jetson/aichess/install/chess_interfaces/lib/libchess_interfaces__rosidl_generator_c.so
-- Up-to-date: /home/jetson/aichess/install/chess_interfaces/include/chess_interfaces/chess_interfaces
-- Up-to-date: /home/jetson/aichess/install/chess_interfaces/include/chess_interfaces/chess_interfaces/msg
-- Up-to-date: /home/jetson/aichess/install/chess_interfaces/include/chess_interfaces/chess_interfaces/msg/rosidl_typesupport_fastrtps_c__visibility_control.h
-- Up-to-date: /home/jetson/aichess/install/chess_interfaces/include/chess_interfaces/chess_interfaces/msg/detail
-- Up-to-date: /home/jetson/aichess/install/chess_interfaces/include/chess_interfaces/chess_interfaces/msg/detail/piece_detection__rosidl_typesupport_fastrtps_c.h
-- Up-to-date: /home/jetson/aichess/install/chess_interfaces/include/chess_interfaces/chess_interfaces/msg/detail/board_state__rosidl_typesupport_fastrtps_c.h
-- Up-to-date: /home/jetson/aichess/install/chess_interfaces/include/chess_interfaces/chess_interfaces/msg/detail/chess_move__rosidl_typesupport_fastrtps_c.h
-- Up-to-date: /home/jetson/aichess/install/chess_interfaces/include/chess_interfaces/chess_interfaces/srv
-- Up-to-date: /home/jetson/aichess/install/chess_interfaces/include/chess_interfaces/chess_interfaces/srv/detail
-- Up-to-date: /home/jetson/aichess/install/chess_interfaces/include/chess_interfaces/chess_interfaces/srv/detail/detect_board__rosidl_typesupport_fastrtps_c.h
-- Up-to-date: /home/jetson/aichess/install/chess_interfaces/include/chess_interfaces/chess_interfaces/srv/detail/plan_move__rosidl_typesupport_fastrtps_c.h
-- Up-to-date: /home/jetson/aichess/install/chess_interfaces/include/chess_interfaces/chess_interfaces/srv/detail/execute_move__rosidl_typesupport_fastrtps_c.h
-- Up-to-date: /home/jetson/aichess/install/chess_interfaces/lib/libchess_interfaces__rosidl_typesupport_fastrtps_c.so
-- Up-to-date: /home/jetson/aichess/install/chess_interfaces/include/chess_interfaces/chess_interfaces
-- Up-to-date: /home/jetson/aichess/install/chess_interfaces/include/chess_interfaces/chess_interfaces/msg
-- Up-to-date: /home/jetson/aichess/install/chess_interfaces/include/chess_interfaces/chess_interfaces/msg/chess_move.hpp
-- Up-to-date: /home/jetson/aichess/install/chess_interfaces/include/chess_interfaces/chess_interfaces/msg/rosidl_generator_cpp__visibility_control.hpp
-- Up-to-date: /home/jetson/aichess/install/chess_interfaces/include/chess_interfaces/chess_interfaces/msg/detail
-- Up-to-date: /home/jetson/aichess/install/chess_interfaces/include/chess_interfaces/chess_interfaces/msg/detail/board_state__traits.hpp
-- Up-to-date: /home/jetson/aichess/install/chess_interfaces/include/chess_interfaces/chess_interfaces/msg/detail/chess_move__builder.hpp
-- Up-to-date: /home/jetson/aichess/install/chess_interfaces/include/chess_interfaces/chess_interfaces/msg/detail/piece_detection__traits.hpp
-- Up-to-date: /home/jetson/aichess/install/chess_interfaces/include/chess_interfaces/chess_interfaces/msg/detail/board_state__struct.hpp
-- Up-to-date: /home/jetson/aichess/install/chess_interfaces/include/chess_interfaces/chess_interfaces/msg/detail/chess_move__struct.hpp
-- Up-to-date: /home/jetson/aichess/install/chess_interfaces/include/chess_interfaces/chess_interfaces/msg/detail/chess_move__traits.hpp
-- Up-to-date: /home/jetson/aichess/install/chess_interfaces/include/chess_interfaces/chess_interfaces/msg/detail/piece_detection__struct.hpp
-- Up-to-date: /home/jetson/aichess/install/chess_interfaces/include/chess_interfaces/chess_interfaces/msg/detail/board_state__builder.hpp
-- Up-to-date: /home/jetson/aichess/install/chess_interfaces/include/chess_interfaces/chess_interfaces/msg/detail/board_state__type_support.hpp
-- Up-to-date: /home/jetson/aichess/install/chess_interfaces/include/chess_interfaces/chess_interfaces/msg/detail/piece_detection__type_support.hpp
-- Up-to-date: /home/jetson/aichess/install/chess_interfaces/include/chess_interfaces/chess_interfaces/msg/detail/chess_move__type_support.hpp
-- Up-to-date: /home/jetson/aichess/install/chess_interfaces/include/chess_interfaces/chess_interfaces/msg/detail/piece_detection__builder.hpp
-- Up-to-date: /home/jetson/aichess/install/chess_interfaces/include/chess_interfaces/chess_interfaces/msg/piece_detection.hpp
-- Up-to-date: /home/jetson/aichess/install/chess_interfaces/include/chess_interfaces/chess_interfaces/msg/board_state.hpp
-- Up-to-date: /home/jetson/aichess/install/chess_interfaces/include/chess_interfaces/chess_interfaces/srv
-- Up-to-date: /home/jetson/aichess/install/chess_interfaces/include/chess_interfaces/chess_interfaces/srv/execute_move.hpp
-- Up-to-date: /home/jetson/aichess/install/chess_interfaces/include/chess_interfaces/chess_interfaces/srv/plan_move.hpp
-- Up-to-date: /home/jetson/aichess/install/chess_interfaces/include/chess_interfaces/chess_interfaces/srv/detect_board.hpp
-- Up-to-date: /home/jetson/aichess/install/chess_interfaces/include/chess_interfaces/chess_interfaces/srv/detail
-- Up-to-date: /home/jetson/aichess/install/chess_interfaces/include/chess_interfaces/chess_interfaces/srv/detail/detect_board__builder.hpp
-- Up-to-date: /home/jetson/aichess/install/chess_interfaces/include/chess_interfaces/chess_interfaces/srv/detail/detect_board__type_support.hpp
-- Up-to-date: /home/jetson/aichess/install/chess_interfaces/include/chess_interfaces/chess_interfaces/srv/detail/detect_board__struct.hpp
-- Up-to-date: /home/jetson/aichess/install/chess_interfaces/include/chess_interfaces/chess_interfaces/srv/detail/detect_board__traits.hpp
-- Up-to-date: /home/jetson/aichess/install/chess_interfaces/include/chess_interfaces/chess_interfaces/srv/detail/execute_move__struct.hpp
-- Up-to-date: /home/jetson/aichess/install/chess_interfaces/include/chess_interfaces/chess_interfaces/srv/detail/plan_move__type_support.hpp
-- Up-to-date: /home/jetson/aichess/install/chess_interfaces/include/chess_interfaces/chess_interfaces/srv/detail/execute_move__type_support.hpp
-- Up-to-date: /home/jetson/aichess/install/chess_interfaces/include/chess_interfaces/chess_interfaces/srv/detail/plan_move__struct.hpp
-- Up-to-date: /home/jetson/aichess/install/chess_interfaces/include/chess_interfaces/chess_interfaces/srv/detail/plan_move__traits.hpp
-- Up-to-date: /home/jetson/aichess/install/chess_interfaces/include/chess_interfaces/chess_interfaces/srv/detail/execute_move__builder.hpp
-- Up-to-date: /home/jetson/aichess/install/chess_interfaces/include/chess_interfaces/chess_interfaces/srv/detail/execute_move__traits.hpp
-- Up-to-date: /home/jetson/aichess/install/chess_interfaces/include/chess_interfaces/chess_interfaces/srv/detail/plan_move__builder.hpp
-- Up-to-date: /home/jetson/aichess/install/chess_interfaces/include/chess_interfaces/chess_interfaces
-- Up-to-date: /home/jetson/aichess/install/chess_interfaces/include/chess_interfaces/chess_interfaces/msg
-- Up-to-date: /home/jetson/aichess/install/chess_interfaces/include/chess_interfaces/chess_interfaces/msg/rosidl_typesupport_fastrtps_cpp__visibility_control.h
-- Up-to-date: /home/jetson/aichess/install/chess_interfaces/include/chess_interfaces/chess_interfaces/msg/detail
-- Up-to-date: /home/jetson/aichess/install/chess_interfaces/include/chess_interfaces/chess_interfaces/msg/detail/dds_fastrtps
-- Up-to-date: /home/jetson/aichess/install/chess_interfaces/include/chess_interfaces/chess_interfaces/msg/detail/board_state__rosidl_typesupport_fastrtps_cpp.hpp
-- Up-to-date: /home/jetson/aichess/install/chess_interfaces/include/chess_interfaces/chess_interfaces/msg/detail/piece_detection__rosidl_typesupport_fastrtps_cpp.hpp
-- Up-to-date: /home/jetson/aichess/install/chess_interfaces/include/chess_interfaces/chess_interfaces/msg/detail/chess_move__rosidl_typesupport_fastrtps_cpp.hpp
-- Up-to-date: /home/jetson/aichess/install/chess_interfaces/include/chess_interfaces/chess_interfaces/srv
-- Up-to-date: /home/jetson/aichess/install/chess_interfaces/include/chess_interfaces/chess_interfaces/srv/detail
-- Up-to-date: /home/jetson/aichess/install/chess_interfaces/include/chess_interfaces/chess_interfaces/srv/detail/dds_fastrtps
-- Up-to-date: /home/jetson/aichess/install/chess_interfaces/include/chess_interfaces/chess_interfaces/srv/detail/detect_board__rosidl_typesupport_fastrtps_cpp.hpp
-- Up-to-date: /home/jetson/aichess/install/chess_interfaces/include/chess_interfaces/chess_interfaces/srv/detail/execute_move__rosidl_typesupport_fastrtps_cpp.hpp
-- Up-to-date: /home/jetson/aichess/install/chess_interfaces/include/chess_interfaces/chess_interfaces/srv/detail/plan_move__rosidl_typesupport_fastrtps_cpp.hpp
-- Up-to-date: /home/jetson/aichess/install/chess_interfaces/lib/libchess_interfaces__rosidl_typesupport_fastrtps_cpp.so
-- Up-to-date: /home/jetson/aichess/install/chess_interfaces/include/chess_interfaces/chess_interfaces
-- Up-to-date: /home/jetson/aichess/install/chess_interfaces/include/chess_interfaces/chess_interfaces/msg
-- Up-to-date: /home/jetson/aichess/install/chess_interfaces/include/chess_interfaces/chess_interfaces/msg/rosidl_typesupport_introspection_c__visibility_control.h
-- Up-to-date: /home/jetson/aichess/install/chess_interfaces/include/chess_interfaces/chess_interfaces/msg/detail
-- Up-to-date: /home/jetson/aichess/install/chess_interfaces/include/chess_interfaces/chess_interfaces/msg/detail/board_state__rosidl_typesupport_introspection_c.h
-- Up-to-date: /home/jetson/aichess/install/chess_interfaces/include/chess_interfaces/chess_interfaces/msg/detail/chess_move__rosidl_typesupport_introspection_c.h
-- Up-to-date: /home/jetson/aichess/install/chess_interfaces/include/chess_interfaces/chess_interfaces/msg/detail/board_state__type_support.c
-- Up-to-date: /home/jetson/aichess/install/chess_interfaces/include/chess_interfaces/chess_interfaces/msg/detail/piece_detection__rosidl_typesupport_introspection_c.h
-- Up-to-date: /home/jetson/aichess/install/chess_interfaces/include/chess_interfaces/chess_interfaces/msg/detail/chess_move__type_support.c
-- Up-to-date: /home/jetson/aichess/install/chess_interfaces/include/chess_interfaces/chess_interfaces/msg/detail/piece_detection__type_support.c
-- Up-to-date: /home/jetson/aichess/install/chess_interfaces/include/chess_interfaces/chess_interfaces/srv
-- Up-to-date: /home/jetson/aichess/install/chess_interfaces/include/chess_interfaces/chess_interfaces/srv/detail
-- Up-to-date: /home/jetson/aichess/install/chess_interfaces/include/chess_interfaces/chess_interfaces/srv/detail/execute_move__rosidl_typesupport_introspection_c.h
-- Up-to-date: /home/jetson/aichess/install/chess_interfaces/include/chess_interfaces/chess_interfaces/srv/detail/execute_move__type_support.c
-- Up-to-date: /home/jetson/aichess/install/chess_interfaces/include/chess_interfaces/chess_interfaces/srv/detail/detect_board__type_support.c
-- Up-to-date: /home/jetson/aichess/install/chess_interfaces/include/chess_interfaces/chess_interfaces/srv/detail/plan_move__type_support.c
-- Up-to-date: /home/jetson/aichess/install/chess_interfaces/include/chess_interfaces/chess_interfaces/srv/detail/plan_move__rosidl_typesupport_introspection_c.h
-- Up-to-date: /home/jetson/aichess/install/chess_interfaces/include/chess_interfaces/chess_interfaces/srv/detail/detect_board__rosidl_typesupport_introspection_c.h
-- Up-to-date: /home/jetson/aichess/install/chess_interfaces/lib/libchess_interfaces__rosidl_typesupport_introspection_c.so
-- Up-to-date: /home/jetson/aichess/install/chess_interfaces/lib/libchess_interfaces__rosidl_typesupport_c.so
-- Up-to-date: /home/jetson/aichess/install/chess_interfaces/include/chess_interfaces/chess_interfaces
-- Up-to-date: /home/jetson/aichess/install/chess_interfaces/include/chess_interfaces/chess_interfaces/msg
-- Up-to-date: /home/jetson/aichess/install/chess_interfaces/include/chess_interfaces/chess_interfaces/msg/detail
-- Up-to-date: /home/jetson/aichess/install/chess_interfaces/include/chess_interfaces/chess_interfaces/msg/detail/chess_move__rosidl_typesupport_introspection_cpp.hpp
-- Up-to-date: /home/jetson/aichess/install/chess_interfaces/include/chess_interfaces/chess_interfaces/msg/detail/board_state__type_support.cpp
-- Up-to-date: /home/jetson/aichess/install/chess_interfaces/include/chess_interfaces/chess_interfaces/msg/detail/piece_detection__type_support.cpp
-- Up-to-date: /home/jetson/aichess/install/chess_interfaces/include/chess_interfaces/chess_interfaces/msg/detail/chess_move__type_support.cpp
-- Up-to-date: /home/jetson/aichess/install/chess_interfaces/include/chess_interfaces/chess_interfaces/msg/detail/board_state__rosidl_typesupport_introspection_cpp.hpp
-- Up-to-date: /home/jetson/aichess/install/chess_interfaces/include/chess_interfaces/chess_interfaces/msg/detail/piece_detection__rosidl_typesupport_introspection_cpp.hpp
-- Up-to-date: /home/jetson/aichess/install/chess_interfaces/include/chess_interfaces/chess_interfaces/srv
-- Up-to-date: /home/jetson/aichess/install/chess_interfaces/include/chess_interfaces/chess_interfaces/srv/detail
-- Up-to-date: /home/jetson/aichess/install/chess_interfaces/include/chess_interfaces/chess_interfaces/srv/detail/execute_move__rosidl_typesupport_introspection_cpp.hpp
-- Up-to-date: /home/jetson/aichess/install/chess_interfaces/include/chess_interfaces/chess_interfaces/srv/detail/detect_board__rosidl_typesupport_introspection_cpp.hpp
-- Up-to-date: /home/jetson/aichess/install/chess_interfaces/include/chess_interfaces/chess_interfaces/srv/detail/detect_board__type_support.cpp
-- Up-to-date: /home/jetson/aichess/install/chess_interfaces/include/chess_interfaces/chess_interfaces/srv/detail/plan_move__rosidl_typesupport_introspection_cpp.hpp
-- Up-to-date: /home/jetson/aichess/install/chess_interfaces/include/chess_interfaces/chess_interfaces/srv/detail/plan_move__type_support.cpp
-- Up-to-date: /home/jetson/aichess/install/chess_interfaces/include/chess_interfaces/chess_interfaces/srv/detail/execute_move__type_support.cpp
-- Up-to-date: /home/jetson/aichess/install/chess_interfaces/lib/libchess_interfaces__rosidl_typesupport_introspection_cpp.so
-- Up-to-date: /home/jetson/aichess/install/chess_interfaces/lib/libchess_interfaces__rosidl_typesupport_cpp.so
-- Up-to-date: /home/jetson/aichess/install/chess_interfaces/share/chess_interfaces/environment/pythonpath.sh
-- Up-to-date: /home/jetson/aichess/install/chess_interfaces/share/chess_interfaces/environment/pythonpath.dsv
-- Up-to-date: /home/jetson/aichess/install/chess_interfaces/local/lib/python3.10/dist-packages/chess_interfaces-0.0.0-py3.10.egg-info
-- Installing: /home/jetson/aichess/install/chess_interfaces/local/lib/python3.10/dist-packages/chess_interfaces-0.0.0-py3.10.egg-info/top_level.txt
-- Installing: /home/jetson/aichess/install/chess_interfaces/local/lib/python3.10/dist-packages/chess_interfaces-0.0.0-py3.10.egg-info/SOURCES.txt
-- Installing: /home/jetson/aichess/install/chess_interfaces/local/lib/python3.10/dist-packages/chess_interfaces-0.0.0-py3.10.egg-info/PKG-INFO
-- Installing: /home/jetson/aichess/install/chess_interfaces/local/lib/python3.10/dist-packages/chess_interfaces-0.0.0-py3.10.egg-info/dependency_links.txt
-- Up-to-date: /home/jetson/aichess/install/chess_interfaces/local/lib/python3.10/dist-packages/chess_interfaces
-- Up-to-date: /home/jetson/aichess/install/chess_interfaces/local/lib/python3.10/dist-packages/chess_interfaces/_chess_interfaces_s.ep.rosidl_typesupport_introspection_c.c
-- Up-to-date: /home/jetson/aichess/install/chess_interfaces/local/lib/python3.10/dist-packages/chess_interfaces/chess_interfaces_s__rosidl_typesupport_fastrtps_c.cpython-310-aarch64-linux-gnu.so
-- Up-to-date: /home/jetson/aichess/install/chess_interfaces/local/lib/python3.10/dist-packages/chess_interfaces/chess_interfaces_s__rosidl_typesupport_introspection_c.cpython-310-aarch64-linux-gnu.so
-- Up-to-date: /home/jetson/aichess/install/chess_interfaces/local/lib/python3.10/dist-packages/chess_interfaces/libchess_interfaces__rosidl_generator_py.so
-- Up-to-date: /home/jetson/aichess/install/chess_interfaces/local/lib/python3.10/dist-packages/chess_interfaces/__init__.py
-- Up-to-date: /home/jetson/aichess/install/chess_interfaces/local/lib/python3.10/dist-packages/chess_interfaces/_chess_interfaces_s.ep.rosidl_typesupport_fastrtps_c.c
-- Up-to-date: /home/jetson/aichess/install/chess_interfaces/local/lib/python3.10/dist-packages/chess_interfaces/msg
-- Up-to-date: /home/jetson/aichess/install/chess_interfaces/local/lib/python3.10/dist-packages/chess_interfaces/msg/_chess_move_s.c
-- Up-to-date: /home/jetson/aichess/install/chess_interfaces/local/lib/python3.10/dist-packages/chess_interfaces/msg/_piece_detection.py
-- Up-to-date: /home/jetson/aichess/install/chess_interfaces/local/lib/python3.10/dist-packages/chess_interfaces/msg/_board_state.py
-- Up-to-date: /home/jetson/aichess/install/chess_interfaces/local/lib/python3.10/dist-packages/chess_interfaces/msg/__init__.py
-- Up-to-date: /home/jetson/aichess/install/chess_interfaces/local/lib/python3.10/dist-packages/chess_interfaces/msg/_piece_detection_s.c
-- Up-to-date: /home/jetson/aichess/install/chess_interfaces/local/lib/python3.10/dist-packages/chess_interfaces/msg/_board_state_s.c
-- Up-to-date: /home/jetson/aichess/install/chess_interfaces/local/lib/python3.10/dist-packages/chess_interfaces/msg/_chess_move.py
-- Up-to-date: /home/jetson/aichess/install/chess_interfaces/local/lib/python3.10/dist-packages/chess_interfaces/_chess_interfaces_s.ep.rosidl_typesupport_c.c
-- Up-to-date: /home/jetson/aichess/install/chess_interfaces/local/lib/python3.10/dist-packages/chess_interfaces/srv
-- Up-to-date: /home/jetson/aichess/install/chess_interfaces/local/lib/python3.10/dist-packages/chess_interfaces/srv/_execute_move_s.c
-- Up-to-date: /home/jetson/aichess/install/chess_interfaces/local/lib/python3.10/dist-packages/chess_interfaces/srv/_execute_move.py
-- Up-to-date: /home/jetson/aichess/install/chess_interfaces/local/lib/python3.10/dist-packages/chess_interfaces/srv/__init__.py
-- Up-to-date: /home/jetson/aichess/install/chess_interfaces/local/lib/python3.10/dist-packages/chess_interfaces/srv/_plan_move_s.c
-- Up-to-date: /home/jetson/aichess/install/chess_interfaces/local/lib/python3.10/dist-packages/chess_interfaces/srv/_detect_board.py
-- Up-to-date: /home/jetson/aichess/install/chess_interfaces/local/lib/python3.10/dist-packages/chess_interfaces/srv/_detect_board_s.c
-- Up-to-date: /home/jetson/aichess/install/chess_interfaces/local/lib/python3.10/dist-packages/chess_interfaces/srv/_plan_move.py
-- Up-to-date: /home/jetson/aichess/install/chess_interfaces/local/lib/python3.10/dist-packages/chess_interfaces/chess_interfaces_s__rosidl_typesupport_c.cpython-310-aarch64-linux-gnu.so
Listing '/home/jetson/aichess/install/chess_interfaces/local/lib/python3.10/dist-packages/chess_interfaces'...
Listing '/home/jetson/aichess/install/chess_interfaces/local/lib/python3.10/dist-packages/chess_interfaces/msg'...
Listing '/home/jetson/aichess/install/chess_interfaces/local/lib/python3.10/dist-packages/chess_interfaces/srv'...
-- Up-to-date: /home/jetson/aichess/install/chess_interfaces/local/lib/python3.10/dist-packages/chess_interfaces/chess_interfaces_s__rosidl_typesupport_fastrtps_c.cpython-310-aarch64-linux-gnu.so
-- Up-to-date: /home/jetson/aichess/install/chess_interfaces/local/lib/python3.10/dist-packages/chess_interfaces/chess_interfaces_s__rosidl_typesupport_introspection_c.cpython-310-aarch64-linux-gnu.so
-- Up-to-date: /home/jetson/aichess/install/chess_interfaces/local/lib/python3.10/dist-packages/chess_interfaces/chess_interfaces_s__rosidl_typesupport_c.cpython-310-aarch64-linux-gnu.so
-- Up-to-date: /home/jetson/aichess/install/chess_interfaces/lib/libchess_interfaces__rosidl_generator_py.so
-- Up-to-date: /home/jetson/aichess/install/chess_interfaces/share/chess_interfaces/msg/BoardState.idl
-- Up-to-date: /home/jetson/aichess/install/chess_interfaces/share/chess_interfaces/msg/ChessMove.idl
-- Up-to-date: /home/jetson/aichess/install/chess_interfaces/share/chess_interfaces/msg/PieceDetection.idl
-- Up-to-date: /home/jetson/aichess/install/chess_interfaces/share/chess_interfaces/srv/DetectBoard.idl
-- Up-to-date: /home/jetson/aichess/install/chess_interfaces/share/chess_interfaces/srv/PlanMove.idl
-- Up-to-date: /home/jetson/aichess/install/chess_interfaces/share/chess_interfaces/srv/ExecuteMove.idl
-- Up-to-date: /home/jetson/aichess/install/chess_interfaces/share/chess_interfaces/msg/BoardState.msg
-- Up-to-date: /home/jetson/aichess/install/chess_interfaces/share/chess_interfaces/msg/ChessMove.msg
-- Up-to-date: /home/jetson/aichess/install/chess_interfaces/share/chess_interfaces/msg/PieceDetection.msg
-- Up-to-date: /home/jetson/aichess/install/chess_interfaces/share/chess_interfaces/srv/DetectBoard.srv
-- Up-to-date: /home/jetson/aichess/install/chess_interfaces/share/chess_interfaces/srv/DetectBoard_Request.msg
-- Up-to-date: /home/jetson/aichess/install/chess_interfaces/share/chess_interfaces/srv/DetectBoard_Response.msg
-- Up-to-date: /home/jetson/aichess/install/chess_interfaces/share/chess_interfaces/srv/PlanMove.srv
-- Up-to-date: /home/jetson/aichess/install/chess_interfaces/share/chess_interfaces/srv/PlanMove_Request.msg
-- Up-to-date: /home/jetson/aichess/install/chess_interfaces/share/chess_interfaces/srv/PlanMove_Response.msg
-- Up-to-date: /home/jetson/aichess/install/chess_interfaces/share/chess_interfaces/srv/ExecuteMove.srv
-- Up-to-date: /home/jetson/aichess/install/chess_interfaces/share/chess_interfaces/srv/ExecuteMove_Request.msg
-- Up-to-date: /home/jetson/aichess/install/chess_interfaces/share/chess_interfaces/srv/ExecuteMove_Response.msg
-- Up-to-date: /home/jetson/aichess/install/chess_interfaces/share/ament_index/resource_index/package_run_dependencies/chess_interfaces
-- Up-to-date: /home/jetson/aichess/install/chess_interfaces/share/ament_index/resource_index/parent_prefix_path/chess_interfaces
-- Up-to-date: /home/jetson/aichess/install/chess_interfaces/share/chess_interfaces/environment/ament_prefix_path.sh
-- Up-to-date: /home/jetson/aichess/install/chess_interfaces/share/chess_interfaces/environment/ament_prefix_path.dsv
-- Up-to-date: /home/jetson/aichess/install/chess_interfaces/share/chess_interfaces/environment/path.sh
-- Up-to-date: /home/jetson/aichess/install/chess_interfaces/share/chess_interfaces/environment/path.dsv
-- Up-to-date: /home/jetson/aichess/install/chess_interfaces/share/chess_interfaces/local_setup.bash
-- Up-to-date: /home/jetson/aichess/install/chess_interfaces/share/chess_interfaces/local_setup.sh
-- Up-to-date: /home/jetson/aichess/install/chess_interfaces/share/chess_interfaces/local_setup.zsh
-- Up-to-date: /home/jetson/aichess/install/chess_interfaces/share/chess_interfaces/local_setup.dsv
-- Installing: /home/jetson/aichess/install/chess_interfaces/share/chess_interfaces/package.dsv
-- Up-to-date: /home/jetson/aichess/install/chess_interfaces/share/ament_index/resource_index/packages/chess_interfaces
-- Up-to-date: /home/jetson/aichess/install/chess_interfaces/share/chess_interfaces/cmake/export_chess_interfaces__rosidl_generator_cExport.cmake
-- Up-to-date: /home/jetson/aichess/install/chess_interfaces/share/chess_interfaces/cmake/export_chess_interfaces__rosidl_generator_cExport-noconfig.cmake
-- Up-to-date: /home/jetson/aichess/install/chess_interfaces/share/chess_interfaces/cmake/export_chess_interfaces__rosidl_typesupport_fastrtps_cExport.cmake
-- Up-to-date: /home/jetson/aichess/install/chess_interfaces/share/chess_interfaces/cmake/export_chess_interfaces__rosidl_typesupport_fastrtps_cExport-noconfig.cmake
-- Up-to-date: /home/jetson/aichess/install/chess_interfaces/share/chess_interfaces/cmake/export_chess_interfaces__rosidl_generator_cppExport.cmake
-- Up-to-date: /home/jetson/aichess/install/chess_interfaces/share/chess_interfaces/cmake/export_chess_interfaces__rosidl_typesupport_fastrtps_cppExport.cmake
-- Up-to-date: /home/jetson/aichess/install/chess_interfaces/share/chess_interfaces/cmake/export_chess_interfaces__rosidl_typesupport_fastrtps_cppExport-noconfig.cmake
-- Up-to-date: /home/jetson/aichess/install/chess_interfaces/share/chess_interfaces/cmake/chess_interfaces__rosidl_typesupport_introspection_cExport.cmake
-- Up-to-date: /home/jetson/aichess/install/chess_interfaces/share/chess_interfaces/cmake/chess_interfaces__rosidl_typesupport_introspection_cExport-noconfig.cmake
-- Up-to-date: /home/jetson/aichess/install/chess_interfaces/share/chess_interfaces/cmake/chess_interfaces__rosidl_typesupport_cExport.cmake
-- Up-to-date: /home/jetson/aichess/install/chess_interfaces/share/chess_interfaces/cmake/chess_interfaces__rosidl_typesupport_cExport-noconfig.cmake
-- Up-to-date: /home/jetson/aichess/install/chess_interfaces/share/chess_interfaces/cmake/chess_interfaces__rosidl_typesupport_introspection_cppExport.cmake
-- Up-to-date: /home/jetson/aichess/install/chess_interfaces/share/chess_interfaces/cmake/chess_interfaces__rosidl_typesupport_introspection_cppExport-noconfig.cmake
-- Up-to-date: /home/jetson/aichess/install/chess_interfaces/share/chess_interfaces/cmake/chess_interfaces__rosidl_typesupport_cppExport.cmake
-- Up-to-date: /home/jetson/aichess/install/chess_interfaces/share/chess_interfaces/cmake/chess_interfaces__rosidl_typesupport_cppExport-noconfig.cmake
-- Up-to-date: /home/jetson/aichess/install/chess_interfaces/share/chess_interfaces/cmake/export_chess_interfaces__rosidl_generator_pyExport.cmake
-- Up-to-date: /home/jetson/aichess/install/chess_interfaces/share/chess_interfaces/cmake/export_chess_interfaces__rosidl_generator_pyExport-noconfig.cmake
-- Up-to-date: /home/jetson/aichess/install/chess_interfaces/share/chess_interfaces/cmake/rosidl_cmake-extras.cmake
-- Up-to-date: /home/jetson/aichess/install/chess_interfaces/share/chess_interfaces/cmake/ament_cmake_export_dependencies-extras.cmake
-- Up-to-date: /home/jetson/aichess/install/chess_interfaces/share/chess_interfaces/cmake/ament_cmake_export_include_directories-extras.cmake
-- Up-to-date: /home/jetson/aichess/install/chess_interfaces/share/chess_interfaces/cmake/ament_cmake_export_libraries-extras.cmake
-- Up-to-date: /home/jetson/aichess/install/chess_interfaces/share/chess_interfaces/cmake/ament_cmake_export_targets-extras.cmake
-- Up-to-date: /home/jetson/aichess/install/chess_interfaces/share/chess_interfaces/cmake/rosidl_cmake_export_typesupport_targets-extras.cmake
-- Up-to-date: /home/jetson/aichess/install/chess_interfaces/share/chess_interfaces/cmake/rosidl_cmake_export_typesupport_libraries-extras.cmake
-- Up-to-date: /home/jetson/aichess/install/chess_interfaces/share/chess_interfaces/cmake/chess_interfacesConfig.cmake
-- Up-to-date: /home/jetson/aichess/install/chess_interfaces/share/chess_interfaces/cmake/chess_interfacesConfig-version.cmake
-- Up-to-date: /home/jetson/aichess/install/chess_interfaces/share/chess_interfaces/package.xml
