[0.036s] Invoking command in '/home/jetson/aichess/build/chess_interfaces': CMAKE_PREFIX_PATH=${CMAKE_PREFIX_PATH}:/home/jetson/dofbot_pro_ws/install/dofbot_pro_yolov11:/home/jetson/dofbot_pro_ws/install/dofbot_pro_voice_ctrl:/home/jetson/dofbot_pro_ws/install/dofbot_pro_vision:/home/jetson/dofbot_pro_ws/install/dofbot_pro_mediapipe:/home/jetson/dofbot_pro_ws/install/dofbot_pro_driver:/home/jetson/dofbot_pro_ws/install/dofbot_pro_depth:/home/jetson/dofbot_pro_ws/install/dofbot_pro_color:/home/jetson/dofbot_pro_ws/install/dofbot_pro_apriltag:/home/jetson/dofbot_pro_ws/install/dofbot_pro_KCF:/opt/ros/humble /usr/bin/cmake --build /home/jetson/aichess/build/chess_interfaces -- -j6 -l6
[0.131s] Consolidate compiler generated dependencies of target chess_interfaces__rosidl_generator_c
[0.142s] [  1%] Built target chess_interfaces__cpp
[0.188s] [  1%] Built target ament_cmake_python_copy_chess_interfaces
[0.188s] [ 12%] Built target chess_interfaces__rosidl_generator_c
[0.188s] Consolidate compiler generated dependencies of target chess_interfaces__rosidl_typesupport_cpp
[0.188s] Consolidate compiler generated dependencies of target chess_interfaces__rosidl_typesupport_fastrtps_cpp
[0.188s] Consolidate compiler generated dependencies of target chess_interfaces__rosidl_typesupport_introspection_cpp
[0.211s] Consolidate compiler generated dependencies of target chess_interfaces__rosidl_typesupport_fastrtps_c
[0.211s] Consolidate compiler generated dependencies of target chess_interfaces__rosidl_typesupport_introspection_c
[0.212s] [ 23%] Built target chess_interfaces__rosidl_typesupport_fastrtps_cpp
[0.218s] [ 35%] Built target chess_interfaces__rosidl_typesupport_introspection_cpp
[0.221s] [ 46%] Built target chess_interfaces__rosidl_typesupport_cpp
[0.233s] [ 57%] Built target chess_interfaces__rosidl_typesupport_fastrtps_c
[0.236s] [ 69%] Built target chess_interfaces__rosidl_typesupport_introspection_c
[0.239s] Consolidate compiler generated dependencies of target chess_interfaces__rosidl_typesupport_c
[0.259s] [ 80%] Built target chess_interfaces__rosidl_typesupport_c
[0.295s] [ 80%] Built target chess_interfaces
[0.331s] [ 81%] Built target chess_interfaces__py
[0.358s] Consolidate compiler generated dependencies of target chess_interfaces__rosidl_generator_py
[0.381s] [ 91%] Built target chess_interfaces__rosidl_generator_py
[0.404s] Consolidate compiler generated dependencies of target chess_interfaces__rosidl_typesupport_c__pyext
[0.404s] Consolidate compiler generated dependencies of target chess_interfaces__rosidl_typesupport_introspection_c__pyext
[0.405s] Consolidate compiler generated dependencies of target chess_interfaces__rosidl_typesupport_fastrtps_c__pyext
[0.424s] [ 97%] Built target chess_interfaces__rosidl_typesupport_introspection_c__pyext
[0.424s] [ 97%] Built target chess_interfaces__rosidl_typesupport_fastrtps_c__pyext
[0.427s] [100%] Built target chess_interfaces__rosidl_typesupport_c__pyext
[0.708s] running egg_info
[0.760s] writing chess_interfaces.egg-info/PKG-INFO
[0.760s] writing dependency_links to chess_interfaces.egg-info/dependency_links.txt
[0.761s] writing top-level names to chess_interfaces.egg-info/top_level.txt
[0.914s] reading manifest file 'chess_interfaces.egg-info/SOURCES.txt'
[0.916s] writing manifest file 'chess_interfaces.egg-info/SOURCES.txt'
[0.978s] [100%] Built target ament_cmake_python_build_chess_interfaces_egg
[0.997s] Invoked command in '/home/jetson/aichess/build/chess_interfaces' returned '0': CMAKE_PREFIX_PATH=${CMAKE_PREFIX_PATH}:/home/jetson/dofbot_pro_ws/install/dofbot_pro_yolov11:/home/jetson/dofbot_pro_ws/install/dofbot_pro_voice_ctrl:/home/jetson/dofbot_pro_ws/install/dofbot_pro_vision:/home/jetson/dofbot_pro_ws/install/dofbot_pro_mediapipe:/home/jetson/dofbot_pro_ws/install/dofbot_pro_driver:/home/jetson/dofbot_pro_ws/install/dofbot_pro_depth:/home/jetson/dofbot_pro_ws/install/dofbot_pro_color:/home/jetson/dofbot_pro_ws/install/dofbot_pro_apriltag:/home/jetson/dofbot_pro_ws/install/dofbot_pro_KCF:/opt/ros/humble /usr/bin/cmake --build /home/jetson/aichess/build/chess_interfaces -- -j6 -l6
[0.999s] Invoking command in '/home/jetson/aichess/build/chess_interfaces': CMAKE_PREFIX_PATH=${CMAKE_PREFIX_PATH}:/home/jetson/dofbot_pro_ws/install/dofbot_pro_yolov11:/home/jetson/dofbot_pro_ws/install/dofbot_pro_voice_ctrl:/home/jetson/dofbot_pro_ws/install/dofbot_pro_vision:/home/jetson/dofbot_pro_ws/install/dofbot_pro_mediapipe:/home/jetson/dofbot_pro_ws/install/dofbot_pro_driver:/home/jetson/dofbot_pro_ws/install/dofbot_pro_depth:/home/jetson/dofbot_pro_ws/install/dofbot_pro_color:/home/jetson/dofbot_pro_ws/install/dofbot_pro_apriltag:/home/jetson/dofbot_pro_ws/install/dofbot_pro_KCF:/opt/ros/humble /usr/bin/cmake --install /home/jetson/aichess/build/chess_interfaces
[1.014s] -- Install configuration: ""
[1.014s] -- Up-to-date: /home/jetson/aichess/install/chess_interfaces/share/ament_index/resource_index/rosidl_interfaces/chess_interfaces
[1.015s] -- Up-to-date: /home/jetson/aichess/install/chess_interfaces/include/chess_interfaces/chess_interfaces
[1.015s] -- Up-to-date: /home/jetson/aichess/install/chess_interfaces/include/chess_interfaces/chess_interfaces/msg
[1.016s] -- Up-to-date: /home/jetson/aichess/install/chess_interfaces/include/chess_interfaces/chess_interfaces/msg/piece_detection.h
[1.016s] -- Up-to-date: /home/jetson/aichess/install/chess_interfaces/include/chess_interfaces/chess_interfaces/msg/rosidl_generator_c__visibility_control.h
[1.016s] -- Up-to-date: /home/jetson/aichess/install/chess_interfaces/include/chess_interfaces/chess_interfaces/msg/chess_move.h
[1.016s] -- Up-to-date: /home/jetson/aichess/install/chess_interfaces/include/chess_interfaces/chess_interfaces/msg/detail
[1.016s] -- Up-to-date: /home/jetson/aichess/install/chess_interfaces/include/chess_interfaces/chess_interfaces/msg/detail/board_state__type_support.h
[1.017s] -- Up-to-date: /home/jetson/aichess/install/chess_interfaces/include/chess_interfaces/chess_interfaces/msg/detail/board_state__struct.h
[1.017s] -- Up-to-date: /home/jetson/aichess/install/chess_interfaces/include/chess_interfaces/chess_interfaces/msg/detail/piece_detection__type_support.h
[1.017s] -- Up-to-date: /home/jetson/aichess/install/chess_interfaces/include/chess_interfaces/chess_interfaces/msg/detail/chess_move__type_support.h
[1.017s] -- Up-to-date: /home/jetson/aichess/install/chess_interfaces/include/chess_interfaces/chess_interfaces/msg/detail/board_state__functions.h
[1.017s] -- Up-to-date: /home/jetson/aichess/install/chess_interfaces/include/chess_interfaces/chess_interfaces/msg/detail/chess_move__functions.c
[1.018s] -- Up-to-date: /home/jetson/aichess/install/chess_interfaces/include/chess_interfaces/chess_interfaces/msg/detail/piece_detection__functions.c
[1.018s] -- Up-to-date: /home/jetson/aichess/install/chess_interfaces/include/chess_interfaces/chess_interfaces/msg/detail/piece_detection__functions.h
[1.018s] -- Up-to-date: /home/jetson/aichess/install/chess_interfaces/include/chess_interfaces/chess_interfaces/msg/detail/board_state__functions.c
[1.019s] -- Up-to-date: /home/jetson/aichess/install/chess_interfaces/include/chess_interfaces/chess_interfaces/msg/detail/piece_detection__struct.h
[1.020s] -- Up-to-date: /home/jetson/aichess/install/chess_interfaces/include/chess_interfaces/chess_interfaces/msg/detail/chess_move__functions.h
[1.020s] -- Up-to-date: /home/jetson/aichess/install/chess_interfaces/include/chess_interfaces/chess_interfaces/msg/detail/chess_move__struct.h
[1.020s] -- Up-to-date: /home/jetson/aichess/install/chess_interfaces/include/chess_interfaces/chess_interfaces/msg/board_state.h
[1.020s] -- Up-to-date: /home/jetson/aichess/install/chess_interfaces/include/chess_interfaces/chess_interfaces/srv
[1.020s] -- Up-to-date: /home/jetson/aichess/install/chess_interfaces/include/chess_interfaces/chess_interfaces/srv/plan_move.h
[1.020s] -- Up-to-date: /home/jetson/aichess/install/chess_interfaces/include/chess_interfaces/chess_interfaces/srv/detect_board.h
[1.020s] -- Up-to-date: /home/jetson/aichess/install/chess_interfaces/include/chess_interfaces/chess_interfaces/srv/detail
[1.020s] -- Up-to-date: /home/jetson/aichess/install/chess_interfaces/include/chess_interfaces/chess_interfaces/srv/detail/detect_board__struct.h
[1.021s] -- Up-to-date: /home/jetson/aichess/install/chess_interfaces/include/chess_interfaces/chess_interfaces/srv/detail/plan_move__struct.h
[1.021s] -- Up-to-date: /home/jetson/aichess/install/chess_interfaces/include/chess_interfaces/chess_interfaces/srv/detail/detect_board__functions.c
[1.021s] -- Up-to-date: /home/jetson/aichess/install/chess_interfaces/include/chess_interfaces/chess_interfaces/srv/detail/plan_move__type_support.h
[1.021s] -- Up-to-date: /home/jetson/aichess/install/chess_interfaces/include/chess_interfaces/chess_interfaces/srv/detail/execute_move__struct.h
[1.022s] -- Up-to-date: /home/jetson/aichess/install/chess_interfaces/include/chess_interfaces/chess_interfaces/srv/detail/plan_move__functions.c
[1.022s] -- Up-to-date: /home/jetson/aichess/install/chess_interfaces/include/chess_interfaces/chess_interfaces/srv/detail/detect_board__type_support.h
[1.022s] -- Up-to-date: /home/jetson/aichess/install/chess_interfaces/include/chess_interfaces/chess_interfaces/srv/detail/detect_board__functions.h
[1.022s] -- Up-to-date: /home/jetson/aichess/install/chess_interfaces/include/chess_interfaces/chess_interfaces/srv/detail/execute_move__functions.c
[1.022s] -- Up-to-date: /home/jetson/aichess/install/chess_interfaces/include/chess_interfaces/chess_interfaces/srv/detail/execute_move__functions.h
[1.022s] -- Up-to-date: /home/jetson/aichess/install/chess_interfaces/include/chess_interfaces/chess_interfaces/srv/detail/plan_move__functions.h
[1.022s] -- Up-to-date: /home/jetson/aichess/install/chess_interfaces/include/chess_interfaces/chess_interfaces/srv/detail/execute_move__type_support.h
[1.023s] -- Up-to-date: /home/jetson/aichess/install/chess_interfaces/include/chess_interfaces/chess_interfaces/srv/execute_move.h
[1.023s] -- Up-to-date: /home/jetson/aichess/install/chess_interfaces/share/chess_interfaces/environment/library_path.sh
[1.023s] -- Up-to-date: /home/jetson/aichess/install/chess_interfaces/share/chess_interfaces/environment/library_path.dsv
[1.024s] -- Up-to-date: /home/jetson/aichess/install/chess_interfaces/lib/libchess_interfaces__rosidl_generator_c.so
[1.024s] -- Up-to-date: /home/jetson/aichess/install/chess_interfaces/include/chess_interfaces/chess_interfaces
[1.024s] -- Up-to-date: /home/jetson/aichess/install/chess_interfaces/include/chess_interfaces/chess_interfaces/msg
[1.024s] -- Up-to-date: /home/jetson/aichess/install/chess_interfaces/include/chess_interfaces/chess_interfaces/msg/rosidl_typesupport_fastrtps_c__visibility_control.h
[1.024s] -- Up-to-date: /home/jetson/aichess/install/chess_interfaces/include/chess_interfaces/chess_interfaces/msg/detail
[1.024s] -- Up-to-date: /home/jetson/aichess/install/chess_interfaces/include/chess_interfaces/chess_interfaces/msg/detail/piece_detection__rosidl_typesupport_fastrtps_c.h
[1.024s] -- Up-to-date: /home/jetson/aichess/install/chess_interfaces/include/chess_interfaces/chess_interfaces/msg/detail/board_state__rosidl_typesupport_fastrtps_c.h
[1.025s] -- Up-to-date: /home/jetson/aichess/install/chess_interfaces/include/chess_interfaces/chess_interfaces/msg/detail/chess_move__rosidl_typesupport_fastrtps_c.h
[1.025s] -- Up-to-date: /home/jetson/aichess/install/chess_interfaces/include/chess_interfaces/chess_interfaces/srv
[1.025s] -- Up-to-date: /home/jetson/aichess/install/chess_interfaces/include/chess_interfaces/chess_interfaces/srv/detail
[1.025s] -- Up-to-date: /home/jetson/aichess/install/chess_interfaces/include/chess_interfaces/chess_interfaces/srv/detail/detect_board__rosidl_typesupport_fastrtps_c.h
[1.025s] -- Up-to-date: /home/jetson/aichess/install/chess_interfaces/include/chess_interfaces/chess_interfaces/srv/detail/plan_move__rosidl_typesupport_fastrtps_c.h
[1.025s] -- Up-to-date: /home/jetson/aichess/install/chess_interfaces/include/chess_interfaces/chess_interfaces/srv/detail/execute_move__rosidl_typesupport_fastrtps_c.h
[1.026s] -- Up-to-date: /home/jetson/aichess/install/chess_interfaces/lib/libchess_interfaces__rosidl_typesupport_fastrtps_c.so
[1.026s] -- Up-to-date: /home/jetson/aichess/install/chess_interfaces/include/chess_interfaces/chess_interfaces
[1.026s] -- Up-to-date: /home/jetson/aichess/install/chess_interfaces/include/chess_interfaces/chess_interfaces/msg
[1.026s] -- Up-to-date: /home/jetson/aichess/install/chess_interfaces/include/chess_interfaces/chess_interfaces/msg/chess_move.hpp
[1.027s] -- Up-to-date: /home/jetson/aichess/install/chess_interfaces/include/chess_interfaces/chess_interfaces/msg/rosidl_generator_cpp__visibility_control.hpp
[1.027s] -- Up-to-date: /home/jetson/aichess/install/chess_interfaces/include/chess_interfaces/chess_interfaces/msg/detail
[1.027s] -- Up-to-date: /home/jetson/aichess/install/chess_interfaces/include/chess_interfaces/chess_interfaces/msg/detail/board_state__traits.hpp
[1.027s] -- Up-to-date: /home/jetson/aichess/install/chess_interfaces/include/chess_interfaces/chess_interfaces/msg/detail/chess_move__builder.hpp
[1.027s] -- Up-to-date: /home/jetson/aichess/install/chess_interfaces/include/chess_interfaces/chess_interfaces/msg/detail/piece_detection__traits.hpp
[1.027s] -- Up-to-date: /home/jetson/aichess/install/chess_interfaces/include/chess_interfaces/chess_interfaces/msg/detail/board_state__struct.hpp
[1.027s] -- Up-to-date: /home/jetson/aichess/install/chess_interfaces/include/chess_interfaces/chess_interfaces/msg/detail/chess_move__struct.hpp
[1.027s] -- Up-to-date: /home/jetson/aichess/install/chess_interfaces/include/chess_interfaces/chess_interfaces/msg/detail/chess_move__traits.hpp
[1.027s] -- Up-to-date: /home/jetson/aichess/install/chess_interfaces/include/chess_interfaces/chess_interfaces/msg/detail/piece_detection__struct.hpp
[1.027s] -- Up-to-date: /home/jetson/aichess/install/chess_interfaces/include/chess_interfaces/chess_interfaces/msg/detail/board_state__builder.hpp
[1.028s] -- Up-to-date: /home/jetson/aichess/install/chess_interfaces/include/chess_interfaces/chess_interfaces/msg/detail/board_state__type_support.hpp
[1.028s] -- Up-to-date: /home/jetson/aichess/install/chess_interfaces/include/chess_interfaces/chess_interfaces/msg/detail/piece_detection__type_support.hpp
[1.028s] -- Up-to-date: /home/jetson/aichess/install/chess_interfaces/include/chess_interfaces/chess_interfaces/msg/detail/chess_move__type_support.hpp
[1.028s] -- Up-to-date: /home/jetson/aichess/install/chess_interfaces/include/chess_interfaces/chess_interfaces/msg/detail/piece_detection__builder.hpp
[1.028s] -- Up-to-date: /home/jetson/aichess/install/chess_interfaces/include/chess_interfaces/chess_interfaces/msg/piece_detection.hpp
[1.028s] -- Up-to-date: /home/jetson/aichess/install/chess_interfaces/include/chess_interfaces/chess_interfaces/msg/board_state.hpp
[1.028s] -- Up-to-date: /home/jetson/aichess/install/chess_interfaces/include/chess_interfaces/chess_interfaces/srv
[1.028s] -- Up-to-date: /home/jetson/aichess/install/chess_interfaces/include/chess_interfaces/chess_interfaces/srv/execute_move.hpp
[1.028s] -- Up-to-date: /home/jetson/aichess/install/chess_interfaces/include/chess_interfaces/chess_interfaces/srv/plan_move.hpp
[1.028s] -- Up-to-date: /home/jetson/aichess/install/chess_interfaces/include/chess_interfaces/chess_interfaces/srv/detect_board.hpp
[1.028s] -- Up-to-date: /home/jetson/aichess/install/chess_interfaces/include/chess_interfaces/chess_interfaces/srv/detail
[1.029s] -- Up-to-date: /home/jetson/aichess/install/chess_interfaces/include/chess_interfaces/chess_interfaces/srv/detail/detect_board__builder.hpp
[1.029s] -- Up-to-date: /home/jetson/aichess/install/chess_interfaces/include/chess_interfaces/chess_interfaces/srv/detail/detect_board__type_support.hpp
[1.029s] -- Up-to-date: /home/jetson/aichess/install/chess_interfaces/include/chess_interfaces/chess_interfaces/srv/detail/detect_board__struct.hpp
[1.029s] -- Up-to-date: /home/jetson/aichess/install/chess_interfaces/include/chess_interfaces/chess_interfaces/srv/detail/detect_board__traits.hpp
[1.029s] -- Up-to-date: /home/jetson/aichess/install/chess_interfaces/include/chess_interfaces/chess_interfaces/srv/detail/execute_move__struct.hpp
[1.029s] -- Up-to-date: /home/jetson/aichess/install/chess_interfaces/include/chess_interfaces/chess_interfaces/srv/detail/plan_move__type_support.hpp
[1.029s] -- Up-to-date: /home/jetson/aichess/install/chess_interfaces/include/chess_interfaces/chess_interfaces/srv/detail/execute_move__type_support.hpp
[1.029s] -- Up-to-date: /home/jetson/aichess/install/chess_interfaces/include/chess_interfaces/chess_interfaces/srv/detail/plan_move__struct.hpp
[1.029s] -- Up-to-date: /home/jetson/aichess/install/chess_interfaces/include/chess_interfaces/chess_interfaces/srv/detail/plan_move__traits.hpp
[1.029s] -- Up-to-date: /home/jetson/aichess/install/chess_interfaces/include/chess_interfaces/chess_interfaces/srv/detail/execute_move__builder.hpp
[1.030s] -- Up-to-date: /home/jetson/aichess/install/chess_interfaces/include/chess_interfaces/chess_interfaces/srv/detail/execute_move__traits.hpp
[1.030s] -- Up-to-date: /home/jetson/aichess/install/chess_interfaces/include/chess_interfaces/chess_interfaces/srv/detail/plan_move__builder.hpp
[1.030s] -- Up-to-date: /home/jetson/aichess/install/chess_interfaces/include/chess_interfaces/chess_interfaces
[1.030s] -- Up-to-date: /home/jetson/aichess/install/chess_interfaces/include/chess_interfaces/chess_interfaces/msg
[1.030s] -- Up-to-date: /home/jetson/aichess/install/chess_interfaces/include/chess_interfaces/chess_interfaces/msg/rosidl_typesupport_fastrtps_cpp__visibility_control.h
[1.030s] -- Up-to-date: /home/jetson/aichess/install/chess_interfaces/include/chess_interfaces/chess_interfaces/msg/detail
[1.030s] -- Up-to-date: /home/jetson/aichess/install/chess_interfaces/include/chess_interfaces/chess_interfaces/msg/detail/dds_fastrtps
[1.030s] -- Up-to-date: /home/jetson/aichess/install/chess_interfaces/include/chess_interfaces/chess_interfaces/msg/detail/board_state__rosidl_typesupport_fastrtps_cpp.hpp
[1.030s] -- Up-to-date: /home/jetson/aichess/install/chess_interfaces/include/chess_interfaces/chess_interfaces/msg/detail/piece_detection__rosidl_typesupport_fastrtps_cpp.hpp
[1.030s] -- Up-to-date: /home/jetson/aichess/install/chess_interfaces/include/chess_interfaces/chess_interfaces/msg/detail/chess_move__rosidl_typesupport_fastrtps_cpp.hpp
[1.030s] -- Up-to-date: /home/jetson/aichess/install/chess_interfaces/include/chess_interfaces/chess_interfaces/srv
[1.031s] -- Up-to-date: /home/jetson/aichess/install/chess_interfaces/include/chess_interfaces/chess_interfaces/srv/detail
[1.031s] -- Up-to-date: /home/jetson/aichess/install/chess_interfaces/include/chess_interfaces/chess_interfaces/srv/detail/dds_fastrtps
[1.031s] -- Up-to-date: /home/jetson/aichess/install/chess_interfaces/include/chess_interfaces/chess_interfaces/srv/detail/detect_board__rosidl_typesupport_fastrtps_cpp.hpp
[1.031s] -- Up-to-date: /home/jetson/aichess/install/chess_interfaces/include/chess_interfaces/chess_interfaces/srv/detail/execute_move__rosidl_typesupport_fastrtps_cpp.hpp
[1.031s] -- Up-to-date: /home/jetson/aichess/install/chess_interfaces/include/chess_interfaces/chess_interfaces/srv/detail/plan_move__rosidl_typesupport_fastrtps_cpp.hpp
[1.031s] -- Up-to-date: /home/jetson/aichess/install/chess_interfaces/lib/libchess_interfaces__rosidl_typesupport_fastrtps_cpp.so
[1.031s] -- Up-to-date: /home/jetson/aichess/install/chess_interfaces/include/chess_interfaces/chess_interfaces
[1.031s] -- Up-to-date: /home/jetson/aichess/install/chess_interfaces/include/chess_interfaces/chess_interfaces/msg
[1.031s] -- Up-to-date: /home/jetson/aichess/install/chess_interfaces/include/chess_interfaces/chess_interfaces/msg/rosidl_typesupport_introspection_c__visibility_control.h
[1.031s] -- Up-to-date: /home/jetson/aichess/install/chess_interfaces/include/chess_interfaces/chess_interfaces/msg/detail
[1.032s] -- Up-to-date: /home/jetson/aichess/install/chess_interfaces/include/chess_interfaces/chess_interfaces/msg/detail/board_state__rosidl_typesupport_introspection_c.h
[1.032s] -- Up-to-date: /home/jetson/aichess/install/chess_interfaces/include/chess_interfaces/chess_interfaces/msg/detail/chess_move__rosidl_typesupport_introspection_c.h
[1.032s] -- Up-to-date: /home/jetson/aichess/install/chess_interfaces/include/chess_interfaces/chess_interfaces/msg/detail/board_state__type_support.c
[1.032s] -- Up-to-date: /home/jetson/aichess/install/chess_interfaces/include/chess_interfaces/chess_interfaces/msg/detail/piece_detection__rosidl_typesupport_introspection_c.h
[1.032s] -- Up-to-date: /home/jetson/aichess/install/chess_interfaces/include/chess_interfaces/chess_interfaces/msg/detail/chess_move__type_support.c
[1.032s] -- Up-to-date: /home/jetson/aichess/install/chess_interfaces/include/chess_interfaces/chess_interfaces/msg/detail/piece_detection__type_support.c
[1.032s] -- Up-to-date: /home/jetson/aichess/install/chess_interfaces/include/chess_interfaces/chess_interfaces/srv
[1.032s] -- Up-to-date: /home/jetson/aichess/install/chess_interfaces/include/chess_interfaces/chess_interfaces/srv/detail
[1.032s] -- Up-to-date: /home/jetson/aichess/install/chess_interfaces/include/chess_interfaces/chess_interfaces/srv/detail/execute_move__rosidl_typesupport_introspection_c.h
[1.032s] -- Up-to-date: /home/jetson/aichess/install/chess_interfaces/include/chess_interfaces/chess_interfaces/srv/detail/execute_move__type_support.c
[1.032s] -- Up-to-date: /home/jetson/aichess/install/chess_interfaces/include/chess_interfaces/chess_interfaces/srv/detail/detect_board__type_support.c
[1.033s] -- Up-to-date: /home/jetson/aichess/install/chess_interfaces/include/chess_interfaces/chess_interfaces/srv/detail/plan_move__type_support.c
[1.033s] -- Up-to-date: /home/jetson/aichess/install/chess_interfaces/include/chess_interfaces/chess_interfaces/srv/detail/plan_move__rosidl_typesupport_introspection_c.h
[1.033s] -- Up-to-date: /home/jetson/aichess/install/chess_interfaces/include/chess_interfaces/chess_interfaces/srv/detail/detect_board__rosidl_typesupport_introspection_c.h
[1.033s] -- Up-to-date: /home/jetson/aichess/install/chess_interfaces/lib/libchess_interfaces__rosidl_typesupport_introspection_c.so
[1.033s] -- Up-to-date: /home/jetson/aichess/install/chess_interfaces/lib/libchess_interfaces__rosidl_typesupport_c.so
[1.033s] -- Up-to-date: /home/jetson/aichess/install/chess_interfaces/include/chess_interfaces/chess_interfaces
[1.033s] -- Up-to-date: /home/jetson/aichess/install/chess_interfaces/include/chess_interfaces/chess_interfaces/msg
[1.033s] -- Up-to-date: /home/jetson/aichess/install/chess_interfaces/include/chess_interfaces/chess_interfaces/msg/detail
[1.033s] -- Up-to-date: /home/jetson/aichess/install/chess_interfaces/include/chess_interfaces/chess_interfaces/msg/detail/chess_move__rosidl_typesupport_introspection_cpp.hpp
[1.033s] -- Up-to-date: /home/jetson/aichess/install/chess_interfaces/include/chess_interfaces/chess_interfaces/msg/detail/board_state__type_support.cpp
[1.033s] -- Up-to-date: /home/jetson/aichess/install/chess_interfaces/include/chess_interfaces/chess_interfaces/msg/detail/piece_detection__type_support.cpp
[1.034s] -- Up-to-date: /home/jetson/aichess/install/chess_interfaces/include/chess_interfaces/chess_interfaces/msg/detail/chess_move__type_support.cpp
[1.034s] -- Up-to-date: /home/jetson/aichess/install/chess_interfaces/include/chess_interfaces/chess_interfaces/msg/detail/board_state__rosidl_typesupport_introspection_cpp.hpp
[1.034s] -- Up-to-date: /home/jetson/aichess/install/chess_interfaces/include/chess_interfaces/chess_interfaces/msg/detail/piece_detection__rosidl_typesupport_introspection_cpp.hpp
[1.034s] -- Up-to-date: /home/jetson/aichess/install/chess_interfaces/include/chess_interfaces/chess_interfaces/srv
[1.034s] -- Up-to-date: /home/jetson/aichess/install/chess_interfaces/include/chess_interfaces/chess_interfaces/srv/detail
[1.034s] -- Up-to-date: /home/jetson/aichess/install/chess_interfaces/include/chess_interfaces/chess_interfaces/srv/detail/execute_move__rosidl_typesupport_introspection_cpp.hpp
[1.034s] -- Up-to-date: /home/jetson/aichess/install/chess_interfaces/include/chess_interfaces/chess_interfaces/srv/detail/detect_board__rosidl_typesupport_introspection_cpp.hpp
[1.034s] -- Up-to-date: /home/jetson/aichess/install/chess_interfaces/include/chess_interfaces/chess_interfaces/srv/detail/detect_board__type_support.cpp
[1.034s] -- Up-to-date: /home/jetson/aichess/install/chess_interfaces/include/chess_interfaces/chess_interfaces/srv/detail/plan_move__rosidl_typesupport_introspection_cpp.hpp
[1.034s] -- Up-to-date: /home/jetson/aichess/install/chess_interfaces/include/chess_interfaces/chess_interfaces/srv/detail/plan_move__type_support.cpp
[1.035s] -- Up-to-date: /home/jetson/aichess/install/chess_interfaces/include/chess_interfaces/chess_interfaces/srv/detail/execute_move__type_support.cpp
[1.035s] -- Up-to-date: /home/jetson/aichess/install/chess_interfaces/lib/libchess_interfaces__rosidl_typesupport_introspection_cpp.so
[1.035s] -- Up-to-date: /home/jetson/aichess/install/chess_interfaces/lib/libchess_interfaces__rosidl_typesupport_cpp.so
[1.035s] -- Up-to-date: /home/jetson/aichess/install/chess_interfaces/share/chess_interfaces/environment/pythonpath.sh
[1.035s] -- Up-to-date: /home/jetson/aichess/install/chess_interfaces/share/chess_interfaces/environment/pythonpath.dsv
[1.035s] -- Up-to-date: /home/jetson/aichess/install/chess_interfaces/local/lib/python3.10/dist-packages/chess_interfaces-0.0.0-py3.10.egg-info
[1.035s] -- Installing: /home/jetson/aichess/install/chess_interfaces/local/lib/python3.10/dist-packages/chess_interfaces-0.0.0-py3.10.egg-info/top_level.txt
[1.035s] -- Installing: /home/jetson/aichess/install/chess_interfaces/local/lib/python3.10/dist-packages/chess_interfaces-0.0.0-py3.10.egg-info/SOURCES.txt
[1.035s] -- Installing: /home/jetson/aichess/install/chess_interfaces/local/lib/python3.10/dist-packages/chess_interfaces-0.0.0-py3.10.egg-info/PKG-INFO
[1.035s] -- Installing: /home/jetson/aichess/install/chess_interfaces/local/lib/python3.10/dist-packages/chess_interfaces-0.0.0-py3.10.egg-info/dependency_links.txt
[1.035s] -- Up-to-date: /home/jetson/aichess/install/chess_interfaces/local/lib/python3.10/dist-packages/chess_interfaces
[1.036s] -- Up-to-date: /home/jetson/aichess/install/chess_interfaces/local/lib/python3.10/dist-packages/chess_interfaces/_chess_interfaces_s.ep.rosidl_typesupport_introspection_c.c
[1.036s] -- Up-to-date: /home/jetson/aichess/install/chess_interfaces/local/lib/python3.10/dist-packages/chess_interfaces/chess_interfaces_s__rosidl_typesupport_fastrtps_c.cpython-310-aarch64-linux-gnu.so
[1.036s] -- Up-to-date: /home/jetson/aichess/install/chess_interfaces/local/lib/python3.10/dist-packages/chess_interfaces/chess_interfaces_s__rosidl_typesupport_introspection_c.cpython-310-aarch64-linux-gnu.so
[1.036s] -- Up-to-date: /home/jetson/aichess/install/chess_interfaces/local/lib/python3.10/dist-packages/chess_interfaces/libchess_interfaces__rosidl_generator_py.so
[1.036s] -- Up-to-date: /home/jetson/aichess/install/chess_interfaces/local/lib/python3.10/dist-packages/chess_interfaces/__init__.py
[1.036s] -- Up-to-date: /home/jetson/aichess/install/chess_interfaces/local/lib/python3.10/dist-packages/chess_interfaces/_chess_interfaces_s.ep.rosidl_typesupport_fastrtps_c.c
[1.036s] -- Up-to-date: /home/jetson/aichess/install/chess_interfaces/local/lib/python3.10/dist-packages/chess_interfaces/msg
[1.036s] -- Up-to-date: /home/jetson/aichess/install/chess_interfaces/local/lib/python3.10/dist-packages/chess_interfaces/msg/_chess_move_s.c
[1.036s] -- Up-to-date: /home/jetson/aichess/install/chess_interfaces/local/lib/python3.10/dist-packages/chess_interfaces/msg/_piece_detection.py
[1.036s] -- Up-to-date: /home/jetson/aichess/install/chess_interfaces/local/lib/python3.10/dist-packages/chess_interfaces/msg/_board_state.py
[1.036s] -- Up-to-date: /home/jetson/aichess/install/chess_interfaces/local/lib/python3.10/dist-packages/chess_interfaces/msg/__init__.py
[1.037s] -- Up-to-date: /home/jetson/aichess/install/chess_interfaces/local/lib/python3.10/dist-packages/chess_interfaces/msg/_piece_detection_s.c
[1.037s] -- Up-to-date: /home/jetson/aichess/install/chess_interfaces/local/lib/python3.10/dist-packages/chess_interfaces/msg/_board_state_s.c
[1.037s] -- Up-to-date: /home/jetson/aichess/install/chess_interfaces/local/lib/python3.10/dist-packages/chess_interfaces/msg/_chess_move.py
[1.037s] -- Up-to-date: /home/jetson/aichess/install/chess_interfaces/local/lib/python3.10/dist-packages/chess_interfaces/_chess_interfaces_s.ep.rosidl_typesupport_c.c
[1.037s] -- Up-to-date: /home/jetson/aichess/install/chess_interfaces/local/lib/python3.10/dist-packages/chess_interfaces/srv
[1.037s] -- Up-to-date: /home/jetson/aichess/install/chess_interfaces/local/lib/python3.10/dist-packages/chess_interfaces/srv/_execute_move_s.c
[1.037s] -- Up-to-date: /home/jetson/aichess/install/chess_interfaces/local/lib/python3.10/dist-packages/chess_interfaces/srv/_execute_move.py
[1.037s] -- Up-to-date: /home/jetson/aichess/install/chess_interfaces/local/lib/python3.10/dist-packages/chess_interfaces/srv/__init__.py
[1.037s] -- Up-to-date: /home/jetson/aichess/install/chess_interfaces/local/lib/python3.10/dist-packages/chess_interfaces/srv/_plan_move_s.c
[1.037s] -- Up-to-date: /home/jetson/aichess/install/chess_interfaces/local/lib/python3.10/dist-packages/chess_interfaces/srv/_detect_board.py
[1.038s] -- Up-to-date: /home/jetson/aichess/install/chess_interfaces/local/lib/python3.10/dist-packages/chess_interfaces/srv/_detect_board_s.c
[1.038s] -- Up-to-date: /home/jetson/aichess/install/chess_interfaces/local/lib/python3.10/dist-packages/chess_interfaces/srv/_plan_move.py
[1.038s] -- Up-to-date: /home/jetson/aichess/install/chess_interfaces/local/lib/python3.10/dist-packages/chess_interfaces/chess_interfaces_s__rosidl_typesupport_c.cpython-310-aarch64-linux-gnu.so
[1.101s] Listing '/home/jetson/aichess/install/chess_interfaces/local/lib/python3.10/dist-packages/chess_interfaces'...
[1.101s] Listing '/home/jetson/aichess/install/chess_interfaces/local/lib/python3.10/dist-packages/chess_interfaces/msg'...
[1.101s] Listing '/home/jetson/aichess/install/chess_interfaces/local/lib/python3.10/dist-packages/chess_interfaces/srv'...
[1.111s] -- Up-to-date: /home/jetson/aichess/install/chess_interfaces/local/lib/python3.10/dist-packages/chess_interfaces/chess_interfaces_s__rosidl_typesupport_fastrtps_c.cpython-310-aarch64-linux-gnu.so
[1.111s] -- Up-to-date: /home/jetson/aichess/install/chess_interfaces/local/lib/python3.10/dist-packages/chess_interfaces/chess_interfaces_s__rosidl_typesupport_introspection_c.cpython-310-aarch64-linux-gnu.so
[1.112s] -- Up-to-date: /home/jetson/aichess/install/chess_interfaces/local/lib/python3.10/dist-packages/chess_interfaces/chess_interfaces_s__rosidl_typesupport_c.cpython-310-aarch64-linux-gnu.so
[1.112s] -- Up-to-date: /home/jetson/aichess/install/chess_interfaces/lib/libchess_interfaces__rosidl_generator_py.so
[1.113s] -- Up-to-date: /home/jetson/aichess/install/chess_interfaces/share/chess_interfaces/msg/BoardState.idl
[1.113s] -- Up-to-date: /home/jetson/aichess/install/chess_interfaces/share/chess_interfaces/msg/ChessMove.idl
[1.113s] -- Up-to-date: /home/jetson/aichess/install/chess_interfaces/share/chess_interfaces/msg/PieceDetection.idl
[1.114s] -- Up-to-date: /home/jetson/aichess/install/chess_interfaces/share/chess_interfaces/srv/DetectBoard.idl
[1.114s] -- Up-to-date: /home/jetson/aichess/install/chess_interfaces/share/chess_interfaces/srv/PlanMove.idl
[1.114s] -- Up-to-date: /home/jetson/aichess/install/chess_interfaces/share/chess_interfaces/srv/ExecuteMove.idl
[1.115s] -- Up-to-date: /home/jetson/aichess/install/chess_interfaces/share/chess_interfaces/msg/BoardState.msg
[1.115s] -- Up-to-date: /home/jetson/aichess/install/chess_interfaces/share/chess_interfaces/msg/ChessMove.msg
[1.115s] -- Up-to-date: /home/jetson/aichess/install/chess_interfaces/share/chess_interfaces/msg/PieceDetection.msg
[1.115s] -- Up-to-date: /home/jetson/aichess/install/chess_interfaces/share/chess_interfaces/srv/DetectBoard.srv
[1.115s] -- Up-to-date: /home/jetson/aichess/install/chess_interfaces/share/chess_interfaces/srv/DetectBoard_Request.msg
[1.115s] -- Up-to-date: /home/jetson/aichess/install/chess_interfaces/share/chess_interfaces/srv/DetectBoard_Response.msg
[1.116s] -- Up-to-date: /home/jetson/aichess/install/chess_interfaces/share/chess_interfaces/srv/PlanMove.srv
[1.116s] -- Up-to-date: /home/jetson/aichess/install/chess_interfaces/share/chess_interfaces/srv/PlanMove_Request.msg
[1.116s] -- Up-to-date: /home/jetson/aichess/install/chess_interfaces/share/chess_interfaces/srv/PlanMove_Response.msg
[1.116s] -- Up-to-date: /home/jetson/aichess/install/chess_interfaces/share/chess_interfaces/srv/ExecuteMove.srv
[1.116s] -- Up-to-date: /home/jetson/aichess/install/chess_interfaces/share/chess_interfaces/srv/ExecuteMove_Request.msg
[1.116s] -- Up-to-date: /home/jetson/aichess/install/chess_interfaces/share/chess_interfaces/srv/ExecuteMove_Response.msg
[1.116s] -- Up-to-date: /home/jetson/aichess/install/chess_interfaces/share/ament_index/resource_index/package_run_dependencies/chess_interfaces
[1.116s] -- Up-to-date: /home/jetson/aichess/install/chess_interfaces/share/ament_index/resource_index/parent_prefix_path/chess_interfaces
[1.117s] -- Up-to-date: /home/jetson/aichess/install/chess_interfaces/share/chess_interfaces/environment/ament_prefix_path.sh
[1.117s] -- Up-to-date: /home/jetson/aichess/install/chess_interfaces/share/chess_interfaces/environment/ament_prefix_path.dsv
[1.117s] -- Up-to-date: /home/jetson/aichess/install/chess_interfaces/share/chess_interfaces/environment/path.sh
[1.117s] -- Up-to-date: /home/jetson/aichess/install/chess_interfaces/share/chess_interfaces/environment/path.dsv
[1.117s] -- Up-to-date: /home/jetson/aichess/install/chess_interfaces/share/chess_interfaces/local_setup.bash
[1.117s] -- Up-to-date: /home/jetson/aichess/install/chess_interfaces/share/chess_interfaces/local_setup.sh
[1.117s] -- Up-to-date: /home/jetson/aichess/install/chess_interfaces/share/chess_interfaces/local_setup.zsh
[1.118s] -- Up-to-date: /home/jetson/aichess/install/chess_interfaces/share/chess_interfaces/local_setup.dsv
[1.118s] -- Installing: /home/jetson/aichess/install/chess_interfaces/share/chess_interfaces/package.dsv
[1.118s] -- Up-to-date: /home/jetson/aichess/install/chess_interfaces/share/ament_index/resource_index/packages/chess_interfaces
[1.118s] -- Up-to-date: /home/jetson/aichess/install/chess_interfaces/share/chess_interfaces/cmake/export_chess_interfaces__rosidl_generator_cExport.cmake
[1.118s] -- Up-to-date: /home/jetson/aichess/install/chess_interfaces/share/chess_interfaces/cmake/export_chess_interfaces__rosidl_generator_cExport-noconfig.cmake
[1.118s] -- Up-to-date: /home/jetson/aichess/install/chess_interfaces/share/chess_interfaces/cmake/export_chess_interfaces__rosidl_typesupport_fastrtps_cExport.cmake
[1.118s] -- Up-to-date: /home/jetson/aichess/install/chess_interfaces/share/chess_interfaces/cmake/export_chess_interfaces__rosidl_typesupport_fastrtps_cExport-noconfig.cmake
[1.118s] -- Up-to-date: /home/jetson/aichess/install/chess_interfaces/share/chess_interfaces/cmake/export_chess_interfaces__rosidl_generator_cppExport.cmake
[1.119s] -- Up-to-date: /home/jetson/aichess/install/chess_interfaces/share/chess_interfaces/cmake/export_chess_interfaces__rosidl_typesupport_fastrtps_cppExport.cmake
[1.119s] -- Up-to-date: /home/jetson/aichess/install/chess_interfaces/share/chess_interfaces/cmake/export_chess_interfaces__rosidl_typesupport_fastrtps_cppExport-noconfig.cmake
[1.119s] -- Up-to-date: /home/jetson/aichess/install/chess_interfaces/share/chess_interfaces/cmake/chess_interfaces__rosidl_typesupport_introspection_cExport.cmake
[1.119s] -- Up-to-date: /home/jetson/aichess/install/chess_interfaces/share/chess_interfaces/cmake/chess_interfaces__rosidl_typesupport_introspection_cExport-noconfig.cmake
[1.119s] -- Up-to-date: /home/jetson/aichess/install/chess_interfaces/share/chess_interfaces/cmake/chess_interfaces__rosidl_typesupport_cExport.cmake
[1.119s] -- Up-to-date: /home/jetson/aichess/install/chess_interfaces/share/chess_interfaces/cmake/chess_interfaces__rosidl_typesupport_cExport-noconfig.cmake
[1.120s] -- Up-to-date: /home/jetson/aichess/install/chess_interfaces/share/chess_interfaces/cmake/chess_interfaces__rosidl_typesupport_introspection_cppExport.cmake
[1.120s] -- Up-to-date: /home/jetson/aichess/install/chess_interfaces/share/chess_interfaces/cmake/chess_interfaces__rosidl_typesupport_introspection_cppExport-noconfig.cmake
[1.120s] -- Up-to-date: /home/jetson/aichess/install/chess_interfaces/share/chess_interfaces/cmake/chess_interfaces__rosidl_typesupport_cppExport.cmake
[1.120s] -- Up-to-date: /home/jetson/aichess/install/chess_interfaces/share/chess_interfaces/cmake/chess_interfaces__rosidl_typesupport_cppExport-noconfig.cmake
[1.121s] -- Up-to-date: /home/jetson/aichess/install/chess_interfaces/share/chess_interfaces/cmake/export_chess_interfaces__rosidl_generator_pyExport.cmake
[1.121s] -- Up-to-date: /home/jetson/aichess/install/chess_interfaces/share/chess_interfaces/cmake/export_chess_interfaces__rosidl_generator_pyExport-noconfig.cmake
[1.121s] -- Up-to-date: /home/jetson/aichess/install/chess_interfaces/share/chess_interfaces/cmake/rosidl_cmake-extras.cmake
[1.121s] -- Up-to-date: /home/jetson/aichess/install/chess_interfaces/share/chess_interfaces/cmake/ament_cmake_export_dependencies-extras.cmake
[1.121s] -- Up-to-date: /home/jetson/aichess/install/chess_interfaces/share/chess_interfaces/cmake/ament_cmake_export_include_directories-extras.cmake
[1.121s] -- Up-to-date: /home/jetson/aichess/install/chess_interfaces/share/chess_interfaces/cmake/ament_cmake_export_libraries-extras.cmake
[1.121s] -- Up-to-date: /home/jetson/aichess/install/chess_interfaces/share/chess_interfaces/cmake/ament_cmake_export_targets-extras.cmake
[1.121s] -- Up-to-date: /home/jetson/aichess/install/chess_interfaces/share/chess_interfaces/cmake/rosidl_cmake_export_typesupport_targets-extras.cmake
[1.121s] -- Up-to-date: /home/jetson/aichess/install/chess_interfaces/share/chess_interfaces/cmake/rosidl_cmake_export_typesupport_libraries-extras.cmake
[1.121s] -- Up-to-date: /home/jetson/aichess/install/chess_interfaces/share/chess_interfaces/cmake/chess_interfacesConfig.cmake
[1.121s] -- Up-to-date: /home/jetson/aichess/install/chess_interfaces/share/chess_interfaces/cmake/chess_interfacesConfig-version.cmake
[1.122s] -- Up-to-date: /home/jetson/aichess/install/chess_interfaces/share/chess_interfaces/package.xml
[1.125s] Invoked command in '/home/jetson/aichess/build/chess_interfaces' returned '0': CMAKE_PREFIX_PATH=${CMAKE_PREFIX_PATH}:/home/jetson/dofbot_pro_ws/install/dofbot_pro_yolov11:/home/jetson/dofbot_pro_ws/install/dofbot_pro_voice_ctrl:/home/jetson/dofbot_pro_ws/install/dofbot_pro_vision:/home/jetson/dofbot_pro_ws/install/dofbot_pro_mediapipe:/home/jetson/dofbot_pro_ws/install/dofbot_pro_driver:/home/jetson/dofbot_pro_ws/install/dofbot_pro_depth:/home/jetson/dofbot_pro_ws/install/dofbot_pro_color:/home/jetson/dofbot_pro_ws/install/dofbot_pro_apriltag:/home/jetson/dofbot_pro_ws/install/dofbot_pro_KCF:/opt/ros/humble /usr/bin/cmake --install /home/jetson/aichess/build/chess_interfaces
