-- Found ament_cmake: 1.3.11 (/opt/ros/humble/share/ament_cmake/cmake)
-- Found rclpy: 3.3.15 (/opt/ros/humble/share/rclpy/cmake)
-- Found std_msgs: 4.2.4 (/opt/ros/humble/share/std_msgs/cmake)
-- Found rosidl_generator_c: 3.1.6 (/opt/ros/humble/share/rosidl_generator_c/cmake)
-- Found rosidl_adapter: 3.1.6 (/opt/ros/humble/share/rosidl_adapter/cmake)
-- Found rosidl_generator_cpp: 3.1.6 (/opt/ros/humble/share/rosidl_generator_cpp/cmake)
-- Using all available rosidl_typesupport_c: rosidl_typesupport_fastrtps_c;rosidl_typesupport_introspection_c
-- Using all available rosidl_typesupport_cpp: rosidl_typesupport_fastrtps_cpp;rosidl_typesupport_introspection_cpp
-- Found geometry_msgs: 4.2.4 (/opt/ros/humble/share/geometry_msgs/cmake)
-- Found sensor_msgs: 4.2.4 (/opt/ros/humble/share/sensor_msgs/cmake)
-- Found chess_interfaces: 0.0.0 (/home/jetson/aichess/install/chess_interfaces/share/chess_interfaces/cmake)
-- Found lifecycle_msgs: 1.2.1 (/opt/ros/humble/share/lifecycle_msgs/cmake)
-- Found ament_lint_auto: 0.12.11 (/opt/ros/humble/share/ament_lint_auto/cmake)
-- Added test 'copyright' to check source files copyright and LICENSE
-- Added test 'flake8' to check Python code syntax and style conventions
-- Added test 'lint_cmake' to check CMake code style
-- Added test 'pep257' to check Python code against some of the docstring style conventions in PEP 257
-- Added test 'xmllint' to check XML markup files
-- Configuring done
-- Generating done
-- Build files have been written to: /home/jetson/aichess/build/chess_coordinator
Built target ament_cmake_python_copy_chess_coordinator
running egg_info
creating chess_coordinator.egg-info
writing chess_coordinator.egg-info/PKG-INFO
writing dependency_links to chess_coordinator.egg-info/dependency_links.txt
writing top-level names to chess_coordinator.egg-info/top_level.txt
writing manifest file 'chess_coordinator.egg-info/SOURCES.txt'
reading manifest file 'chess_coordinator.egg-info/SOURCES.txt'
writing manifest file 'chess_coordinator.egg-info/SOURCES.txt'
Built target ament_cmake_python_build_chess_coordinator_egg
-- Install configuration: ""
-- Installing: /home/jetson/aichess/install/chess_coordinator/share/chess_coordinator/environment/pythonpath.sh
-- Installing: /home/jetson/aichess/install/chess_coordinator/share/chess_coordinator/environment/pythonpath.dsv
-- Installing: /home/jetson/aichess/install/chess_coordinator/local/lib/python3.10/dist-packages/chess_coordinator-0.0.1-py3.10.egg-info
-- Installing: /home/jetson/aichess/install/chess_coordinator/local/lib/python3.10/dist-packages/chess_coordinator-0.0.1-py3.10.egg-info/top_level.txt
-- Installing: /home/jetson/aichess/install/chess_coordinator/local/lib/python3.10/dist-packages/chess_coordinator-0.0.1-py3.10.egg-info/SOURCES.txt
-- Installing: /home/jetson/aichess/install/chess_coordinator/local/lib/python3.10/dist-packages/chess_coordinator-0.0.1-py3.10.egg-info/PKG-INFO
-- Installing: /home/jetson/aichess/install/chess_coordinator/local/lib/python3.10/dist-packages/chess_coordinator-0.0.1-py3.10.egg-info/dependency_links.txt
-- Installing: /home/jetson/aichess/install/chess_coordinator/local/lib/python3.10/dist-packages/chess_coordinator
-- Installing: /home/jetson/aichess/install/chess_coordinator/local/lib/python3.10/dist-packages/chess_coordinator/__init__.py
-- Installing: /home/jetson/aichess/install/chess_coordinator/local/lib/python3.10/dist-packages/chess_coordinator/system_coordinator.py
Listing '/home/jetson/aichess/install/chess_coordinator/local/lib/python3.10/dist-packages/chess_coordinator'...
Compiling '/home/jetson/aichess/install/chess_coordinator/local/lib/python3.10/dist-packages/chess_coordinator/__init__.py'...
Compiling '/home/jetson/aichess/install/chess_coordinator/local/lib/python3.10/dist-packages/chess_coordinator/system_coordinator.py'...
-- Installing: /home/jetson/aichess/install/chess_coordinator/lib/chess_coordinator/system_coordinator.py
-- Installing: /home/jetson/aichess/install/chess_coordinator/share/chess_coordinator/launch
-- Installing: /home/jetson/aichess/install/chess_coordinator/share/chess_coordinator/launch/chess_basic_test.launch.py
-- Installing: /home/jetson/aichess/install/chess_coordinator/share/chess_coordinator/config
-- Installing: /home/jetson/aichess/install/chess_coordinator/share/chess_coordinator/resource
-- Installing: /home/jetson/aichess/install/chess_coordinator/share/chess_coordinator/resource/chess_coordinator
-- Installing: /home/jetson/aichess/install/chess_coordinator/share/ament_index/resource_index/package_run_dependencies/chess_coordinator
-- Installing: /home/jetson/aichess/install/chess_coordinator/share/ament_index/resource_index/parent_prefix_path/chess_coordinator
-- Installing: /home/jetson/aichess/install/chess_coordinator/share/chess_coordinator/environment/ament_prefix_path.sh
-- Installing: /home/jetson/aichess/install/chess_coordinator/share/chess_coordinator/environment/ament_prefix_path.dsv
-- Installing: /home/jetson/aichess/install/chess_coordinator/share/chess_coordinator/environment/path.sh
-- Installing: /home/jetson/aichess/install/chess_coordinator/share/chess_coordinator/environment/path.dsv
-- Installing: /home/jetson/aichess/install/chess_coordinator/share/chess_coordinator/local_setup.bash
-- Installing: /home/jetson/aichess/install/chess_coordinator/share/chess_coordinator/local_setup.sh
-- Installing: /home/jetson/aichess/install/chess_coordinator/share/chess_coordinator/local_setup.zsh
-- Installing: /home/jetson/aichess/install/chess_coordinator/share/chess_coordinator/local_setup.dsv
-- Installing: /home/jetson/aichess/install/chess_coordinator/share/chess_coordinator/package.dsv
-- Installing: /home/jetson/aichess/install/chess_coordinator/share/ament_index/resource_index/packages/chess_coordinator
-- Installing: /home/jetson/aichess/install/chess_coordinator/share/chess_coordinator/cmake/chess_coordinatorConfig.cmake
-- Installing: /home/jetson/aichess/install/chess_coordinator/share/chess_coordinator/cmake/chess_coordinatorConfig-version.cmake
-- Installing: /home/jetson/aichess/install/chess_coordinator/share/chess_coordinator/package.xml
