[0.022s] Invoking command in '/home/jetson/aichess/build/chess_coordinator': AMENT_PREFIX_PATH=/home/jetson/aichess/install/chess_interfaces:${AMENT_PREFIX_PATH} CMAKE_PREFIX_PATH=/home/jetson/aichess/install/chess_interfaces:/home/jetson/dofbot_pro_ws/install/orbbec_description:/home/jetson/dofbot_pro_ws/install/orbbec_camera:/home/jetson/dofbot_pro_ws/install/orbbec_camera_msgs:/home/jetson/dofbot_pro_ws/install/dofbot_pro_msgs:/home/jetson/dofbot_pro_ws/install/dofbot_pro_moveit:/home/jetson/dofbot_pro_ws/install/dofbot_pro_interface:/home/jetson/dofbot_pro_ws/install/dofbot_pro_info:/home/jetson/dofbot_pro_ws/install/dofbot_pro_description:/home/jetson/dofbot_pro_ws/install/dofbot_pro_yolov11:/home/jetson/dofbot_pro_ws/install/dofbot_pro_voice_ctrl:/home/jetson/dofbot_pro_ws/install/dofbot_pro_vision:/home/jetson/dofbot_pro_ws/install/dofbot_pro_mediapipe:/home/jetson/dofbot_pro_ws/install/dofbot_pro_driver:/home/jetson/dofbot_pro_ws/install/dofbot_pro_depth:/home/jetson/dofbot_pro_ws/install/dofbot_pro_color:/home/jetson/dofbot_pro_ws/install/dofbot_pro_apriltag:/home/jetson/dofbot_pro_ws/install/dofbot_pro_KCF:/opt/ros/humble LD_LIBRARY_PATH=/home/jetson/aichess/install/chess_interfaces/lib:/home/jetson/dofbot_pro_ws/install/orbbec_camera/lib:/home/jetson/dofbot_pro_ws/install/orbbec_camera_msgs/lib:/home/jetson/dofbot_pro_ws/install/dofbot_pro_msgs/lib:/home/jetson/dofbot_pro_ws/install/dofbot_pro_interface/lib:/opt/ros/humble/opt/rviz_ogre_vendor/lib:/opt/ros/humble/lib/aarch64-linux-gnu:/opt/ros/humble/lib:/usr/local/lib:/usr/local/cuda-12.6/lib64 PYTHONPATH=/home/jetson/aichess/install/chess_interfaces/local/lib/python3.10/dist-packages:${PYTHONPATH} /usr/bin/cmake /home/jetson/aichess/src/chess_coordinator -DCMAKE_INSTALL_PREFIX=/home/jetson/aichess/install/chess_coordinator
[0.041s] -- Found ament_cmake: 1.3.11 (/opt/ros/humble/share/ament_cmake/cmake)
[0.300s] -- Found rclpy: 3.3.15 (/opt/ros/humble/share/rclpy/cmake)
[0.300s] -- Found std_msgs: 4.2.4 (/opt/ros/humble/share/std_msgs/cmake)
[0.341s] -- Found rosidl_generator_c: 3.1.6 (/opt/ros/humble/share/rosidl_generator_c/cmake)
[0.345s] -- Found rosidl_adapter: 3.1.6 (/opt/ros/humble/share/rosidl_adapter/cmake)
[0.354s] -- Found rosidl_generator_cpp: 3.1.6 (/opt/ros/humble/share/rosidl_generator_cpp/cmake)
[0.370s] -- Using all available rosidl_typesupport_c: rosidl_typesupport_fastrtps_c;rosidl_typesupport_introspection_c
[0.390s] -- Using all available rosidl_typesupport_cpp: rosidl_typesupport_fastrtps_cpp;rosidl_typesupport_introspection_cpp
[0.426s] -- Found geometry_msgs: 4.2.4 (/opt/ros/humble/share/geometry_msgs/cmake)
[0.446s] -- Found sensor_msgs: 4.2.4 (/opt/ros/humble/share/sensor_msgs/cmake)
[0.472s] -- Found chess_interfaces: 0.0.0 (/home/jetson/aichess/install/chess_interfaces/share/chess_interfaces/cmake)
[0.498s] -- Found lifecycle_msgs: 1.2.1 (/opt/ros/humble/share/lifecycle_msgs/cmake)
[0.689s] -- Found ament_lint_auto: 0.12.11 (/opt/ros/humble/share/ament_lint_auto/cmake)
[0.867s] -- Added test 'copyright' to check source files copyright and LICENSE
[0.870s] -- Added test 'flake8' to check Python code syntax and style conventions
[0.872s] -- Added test 'lint_cmake' to check CMake code style
[0.873s] -- Added test 'pep257' to check Python code against some of the docstring style conventions in PEP 257
[0.875s] -- Added test 'xmllint' to check XML markup files
[0.878s] -- Configuring done
[0.886s] -- Generating done
[0.890s] -- Build files have been written to: /home/jetson/aichess/build/chess_coordinator
[0.901s] Invoked command in '/home/jetson/aichess/build/chess_coordinator' returned '0': AMENT_PREFIX_PATH=/home/jetson/aichess/install/chess_interfaces:${AMENT_PREFIX_PATH} CMAKE_PREFIX_PATH=/home/jetson/aichess/install/chess_interfaces:/home/jetson/dofbot_pro_ws/install/orbbec_description:/home/jetson/dofbot_pro_ws/install/orbbec_camera:/home/jetson/dofbot_pro_ws/install/orbbec_camera_msgs:/home/jetson/dofbot_pro_ws/install/dofbot_pro_msgs:/home/jetson/dofbot_pro_ws/install/dofbot_pro_moveit:/home/jetson/dofbot_pro_ws/install/dofbot_pro_interface:/home/jetson/dofbot_pro_ws/install/dofbot_pro_info:/home/jetson/dofbot_pro_ws/install/dofbot_pro_description:/home/jetson/dofbot_pro_ws/install/dofbot_pro_yolov11:/home/jetson/dofbot_pro_ws/install/dofbot_pro_voice_ctrl:/home/jetson/dofbot_pro_ws/install/dofbot_pro_vision:/home/jetson/dofbot_pro_ws/install/dofbot_pro_mediapipe:/home/jetson/dofbot_pro_ws/install/dofbot_pro_driver:/home/jetson/dofbot_pro_ws/install/dofbot_pro_depth:/home/jetson/dofbot_pro_ws/install/dofbot_pro_color:/home/jetson/dofbot_pro_ws/install/dofbot_pro_apriltag:/home/jetson/dofbot_pro_ws/install/dofbot_pro_KCF:/opt/ros/humble LD_LIBRARY_PATH=/home/jetson/aichess/install/chess_interfaces/lib:/home/jetson/dofbot_pro_ws/install/orbbec_camera/lib:/home/jetson/dofbot_pro_ws/install/orbbec_camera_msgs/lib:/home/jetson/dofbot_pro_ws/install/dofbot_pro_msgs/lib:/home/jetson/dofbot_pro_ws/install/dofbot_pro_interface/lib:/opt/ros/humble/opt/rviz_ogre_vendor/lib:/opt/ros/humble/lib/aarch64-linux-gnu:/opt/ros/humble/lib:/usr/local/lib:/usr/local/cuda-12.6/lib64 PYTHONPATH=/home/jetson/aichess/install/chess_interfaces/local/lib/python3.10/dist-packages:${PYTHONPATH} /usr/bin/cmake /home/jetson/aichess/src/chess_coordinator -DCMAKE_INSTALL_PREFIX=/home/jetson/aichess/install/chess_coordinator
[0.903s] Invoking command in '/home/jetson/aichess/build/chess_coordinator': AMENT_PREFIX_PATH=/home/jetson/aichess/install/chess_interfaces:${AMENT_PREFIX_PATH} CMAKE_PREFIX_PATH=/home/jetson/aichess/install/chess_interfaces:/home/jetson/dofbot_pro_ws/install/orbbec_description:/home/jetson/dofbot_pro_ws/install/orbbec_camera:/home/jetson/dofbot_pro_ws/install/orbbec_camera_msgs:/home/jetson/dofbot_pro_ws/install/dofbot_pro_msgs:/home/jetson/dofbot_pro_ws/install/dofbot_pro_moveit:/home/jetson/dofbot_pro_ws/install/dofbot_pro_interface:/home/jetson/dofbot_pro_ws/install/dofbot_pro_info:/home/jetson/dofbot_pro_ws/install/dofbot_pro_description:/home/jetson/dofbot_pro_ws/install/dofbot_pro_yolov11:/home/jetson/dofbot_pro_ws/install/dofbot_pro_voice_ctrl:/home/jetson/dofbot_pro_ws/install/dofbot_pro_vision:/home/jetson/dofbot_pro_ws/install/dofbot_pro_mediapipe:/home/jetson/dofbot_pro_ws/install/dofbot_pro_driver:/home/jetson/dofbot_pro_ws/install/dofbot_pro_depth:/home/jetson/dofbot_pro_ws/install/dofbot_pro_color:/home/jetson/dofbot_pro_ws/install/dofbot_pro_apriltag:/home/jetson/dofbot_pro_ws/install/dofbot_pro_KCF:/opt/ros/humble LD_LIBRARY_PATH=/home/jetson/aichess/install/chess_interfaces/lib:/home/jetson/dofbot_pro_ws/install/orbbec_camera/lib:/home/jetson/dofbot_pro_ws/install/orbbec_camera_msgs/lib:/home/jetson/dofbot_pro_ws/install/dofbot_pro_msgs/lib:/home/jetson/dofbot_pro_ws/install/dofbot_pro_interface/lib:/opt/ros/humble/opt/rviz_ogre_vendor/lib:/opt/ros/humble/lib/aarch64-linux-gnu:/opt/ros/humble/lib:/usr/local/lib:/usr/local/cuda-12.6/lib64 PYTHONPATH=/home/jetson/aichess/install/chess_interfaces/local/lib/python3.10/dist-packages:${PYTHONPATH} /usr/bin/cmake --build /home/jetson/aichess/build/chess_coordinator -- -j6 -l6
[0.992s] Built target ament_cmake_python_copy_chess_coordinator
[1.507s] running egg_info
[1.559s] creating chess_coordinator.egg-info
[1.559s] writing chess_coordinator.egg-info/PKG-INFO
[1.560s] writing dependency_links to chess_coordinator.egg-info/dependency_links.txt
[1.560s] writing top-level names to chess_coordinator.egg-info/top_level.txt
[1.561s] writing manifest file 'chess_coordinator.egg-info/SOURCES.txt'
[1.714s] reading manifest file 'chess_coordinator.egg-info/SOURCES.txt'
[1.715s] writing manifest file 'chess_coordinator.egg-info/SOURCES.txt'
[1.777s] Built target ament_cmake_python_build_chess_coordinator_egg
[1.795s] Invoked command in '/home/jetson/aichess/build/chess_coordinator' returned '0': AMENT_PREFIX_PATH=/home/jetson/aichess/install/chess_interfaces:${AMENT_PREFIX_PATH} CMAKE_PREFIX_PATH=/home/jetson/aichess/install/chess_interfaces:/home/jetson/dofbot_pro_ws/install/orbbec_description:/home/jetson/dofbot_pro_ws/install/orbbec_camera:/home/jetson/dofbot_pro_ws/install/orbbec_camera_msgs:/home/jetson/dofbot_pro_ws/install/dofbot_pro_msgs:/home/jetson/dofbot_pro_ws/install/dofbot_pro_moveit:/home/jetson/dofbot_pro_ws/install/dofbot_pro_interface:/home/jetson/dofbot_pro_ws/install/dofbot_pro_info:/home/jetson/dofbot_pro_ws/install/dofbot_pro_description:/home/jetson/dofbot_pro_ws/install/dofbot_pro_yolov11:/home/jetson/dofbot_pro_ws/install/dofbot_pro_voice_ctrl:/home/jetson/dofbot_pro_ws/install/dofbot_pro_vision:/home/jetson/dofbot_pro_ws/install/dofbot_pro_mediapipe:/home/jetson/dofbot_pro_ws/install/dofbot_pro_driver:/home/jetson/dofbot_pro_ws/install/dofbot_pro_depth:/home/jetson/dofbot_pro_ws/install/dofbot_pro_color:/home/jetson/dofbot_pro_ws/install/dofbot_pro_apriltag:/home/jetson/dofbot_pro_ws/install/dofbot_pro_KCF:/opt/ros/humble LD_LIBRARY_PATH=/home/jetson/aichess/install/chess_interfaces/lib:/home/jetson/dofbot_pro_ws/install/orbbec_camera/lib:/home/jetson/dofbot_pro_ws/install/orbbec_camera_msgs/lib:/home/jetson/dofbot_pro_ws/install/dofbot_pro_msgs/lib:/home/jetson/dofbot_pro_ws/install/dofbot_pro_interface/lib:/opt/ros/humble/opt/rviz_ogre_vendor/lib:/opt/ros/humble/lib/aarch64-linux-gnu:/opt/ros/humble/lib:/usr/local/lib:/usr/local/cuda-12.6/lib64 PYTHONPATH=/home/jetson/aichess/install/chess_interfaces/local/lib/python3.10/dist-packages:${PYTHONPATH} /usr/bin/cmake --build /home/jetson/aichess/build/chess_coordinator -- -j6 -l6
[1.812s] Invoking command in '/home/jetson/aichess/build/chess_coordinator': AMENT_PREFIX_PATH=/home/jetson/aichess/install/chess_interfaces:${AMENT_PREFIX_PATH} CMAKE_PREFIX_PATH=/home/jetson/aichess/install/chess_interfaces:/home/jetson/dofbot_pro_ws/install/orbbec_description:/home/jetson/dofbot_pro_ws/install/orbbec_camera:/home/jetson/dofbot_pro_ws/install/orbbec_camera_msgs:/home/jetson/dofbot_pro_ws/install/dofbot_pro_msgs:/home/jetson/dofbot_pro_ws/install/dofbot_pro_moveit:/home/jetson/dofbot_pro_ws/install/dofbot_pro_interface:/home/jetson/dofbot_pro_ws/install/dofbot_pro_info:/home/jetson/dofbot_pro_ws/install/dofbot_pro_description:/home/jetson/dofbot_pro_ws/install/dofbot_pro_yolov11:/home/jetson/dofbot_pro_ws/install/dofbot_pro_voice_ctrl:/home/jetson/dofbot_pro_ws/install/dofbot_pro_vision:/home/jetson/dofbot_pro_ws/install/dofbot_pro_mediapipe:/home/jetson/dofbot_pro_ws/install/dofbot_pro_driver:/home/jetson/dofbot_pro_ws/install/dofbot_pro_depth:/home/jetson/dofbot_pro_ws/install/dofbot_pro_color:/home/jetson/dofbot_pro_ws/install/dofbot_pro_apriltag:/home/jetson/dofbot_pro_ws/install/dofbot_pro_KCF:/opt/ros/humble LD_LIBRARY_PATH=/home/jetson/aichess/install/chess_interfaces/lib:/home/jetson/dofbot_pro_ws/install/orbbec_camera/lib:/home/jetson/dofbot_pro_ws/install/orbbec_camera_msgs/lib:/home/jetson/dofbot_pro_ws/install/dofbot_pro_msgs/lib:/home/jetson/dofbot_pro_ws/install/dofbot_pro_interface/lib:/opt/ros/humble/opt/rviz_ogre_vendor/lib:/opt/ros/humble/lib/aarch64-linux-gnu:/opt/ros/humble/lib:/usr/local/lib:/usr/local/cuda-12.6/lib64 PYTHONPATH=/home/jetson/aichess/install/chess_interfaces/local/lib/python3.10/dist-packages:${PYTHONPATH} /usr/bin/cmake --install /home/jetson/aichess/build/chess_coordinator
[1.824s] -- Install configuration: ""
[1.825s] -- Installing: /home/jetson/aichess/install/chess_coordinator/share/chess_coordinator/environment/pythonpath.sh
[1.825s] -- Installing: /home/jetson/aichess/install/chess_coordinator/share/chess_coordinator/environment/pythonpath.dsv
[1.825s] -- Installing: /home/jetson/aichess/install/chess_coordinator/local/lib/python3.10/dist-packages/chess_coordinator-0.0.1-py3.10.egg-info
[1.825s] -- Installing: /home/jetson/aichess/install/chess_coordinator/local/lib/python3.10/dist-packages/chess_coordinator-0.0.1-py3.10.egg-info/top_level.txt
[1.825s] -- Installing: /home/jetson/aichess/install/chess_coordinator/local/lib/python3.10/dist-packages/chess_coordinator-0.0.1-py3.10.egg-info/SOURCES.txt
[1.826s] -- Installing: /home/jetson/aichess/install/chess_coordinator/local/lib/python3.10/dist-packages/chess_coordinator-0.0.1-py3.10.egg-info/PKG-INFO
[1.826s] -- Installing: /home/jetson/aichess/install/chess_coordinator/local/lib/python3.10/dist-packages/chess_coordinator-0.0.1-py3.10.egg-info/dependency_links.txt
[1.826s] -- Installing: /home/jetson/aichess/install/chess_coordinator/local/lib/python3.10/dist-packages/chess_coordinator
[1.826s] -- Installing: /home/jetson/aichess/install/chess_coordinator/local/lib/python3.10/dist-packages/chess_coordinator/__init__.py
[1.826s] -- Installing: /home/jetson/aichess/install/chess_coordinator/local/lib/python3.10/dist-packages/chess_coordinator/system_coordinator.py
[1.907s] Listing '/home/jetson/aichess/install/chess_coordinator/local/lib/python3.10/dist-packages/chess_coordinator'...
[1.907s] Compiling '/home/jetson/aichess/install/chess_coordinator/local/lib/python3.10/dist-packages/chess_coordinator/__init__.py'...
[1.907s] Compiling '/home/jetson/aichess/install/chess_coordinator/local/lib/python3.10/dist-packages/chess_coordinator/system_coordinator.py'...
[1.917s] -- Installing: /home/jetson/aichess/install/chess_coordinator/lib/chess_coordinator/system_coordinator.py
[1.918s] -- Installing: /home/jetson/aichess/install/chess_coordinator/share/chess_coordinator/launch
[1.918s] -- Installing: /home/jetson/aichess/install/chess_coordinator/share/chess_coordinator/launch/chess_basic_test.launch.py
[1.918s] -- Installing: /home/jetson/aichess/install/chess_coordinator/share/chess_coordinator/config
[1.918s] -- Installing: /home/jetson/aichess/install/chess_coordinator/share/chess_coordinator/resource
[1.918s] -- Installing: /home/jetson/aichess/install/chess_coordinator/share/chess_coordinator/resource/chess_coordinator
[1.918s] -- Installing: /home/jetson/aichess/install/chess_coordinator/share/ament_index/resource_index/package_run_dependencies/chess_coordinator
[1.919s] -- Installing: /home/jetson/aichess/install/chess_coordinator/share/ament_index/resource_index/parent_prefix_path/chess_coordinator
[1.919s] -- Installing: /home/jetson/aichess/install/chess_coordinator/share/chess_coordinator/environment/ament_prefix_path.sh
[1.919s] -- Installing: /home/jetson/aichess/install/chess_coordinator/share/chess_coordinator/environment/ament_prefix_path.dsv
[1.919s] -- Installing: /home/jetson/aichess/install/chess_coordinator/share/chess_coordinator/environment/path.sh
[1.919s] -- Installing: /home/jetson/aichess/install/chess_coordinator/share/chess_coordinator/environment/path.dsv
[1.920s] -- Installing: /home/jetson/aichess/install/chess_coordinator/share/chess_coordinator/local_setup.bash
[1.920s] -- Installing: /home/jetson/aichess/install/chess_coordinator/share/chess_coordinator/local_setup.sh
[1.920s] -- Installing: /home/jetson/aichess/install/chess_coordinator/share/chess_coordinator/local_setup.zsh
[1.920s] -- Installing: /home/jetson/aichess/install/chess_coordinator/share/chess_coordinator/local_setup.dsv
[1.920s] -- Installing: /home/jetson/aichess/install/chess_coordinator/share/chess_coordinator/package.dsv
[1.921s] -- Installing: /home/jetson/aichess/install/chess_coordinator/share/ament_index/resource_index/packages/chess_coordinator
[1.921s] -- Installing: /home/jetson/aichess/install/chess_coordinator/share/chess_coordinator/cmake/chess_coordinatorConfig.cmake
[1.921s] -- Installing: /home/jetson/aichess/install/chess_coordinator/share/chess_coordinator/cmake/chess_coordinatorConfig-version.cmake
[1.921s] -- Installing: /home/jetson/aichess/install/chess_coordinator/share/chess_coordinator/package.xml
[1.925s] Invoked command in '/home/jetson/aichess/build/chess_coordinator' returned '0': AMENT_PREFIX_PATH=/home/jetson/aichess/install/chess_interfaces:${AMENT_PREFIX_PATH} CMAKE_PREFIX_PATH=/home/jetson/aichess/install/chess_interfaces:/home/jetson/dofbot_pro_ws/install/orbbec_description:/home/jetson/dofbot_pro_ws/install/orbbec_camera:/home/jetson/dofbot_pro_ws/install/orbbec_camera_msgs:/home/jetson/dofbot_pro_ws/install/dofbot_pro_msgs:/home/jetson/dofbot_pro_ws/install/dofbot_pro_moveit:/home/jetson/dofbot_pro_ws/install/dofbot_pro_interface:/home/jetson/dofbot_pro_ws/install/dofbot_pro_info:/home/jetson/dofbot_pro_ws/install/dofbot_pro_description:/home/jetson/dofbot_pro_ws/install/dofbot_pro_yolov11:/home/jetson/dofbot_pro_ws/install/dofbot_pro_voice_ctrl:/home/jetson/dofbot_pro_ws/install/dofbot_pro_vision:/home/jetson/dofbot_pro_ws/install/dofbot_pro_mediapipe:/home/jetson/dofbot_pro_ws/install/dofbot_pro_driver:/home/jetson/dofbot_pro_ws/install/dofbot_pro_depth:/home/jetson/dofbot_pro_ws/install/dofbot_pro_color:/home/jetson/dofbot_pro_ws/install/dofbot_pro_apriltag:/home/jetson/dofbot_pro_ws/install/dofbot_pro_KCF:/opt/ros/humble LD_LIBRARY_PATH=/home/jetson/aichess/install/chess_interfaces/lib:/home/jetson/dofbot_pro_ws/install/orbbec_camera/lib:/home/jetson/dofbot_pro_ws/install/orbbec_camera_msgs/lib:/home/jetson/dofbot_pro_ws/install/dofbot_pro_msgs/lib:/home/jetson/dofbot_pro_ws/install/dofbot_pro_interface/lib:/opt/ros/humble/opt/rviz_ogre_vendor/lib:/opt/ros/humble/lib/aarch64-linux-gnu:/opt/ros/humble/lib:/usr/local/lib:/usr/local/cuda-12.6/lib64 PYTHONPATH=/home/jetson/aichess/install/chess_interfaces/local/lib/python3.10/dist-packages:${PYTHONPATH} /usr/bin/cmake --install /home/jetson/aichess/build/chess_coordinator
