[0.252s] colcon DEBUG Command line arguments: ['/usr/bin/colcon', 'build', '--packages-select', 'chess_interfaces']
[0.252s] colcon DEBUG Parsed command line arguments: Namespace(log_base=None, log_level=None, verb_name='build', build_base='build', install_base='install', merge_install=False, symlink_install=False, test_result_base=None, continue_on_error=False, executor='parallel', parallel_workers=6, event_handlers=None, ignore_user_meta=False, metas=['./colcon.meta'], base_paths=['.'], packages_ignore=None, packages_ignore_regex=None, paths=None, packages_up_to=None, packages_up_to_regex=None, packages_above=None, packages_above_and_dependencies=None, packages_above_depth=None, packages_select_by_dep=None, packages_skip_by_dep=None, packages_skip_up_to=None, packages_select_build_failed=False, packages_skip_build_finished=False, packages_select_test_failures=False, packages_skip_test_passed=False, packages_select=['chess_interfaces'], packages_skip=None, packages_select_regex=None, packages_skip_regex=None, packages_start=None, packages_end=None, allow_overriding=[], cmake_args=None, cmake_target=None, cmake_target_skip_unavailable=False, cmake_clean_cache=False, cmake_clean_first=False, cmake_force_configure=False, ament_cmake_args=None, catkin_cmake_args=None, catkin_skip_building_tests=False, mixin_files=None, mixin=None, verb_parser=<colcon_mixin.mixin.mixin_argument.MixinArgumentDecorator object at 0xffffb3aa3700>, verb_extension=<colcon_core.verb.build.BuildVerb object at 0xffffb3aa31c0>, main=<bound method BuildVerb.main of <colcon_core.verb.build.BuildVerb object at 0xffffb3aa31c0>>, mixin_verb=('build',))
[0.328s] colcon.colcon_core.package_discovery Level 1 discover_packages(colcon_meta) check parameters
[0.329s] colcon.colcon_core.package_discovery Level 1 discover_packages(recursive) check parameters
[0.329s] colcon.colcon_core.package_discovery Level 1 discover_packages(ignore) check parameters
[0.329s] colcon.colcon_core.package_discovery Level 1 discover_packages(path) check parameters
[0.329s] colcon.colcon_core.package_discovery Level 1 discover_packages(colcon_meta) discover
[0.329s] colcon.colcon_core.package_discovery Level 1 discover_packages(recursive) discover
[0.329s] colcon.colcon_core.package_discovery INFO Crawling recursively for packages in '/home/jetson/aichess'
[0.330s] colcon.colcon_core.package_identification Level 1 _identify(.) by extensions ['ignore', 'ignore_ament_install']
[0.330s] colcon.colcon_core.package_identification Level 1 _identify(.) by extension 'ignore'
[0.330s] colcon.colcon_core.package_identification Level 1 _identify(.) by extension 'ignore_ament_install'
[0.330s] colcon.colcon_core.package_identification Level 1 _identify(.) by extensions ['colcon_pkg']
[0.330s] colcon.colcon_core.package_identification Level 1 _identify(.) by extension 'colcon_pkg'
[0.330s] colcon.colcon_core.package_identification Level 1 _identify(.) by extensions ['colcon_meta']
[0.330s] colcon.colcon_core.package_identification Level 1 _identify(.) by extension 'colcon_meta'
[0.330s] colcon.colcon_core.package_identification Level 1 _identify(.) by extensions ['ros']
[0.330s] colcon.colcon_core.package_identification Level 1 _identify(.) by extension 'ros'
[0.358s] colcon.colcon_core.package_identification Level 1 _identify(.) by extensions ['cmake', 'python']
[0.358s] colcon.colcon_core.package_identification Level 1 _identify(.) by extension 'cmake'
[0.358s] colcon.colcon_core.package_identification Level 1 _identify(.) by extension 'python'
[0.358s] colcon.colcon_core.package_identification Level 1 _identify(.) by extensions ['python_setup_py']
[0.358s] colcon.colcon_core.package_identification Level 1 _identify(.) by extension 'python_setup_py'
[0.358s] colcon.colcon_core.package_identification Level 1 _identify(build) by extensions ['ignore', 'ignore_ament_install']
[0.358s] colcon.colcon_core.package_identification Level 1 _identify(build) by extension 'ignore'
[0.359s] colcon.colcon_core.package_identification Level 1 _identify(build) ignored
[0.359s] colcon.colcon_core.package_identification Level 1 _identify(install) by extensions ['ignore', 'ignore_ament_install']
[0.359s] colcon.colcon_core.package_identification Level 1 _identify(install) by extension 'ignore'
[0.359s] colcon.colcon_core.package_identification Level 1 _identify(install) ignored
[0.359s] colcon.colcon_core.package_identification Level 1 _identify(log) by extensions ['ignore', 'ignore_ament_install']
[0.359s] colcon.colcon_core.package_identification Level 1 _identify(log) by extension 'ignore'
[0.359s] colcon.colcon_core.package_identification Level 1 _identify(log) ignored
[0.360s] colcon.colcon_core.package_identification Level 1 _identify(src) by extensions ['ignore', 'ignore_ament_install']
[0.360s] colcon.colcon_core.package_identification Level 1 _identify(src) by extension 'ignore'
[0.360s] colcon.colcon_core.package_identification Level 1 _identify(src) by extension 'ignore_ament_install'
[0.360s] colcon.colcon_core.package_identification Level 1 _identify(src) by extensions ['colcon_pkg']
[0.360s] colcon.colcon_core.package_identification Level 1 _identify(src) by extension 'colcon_pkg'
[0.360s] colcon.colcon_core.package_identification Level 1 _identify(src) by extensions ['colcon_meta']
[0.360s] colcon.colcon_core.package_identification Level 1 _identify(src) by extension 'colcon_meta'
[0.360s] colcon.colcon_core.package_identification Level 1 _identify(src) by extensions ['ros']
[0.360s] colcon.colcon_core.package_identification Level 1 _identify(src) by extension 'ros'
[0.361s] colcon.colcon_core.package_identification Level 1 _identify(src) by extensions ['cmake', 'python']
[0.361s] colcon.colcon_core.package_identification Level 1 _identify(src) by extension 'cmake'
[0.361s] colcon.colcon_core.package_identification Level 1 _identify(src) by extension 'python'
[0.361s] colcon.colcon_core.package_identification Level 1 _identify(src) by extensions ['python_setup_py']
[0.361s] colcon.colcon_core.package_identification Level 1 _identify(src) by extension 'python_setup_py'
[0.361s] colcon.colcon_core.package_identification Level 1 _identify(src/chess_description) by extensions ['ignore', 'ignore_ament_install']
[0.361s] colcon.colcon_core.package_identification Level 1 _identify(src/chess_description) by extension 'ignore'
[0.361s] colcon.colcon_core.package_identification Level 1 _identify(src/chess_description) by extension 'ignore_ament_install'
[0.361s] colcon.colcon_core.package_identification Level 1 _identify(src/chess_description) by extensions ['colcon_pkg']
[0.361s] colcon.colcon_core.package_identification Level 1 _identify(src/chess_description) by extension 'colcon_pkg'
[0.362s] colcon.colcon_core.package_identification Level 1 _identify(src/chess_description) by extensions ['colcon_meta']
[0.362s] colcon.colcon_core.package_identification Level 1 _identify(src/chess_description) by extension 'colcon_meta'
[0.362s] colcon.colcon_core.package_identification Level 1 _identify(src/chess_description) by extensions ['ros']
[0.362s] colcon.colcon_core.package_identification Level 1 _identify(src/chess_description) by extension 'ros'
[0.367s] colcon.colcon_core.package_identification DEBUG Package 'src/chess_description' with type 'ros.ament_cmake' and name 'chess_description'
[0.367s] colcon.colcon_core.package_identification Level 1 _identify(src/chess_interfaces) by extensions ['ignore', 'ignore_ament_install']
[0.367s] colcon.colcon_core.package_identification Level 1 _identify(src/chess_interfaces) by extension 'ignore'
[0.367s] colcon.colcon_core.package_identification Level 1 _identify(src/chess_interfaces) by extension 'ignore_ament_install'
[0.367s] colcon.colcon_core.package_identification Level 1 _identify(src/chess_interfaces) by extensions ['colcon_pkg']
[0.368s] colcon.colcon_core.package_identification Level 1 _identify(src/chess_interfaces) by extension 'colcon_pkg'
[0.368s] colcon.colcon_core.package_identification Level 1 _identify(src/chess_interfaces) by extensions ['colcon_meta']
[0.368s] colcon.colcon_core.package_identification Level 1 _identify(src/chess_interfaces) by extension 'colcon_meta'
[0.368s] colcon.colcon_core.package_identification Level 1 _identify(src/chess_interfaces) by extensions ['ros']
[0.368s] colcon.colcon_core.package_identification Level 1 _identify(src/chess_interfaces) by extension 'ros'
[0.369s] colcon.colcon_core.package_identification DEBUG Package 'src/chess_interfaces' with type 'ros.ament_cmake' and name 'chess_interfaces'
[0.370s] colcon.colcon_core.package_identification Level 1 _identify(src/chess_simulation) by extensions ['ignore', 'ignore_ament_install']
[0.370s] colcon.colcon_core.package_identification Level 1 _identify(src/chess_simulation) by extension 'ignore'
[0.370s] colcon.colcon_core.package_identification Level 1 _identify(src/chess_simulation) by extension 'ignore_ament_install'
[0.370s] colcon.colcon_core.package_identification Level 1 _identify(src/chess_simulation) by extensions ['colcon_pkg']
[0.370s] colcon.colcon_core.package_identification Level 1 _identify(src/chess_simulation) by extension 'colcon_pkg'
[0.370s] colcon.colcon_core.package_identification Level 1 _identify(src/chess_simulation) by extensions ['colcon_meta']
[0.370s] colcon.colcon_core.package_identification Level 1 _identify(src/chess_simulation) by extension 'colcon_meta'
[0.370s] colcon.colcon_core.package_identification Level 1 _identify(src/chess_simulation) by extensions ['ros']
[0.371s] colcon.colcon_core.package_identification Level 1 _identify(src/chess_simulation) by extension 'ros'
[0.372s] colcon.colcon_core.package_identification DEBUG Package 'src/chess_simulation' with type 'ros.ament_cmake' and name 'chess_simulation'
[0.372s] colcon.colcon_core.package_discovery Level 1 discover_packages(recursive) using defaults
[0.372s] colcon.colcon_core.package_discovery Level 1 discover_packages(ignore) discover
[0.372s] colcon.colcon_core.package_discovery Level 1 discover_packages(ignore) using defaults
[0.372s] colcon.colcon_core.package_discovery Level 1 discover_packages(path) discover
[0.372s] colcon.colcon_core.package_discovery Level 1 discover_packages(path) using defaults
[0.403s] colcon.colcon_core.package_selection INFO Skipping not selected package 'chess_description' in 'src/chess_description'
[0.403s] colcon.colcon_core.package_selection INFO Skipping not selected package 'chess_simulation' in 'src/chess_simulation'
[0.404s] colcon.colcon_core.package_discovery Level 1 discover_packages(prefix_path) check parameters
[0.404s] colcon.colcon_core.package_discovery Level 1 discover_packages(prefix_path) discover
[0.409s] colcon.colcon_installed_package_information.package_discovery DEBUG Found 17 installed packages in /home/jetson/dofbot_pro_ws/install
[0.412s] colcon.colcon_installed_package_information.package_discovery DEBUG Found 381 installed packages in /opt/ros/humble
[0.417s] colcon.colcon_core.package_discovery Level 1 discover_packages(prefix_path) using defaults
[0.528s] colcon.colcon_core.verb Level 5 set package 'chess_interfaces' build argument 'cmake_args' from command line to 'None'
[0.529s] colcon.colcon_core.verb Level 5 set package 'chess_interfaces' build argument 'cmake_target' from command line to 'None'
[0.529s] colcon.colcon_core.verb Level 5 set package 'chess_interfaces' build argument 'cmake_target_skip_unavailable' from command line to 'False'
[0.529s] colcon.colcon_core.verb Level 5 set package 'chess_interfaces' build argument 'cmake_clean_cache' from command line to 'False'
[0.529s] colcon.colcon_core.verb Level 5 set package 'chess_interfaces' build argument 'cmake_clean_first' from command line to 'False'
[0.529s] colcon.colcon_core.verb Level 5 set package 'chess_interfaces' build argument 'cmake_force_configure' from command line to 'False'
[0.529s] colcon.colcon_core.verb Level 5 set package 'chess_interfaces' build argument 'ament_cmake_args' from command line to 'None'
[0.529s] colcon.colcon_core.verb Level 5 set package 'chess_interfaces' build argument 'catkin_cmake_args' from command line to 'None'
[0.529s] colcon.colcon_core.verb Level 5 set package 'chess_interfaces' build argument 'catkin_skip_building_tests' from command line to 'False'
[0.529s] colcon.colcon_core.verb DEBUG Building package 'chess_interfaces' with the following arguments: {'ament_cmake_args': None, 'build_base': '/home/jetson/aichess/build/chess_interfaces', 'catkin_cmake_args': None, 'catkin_skip_building_tests': False, 'cmake_args': None, 'cmake_clean_cache': False, 'cmake_clean_first': False, 'cmake_force_configure': False, 'cmake_target': None, 'cmake_target_skip_unavailable': False, 'install_base': '/home/jetson/aichess/install/chess_interfaces', 'merge_install': False, 'path': '/home/jetson/aichess/src/chess_interfaces', 'symlink_install': False, 'test_result_base': None}
[0.530s] colcon.colcon_core.executor INFO Executing jobs using 'parallel' executor
[0.531s] colcon.colcon_parallel_executor.executor.parallel DEBUG run_until_complete
[0.532s] colcon.colcon_ros.task.ament_cmake.build INFO Building ROS package in '/home/jetson/aichess/src/chess_interfaces' with build type 'ament_cmake'
[0.532s] colcon.colcon_cmake.task.cmake.build INFO Building CMake package in '/home/jetson/aichess/src/chess_interfaces'
[0.536s] colcon.colcon_core.plugin_system INFO Skipping extension 'colcon_core.shell.bat': Not used on non-Windows systems
[0.537s] colcon.colcon_core.shell INFO Skip shell extension 'powershell' for command environment: Not usable outside of PowerShell
[0.537s] colcon.colcon_core.shell DEBUG Skip shell extension 'dsv' for command environment
[0.553s] colcon.colcon_core.event_handler.log_command DEBUG Invoking command in '/home/jetson/aichess/build/chess_interfaces': CMAKE_PREFIX_PATH=${CMAKE_PREFIX_PATH}:/home/jetson/dofbot_pro_ws/install/dofbot_pro_yolov11:/home/jetson/dofbot_pro_ws/install/dofbot_pro_voice_ctrl:/home/jetson/dofbot_pro_ws/install/dofbot_pro_vision:/home/jetson/dofbot_pro_ws/install/dofbot_pro_mediapipe:/home/jetson/dofbot_pro_ws/install/dofbot_pro_driver:/home/jetson/dofbot_pro_ws/install/dofbot_pro_depth:/home/jetson/dofbot_pro_ws/install/dofbot_pro_color:/home/jetson/dofbot_pro_ws/install/dofbot_pro_apriltag:/home/jetson/dofbot_pro_ws/install/dofbot_pro_KCF:/opt/ros/humble /usr/bin/cmake /home/jetson/aichess/src/chess_interfaces -DCMAKE_INSTALL_PREFIX=/home/jetson/aichess/install/chess_interfaces
[5.577s] colcon.colcon_core.event_handler.log_command DEBUG Invoked command in '/home/jetson/aichess/build/chess_interfaces' returned '0': CMAKE_PREFIX_PATH=${CMAKE_PREFIX_PATH}:/home/jetson/dofbot_pro_ws/install/dofbot_pro_yolov11:/home/jetson/dofbot_pro_ws/install/dofbot_pro_voice_ctrl:/home/jetson/dofbot_pro_ws/install/dofbot_pro_vision:/home/jetson/dofbot_pro_ws/install/dofbot_pro_mediapipe:/home/jetson/dofbot_pro_ws/install/dofbot_pro_driver:/home/jetson/dofbot_pro_ws/install/dofbot_pro_depth:/home/jetson/dofbot_pro_ws/install/dofbot_pro_color:/home/jetson/dofbot_pro_ws/install/dofbot_pro_apriltag:/home/jetson/dofbot_pro_ws/install/dofbot_pro_KCF:/opt/ros/humble /usr/bin/cmake /home/jetson/aichess/src/chess_interfaces -DCMAKE_INSTALL_PREFIX=/home/jetson/aichess/install/chess_interfaces
[5.579s] colcon.colcon_core.event_handler.log_command DEBUG Invoking command in '/home/jetson/aichess/build/chess_interfaces': CMAKE_PREFIX_PATH=${CMAKE_PREFIX_PATH}:/home/jetson/dofbot_pro_ws/install/dofbot_pro_yolov11:/home/jetson/dofbot_pro_ws/install/dofbot_pro_voice_ctrl:/home/jetson/dofbot_pro_ws/install/dofbot_pro_vision:/home/jetson/dofbot_pro_ws/install/dofbot_pro_mediapipe:/home/jetson/dofbot_pro_ws/install/dofbot_pro_driver:/home/jetson/dofbot_pro_ws/install/dofbot_pro_depth:/home/jetson/dofbot_pro_ws/install/dofbot_pro_color:/home/jetson/dofbot_pro_ws/install/dofbot_pro_apriltag:/home/jetson/dofbot_pro_ws/install/dofbot_pro_KCF:/opt/ros/humble /usr/bin/cmake --build /home/jetson/aichess/build/chess_interfaces -- -j6 -l6
[17.707s] colcon.colcon_core.event_handler.log_command DEBUG Invoked command in '/home/jetson/aichess/build/chess_interfaces' returned '0': CMAKE_PREFIX_PATH=${CMAKE_PREFIX_PATH}:/home/jetson/dofbot_pro_ws/install/dofbot_pro_yolov11:/home/jetson/dofbot_pro_ws/install/dofbot_pro_voice_ctrl:/home/jetson/dofbot_pro_ws/install/dofbot_pro_vision:/home/jetson/dofbot_pro_ws/install/dofbot_pro_mediapipe:/home/jetson/dofbot_pro_ws/install/dofbot_pro_driver:/home/jetson/dofbot_pro_ws/install/dofbot_pro_depth:/home/jetson/dofbot_pro_ws/install/dofbot_pro_color:/home/jetson/dofbot_pro_ws/install/dofbot_pro_apriltag:/home/jetson/dofbot_pro_ws/install/dofbot_pro_KCF:/opt/ros/humble /usr/bin/cmake --build /home/jetson/aichess/build/chess_interfaces -- -j6 -l6
[17.724s] colcon.colcon_core.event_handler.log_command DEBUG Invoking command in '/home/jetson/aichess/build/chess_interfaces': CMAKE_PREFIX_PATH=${CMAKE_PREFIX_PATH}:/home/jetson/dofbot_pro_ws/install/dofbot_pro_yolov11:/home/jetson/dofbot_pro_ws/install/dofbot_pro_voice_ctrl:/home/jetson/dofbot_pro_ws/install/dofbot_pro_vision:/home/jetson/dofbot_pro_ws/install/dofbot_pro_mediapipe:/home/jetson/dofbot_pro_ws/install/dofbot_pro_driver:/home/jetson/dofbot_pro_ws/install/dofbot_pro_depth:/home/jetson/dofbot_pro_ws/install/dofbot_pro_color:/home/jetson/dofbot_pro_ws/install/dofbot_pro_apriltag:/home/jetson/dofbot_pro_ws/install/dofbot_pro_KCF:/opt/ros/humble /usr/bin/cmake --install /home/jetson/aichess/build/chess_interfaces
[17.890s] colcon.colcon_core.environment Level 1 create_environment_scripts_only(chess_interfaces)
[17.891s] colcon.colcon_core.event_handler.log_command DEBUG Invoked command in '/home/jetson/aichess/build/chess_interfaces' returned '0': CMAKE_PREFIX_PATH=${CMAKE_PREFIX_PATH}:/home/jetson/dofbot_pro_ws/install/dofbot_pro_yolov11:/home/jetson/dofbot_pro_ws/install/dofbot_pro_voice_ctrl:/home/jetson/dofbot_pro_ws/install/dofbot_pro_vision:/home/jetson/dofbot_pro_ws/install/dofbot_pro_mediapipe:/home/jetson/dofbot_pro_ws/install/dofbot_pro_driver:/home/jetson/dofbot_pro_ws/install/dofbot_pro_depth:/home/jetson/dofbot_pro_ws/install/dofbot_pro_color:/home/jetson/dofbot_pro_ws/install/dofbot_pro_apriltag:/home/jetson/dofbot_pro_ws/install/dofbot_pro_KCF:/opt/ros/humble /usr/bin/cmake --install /home/jetson/aichess/build/chess_interfaces
[17.895s] colcon.colcon_core.environment Level 1 checking '/home/jetson/aichess/install/chess_interfaces' for CMake module files
[17.896s] colcon.colcon_core.environment Level 1 checking '/home/jetson/aichess/install/chess_interfaces' for CMake config files
[17.897s] colcon.colcon_core.shell Level 1 create_environment_hook('chess_interfaces', 'cmake_prefix_path')
[17.898s] colcon.colcon_core.shell INFO Creating environment hook '/home/jetson/aichess/install/chess_interfaces/share/chess_interfaces/hook/cmake_prefix_path.ps1'
[17.899s] colcon.colcon_core.shell INFO Creating environment descriptor '/home/jetson/aichess/install/chess_interfaces/share/chess_interfaces/hook/cmake_prefix_path.dsv'
[17.900s] colcon.colcon_core.shell INFO Creating environment hook '/home/jetson/aichess/install/chess_interfaces/share/chess_interfaces/hook/cmake_prefix_path.sh'
[17.901s] colcon.colcon_core.environment Level 1 checking '/home/jetson/aichess/install/chess_interfaces/lib'
[17.901s] colcon.colcon_core.shell Level 1 create_environment_hook('chess_interfaces', 'ld_library_path_lib')
[17.902s] colcon.colcon_core.shell INFO Creating environment hook '/home/jetson/aichess/install/chess_interfaces/share/chess_interfaces/hook/ld_library_path_lib.ps1'
[17.902s] colcon.colcon_core.shell INFO Creating environment descriptor '/home/jetson/aichess/install/chess_interfaces/share/chess_interfaces/hook/ld_library_path_lib.dsv'
[17.903s] colcon.colcon_core.shell INFO Creating environment hook '/home/jetson/aichess/install/chess_interfaces/share/chess_interfaces/hook/ld_library_path_lib.sh'
[17.904s] colcon.colcon_core.environment Level 1 checking '/home/jetson/aichess/install/chess_interfaces/bin'
[17.904s] colcon.colcon_core.environment Level 1 checking '/home/jetson/aichess/install/chess_interfaces/lib/pkgconfig/chess_interfaces.pc'
[17.904s] colcon.colcon_core.environment Level 1 checking '/home/jetson/aichess/install/chess_interfaces/lib/python3.10/site-packages'
[17.905s] colcon.colcon_core.environment Level 1 checking '/home/jetson/aichess/install/chess_interfaces/bin'
[17.905s] colcon.colcon_core.shell INFO Creating package script '/home/jetson/aichess/install/chess_interfaces/share/chess_interfaces/package.ps1'
[17.906s] colcon.colcon_core.shell INFO Creating package descriptor '/home/jetson/aichess/install/chess_interfaces/share/chess_interfaces/package.dsv'
[17.907s] colcon.colcon_core.shell INFO Creating package script '/home/jetson/aichess/install/chess_interfaces/share/chess_interfaces/package.sh'
[17.909s] colcon.colcon_core.shell INFO Creating package script '/home/jetson/aichess/install/chess_interfaces/share/chess_interfaces/package.bash'
[17.910s] colcon.colcon_core.shell INFO Creating package script '/home/jetson/aichess/install/chess_interfaces/share/chess_interfaces/package.zsh'
[17.911s] colcon.colcon_core.environment Level 1 create_file_with_runtime_dependencies(/home/jetson/aichess/install/chess_interfaces/share/colcon-core/packages/chess_interfaces)
[17.912s] colcon.colcon_core.environment Level 1 create_environment_scripts_only(chess_interfaces)
[17.912s] colcon.colcon_core.environment Level 1 checking '/home/jetson/aichess/install/chess_interfaces' for CMake module files
[17.913s] colcon.colcon_core.environment Level 1 checking '/home/jetson/aichess/install/chess_interfaces' for CMake config files
[17.914s] colcon.colcon_core.shell Level 1 create_environment_hook('chess_interfaces', 'cmake_prefix_path')
[17.915s] colcon.colcon_core.shell INFO Creating environment hook '/home/jetson/aichess/install/chess_interfaces/share/chess_interfaces/hook/cmake_prefix_path.ps1'
[17.915s] colcon.colcon_core.shell INFO Creating environment descriptor '/home/jetson/aichess/install/chess_interfaces/share/chess_interfaces/hook/cmake_prefix_path.dsv'
[17.916s] colcon.colcon_core.shell INFO Creating environment hook '/home/jetson/aichess/install/chess_interfaces/share/chess_interfaces/hook/cmake_prefix_path.sh'
[17.917s] colcon.colcon_core.environment Level 1 checking '/home/jetson/aichess/install/chess_interfaces/lib'
[17.917s] colcon.colcon_core.shell Level 1 create_environment_hook('chess_interfaces', 'ld_library_path_lib')
[17.917s] colcon.colcon_core.shell INFO Creating environment hook '/home/jetson/aichess/install/chess_interfaces/share/chess_interfaces/hook/ld_library_path_lib.ps1'
[17.918s] colcon.colcon_core.shell INFO Creating environment descriptor '/home/jetson/aichess/install/chess_interfaces/share/chess_interfaces/hook/ld_library_path_lib.dsv'
[17.918s] colcon.colcon_core.shell INFO Creating environment hook '/home/jetson/aichess/install/chess_interfaces/share/chess_interfaces/hook/ld_library_path_lib.sh'
[17.919s] colcon.colcon_core.environment Level 1 checking '/home/jetson/aichess/install/chess_interfaces/bin'
[17.919s] colcon.colcon_core.environment Level 1 checking '/home/jetson/aichess/install/chess_interfaces/lib/pkgconfig/chess_interfaces.pc'
[17.920s] colcon.colcon_core.environment Level 1 checking '/home/jetson/aichess/install/chess_interfaces/lib/python3.10/site-packages'
[17.920s] colcon.colcon_core.environment Level 1 checking '/home/jetson/aichess/install/chess_interfaces/bin'
[17.920s] colcon.colcon_core.shell INFO Creating package script '/home/jetson/aichess/install/chess_interfaces/share/chess_interfaces/package.ps1'
[17.921s] colcon.colcon_core.shell INFO Creating package descriptor '/home/jetson/aichess/install/chess_interfaces/share/chess_interfaces/package.dsv'
[17.922s] colcon.colcon_core.shell INFO Creating package script '/home/jetson/aichess/install/chess_interfaces/share/chess_interfaces/package.sh'
[17.923s] colcon.colcon_core.shell INFO Creating package script '/home/jetson/aichess/install/chess_interfaces/share/chess_interfaces/package.bash'
[17.924s] colcon.colcon_core.shell INFO Creating package script '/home/jetson/aichess/install/chess_interfaces/share/chess_interfaces/package.zsh'
[17.924s] colcon.colcon_core.environment Level 1 create_file_with_runtime_dependencies(/home/jetson/aichess/install/chess_interfaces/share/colcon-core/packages/chess_interfaces)
[17.925s] colcon.colcon_parallel_executor.executor.parallel DEBUG closing loop
[17.925s] colcon.colcon_parallel_executor.executor.parallel DEBUG loop closed
[17.925s] colcon.colcon_parallel_executor.executor.parallel DEBUG run_until_complete finished with '0'
[17.926s] colcon.colcon_core.event_reactor DEBUG joining thread
[17.935s] colcon.colcon_core.plugin_system INFO Skipping extension 'colcon_notification.desktop_notification.terminal_notifier': Not used on non-Darwin systems
[17.935s] colcon.colcon_core.plugin_system INFO Skipping extension 'colcon_notification.desktop_notification.win32': Not used on non-Windows systems
[17.935s] colcon.colcon_notification.desktop_notification INFO Sending desktop notification using 'notify2'
[17.952s] colcon.colcon_core.event_reactor DEBUG joined thread
[17.952s] colcon.colcon_core.shell INFO Creating prefix script '/home/jetson/aichess/install/local_setup.ps1'
[17.954s] colcon.colcon_core.shell INFO Creating prefix util module '/home/jetson/aichess/install/_local_setup_util_ps1.py'
[17.956s] colcon.colcon_core.shell INFO Creating prefix chain script '/home/jetson/aichess/install/setup.ps1'
[17.959s] colcon.colcon_core.shell INFO Creating prefix script '/home/jetson/aichess/install/local_setup.sh'
[17.960s] colcon.colcon_core.shell INFO Creating prefix util module '/home/jetson/aichess/install/_local_setup_util_sh.py'
[17.961s] colcon.colcon_core.shell INFO Creating prefix chain script '/home/jetson/aichess/install/setup.sh'
[17.964s] colcon.colcon_core.shell INFO Creating prefix script '/home/jetson/aichess/install/local_setup.bash'
[17.965s] colcon.colcon_core.shell INFO Creating prefix chain script '/home/jetson/aichess/install/setup.bash'
[17.967s] colcon.colcon_core.shell INFO Creating prefix script '/home/jetson/aichess/install/local_setup.zsh'
[17.968s] colcon.colcon_core.shell INFO Creating prefix chain script '/home/jetson/aichess/install/setup.zsh'
