[0.251s] colcon DEBUG Command line arguments: ['/usr/bin/colcon', 'build', '--packages-select', 'chess_camera']
[0.251s] colcon DEBUG Parsed command line arguments: Namespace(log_base=None, log_level=None, verb_name='build', build_base='build', install_base='install', merge_install=False, symlink_install=False, test_result_base=None, continue_on_error=False, executor='parallel', parallel_workers=6, event_handlers=None, ignore_user_meta=False, metas=['./colcon.meta'], base_paths=['.'], packages_ignore=None, packages_ignore_regex=None, paths=None, packages_up_to=None, packages_up_to_regex=None, packages_above=None, packages_above_and_dependencies=None, packages_above_depth=None, packages_select_by_dep=None, packages_skip_by_dep=None, packages_skip_up_to=None, packages_select_build_failed=False, packages_skip_build_finished=False, packages_select_test_failures=False, packages_skip_test_passed=False, packages_select=['chess_camera'], packages_skip=None, packages_select_regex=None, packages_skip_regex=None, packages_start=None, packages_end=None, allow_overriding=[], cmake_args=None, cmake_target=None, cmake_target_skip_unavailable=False, cmake_clean_cache=False, cmake_clean_first=False, cmake_force_configure=False, ament_cmake_args=None, catkin_cmake_args=None, catkin_skip_building_tests=False, mixin_files=None, mixin=None, verb_parser=<colcon_mixin.mixin.mixin_argument.MixinArgumentDecorator object at 0xffffa54f3700>, verb_extension=<colcon_core.verb.build.BuildVerb object at 0xffffa54f31c0>, main=<bound method BuildVerb.main of <colcon_core.verb.build.BuildVerb object at 0xffffa54f31c0>>, mixin_verb=('build',))
[0.326s] colcon.colcon_core.package_discovery Level 1 discover_packages(colcon_meta) check parameters
[0.326s] colcon.colcon_core.package_discovery Level 1 discover_packages(recursive) check parameters
[0.326s] colcon.colcon_core.package_discovery Level 1 discover_packages(ignore) check parameters
[0.326s] colcon.colcon_core.package_discovery Level 1 discover_packages(path) check parameters
[0.326s] colcon.colcon_core.package_discovery Level 1 discover_packages(colcon_meta) discover
[0.326s] colcon.colcon_core.package_discovery Level 1 discover_packages(recursive) discover
[0.327s] colcon.colcon_core.package_discovery INFO Crawling recursively for packages in '/home/jetson/aichess'
[0.327s] colcon.colcon_core.package_identification Level 1 _identify(.) by extensions ['ignore', 'ignore_ament_install']
[0.327s] colcon.colcon_core.package_identification Level 1 _identify(.) by extension 'ignore'
[0.327s] colcon.colcon_core.package_identification Level 1 _identify(.) by extension 'ignore_ament_install'
[0.327s] colcon.colcon_core.package_identification Level 1 _identify(.) by extensions ['colcon_pkg']
[0.327s] colcon.colcon_core.package_identification Level 1 _identify(.) by extension 'colcon_pkg'
[0.327s] colcon.colcon_core.package_identification Level 1 _identify(.) by extensions ['colcon_meta']
[0.327s] colcon.colcon_core.package_identification Level 1 _identify(.) by extension 'colcon_meta'
[0.328s] colcon.colcon_core.package_identification Level 1 _identify(.) by extensions ['ros']
[0.328s] colcon.colcon_core.package_identification Level 1 _identify(.) by extension 'ros'
[0.354s] colcon.colcon_core.package_identification Level 1 _identify(.) by extensions ['cmake', 'python']
[0.354s] colcon.colcon_core.package_identification Level 1 _identify(.) by extension 'cmake'
[0.355s] colcon.colcon_core.package_identification Level 1 _identify(.) by extension 'python'
[0.355s] colcon.colcon_core.package_identification Level 1 _identify(.) by extensions ['python_setup_py']
[0.355s] colcon.colcon_core.package_identification Level 1 _identify(.) by extension 'python_setup_py'
[0.355s] colcon.colcon_core.package_identification Level 1 _identify(build) by extensions ['ignore', 'ignore_ament_install']
[0.355s] colcon.colcon_core.package_identification Level 1 _identify(build) by extension 'ignore'
[0.355s] colcon.colcon_core.package_identification Level 1 _identify(build) ignored
[0.356s] colcon.colcon_core.package_identification Level 1 _identify(chess_camera) by extensions ['ignore', 'ignore_ament_install']
[0.356s] colcon.colcon_core.package_identification Level 1 _identify(chess_camera) by extension 'ignore'
[0.356s] colcon.colcon_core.package_identification Level 1 _identify(chess_camera) by extension 'ignore_ament_install'
[0.356s] colcon.colcon_core.package_identification Level 1 _identify(chess_camera) by extensions ['colcon_pkg']
[0.356s] colcon.colcon_core.package_identification Level 1 _identify(chess_camera) by extension 'colcon_pkg'
[0.356s] colcon.colcon_core.package_identification Level 1 _identify(chess_camera) by extensions ['colcon_meta']
[0.356s] colcon.colcon_core.package_identification Level 1 _identify(chess_camera) by extension 'colcon_meta'
[0.356s] colcon.colcon_core.package_identification Level 1 _identify(chess_camera) by extensions ['ros']
[0.356s] colcon.colcon_core.package_identification Level 1 _identify(chess_camera) by extension 'ros'
[0.361s] colcon.colcon_core.package_identification DEBUG Package 'chess_camera' with type 'ros.ament_python' and name 'chess_camera'
[0.361s] colcon.colcon_core.package_identification Level 1 _identify(install) by extensions ['ignore', 'ignore_ament_install']
[0.361s] colcon.colcon_core.package_identification Level 1 _identify(install) by extension 'ignore'
[0.362s] colcon.colcon_core.package_identification Level 1 _identify(install) ignored
[0.362s] colcon.colcon_core.package_identification Level 1 _identify(log) by extensions ['ignore', 'ignore_ament_install']
[0.362s] colcon.colcon_core.package_identification Level 1 _identify(log) by extension 'ignore'
[0.362s] colcon.colcon_core.package_identification Level 1 _identify(log) ignored
[0.362s] colcon.colcon_core.package_identification Level 1 _identify(src) by extensions ['ignore', 'ignore_ament_install']
[0.362s] colcon.colcon_core.package_identification Level 1 _identify(src) by extension 'ignore'
[0.362s] colcon.colcon_core.package_identification Level 1 _identify(src) by extension 'ignore_ament_install'
[0.363s] colcon.colcon_core.package_identification Level 1 _identify(src) by extensions ['colcon_pkg']
[0.363s] colcon.colcon_core.package_identification Level 1 _identify(src) by extension 'colcon_pkg'
[0.363s] colcon.colcon_core.package_identification Level 1 _identify(src) by extensions ['colcon_meta']
[0.363s] colcon.colcon_core.package_identification Level 1 _identify(src) by extension 'colcon_meta'
[0.363s] colcon.colcon_core.package_identification Level 1 _identify(src) by extensions ['ros']
[0.363s] colcon.colcon_core.package_identification Level 1 _identify(src) by extension 'ros'
[0.363s] colcon.colcon_core.package_identification Level 1 _identify(src) by extensions ['cmake', 'python']
[0.363s] colcon.colcon_core.package_identification Level 1 _identify(src) by extension 'cmake'
[0.363s] colcon.colcon_core.package_identification Level 1 _identify(src) by extension 'python'
[0.363s] colcon.colcon_core.package_identification Level 1 _identify(src) by extensions ['python_setup_py']
[0.363s] colcon.colcon_core.package_identification Level 1 _identify(src) by extension 'python_setup_py'
[0.364s] colcon.colcon_core.package_identification Level 1 _identify(src/chess_description) by extensions ['ignore', 'ignore_ament_install']
[0.364s] colcon.colcon_core.package_identification Level 1 _identify(src/chess_description) by extension 'ignore'
[0.364s] colcon.colcon_core.package_identification Level 1 _identify(src/chess_description) by extension 'ignore_ament_install'
[0.364s] colcon.colcon_core.package_identification Level 1 _identify(src/chess_description) by extensions ['colcon_pkg']
[0.364s] colcon.colcon_core.package_identification Level 1 _identify(src/chess_description) by extension 'colcon_pkg'
[0.364s] colcon.colcon_core.package_identification Level 1 _identify(src/chess_description) by extensions ['colcon_meta']
[0.364s] colcon.colcon_core.package_identification Level 1 _identify(src/chess_description) by extension 'colcon_meta'
[0.364s] colcon.colcon_core.package_identification Level 1 _identify(src/chess_description) by extensions ['ros']
[0.364s] colcon.colcon_core.package_identification Level 1 _identify(src/chess_description) by extension 'ros'
[0.365s] colcon.colcon_core.package_identification DEBUG Package 'src/chess_description' with type 'ros.ament_cmake' and name 'chess_description'
[0.366s] colcon.colcon_core.package_identification Level 1 _identify(src/chess_interfaces) by extensions ['ignore', 'ignore_ament_install']
[0.366s] colcon.colcon_core.package_identification Level 1 _identify(src/chess_interfaces) by extension 'ignore'
[0.366s] colcon.colcon_core.package_identification Level 1 _identify(src/chess_interfaces) by extension 'ignore_ament_install'
[0.366s] colcon.colcon_core.package_identification Level 1 _identify(src/chess_interfaces) by extensions ['colcon_pkg']
[0.366s] colcon.colcon_core.package_identification Level 1 _identify(src/chess_interfaces) by extension 'colcon_pkg'
[0.366s] colcon.colcon_core.package_identification Level 1 _identify(src/chess_interfaces) by extensions ['colcon_meta']
[0.366s] colcon.colcon_core.package_identification Level 1 _identify(src/chess_interfaces) by extension 'colcon_meta'
[0.366s] colcon.colcon_core.package_identification Level 1 _identify(src/chess_interfaces) by extensions ['ros']
[0.366s] colcon.colcon_core.package_identification Level 1 _identify(src/chess_interfaces) by extension 'ros'
[0.368s] colcon.colcon_core.package_identification DEBUG Package 'src/chess_interfaces' with type 'ros.ament_cmake' and name 'chess_interfaces'
[0.368s] colcon.colcon_core.package_identification Level 1 _identify(src/chess_simulation) by extensions ['ignore', 'ignore_ament_install']
[0.368s] colcon.colcon_core.package_identification Level 1 _identify(src/chess_simulation) by extension 'ignore'
[0.368s] colcon.colcon_core.package_identification Level 1 _identify(src/chess_simulation) by extension 'ignore_ament_install'
[0.368s] colcon.colcon_core.package_identification Level 1 _identify(src/chess_simulation) by extensions ['colcon_pkg']
[0.368s] colcon.colcon_core.package_identification Level 1 _identify(src/chess_simulation) by extension 'colcon_pkg'
[0.368s] colcon.colcon_core.package_identification Level 1 _identify(src/chess_simulation) by extensions ['colcon_meta']
[0.369s] colcon.colcon_core.package_identification Level 1 _identify(src/chess_simulation) by extension 'colcon_meta'
[0.369s] colcon.colcon_core.package_identification Level 1 _identify(src/chess_simulation) by extensions ['ros']
[0.369s] colcon.colcon_core.package_identification Level 1 _identify(src/chess_simulation) by extension 'ros'
[0.370s] colcon.colcon_core.package_identification DEBUG Package 'src/chess_simulation' with type 'ros.ament_cmake' and name 'chess_simulation'
[0.370s] colcon.colcon_core.package_discovery Level 1 discover_packages(recursive) using defaults
[0.370s] colcon.colcon_core.package_discovery Level 1 discover_packages(ignore) discover
[0.370s] colcon.colcon_core.package_discovery Level 1 discover_packages(ignore) using defaults
[0.370s] colcon.colcon_core.package_discovery Level 1 discover_packages(path) discover
[0.370s] colcon.colcon_core.package_discovery Level 1 discover_packages(path) using defaults
[0.400s] colcon.colcon_core.package_selection INFO Skipping not selected package 'chess_description' in 'src/chess_description'
[0.400s] colcon.colcon_core.package_selection INFO Skipping not selected package 'chess_interfaces' in 'src/chess_interfaces'
[0.400s] colcon.colcon_core.package_selection INFO Skipping not selected package 'chess_simulation' in 'src/chess_simulation'
[0.401s] colcon.colcon_core.package_discovery Level 1 discover_packages(prefix_path) check parameters
[0.401s] colcon.colcon_core.package_discovery Level 1 discover_packages(prefix_path) discover
[0.406s] colcon.colcon_installed_package_information.package_discovery DEBUG Found 17 installed packages in /home/jetson/dofbot_pro_ws/install
[0.408s] colcon.colcon_installed_package_information.package_discovery DEBUG Found 381 installed packages in /opt/ros/humble
[0.412s] colcon.colcon_core.package_discovery Level 1 discover_packages(prefix_path) using defaults
[0.520s] colcon.colcon_core.verb Level 5 set package 'chess_camera' build argument 'cmake_args' from command line to 'None'
[0.520s] colcon.colcon_core.verb Level 5 set package 'chess_camera' build argument 'cmake_target' from command line to 'None'
[0.520s] colcon.colcon_core.verb Level 5 set package 'chess_camera' build argument 'cmake_target_skip_unavailable' from command line to 'False'
[0.520s] colcon.colcon_core.verb Level 5 set package 'chess_camera' build argument 'cmake_clean_cache' from command line to 'False'
[0.520s] colcon.colcon_core.verb Level 5 set package 'chess_camera' build argument 'cmake_clean_first' from command line to 'False'
[0.520s] colcon.colcon_core.verb Level 5 set package 'chess_camera' build argument 'cmake_force_configure' from command line to 'False'
[0.520s] colcon.colcon_core.verb Level 5 set package 'chess_camera' build argument 'ament_cmake_args' from command line to 'None'
[0.520s] colcon.colcon_core.verb Level 5 set package 'chess_camera' build argument 'catkin_cmake_args' from command line to 'None'
[0.520s] colcon.colcon_core.verb Level 5 set package 'chess_camera' build argument 'catkin_skip_building_tests' from command line to 'False'
[0.521s] colcon.colcon_core.verb DEBUG Building package 'chess_camera' with the following arguments: {'ament_cmake_args': None, 'build_base': '/home/jetson/aichess/build/chess_camera', 'catkin_cmake_args': None, 'catkin_skip_building_tests': False, 'cmake_args': None, 'cmake_clean_cache': False, 'cmake_clean_first': False, 'cmake_force_configure': False, 'cmake_target': None, 'cmake_target_skip_unavailable': False, 'install_base': '/home/jetson/aichess/install/chess_camera', 'merge_install': False, 'path': '/home/jetson/aichess/chess_camera', 'symlink_install': False, 'test_result_base': None}
[0.521s] colcon.colcon_core.executor INFO Executing jobs using 'parallel' executor
[0.523s] colcon.colcon_parallel_executor.executor.parallel DEBUG run_until_complete
[0.523s] colcon.colcon_ros.task.ament_python.build INFO Building ROS package in '/home/jetson/aichess/chess_camera' with build type 'ament_python'
[0.524s] colcon.colcon_core.shell Level 1 create_environment_hook('chess_camera', 'ament_prefix_path')
[0.528s] colcon.colcon_core.plugin_system INFO Skipping extension 'colcon_core.shell.bat': Not used on non-Windows systems
[0.528s] colcon.colcon_core.shell INFO Creating environment hook '/home/jetson/aichess/install/chess_camera/share/chess_camera/hook/ament_prefix_path.ps1'
[0.529s] colcon.colcon_core.shell INFO Creating environment descriptor '/home/jetson/aichess/install/chess_camera/share/chess_camera/hook/ament_prefix_path.dsv'
[0.530s] colcon.colcon_core.shell INFO Creating environment hook '/home/jetson/aichess/install/chess_camera/share/chess_camera/hook/ament_prefix_path.sh'
[0.532s] colcon.colcon_core.shell INFO Skip shell extension 'powershell' for command environment: Not usable outside of PowerShell
[0.532s] colcon.colcon_core.shell DEBUG Skip shell extension 'dsv' for command environment
[1.039s] colcon.colcon_core.task.python.build INFO Building Python package in '/home/jetson/aichess/chess_camera'
[1.040s] colcon.colcon_core.shell INFO Skip shell extension 'powershell' for command environment: Not usable outside of PowerShell
[1.040s] colcon.colcon_core.shell DEBUG Skip shell extension 'dsv' for command environment
[2.126s] colcon.colcon_core.event_handler.log_command DEBUG Invoking command in '/home/jetson/aichess/chess_camera': AMENT_PREFIX_PATH=/home/jetson/aichess/install/chess_interfaces:${AMENT_PREFIX_PATH} CMAKE_PREFIX_PATH=/home/jetson/aichess/install/chess_interfaces:${CMAKE_PREFIX_PATH} LD_LIBRARY_PATH=/home/jetson/aichess/install/chess_interfaces/lib:/home/jetson/dofbot_pro_ws/install/orbbec_camera/lib:/home/jetson/dofbot_pro_ws/install/orbbec_camera_msgs/lib:/home/jetson/dofbot_pro_ws/install/dofbot_pro_msgs/lib:/home/jetson/dofbot_pro_ws/install/dofbot_pro_interface/lib:/opt/ros/humble/opt/rviz_ogre_vendor/lib:/opt/ros/humble/lib/aarch64-linux-gnu:/opt/ros/humble/lib:/usr/local/lib:/usr/local/cuda-12.6/lib64 PYTHONPATH=/home/jetson/aichess/build/chess_camera/prefix_override:/usr/lib/python3/dist-packages/colcon_core/task/python/colcon_distutils_commands:/home/jetson/aichess/install/chess_camera/lib/python3.10/site-packages:/home/jetson/aichess/install/chess_interfaces/local/lib/python3.10/dist-packages:${PYTHONPATH} /usr/bin/python3 -W ignore:setup.py install is deprecated -W ignore:easy_install command is deprecated setup.py egg_info --egg-base ../build/chess_camera build --build-base /home/jetson/aichess/build/chess_camera/build install --record /home/jetson/aichess/build/chess_camera/install.log --single-version-externally-managed install_data
[3.218s] colcon.colcon_core.event_handler.log_command DEBUG Invoked command in '/home/jetson/aichess/chess_camera' returned '0': AMENT_PREFIX_PATH=/home/jetson/aichess/install/chess_interfaces:${AMENT_PREFIX_PATH} CMAKE_PREFIX_PATH=/home/jetson/aichess/install/chess_interfaces:${CMAKE_PREFIX_PATH} LD_LIBRARY_PATH=/home/jetson/aichess/install/chess_interfaces/lib:/home/jetson/dofbot_pro_ws/install/orbbec_camera/lib:/home/jetson/dofbot_pro_ws/install/orbbec_camera_msgs/lib:/home/jetson/dofbot_pro_ws/install/dofbot_pro_msgs/lib:/home/jetson/dofbot_pro_ws/install/dofbot_pro_interface/lib:/opt/ros/humble/opt/rviz_ogre_vendor/lib:/opt/ros/humble/lib/aarch64-linux-gnu:/opt/ros/humble/lib:/usr/local/lib:/usr/local/cuda-12.6/lib64 PYTHONPATH=/home/jetson/aichess/build/chess_camera/prefix_override:/usr/lib/python3/dist-packages/colcon_core/task/python/colcon_distutils_commands:/home/jetson/aichess/install/chess_camera/lib/python3.10/site-packages:/home/jetson/aichess/install/chess_interfaces/local/lib/python3.10/dist-packages:${PYTHONPATH} /usr/bin/python3 -W ignore:setup.py install is deprecated -W ignore:easy_install command is deprecated setup.py egg_info --egg-base ../build/chess_camera build --build-base /home/jetson/aichess/build/chess_camera/build install --record /home/jetson/aichess/build/chess_camera/install.log --single-version-externally-managed install_data
[3.222s] colcon.colcon_core.environment Level 1 checking '/home/jetson/aichess/install/chess_camera' for CMake module files
[3.223s] colcon.colcon_core.environment Level 1 checking '/home/jetson/aichess/install/chess_camera' for CMake config files
[3.224s] colcon.colcon_core.environment Level 1 checking '/home/jetson/aichess/install/chess_camera/lib'
[3.225s] colcon.colcon_core.environment Level 1 checking '/home/jetson/aichess/install/chess_camera/bin'
[3.225s] colcon.colcon_core.environment Level 1 checking '/home/jetson/aichess/install/chess_camera/lib/pkgconfig/chess_camera.pc'
[3.225s] colcon.colcon_core.environment Level 1 checking '/home/jetson/aichess/install/chess_camera/lib/python3.10/site-packages'
[3.225s] colcon.colcon_core.shell Level 1 create_environment_hook('chess_camera', 'pythonpath')
[3.226s] colcon.colcon_core.shell INFO Creating environment hook '/home/jetson/aichess/install/chess_camera/share/chess_camera/hook/pythonpath.ps1'
[3.227s] colcon.colcon_core.shell INFO Creating environment descriptor '/home/jetson/aichess/install/chess_camera/share/chess_camera/hook/pythonpath.dsv'
[3.227s] colcon.colcon_core.shell INFO Creating environment hook '/home/jetson/aichess/install/chess_camera/share/chess_camera/hook/pythonpath.sh'
[3.228s] colcon.colcon_core.environment Level 1 checking '/home/jetson/aichess/install/chess_camera/bin'
[3.228s] colcon.colcon_core.environment Level 1 create_environment_scripts_only(chess_camera)
[3.229s] colcon.colcon_core.shell INFO Creating package script '/home/jetson/aichess/install/chess_camera/share/chess_camera/package.ps1'
[3.230s] colcon.colcon_core.shell INFO Creating package descriptor '/home/jetson/aichess/install/chess_camera/share/chess_camera/package.dsv'
[3.231s] colcon.colcon_core.shell INFO Creating package script '/home/jetson/aichess/install/chess_camera/share/chess_camera/package.sh'
[3.233s] colcon.colcon_core.shell INFO Creating package script '/home/jetson/aichess/install/chess_camera/share/chess_camera/package.bash'
[3.234s] colcon.colcon_core.shell INFO Creating package script '/home/jetson/aichess/install/chess_camera/share/chess_camera/package.zsh'
[3.235s] colcon.colcon_core.environment Level 1 create_file_with_runtime_dependencies(/home/jetson/aichess/install/chess_camera/share/colcon-core/packages/chess_camera)
[3.236s] colcon.colcon_parallel_executor.executor.parallel DEBUG closing loop
[3.236s] colcon.colcon_parallel_executor.executor.parallel DEBUG loop closed
[3.236s] colcon.colcon_parallel_executor.executor.parallel DEBUG run_until_complete finished with '0'
[3.236s] colcon.colcon_core.event_reactor DEBUG joining thread
[3.246s] colcon.colcon_core.plugin_system INFO Skipping extension 'colcon_notification.desktop_notification.terminal_notifier': Not used on non-Darwin systems
[3.246s] colcon.colcon_core.plugin_system INFO Skipping extension 'colcon_notification.desktop_notification.win32': Not used on non-Windows systems
[3.246s] colcon.colcon_notification.desktop_notification INFO Sending desktop notification using 'notify2'
[3.263s] colcon.colcon_core.event_reactor DEBUG joined thread
[3.264s] colcon.colcon_core.shell INFO Creating prefix script '/home/jetson/aichess/install/local_setup.ps1'
[3.266s] colcon.colcon_core.shell INFO Creating prefix util module '/home/jetson/aichess/install/_local_setup_util_ps1.py'
[3.268s] colcon.colcon_core.shell INFO Creating prefix chain script '/home/jetson/aichess/install/setup.ps1'
[3.271s] colcon.colcon_core.shell INFO Creating prefix script '/home/jetson/aichess/install/local_setup.sh'
[3.272s] colcon.colcon_core.shell INFO Creating prefix util module '/home/jetson/aichess/install/_local_setup_util_sh.py'
[3.273s] colcon.colcon_core.shell INFO Creating prefix chain script '/home/jetson/aichess/install/setup.sh'
[3.276s] colcon.colcon_core.shell INFO Creating prefix script '/home/jetson/aichess/install/local_setup.bash'
[3.277s] colcon.colcon_core.shell INFO Creating prefix chain script '/home/jetson/aichess/install/setup.bash'
[3.279s] colcon.colcon_core.shell INFO Creating prefix script '/home/jetson/aichess/install/local_setup.zsh'
[3.280s] colcon.colcon_core.shell INFO Creating prefix chain script '/home/jetson/aichess/install/setup.zsh'
