running egg_info
creating ../build/chess_camera/chess_camera.egg-info
writing ../build/chess_camera/chess_camera.egg-info/PKG-INFO
writing dependency_links to ../build/chess_camera/chess_camera.egg-info/dependency_links.txt
writing entry points to ../build/chess_camera/chess_camera.egg-info/entry_points.txt
writing requirements to ../build/chess_camera/chess_camera.egg-info/requires.txt
writing top-level names to ../build/chess_camera/chess_camera.egg-info/top_level.txt
writing manifest file '../build/chess_camera/chess_camera.egg-info/SOURCES.txt'
reading manifest file '../build/chess_camera/chess_camera.egg-info/SOURCES.txt'
writing manifest file '../build/chess_camera/chess_camera.egg-info/SOURCES.txt'
running build
running build_py
creating /home/jetson/aichess/build/chess_camera/build/lib/chess_camera
copying chess_camera/sim_camera_node.py -> /home/jetson/aichess/build/chess_camera/build/lib/chess_camera
copying chess_camera/__init__.py -> /home/jetson/aichess/build/chess_camera/build/lib/chess_camera
running install
running install_lib
creating /home/jetson/aichess/install/chess_camera/lib/python3.10/site-packages/chess_camera
copying /home/jetson/aichess/build/chess_camera/build/lib/chess_camera/sim_camera_node.py -> /home/jetson/aichess/install/chess_camera/lib/python3.10/site-packages/chess_camera
copying /home/jetson/aichess/build/chess_camera/build/lib/chess_camera/__init__.py -> /home/jetson/aichess/install/chess_camera/lib/python3.10/site-packages/chess_camera
byte-compiling /home/jetson/aichess/install/chess_camera/lib/python3.10/site-packages/chess_camera/sim_camera_node.py to sim_camera_node.cpython-310.pyc
byte-compiling /home/jetson/aichess/install/chess_camera/lib/python3.10/site-packages/chess_camera/__init__.py to __init__.cpython-310.pyc
running install_data
creating /home/jetson/aichess/install/chess_camera/share/ament_index/resource_index/packages
copying resource/chess_camera -> /home/jetson/aichess/install/chess_camera/share/ament_index/resource_index/packages
copying package.xml -> /home/jetson/aichess/install/chess_camera/share/chess_camera
running install_egg_info
Copying ../build/chess_camera/chess_camera.egg-info to /home/jetson/aichess/install/chess_camera/lib/python3.10/site-packages/chess_camera-0.0.0-py3.10.egg-info
running install_scripts
Installing sim_camera_node script to /home/jetson/aichess/install/chess_camera/lib/chess_camera
writing list of installed files to '/home/jetson/aichess/build/chess_camera/install.log'
