[1.719s] Invoking command in '/home/jetson/aichess/chess_camera': AMENT_PREFIX_PATH=/home/jetson/aichess/install/chess_interfaces:${AMENT_PREFIX_PATH} CMAKE_PREFIX_PATH=/home/jetson/aichess/install/chess_interfaces:${CMAKE_PREFIX_PATH} LD_LIBRARY_PATH=/home/jetson/aichess/install/chess_interfaces/lib:/home/jetson/dofbot_pro_ws/install/orbbec_camera/lib:/home/jetson/dofbot_pro_ws/install/orbbec_camera_msgs/lib:/home/jetson/dofbot_pro_ws/install/dofbot_pro_msgs/lib:/home/jetson/dofbot_pro_ws/install/dofbot_pro_interface/lib:/opt/ros/humble/opt/rviz_ogre_vendor/lib:/opt/ros/humble/lib/aarch64-linux-gnu:/opt/ros/humble/lib:/usr/local/lib:/usr/local/cuda-12.6/lib64 PYTHONPATH=/home/jetson/aichess/build/chess_camera/prefix_override:/usr/lib/python3/dist-packages/colcon_core/task/python/colcon_distutils_commands:/home/jetson/aichess/install/chess_camera/lib/python3.10/site-packages:/home/jetson/aichess/install/chess_interfaces/local/lib/python3.10/dist-packages:${PYTHONPATH} /usr/bin/python3 -W ignore:setup.py install is deprecated -W ignore:easy_install command is deprecated setup.py egg_info --egg-base ../build/chess_camera build --build-base /home/jetson/aichess/build/chess_camera/build install --record /home/jetson/aichess/build/chess_camera/install.log --single-version-externally-managed install_data
[2.065s] /home/jetson/.local/lib/python3.10/site-packages/setuptools/_distutils/dist.py:289: UserWarning: Unknown distribution option: 'tests_require'
[2.066s]   warnings.warn(msg)
[2.369s] running egg_info
[2.418s] creating ../build/chess_camera/chess_camera.egg-info
[2.418s] writing ../build/chess_camera/chess_camera.egg-info/PKG-INFO
[2.419s] writing dependency_links to ../build/chess_camera/chess_camera.egg-info/dependency_links.txt
[2.419s] writing entry points to ../build/chess_camera/chess_camera.egg-info/entry_points.txt
[2.420s] writing requirements to ../build/chess_camera/chess_camera.egg-info/requires.txt
[2.420s] writing top-level names to ../build/chess_camera/chess_camera.egg-info/top_level.txt
[2.420s] writing manifest file '../build/chess_camera/chess_camera.egg-info/SOURCES.txt'
[2.522s] reading manifest file '../build/chess_camera/chess_camera.egg-info/SOURCES.txt'
[2.524s] writing manifest file '../build/chess_camera/chess_camera.egg-info/SOURCES.txt'
[2.524s] running build
[2.524s] running build_py
[2.524s] creating /home/jetson/aichess/build/chess_camera/build/lib/chess_camera
[2.525s] copying chess_camera/sim_camera_node.py -> /home/jetson/aichess/build/chess_camera/build/lib/chess_camera
[2.525s] copying chess_camera/__init__.py -> /home/jetson/aichess/build/chess_camera/build/lib/chess_camera
[2.526s] running install
[2.534s] running install_lib
[2.584s] creating /home/jetson/aichess/install/chess_camera/lib/python3.10/site-packages/chess_camera
[2.585s] copying /home/jetson/aichess/build/chess_camera/build/lib/chess_camera/sim_camera_node.py -> /home/jetson/aichess/install/chess_camera/lib/python3.10/site-packages/chess_camera
[2.585s] copying /home/jetson/aichess/build/chess_camera/build/lib/chess_camera/__init__.py -> /home/jetson/aichess/install/chess_camera/lib/python3.10/site-packages/chess_camera
[2.586s] byte-compiling /home/jetson/aichess/install/chess_camera/lib/python3.10/site-packages/chess_camera/sim_camera_node.py to sim_camera_node.cpython-310.pyc
[2.589s] byte-compiling /home/jetson/aichess/install/chess_camera/lib/python3.10/site-packages/chess_camera/__init__.py to __init__.cpython-310.pyc
[2.589s] running install_data
[2.590s] creating /home/jetson/aichess/install/chess_camera/share/ament_index/resource_index/packages
[2.590s] copying resource/chess_camera -> /home/jetson/aichess/install/chess_camera/share/ament_index/resource_index/packages
[2.590s] copying package.xml -> /home/jetson/aichess/install/chess_camera/share/chess_camera
[2.591s] running install_egg_info
[2.644s] Copying ../build/chess_camera/chess_camera.egg-info to /home/jetson/aichess/install/chess_camera/lib/python3.10/site-packages/chess_camera-0.0.0-py3.10.egg-info
[2.645s] running install_scripts
[2.749s] Installing sim_camera_node script to /home/jetson/aichess/install/chess_camera/lib/chess_camera
[2.749s] writing list of installed files to '/home/jetson/aichess/build/chess_camera/install.log'
[2.803s] Invoked command in '/home/jetson/aichess/chess_camera' returned '0': AMENT_PREFIX_PATH=/home/jetson/aichess/install/chess_interfaces:${AMENT_PREFIX_PATH} CMAKE_PREFIX_PATH=/home/jetson/aichess/install/chess_interfaces:${CMAKE_PREFIX_PATH} LD_LIBRARY_PATH=/home/jetson/aichess/install/chess_interfaces/lib:/home/jetson/dofbot_pro_ws/install/orbbec_camera/lib:/home/jetson/dofbot_pro_ws/install/orbbec_camera_msgs/lib:/home/jetson/dofbot_pro_ws/install/dofbot_pro_msgs/lib:/home/jetson/dofbot_pro_ws/install/dofbot_pro_interface/lib:/opt/ros/humble/opt/rviz_ogre_vendor/lib:/opt/ros/humble/lib/aarch64-linux-gnu:/opt/ros/humble/lib:/usr/local/lib:/usr/local/cuda-12.6/lib64 PYTHONPATH=/home/jetson/aichess/build/chess_camera/prefix_override:/usr/lib/python3/dist-packages/colcon_core/task/python/colcon_distutils_commands:/home/jetson/aichess/install/chess_camera/lib/python3.10/site-packages:/home/jetson/aichess/install/chess_interfaces/local/lib/python3.10/dist-packages:${PYTHONPATH} /usr/bin/python3 -W ignore:setup.py install is deprecated -W ignore:easy_install command is deprecated setup.py egg_info --egg-base ../build/chess_camera build --build-base /home/jetson/aichess/build/chess_camera/build install --record /home/jetson/aichess/build/chess_camera/install.log --single-version-externally-managed install_data
