[1.575s] Invoking command in '/home/jetson/aichess/src/chess_game': AMENT_PREFIX_PATH=/home/jetson/aichess/install/chess_interfaces:${AMENT_PREFIX_PATH} CMAKE_PREFIX_PATH=/home/jetson/aichess/install/chess_interfaces:${CMAKE_PREFIX_PATH} LD_LIBRARY_PATH=/home/jetson/aichess/install/chess_interfaces/lib:/home/jetson/dofbot_pro_ws/install/orbbec_camera/lib:/home/jetson/dofbot_pro_ws/install/orbbec_camera_msgs/lib:/home/jetson/dofbot_pro_ws/install/dofbot_pro_msgs/lib:/home/jetson/dofbot_pro_ws/install/dofbot_pro_interface/lib:/opt/ros/humble/opt/rviz_ogre_vendor/lib:/opt/ros/humble/lib/aarch64-linux-gnu:/opt/ros/humble/lib:/usr/local/lib:/usr/local/cuda-12.6/lib64 PYTHONPATH=/home/jetson/aichess/build/chess_game/prefix_override:/usr/lib/python3/dist-packages/colcon_core/task/python/colcon_distutils_commands:/home/jetson/aichess/install/chess_game/lib/python3.10/site-packages:/home/jetson/aichess/install/chess_interfaces/local/lib/python3.10/dist-packages:${PYTHONPATH} /usr/bin/python3 -W ignore:setup.py install is deprecated -W ignore:easy_install command is deprecated setup.py egg_info --egg-base ../../build/chess_game build --build-base /home/jetson/aichess/build/chess_game/build install --record /home/jetson/aichess/build/chess_game/install.log --single-version-externally-managed install_data
[1.922s] /home/jetson/.local/lib/python3.10/site-packages/setuptools/_distutils/dist.py:289: UserWarning: Unknown distribution option: 'tests_require'
[1.923s]   warnings.warn(msg)
[2.228s] running egg_info
[2.277s] creating ../../build/chess_game/chess_game.egg-info
[2.277s] writing ../../build/chess_game/chess_game.egg-info/PKG-INFO
[2.278s] writing dependency_links to ../../build/chess_game/chess_game.egg-info/dependency_links.txt
[2.278s] writing entry points to ../../build/chess_game/chess_game.egg-info/entry_points.txt
[2.279s] writing requirements to ../../build/chess_game/chess_game.egg-info/requires.txt
[2.279s] writing top-level names to ../../build/chess_game/chess_game.egg-info/top_level.txt
[2.279s] writing manifest file '../../build/chess_game/chess_game.egg-info/SOURCES.txt'
[2.383s] reading manifest file '../../build/chess_game/chess_game.egg-info/SOURCES.txt'
[2.385s] writing manifest file '../../build/chess_game/chess_game.egg-info/SOURCES.txt'
[2.385s] running build
[2.385s] running build_py
[2.385s] creating /home/jetson/aichess/build/chess_game/build/lib/chess_game
[2.386s] copying chess_game/chess_ai.py -> /home/jetson/aichess/build/chess_game/build/lib/chess_game
[2.386s] copying chess_game/game_coordinator.py -> /home/jetson/aichess/build/chess_game/build/lib/chess_game
[2.386s] copying chess_game/__init__.py -> /home/jetson/aichess/build/chess_game/build/lib/chess_game
[2.387s] copying chess_game/game_engine.py -> /home/jetson/aichess/build/chess_game/build/lib/chess_game
[2.387s] running install
[2.395s] running install_lib
[2.446s] creating /home/jetson/aichess/install/chess_game/lib/python3.10/site-packages/chess_game
[2.446s] copying /home/jetson/aichess/build/chess_game/build/lib/chess_game/chess_ai.py -> /home/jetson/aichess/install/chess_game/lib/python3.10/site-packages/chess_game
[2.446s] copying /home/jetson/aichess/build/chess_game/build/lib/chess_game/game_coordinator.py -> /home/jetson/aichess/install/chess_game/lib/python3.10/site-packages/chess_game
[2.447s] copying /home/jetson/aichess/build/chess_game/build/lib/chess_game/__init__.py -> /home/jetson/aichess/install/chess_game/lib/python3.10/site-packages/chess_game
[2.447s] copying /home/jetson/aichess/build/chess_game/build/lib/chess_game/game_engine.py -> /home/jetson/aichess/install/chess_game/lib/python3.10/site-packages/chess_game
[2.448s] byte-compiling /home/jetson/aichess/install/chess_game/lib/python3.10/site-packages/chess_game/chess_ai.py to chess_ai.cpython-310.pyc
[2.452s] byte-compiling /home/jetson/aichess/install/chess_game/lib/python3.10/site-packages/chess_game/game_coordinator.py to game_coordinator.cpython-310.pyc
[2.456s] byte-compiling /home/jetson/aichess/install/chess_game/lib/python3.10/site-packages/chess_game/__init__.py to __init__.cpython-310.pyc
[2.456s] byte-compiling /home/jetson/aichess/install/chess_game/lib/python3.10/site-packages/chess_game/game_engine.py to game_engine.cpython-310.pyc
[2.460s] running install_data
[2.460s] creating /home/jetson/aichess/install/chess_game/share/ament_index/resource_index/packages
[2.461s] copying resource/chess_game -> /home/jetson/aichess/install/chess_game/share/ament_index/resource_index/packages
[2.461s] copying package.xml -> /home/jetson/aichess/install/chess_game/share/chess_game
[2.461s] creating /home/jetson/aichess/install/chess_game/share/chess_game/launch
[2.462s] creating /home/jetson/aichess/install/chess_game/share/chess_game/config
[2.462s] running install_egg_info
[2.515s] Copying ../../build/chess_game/chess_game.egg-info to /home/jetson/aichess/install/chess_game/lib/python3.10/site-packages/chess_game-0.0.1-py3.10.egg-info
[2.517s] running install_scripts
[2.621s] Installing chess_ai script to /home/jetson/aichess/install/chess_game/bin
[2.621s] Installing game_coordinator script to /home/jetson/aichess/install/chess_game/bin
[2.621s] Installing game_engine script to /home/jetson/aichess/install/chess_game/bin
[2.622s] writing list of installed files to '/home/jetson/aichess/build/chess_game/install.log'
[2.675s] Invoked command in '/home/jetson/aichess/src/chess_game' returned '0': AMENT_PREFIX_PATH=/home/jetson/aichess/install/chess_interfaces:${AMENT_PREFIX_PATH} CMAKE_PREFIX_PATH=/home/jetson/aichess/install/chess_interfaces:${CMAKE_PREFIX_PATH} LD_LIBRARY_PATH=/home/jetson/aichess/install/chess_interfaces/lib:/home/jetson/dofbot_pro_ws/install/orbbec_camera/lib:/home/jetson/dofbot_pro_ws/install/orbbec_camera_msgs/lib:/home/jetson/dofbot_pro_ws/install/dofbot_pro_msgs/lib:/home/jetson/dofbot_pro_ws/install/dofbot_pro_interface/lib:/opt/ros/humble/opt/rviz_ogre_vendor/lib:/opt/ros/humble/lib/aarch64-linux-gnu:/opt/ros/humble/lib:/usr/local/lib:/usr/local/cuda-12.6/lib64 PYTHONPATH=/home/jetson/aichess/build/chess_game/prefix_override:/usr/lib/python3/dist-packages/colcon_core/task/python/colcon_distutils_commands:/home/jetson/aichess/install/chess_game/lib/python3.10/site-packages:/home/jetson/aichess/install/chess_interfaces/local/lib/python3.10/dist-packages:${PYTHONPATH} /usr/bin/python3 -W ignore:setup.py install is deprecated -W ignore:easy_install command is deprecated setup.py egg_info --egg-base ../../build/chess_game build --build-base /home/jetson/aichess/build/chess_game/build install --record /home/jetson/aichess/build/chess_game/install.log --single-version-externally-managed install_data
