[0.028s] Invoking command in '/home/jetson/aichess/build/chess_description': CMAKE_PREFIX_PATH=${CMAKE_PREFIX_PATH}:/home/jetson/dofbot_pro_ws/install/dofbot_pro_yolov11:/home/jetson/dofbot_pro_ws/install/dofbot_pro_voice_ctrl:/home/jetson/dofbot_pro_ws/install/dofbot_pro_vision:/home/jetson/dofbot_pro_ws/install/dofbot_pro_mediapipe:/home/jetson/dofbot_pro_ws/install/dofbot_pro_driver:/home/jetson/dofbot_pro_ws/install/dofbot_pro_depth:/home/jetson/dofbot_pro_ws/install/dofbot_pro_color:/home/jetson/dofbot_pro_ws/install/dofbot_pro_apriltag:/home/jetson/dofbot_pro_ws/install/dofbot_pro_KCF:/opt/ros/humble /usr/bin/cmake --build /home/jetson/aichess/build/chess_description -- -j6 -l6
[0.092s] Invoked command in '/home/jetson/aichess/build/chess_description' returned '0': CMAKE_PREFIX_PATH=${CMAKE_PREFIX_PATH}:/home/jetson/dofbot_pro_ws/install/dofbot_pro_yolov11:/home/jetson/dofbot_pro_ws/install/dofbot_pro_voice_ctrl:/home/jetson/dofbot_pro_ws/install/dofbot_pro_vision:/home/jetson/dofbot_pro_ws/install/dofbot_pro_mediapipe:/home/jetson/dofbot_pro_ws/install/dofbot_pro_driver:/home/jetson/dofbot_pro_ws/install/dofbot_pro_depth:/home/jetson/dofbot_pro_ws/install/dofbot_pro_color:/home/jetson/dofbot_pro_ws/install/dofbot_pro_apriltag:/home/jetson/dofbot_pro_ws/install/dofbot_pro_KCF:/opt/ros/humble /usr/bin/cmake --build /home/jetson/aichess/build/chess_description -- -j6 -l6
[0.108s] Invoking command in '/home/jetson/aichess/build/chess_description': CMAKE_PREFIX_PATH=${CMAKE_PREFIX_PATH}:/home/jetson/dofbot_pro_ws/install/dofbot_pro_yolov11:/home/jetson/dofbot_pro_ws/install/dofbot_pro_voice_ctrl:/home/jetson/dofbot_pro_ws/install/dofbot_pro_vision:/home/jetson/dofbot_pro_ws/install/dofbot_pro_mediapipe:/home/jetson/dofbot_pro_ws/install/dofbot_pro_driver:/home/jetson/dofbot_pro_ws/install/dofbot_pro_depth:/home/jetson/dofbot_pro_ws/install/dofbot_pro_color:/home/jetson/dofbot_pro_ws/install/dofbot_pro_apriltag:/home/jetson/dofbot_pro_ws/install/dofbot_pro_KCF:/opt/ros/humble /usr/bin/cmake --install /home/jetson/aichess/build/chess_description
[0.122s] -- Install configuration: ""
[0.122s] -- Up-to-date: /home/jetson/aichess/install/chess_description/share/chess_description/urdf
[0.123s] -- Up-to-date: /home/jetson/aichess/install/chess_description/share/chess_description/urdf/dofbot_pro.urdf.xacro
[0.123s] -- Up-to-date: /home/jetson/aichess/install/chess_description/share/chess_description/meshes
[0.123s] -- Up-to-date: /home/jetson/aichess/install/chess_description/share/chess_description/config
[0.123s] -- Up-to-date: /home/jetson/aichess/install/chess_description/share/chess_description/config/dofbot_pro_controllers.yaml
[0.123s] -- Up-to-date: /home/jetson/aichess/install/chess_description/share/ament_index/resource_index/package_run_dependencies/chess_description
[0.123s] -- Up-to-date: /home/jetson/aichess/install/chess_description/share/ament_index/resource_index/parent_prefix_path/chess_description
[0.123s] -- Up-to-date: /home/jetson/aichess/install/chess_description/share/chess_description/environment/ament_prefix_path.sh
[0.123s] -- Up-to-date: /home/jetson/aichess/install/chess_description/share/chess_description/environment/ament_prefix_path.dsv
[0.123s] -- Up-to-date: /home/jetson/aichess/install/chess_description/share/chess_description/environment/path.sh
[0.124s] -- Up-to-date: /home/jetson/aichess/install/chess_description/share/chess_description/environment/path.dsv
[0.124s] -- Up-to-date: /home/jetson/aichess/install/chess_description/share/chess_description/local_setup.bash
[0.124s] -- Up-to-date: /home/jetson/aichess/install/chess_description/share/chess_description/local_setup.sh
[0.124s] -- Up-to-date: /home/jetson/aichess/install/chess_description/share/chess_description/local_setup.zsh
[0.124s] -- Up-to-date: /home/jetson/aichess/install/chess_description/share/chess_description/local_setup.dsv
[0.125s] -- Up-to-date: /home/jetson/aichess/install/chess_description/share/chess_description/package.dsv
[0.125s] -- Up-to-date: /home/jetson/aichess/install/chess_description/share/ament_index/resource_index/packages/chess_description
[0.128s] -- Up-to-date: /home/jetson/aichess/install/chess_description/share/chess_description/cmake/chess_descriptionConfig.cmake
[0.128s] -- Up-to-date: /home/jetson/aichess/install/chess_description/share/chess_description/cmake/chess_descriptionConfig-version.cmake
[0.129s] -- Up-to-date: /home/jetson/aichess/install/chess_description/share/chess_description/package.xml
[0.129s] Invoked command in '/home/jetson/aichess/build/chess_description' returned '0': CMAKE_PREFIX_PATH=${CMAKE_PREFIX_PATH}:/home/jetson/dofbot_pro_ws/install/dofbot_pro_yolov11:/home/jetson/dofbot_pro_ws/install/dofbot_pro_voice_ctrl:/home/jetson/dofbot_pro_ws/install/dofbot_pro_vision:/home/jetson/dofbot_pro_ws/install/dofbot_pro_mediapipe:/home/jetson/dofbot_pro_ws/install/dofbot_pro_driver:/home/jetson/dofbot_pro_ws/install/dofbot_pro_depth:/home/jetson/dofbot_pro_ws/install/dofbot_pro_color:/home/jetson/dofbot_pro_ws/install/dofbot_pro_apriltag:/home/jetson/dofbot_pro_ws/install/dofbot_pro_KCF:/opt/ros/humble /usr/bin/cmake --install /home/jetson/aichess/build/chess_description
