[0.254s] colcon DEBUG Command line arguments: ['/usr/bin/colcon', 'build', '--packages-select', 'chess_arm']
[0.254s] colcon DEBUG Parsed command line arguments: Namespace(log_base=None, log_level=None, verb_name='build', build_base='build', install_base='install', merge_install=False, symlink_install=False, test_result_base=None, continue_on_error=False, executor='parallel', parallel_workers=6, event_handlers=None, ignore_user_meta=False, metas=['./colcon.meta'], base_paths=['.'], packages_ignore=None, packages_ignore_regex=None, paths=None, packages_up_to=None, packages_up_to_regex=None, packages_above=None, packages_above_and_dependencies=None, packages_above_depth=None, packages_select_by_dep=None, packages_skip_by_dep=None, packages_skip_up_to=None, packages_select_build_failed=False, packages_skip_build_finished=False, packages_select_test_failures=False, packages_skip_test_passed=False, packages_select=['chess_arm'], packages_skip=None, packages_select_regex=None, packages_skip_regex=None, packages_start=None, packages_end=None, allow_overriding=[], cmake_args=None, cmake_target=None, cmake_target_skip_unavailable=False, cmake_clean_cache=False, cmake_clean_first=False, cmake_force_configure=False, ament_cmake_args=None, catkin_cmake_args=None, catkin_skip_building_tests=False, mixin_files=None, mixin=None, verb_parser=<colcon_mixin.mixin.mixin_argument.MixinArgumentDecorator object at 0xffff88f779a0>, verb_extension=<colcon_core.verb.build.BuildVerb object at 0xffff88f77460>, main=<bound method BuildVerb.main of <colcon_core.verb.build.BuildVerb object at 0xffff88f77460>>, mixin_verb=('build',))
[0.329s] colcon.colcon_core.package_discovery Level 1 discover_packages(colcon_meta) check parameters
[0.330s] colcon.colcon_core.package_discovery Level 1 discover_packages(recursive) check parameters
[0.330s] colcon.colcon_core.package_discovery Level 1 discover_packages(ignore) check parameters
[0.330s] colcon.colcon_core.package_discovery Level 1 discover_packages(path) check parameters
[0.330s] colcon.colcon_core.package_discovery Level 1 discover_packages(colcon_meta) discover
[0.330s] colcon.colcon_core.package_discovery Level 1 discover_packages(recursive) discover
[0.330s] colcon.colcon_core.package_discovery INFO Crawling recursively for packages in '/home/jetson/aichess'
[0.330s] colcon.colcon_core.package_identification Level 1 _identify(.) by extensions ['ignore', 'ignore_ament_install']
[0.331s] colcon.colcon_core.package_identification Level 1 _identify(.) by extension 'ignore'
[0.331s] colcon.colcon_core.package_identification Level 1 _identify(.) by extension 'ignore_ament_install'
[0.331s] colcon.colcon_core.package_identification Level 1 _identify(.) by extensions ['colcon_pkg']
[0.331s] colcon.colcon_core.package_identification Level 1 _identify(.) by extension 'colcon_pkg'
[0.331s] colcon.colcon_core.package_identification Level 1 _identify(.) by extensions ['colcon_meta']
[0.331s] colcon.colcon_core.package_identification Level 1 _identify(.) by extension 'colcon_meta'
[0.331s] colcon.colcon_core.package_identification Level 1 _identify(.) by extensions ['ros']
[0.331s] colcon.colcon_core.package_identification Level 1 _identify(.) by extension 'ros'
[0.358s] colcon.colcon_core.package_identification Level 1 _identify(.) by extensions ['cmake', 'python']
[0.358s] colcon.colcon_core.package_identification Level 1 _identify(.) by extension 'cmake'
[0.358s] colcon.colcon_core.package_identification Level 1 _identify(.) by extension 'python'
[0.359s] colcon.colcon_core.package_identification Level 1 _identify(.) by extensions ['python_setup_py']
[0.359s] colcon.colcon_core.package_identification Level 1 _identify(.) by extension 'python_setup_py'
[0.359s] colcon.colcon_core.package_identification Level 1 _identify(build) by extensions ['ignore', 'ignore_ament_install']
[0.359s] colcon.colcon_core.package_identification Level 1 _identify(build) by extension 'ignore'
[0.359s] colcon.colcon_core.package_identification Level 1 _identify(build) ignored
[0.359s] colcon.colcon_core.package_identification Level 1 _identify(chess_camera) by extensions ['ignore', 'ignore_ament_install']
[0.360s] colcon.colcon_core.package_identification Level 1 _identify(chess_camera) by extension 'ignore'
[0.360s] colcon.colcon_core.package_identification Level 1 _identify(chess_camera) by extension 'ignore_ament_install'
[0.360s] colcon.colcon_core.package_identification Level 1 _identify(chess_camera) by extensions ['colcon_pkg']
[0.360s] colcon.colcon_core.package_identification Level 1 _identify(chess_camera) by extension 'colcon_pkg'
[0.360s] colcon.colcon_core.package_identification Level 1 _identify(chess_camera) by extensions ['colcon_meta']
[0.360s] colcon.colcon_core.package_identification Level 1 _identify(chess_camera) by extension 'colcon_meta'
[0.360s] colcon.colcon_core.package_identification Level 1 _identify(chess_camera) by extensions ['ros']
[0.360s] colcon.colcon_core.package_identification Level 1 _identify(chess_camera) by extension 'ros'
[0.365s] colcon.colcon_core.package_identification DEBUG Package 'chess_camera' with type 'ros.ament_python' and name 'chess_camera'
[0.365s] colcon.colcon_core.package_identification Level 1 _identify(install) by extensions ['ignore', 'ignore_ament_install']
[0.366s] colcon.colcon_core.package_identification Level 1 _identify(install) by extension 'ignore'
[0.366s] colcon.colcon_core.package_identification Level 1 _identify(install) ignored
[0.366s] colcon.colcon_core.package_identification Level 1 _identify(log) by extensions ['ignore', 'ignore_ament_install']
[0.366s] colcon.colcon_core.package_identification Level 1 _identify(log) by extension 'ignore'
[0.366s] colcon.colcon_core.package_identification Level 1 _identify(log) ignored
[0.366s] colcon.colcon_core.package_identification Level 1 _identify(src) by extensions ['ignore', 'ignore_ament_install']
[0.366s] colcon.colcon_core.package_identification Level 1 _identify(src) by extension 'ignore'
[0.367s] colcon.colcon_core.package_identification Level 1 _identify(src) by extension 'ignore_ament_install'
[0.367s] colcon.colcon_core.package_identification Level 1 _identify(src) by extensions ['colcon_pkg']
[0.367s] colcon.colcon_core.package_identification Level 1 _identify(src) by extension 'colcon_pkg'
[0.367s] colcon.colcon_core.package_identification Level 1 _identify(src) by extensions ['colcon_meta']
[0.367s] colcon.colcon_core.package_identification Level 1 _identify(src) by extension 'colcon_meta'
[0.367s] colcon.colcon_core.package_identification Level 1 _identify(src) by extensions ['ros']
[0.367s] colcon.colcon_core.package_identification Level 1 _identify(src) by extension 'ros'
[0.367s] colcon.colcon_core.package_identification Level 1 _identify(src) by extensions ['cmake', 'python']
[0.367s] colcon.colcon_core.package_identification Level 1 _identify(src) by extension 'cmake'
[0.367s] colcon.colcon_core.package_identification Level 1 _identify(src) by extension 'python'
[0.367s] colcon.colcon_core.package_identification Level 1 _identify(src) by extensions ['python_setup_py']
[0.367s] colcon.colcon_core.package_identification Level 1 _identify(src) by extension 'python_setup_py'
[0.368s] colcon.colcon_core.package_identification Level 1 _identify(src/chess_arm) by extensions ['ignore', 'ignore_ament_install']
[0.368s] colcon.colcon_core.package_identification Level 1 _identify(src/chess_arm) by extension 'ignore'
[0.368s] colcon.colcon_core.package_identification Level 1 _identify(src/chess_arm) by extension 'ignore_ament_install'
[0.368s] colcon.colcon_core.package_identification Level 1 _identify(src/chess_arm) by extensions ['colcon_pkg']
[0.368s] colcon.colcon_core.package_identification Level 1 _identify(src/chess_arm) by extension 'colcon_pkg'
[0.368s] colcon.colcon_core.package_identification Level 1 _identify(src/chess_arm) by extensions ['colcon_meta']
[0.368s] colcon.colcon_core.package_identification Level 1 _identify(src/chess_arm) by extension 'colcon_meta'
[0.368s] colcon.colcon_core.package_identification Level 1 _identify(src/chess_arm) by extensions ['ros']
[0.368s] colcon.colcon_core.package_identification Level 1 _identify(src/chess_arm) by extension 'ros'
[0.372s] colcon.colcon_core.package_identification DEBUG Package 'src/chess_arm' with type 'ros.ament_cmake' and name 'chess_arm'
[0.372s] colcon.colcon_core.package_identification Level 1 _identify(src/chess_description) by extensions ['ignore', 'ignore_ament_install']
[0.372s] colcon.colcon_core.package_identification Level 1 _identify(src/chess_description) by extension 'ignore'
[0.372s] colcon.colcon_core.package_identification Level 1 _identify(src/chess_description) by extension 'ignore_ament_install'
[0.372s] colcon.colcon_core.package_identification Level 1 _identify(src/chess_description) by extensions ['colcon_pkg']
[0.373s] colcon.colcon_core.package_identification Level 1 _identify(src/chess_description) by extension 'colcon_pkg'
[0.373s] colcon.colcon_core.package_identification Level 1 _identify(src/chess_description) by extensions ['colcon_meta']
[0.373s] colcon.colcon_core.package_identification Level 1 _identify(src/chess_description) by extension 'colcon_meta'
[0.373s] colcon.colcon_core.package_identification Level 1 _identify(src/chess_description) by extensions ['ros']
[0.373s] colcon.colcon_core.package_identification Level 1 _identify(src/chess_description) by extension 'ros'
[0.374s] colcon.colcon_core.package_identification DEBUG Package 'src/chess_description' with type 'ros.ament_cmake' and name 'chess_description'
[0.374s] colcon.colcon_core.package_identification Level 1 _identify(src/chess_game) by extensions ['ignore', 'ignore_ament_install']
[0.374s] colcon.colcon_core.package_identification Level 1 _identify(src/chess_game) by extension 'ignore'
[0.374s] colcon.colcon_core.package_identification Level 1 _identify(src/chess_game) by extension 'ignore_ament_install'
[0.374s] colcon.colcon_core.package_identification Level 1 _identify(src/chess_game) by extensions ['colcon_pkg']
[0.375s] colcon.colcon_core.package_identification Level 1 _identify(src/chess_game) by extension 'colcon_pkg'
[0.375s] colcon.colcon_core.package_identification Level 1 _identify(src/chess_game) by extensions ['colcon_meta']
[0.375s] colcon.colcon_core.package_identification Level 1 _identify(src/chess_game) by extension 'colcon_meta'
[0.375s] colcon.colcon_core.package_identification Level 1 _identify(src/chess_game) by extensions ['ros']
[0.375s] colcon.colcon_core.package_identification Level 1 _identify(src/chess_game) by extension 'ros'
[0.376s] colcon.colcon_core.package_identification DEBUG Package 'src/chess_game' with type 'ros.ament_python' and name 'chess_game'
[0.376s] colcon.colcon_core.package_identification Level 1 _identify(src/chess_interfaces) by extensions ['ignore', 'ignore_ament_install']
[0.376s] colcon.colcon_core.package_identification Level 1 _identify(src/chess_interfaces) by extension 'ignore'
[0.376s] colcon.colcon_core.package_identification Level 1 _identify(src/chess_interfaces) by extension 'ignore_ament_install'
[0.376s] colcon.colcon_core.package_identification Level 1 _identify(src/chess_interfaces) by extensions ['colcon_pkg']
[0.376s] colcon.colcon_core.package_identification Level 1 _identify(src/chess_interfaces) by extension 'colcon_pkg'
[0.377s] colcon.colcon_core.package_identification Level 1 _identify(src/chess_interfaces) by extensions ['colcon_meta']
[0.377s] colcon.colcon_core.package_identification Level 1 _identify(src/chess_interfaces) by extension 'colcon_meta'
[0.377s] colcon.colcon_core.package_identification Level 1 _identify(src/chess_interfaces) by extensions ['ros']
[0.377s] colcon.colcon_core.package_identification Level 1 _identify(src/chess_interfaces) by extension 'ros'
[0.378s] colcon.colcon_core.package_identification DEBUG Package 'src/chess_interfaces' with type 'ros.ament_cmake' and name 'chess_interfaces'
[0.378s] colcon.colcon_core.package_identification Level 1 _identify(src/chess_simulation) by extensions ['ignore', 'ignore_ament_install']
[0.378s] colcon.colcon_core.package_identification Level 1 _identify(src/chess_simulation) by extension 'ignore'
[0.379s] colcon.colcon_core.package_identification Level 1 _identify(src/chess_simulation) by extension 'ignore_ament_install'
[0.379s] colcon.colcon_core.package_identification Level 1 _identify(src/chess_simulation) by extensions ['colcon_pkg']
[0.379s] colcon.colcon_core.package_identification Level 1 _identify(src/chess_simulation) by extension 'colcon_pkg'
[0.379s] colcon.colcon_core.package_identification Level 1 _identify(src/chess_simulation) by extensions ['colcon_meta']
[0.379s] colcon.colcon_core.package_identification Level 1 _identify(src/chess_simulation) by extension 'colcon_meta'
[0.379s] colcon.colcon_core.package_identification Level 1 _identify(src/chess_simulation) by extensions ['ros']
[0.379s] colcon.colcon_core.package_identification Level 1 _identify(src/chess_simulation) by extension 'ros'
[0.380s] colcon.colcon_core.package_identification DEBUG Package 'src/chess_simulation' with type 'ros.ament_cmake' and name 'chess_simulation'
[0.380s] colcon.colcon_core.package_identification Level 1 _identify(src/chess_vision) by extensions ['ignore', 'ignore_ament_install']
[0.381s] colcon.colcon_core.package_identification Level 1 _identify(src/chess_vision) by extension 'ignore'
[0.381s] colcon.colcon_core.package_identification Level 1 _identify(src/chess_vision) by extension 'ignore_ament_install'
[0.381s] colcon.colcon_core.package_identification Level 1 _identify(src/chess_vision) by extensions ['colcon_pkg']
[0.381s] colcon.colcon_core.package_identification Level 1 _identify(src/chess_vision) by extension 'colcon_pkg'
[0.381s] colcon.colcon_core.package_identification Level 1 _identify(src/chess_vision) by extensions ['colcon_meta']
[0.381s] colcon.colcon_core.package_identification Level 1 _identify(src/chess_vision) by extension 'colcon_meta'
[0.381s] colcon.colcon_core.package_identification Level 1 _identify(src/chess_vision) by extensions ['ros']
[0.381s] colcon.colcon_core.package_identification Level 1 _identify(src/chess_vision) by extension 'ros'
[0.382s] colcon.colcon_core.package_identification DEBUG Package 'src/chess_vision' with type 'ros.ament_python' and name 'chess_vision'
[0.382s] colcon.colcon_core.package_discovery Level 1 discover_packages(recursive) using defaults
[0.383s] colcon.colcon_core.package_discovery Level 1 discover_packages(ignore) discover
[0.383s] colcon.colcon_core.package_discovery Level 1 discover_packages(ignore) using defaults
[0.383s] colcon.colcon_core.package_discovery Level 1 discover_packages(path) discover
[0.383s] colcon.colcon_core.package_discovery Level 1 discover_packages(path) using defaults
[0.414s] colcon.colcon_core.package_selection INFO Skipping not selected package 'chess_description' in 'src/chess_description'
[0.414s] colcon.colcon_core.package_selection INFO Skipping not selected package 'chess_interfaces' in 'src/chess_interfaces'
[0.414s] colcon.colcon_core.package_selection INFO Skipping not selected package 'chess_simulation' in 'src/chess_simulation'
[0.414s] colcon.colcon_core.package_selection INFO Skipping not selected package 'chess_camera' in 'chess_camera'
[0.414s] colcon.colcon_core.package_selection INFO Skipping not selected package 'chess_game' in 'src/chess_game'
[0.414s] colcon.colcon_core.package_selection INFO Skipping not selected package 'chess_vision' in 'src/chess_vision'
[0.415s] colcon.colcon_core.package_discovery Level 1 discover_packages(prefix_path) check parameters
[0.415s] colcon.colcon_core.package_discovery Level 1 discover_packages(prefix_path) discover
[0.420s] colcon.colcon_installed_package_information.package_discovery DEBUG Found 17 installed packages in /home/jetson/dofbot_pro_ws/install
[0.423s] colcon.colcon_installed_package_information.package_discovery DEBUG Found 407 installed packages in /opt/ros/humble
[0.427s] colcon.colcon_core.package_discovery Level 1 discover_packages(prefix_path) using defaults
[0.541s] colcon.colcon_core.verb Level 5 set package 'chess_arm' build argument 'cmake_args' from command line to 'None'
[0.541s] colcon.colcon_core.verb Level 5 set package 'chess_arm' build argument 'cmake_target' from command line to 'None'
[0.541s] colcon.colcon_core.verb Level 5 set package 'chess_arm' build argument 'cmake_target_skip_unavailable' from command line to 'False'
[0.541s] colcon.colcon_core.verb Level 5 set package 'chess_arm' build argument 'cmake_clean_cache' from command line to 'False'
[0.541s] colcon.colcon_core.verb Level 5 set package 'chess_arm' build argument 'cmake_clean_first' from command line to 'False'
[0.541s] colcon.colcon_core.verb Level 5 set package 'chess_arm' build argument 'cmake_force_configure' from command line to 'False'
[0.541s] colcon.colcon_core.verb Level 5 set package 'chess_arm' build argument 'ament_cmake_args' from command line to 'None'
[0.541s] colcon.colcon_core.verb Level 5 set package 'chess_arm' build argument 'catkin_cmake_args' from command line to 'None'
[0.541s] colcon.colcon_core.verb Level 5 set package 'chess_arm' build argument 'catkin_skip_building_tests' from command line to 'False'
[0.541s] colcon.colcon_core.verb DEBUG Building package 'chess_arm' with the following arguments: {'ament_cmake_args': None, 'build_base': '/home/jetson/aichess/build/chess_arm', 'catkin_cmake_args': None, 'catkin_skip_building_tests': False, 'cmake_args': None, 'cmake_clean_cache': False, 'cmake_clean_first': False, 'cmake_force_configure': False, 'cmake_target': None, 'cmake_target_skip_unavailable': False, 'install_base': '/home/jetson/aichess/install/chess_arm', 'merge_install': False, 'path': '/home/jetson/aichess/src/chess_arm', 'symlink_install': False, 'test_result_base': None}
[0.542s] colcon.colcon_core.executor INFO Executing jobs using 'parallel' executor
[0.543s] colcon.colcon_parallel_executor.executor.parallel DEBUG run_until_complete
[0.544s] colcon.colcon_ros.task.ament_cmake.build INFO Building ROS package in '/home/jetson/aichess/src/chess_arm' with build type 'ament_cmake'
[0.544s] colcon.colcon_cmake.task.cmake.build INFO Building CMake package in '/home/jetson/aichess/src/chess_arm'
[0.548s] colcon.colcon_core.plugin_system INFO Skipping extension 'colcon_core.shell.bat': Not used on non-Windows systems
[0.548s] colcon.colcon_core.shell INFO Skip shell extension 'powershell' for command environment: Not usable outside of PowerShell
[0.549s] colcon.colcon_core.shell DEBUG Skip shell extension 'dsv' for command environment
[0.569s] colcon.colcon_core.event_handler.log_command DEBUG Invoking command in '/home/jetson/aichess/build/chess_arm': AMENT_PREFIX_PATH=/home/jetson/aichess/install/chess_interfaces:${AMENT_PREFIX_PATH} CMAKE_PREFIX_PATH=/home/jetson/aichess/install/chess_interfaces:/home/jetson/dofbot_pro_ws/install/orbbec_description:/home/jetson/dofbot_pro_ws/install/orbbec_camera:/home/jetson/dofbot_pro_ws/install/orbbec_camera_msgs:/home/jetson/dofbot_pro_ws/install/dofbot_pro_msgs:/home/jetson/dofbot_pro_ws/install/dofbot_pro_moveit:/home/jetson/dofbot_pro_ws/install/dofbot_pro_interface:/home/jetson/dofbot_pro_ws/install/dofbot_pro_info:/home/jetson/dofbot_pro_ws/install/dofbot_pro_description:/home/jetson/dofbot_pro_ws/install/dofbot_pro_yolov11:/home/jetson/dofbot_pro_ws/install/dofbot_pro_voice_ctrl:/home/jetson/dofbot_pro_ws/install/dofbot_pro_vision:/home/jetson/dofbot_pro_ws/install/dofbot_pro_mediapipe:/home/jetson/dofbot_pro_ws/install/dofbot_pro_driver:/home/jetson/dofbot_pro_ws/install/dofbot_pro_depth:/home/jetson/dofbot_pro_ws/install/dofbot_pro_color:/home/jetson/dofbot_pro_ws/install/dofbot_pro_apriltag:/home/jetson/dofbot_pro_ws/install/dofbot_pro_KCF:/opt/ros/humble LD_LIBRARY_PATH=/home/jetson/aichess/install/chess_interfaces/lib:/home/jetson/dofbot_pro_ws/install/orbbec_camera/lib:/home/jetson/dofbot_pro_ws/install/orbbec_camera_msgs/lib:/home/jetson/dofbot_pro_ws/install/dofbot_pro_msgs/lib:/home/jetson/dofbot_pro_ws/install/dofbot_pro_interface/lib:/opt/ros/humble/opt/rviz_ogre_vendor/lib:/opt/ros/humble/lib/aarch64-linux-gnu:/opt/ros/humble/lib:/usr/local/lib:/usr/local/cuda-12.6/lib64 PYTHONPATH=/home/jetson/aichess/install/chess_interfaces/local/lib/python3.10/dist-packages:${PYTHONPATH} /usr/bin/cmake --build /home/jetson/aichess/build/chess_arm -- -j6 -l6
[1.479s] colcon.colcon_core.event_handler.log_command DEBUG Invoked command in '/home/jetson/aichess/build/chess_arm' returned '0': AMENT_PREFIX_PATH=/home/jetson/aichess/install/chess_interfaces:${AMENT_PREFIX_PATH} CMAKE_PREFIX_PATH=/home/jetson/aichess/install/chess_interfaces:/home/jetson/dofbot_pro_ws/install/orbbec_description:/home/jetson/dofbot_pro_ws/install/orbbec_camera:/home/jetson/dofbot_pro_ws/install/orbbec_camera_msgs:/home/jetson/dofbot_pro_ws/install/dofbot_pro_msgs:/home/jetson/dofbot_pro_ws/install/dofbot_pro_moveit:/home/jetson/dofbot_pro_ws/install/dofbot_pro_interface:/home/jetson/dofbot_pro_ws/install/dofbot_pro_info:/home/jetson/dofbot_pro_ws/install/dofbot_pro_description:/home/jetson/dofbot_pro_ws/install/dofbot_pro_yolov11:/home/jetson/dofbot_pro_ws/install/dofbot_pro_voice_ctrl:/home/jetson/dofbot_pro_ws/install/dofbot_pro_vision:/home/jetson/dofbot_pro_ws/install/dofbot_pro_mediapipe:/home/jetson/dofbot_pro_ws/install/dofbot_pro_driver:/home/jetson/dofbot_pro_ws/install/dofbot_pro_depth:/home/jetson/dofbot_pro_ws/install/dofbot_pro_color:/home/jetson/dofbot_pro_ws/install/dofbot_pro_apriltag:/home/jetson/dofbot_pro_ws/install/dofbot_pro_KCF:/opt/ros/humble LD_LIBRARY_PATH=/home/jetson/aichess/install/chess_interfaces/lib:/home/jetson/dofbot_pro_ws/install/orbbec_camera/lib:/home/jetson/dofbot_pro_ws/install/orbbec_camera_msgs/lib:/home/jetson/dofbot_pro_ws/install/dofbot_pro_msgs/lib:/home/jetson/dofbot_pro_ws/install/dofbot_pro_interface/lib:/opt/ros/humble/opt/rviz_ogre_vendor/lib:/opt/ros/humble/lib/aarch64-linux-gnu:/opt/ros/humble/lib:/usr/local/lib:/usr/local/cuda-12.6/lib64 PYTHONPATH=/home/jetson/aichess/install/chess_interfaces/local/lib/python3.10/dist-packages:${PYTHONPATH} /usr/bin/cmake --build /home/jetson/aichess/build/chess_arm -- -j6 -l6
[1.497s] colcon.colcon_core.event_handler.log_command DEBUG Invoking command in '/home/jetson/aichess/build/chess_arm': AMENT_PREFIX_PATH=/home/jetson/aichess/install/chess_interfaces:${AMENT_PREFIX_PATH} CMAKE_PREFIX_PATH=/home/jetson/aichess/install/chess_interfaces:/home/jetson/dofbot_pro_ws/install/orbbec_description:/home/jetson/dofbot_pro_ws/install/orbbec_camera:/home/jetson/dofbot_pro_ws/install/orbbec_camera_msgs:/home/jetson/dofbot_pro_ws/install/dofbot_pro_msgs:/home/jetson/dofbot_pro_ws/install/dofbot_pro_moveit:/home/jetson/dofbot_pro_ws/install/dofbot_pro_interface:/home/jetson/dofbot_pro_ws/install/dofbot_pro_info:/home/jetson/dofbot_pro_ws/install/dofbot_pro_description:/home/jetson/dofbot_pro_ws/install/dofbot_pro_yolov11:/home/jetson/dofbot_pro_ws/install/dofbot_pro_voice_ctrl:/home/jetson/dofbot_pro_ws/install/dofbot_pro_vision:/home/jetson/dofbot_pro_ws/install/dofbot_pro_mediapipe:/home/jetson/dofbot_pro_ws/install/dofbot_pro_driver:/home/jetson/dofbot_pro_ws/install/dofbot_pro_depth:/home/jetson/dofbot_pro_ws/install/dofbot_pro_color:/home/jetson/dofbot_pro_ws/install/dofbot_pro_apriltag:/home/jetson/dofbot_pro_ws/install/dofbot_pro_KCF:/opt/ros/humble LD_LIBRARY_PATH=/home/jetson/aichess/install/chess_interfaces/lib:/home/jetson/dofbot_pro_ws/install/orbbec_camera/lib:/home/jetson/dofbot_pro_ws/install/orbbec_camera_msgs/lib:/home/jetson/dofbot_pro_ws/install/dofbot_pro_msgs/lib:/home/jetson/dofbot_pro_ws/install/dofbot_pro_interface/lib:/opt/ros/humble/opt/rviz_ogre_vendor/lib:/opt/ros/humble/lib/aarch64-linux-gnu:/opt/ros/humble/lib:/usr/local/lib:/usr/local/cuda-12.6/lib64 PYTHONPATH=/home/jetson/aichess/install/chess_interfaces/local/lib/python3.10/dist-packages:${PYTHONPATH} /usr/bin/cmake --install /home/jetson/aichess/build/chess_arm
[1.594s] colcon.colcon_core.environment Level 1 create_environment_scripts_only(chess_arm)
[1.595s] colcon.colcon_core.event_handler.log_command DEBUG Invoked command in '/home/jetson/aichess/build/chess_arm' returned '0': AMENT_PREFIX_PATH=/home/jetson/aichess/install/chess_interfaces:${AMENT_PREFIX_PATH} CMAKE_PREFIX_PATH=/home/jetson/aichess/install/chess_interfaces:/home/jetson/dofbot_pro_ws/install/orbbec_description:/home/jetson/dofbot_pro_ws/install/orbbec_camera:/home/jetson/dofbot_pro_ws/install/orbbec_camera_msgs:/home/jetson/dofbot_pro_ws/install/dofbot_pro_msgs:/home/jetson/dofbot_pro_ws/install/dofbot_pro_moveit:/home/jetson/dofbot_pro_ws/install/dofbot_pro_interface:/home/jetson/dofbot_pro_ws/install/dofbot_pro_info:/home/jetson/dofbot_pro_ws/install/dofbot_pro_description:/home/jetson/dofbot_pro_ws/install/dofbot_pro_yolov11:/home/jetson/dofbot_pro_ws/install/dofbot_pro_voice_ctrl:/home/jetson/dofbot_pro_ws/install/dofbot_pro_vision:/home/jetson/dofbot_pro_ws/install/dofbot_pro_mediapipe:/home/jetson/dofbot_pro_ws/install/dofbot_pro_driver:/home/jetson/dofbot_pro_ws/install/dofbot_pro_depth:/home/jetson/dofbot_pro_ws/install/dofbot_pro_color:/home/jetson/dofbot_pro_ws/install/dofbot_pro_apriltag:/home/jetson/dofbot_pro_ws/install/dofbot_pro_KCF:/opt/ros/humble LD_LIBRARY_PATH=/home/jetson/aichess/install/chess_interfaces/lib:/home/jetson/dofbot_pro_ws/install/orbbec_camera/lib:/home/jetson/dofbot_pro_ws/install/orbbec_camera_msgs/lib:/home/jetson/dofbot_pro_ws/install/dofbot_pro_msgs/lib:/home/jetson/dofbot_pro_ws/install/dofbot_pro_interface/lib:/opt/ros/humble/opt/rviz_ogre_vendor/lib:/opt/ros/humble/lib/aarch64-linux-gnu:/opt/ros/humble/lib:/usr/local/lib:/usr/local/cuda-12.6/lib64 PYTHONPATH=/home/jetson/aichess/install/chess_interfaces/local/lib/python3.10/dist-packages:${PYTHONPATH} /usr/bin/cmake --install /home/jetson/aichess/build/chess_arm
[1.599s] colcon.colcon_core.environment Level 1 checking '/home/jetson/aichess/install/chess_arm' for CMake module files
[1.600s] colcon.colcon_core.environment Level 1 checking '/home/jetson/aichess/install/chess_arm' for CMake config files
[1.601s] colcon.colcon_core.shell Level 1 create_environment_hook('chess_arm', 'cmake_prefix_path')
[1.601s] colcon.colcon_core.shell INFO Creating environment hook '/home/jetson/aichess/install/chess_arm/share/chess_arm/hook/cmake_prefix_path.ps1'
[1.602s] colcon.colcon_core.shell INFO Creating environment descriptor '/home/jetson/aichess/install/chess_arm/share/chess_arm/hook/cmake_prefix_path.dsv'
[1.603s] colcon.colcon_core.shell INFO Creating environment hook '/home/jetson/aichess/install/chess_arm/share/chess_arm/hook/cmake_prefix_path.sh'
[1.605s] colcon.colcon_core.environment Level 1 checking '/home/jetson/aichess/install/chess_arm/lib'
[1.605s] colcon.colcon_core.environment Level 1 checking '/home/jetson/aichess/install/chess_arm/bin'
[1.606s] colcon.colcon_core.environment Level 1 checking '/home/jetson/aichess/install/chess_arm/lib/pkgconfig/chess_arm.pc'
[1.606s] colcon.colcon_core.environment Level 1 checking '/home/jetson/aichess/install/chess_arm/lib/python3.10/site-packages'
[1.606s] colcon.colcon_core.environment Level 1 checking '/home/jetson/aichess/install/chess_arm/bin'
[1.607s] colcon.colcon_core.shell INFO Creating package script '/home/jetson/aichess/install/chess_arm/share/chess_arm/package.ps1'
[1.608s] colcon.colcon_core.shell INFO Creating package descriptor '/home/jetson/aichess/install/chess_arm/share/chess_arm/package.dsv'
[1.609s] colcon.colcon_core.shell INFO Creating package script '/home/jetson/aichess/install/chess_arm/share/chess_arm/package.sh'
[1.610s] colcon.colcon_core.shell INFO Creating package script '/home/jetson/aichess/install/chess_arm/share/chess_arm/package.bash'
[1.612s] colcon.colcon_core.shell INFO Creating package script '/home/jetson/aichess/install/chess_arm/share/chess_arm/package.zsh'
[1.613s] colcon.colcon_core.environment Level 1 create_file_with_runtime_dependencies(/home/jetson/aichess/install/chess_arm/share/colcon-core/packages/chess_arm)
[1.614s] colcon.colcon_core.environment Level 1 create_environment_scripts_only(chess_arm)
[1.614s] colcon.colcon_core.environment Level 1 checking '/home/jetson/aichess/install/chess_arm' for CMake module files
[1.615s] colcon.colcon_core.environment Level 1 checking '/home/jetson/aichess/install/chess_arm' for CMake config files
[1.616s] colcon.colcon_core.shell Level 1 create_environment_hook('chess_arm', 'cmake_prefix_path')
[1.616s] colcon.colcon_core.shell INFO Creating environment hook '/home/jetson/aichess/install/chess_arm/share/chess_arm/hook/cmake_prefix_path.ps1'
[1.617s] colcon.colcon_core.shell INFO Creating environment descriptor '/home/jetson/aichess/install/chess_arm/share/chess_arm/hook/cmake_prefix_path.dsv'
[1.618s] colcon.colcon_core.shell INFO Creating environment hook '/home/jetson/aichess/install/chess_arm/share/chess_arm/hook/cmake_prefix_path.sh'
[1.619s] colcon.colcon_core.environment Level 1 checking '/home/jetson/aichess/install/chess_arm/lib'
[1.619s] colcon.colcon_core.environment Level 1 checking '/home/jetson/aichess/install/chess_arm/bin'
[1.619s] colcon.colcon_core.environment Level 1 checking '/home/jetson/aichess/install/chess_arm/lib/pkgconfig/chess_arm.pc'
[1.619s] colcon.colcon_core.environment Level 1 checking '/home/jetson/aichess/install/chess_arm/lib/python3.10/site-packages'
[1.620s] colcon.colcon_core.environment Level 1 checking '/home/jetson/aichess/install/chess_arm/bin'
[1.620s] colcon.colcon_core.shell INFO Creating package script '/home/jetson/aichess/install/chess_arm/share/chess_arm/package.ps1'
[1.621s] colcon.colcon_core.shell INFO Creating package descriptor '/home/jetson/aichess/install/chess_arm/share/chess_arm/package.dsv'
[1.622s] colcon.colcon_core.shell INFO Creating package script '/home/jetson/aichess/install/chess_arm/share/chess_arm/package.sh'
[1.623s] colcon.colcon_core.shell INFO Creating package script '/home/jetson/aichess/install/chess_arm/share/chess_arm/package.bash'
[1.623s] colcon.colcon_core.shell INFO Creating package script '/home/jetson/aichess/install/chess_arm/share/chess_arm/package.zsh'
[1.624s] colcon.colcon_core.environment Level 1 create_file_with_runtime_dependencies(/home/jetson/aichess/install/chess_arm/share/colcon-core/packages/chess_arm)
[1.624s] colcon.colcon_parallel_executor.executor.parallel DEBUG closing loop
[1.625s] colcon.colcon_parallel_executor.executor.parallel DEBUG loop closed
[1.625s] colcon.colcon_parallel_executor.executor.parallel DEBUG run_until_complete finished with '0'
[1.625s] colcon.colcon_core.event_reactor DEBUG joining thread
[1.635s] colcon.colcon_core.plugin_system INFO Skipping extension 'colcon_notification.desktop_notification.terminal_notifier': Not used on non-Darwin systems
[1.635s] colcon.colcon_core.plugin_system INFO Skipping extension 'colcon_notification.desktop_notification.win32': Not used on non-Windows systems
[1.635s] colcon.colcon_notification.desktop_notification INFO Sending desktop notification using 'notify2'
[1.651s] colcon.colcon_core.event_reactor DEBUG joined thread
[1.652s] colcon.colcon_core.shell INFO Creating prefix script '/home/jetson/aichess/install/local_setup.ps1'
[1.654s] colcon.colcon_core.shell INFO Creating prefix util module '/home/jetson/aichess/install/_local_setup_util_ps1.py'
[1.656s] colcon.colcon_core.shell INFO Creating prefix chain script '/home/jetson/aichess/install/setup.ps1'
[1.659s] colcon.colcon_core.shell INFO Creating prefix script '/home/jetson/aichess/install/local_setup.sh'
[1.660s] colcon.colcon_core.shell INFO Creating prefix util module '/home/jetson/aichess/install/_local_setup_util_sh.py'
[1.661s] colcon.colcon_core.shell INFO Creating prefix chain script '/home/jetson/aichess/install/setup.sh'
[1.664s] colcon.colcon_core.shell INFO Creating prefix script '/home/jetson/aichess/install/local_setup.bash'
[1.665s] colcon.colcon_core.shell INFO Creating prefix chain script '/home/jetson/aichess/install/setup.bash'
[1.667s] colcon.colcon_core.shell INFO Creating prefix script '/home/jetson/aichess/install/local_setup.zsh'
[1.668s] colcon.colcon_core.shell INFO Creating prefix chain script '/home/jetson/aichess/install/setup.zsh'
