-- The C compiler identification is GNU 11.4.0
-- The CXX compiler identification is GNU 11.4.0
-- Detecting C compiler ABI info
-- Detecting C compiler ABI info - done
-- Check for working C compiler: /usr/bin/cc - skipped
-- Detecting C compile features
-- Detecting C compile features - done
-- Detecting CXX compiler ABI info
-- Detecting CXX compiler ABI info - done
-- Check for working CXX compiler: /usr/bin/c++ - skipped
-- Detecting CXX compile features
-- Detecting CXX compile features - done
-- Found ament_cmake: 1.3.11 (/opt/ros/humble/share/ament_cmake/cmake)
-- Found Python3: /usr/bin/python3 (found version "3.10.12") found components: Interpreter 
-- Found rclpy: 3.3.15 (/opt/ros/humble/share/rclpy/cmake)
-- Found std_msgs: 4.2.4 (/opt/ros/humble/share/std_msgs/cmake)
-- Found rosidl_generator_c: 3.1.6 (/opt/ros/humble/share/rosidl_generator_c/cmake)
-- Found rosidl_adapter: 3.1.6 (/opt/ros/humble/share/rosidl_adapter/cmake)
-- Found rosidl_generator_cpp: 3.1.6 (/opt/ros/humble/share/rosidl_generator_cpp/cmake)
-- Using all available rosidl_typesupport_c: rosidl_typesupport_fastrtps_c;rosidl_typesupport_introspection_c
-- Using all available rosidl_typesupport_cpp: rosidl_typesupport_fastrtps_cpp;rosidl_typesupport_introspection_cpp
-- Found geometry_msgs: 4.2.4 (/opt/ros/humble/share/geometry_msgs/cmake)
-- Found sensor_msgs: 4.2.4 (/opt/ros/humble/share/sensor_msgs/cmake)
-- Found trajectory_msgs: 4.2.4 (/opt/ros/humble/share/trajectory_msgs/cmake)
-- Found control_msgs: 4.7.0 (/opt/ros/humble/share/control_msgs/cmake)
-- Found chess_interfaces: 0.0.0 (/home/jetson/aichess/install/chess_interfaces/share/chess_interfaces/cmake)
-- Found moveit_ros_planning_interface: 2.5.7 (/opt/ros/humble/share/moveit_ros_planning_interface/cmake)
-- Found Boost: /usr/lib/aarch64-linux-gnu/cmake/Boost-1.74.0/BoostConfig.cmake (found version "1.74.0") found components: date_time filesystem program_options system thread 
-- Found Boost: /usr/lib/aarch64-linux-gnu/cmake/Boost-1.74.0/BoostConfig.cmake (found version "1.74.0") found components: chrono date_time filesystem iostreams program_options regex serialization system thread 
-- Found parameter_traits: 0.4.0 (/opt/ros/humble/share/parameter_traits/cmake)
-- Found rmw_implementation_cmake: 6.1.2 (/opt/ros/humble/share/rmw_implementation_cmake/cmake)
-- Found rmw_fastrtps_cpp: 6.2.7 (/opt/ros/humble/share/rmw_fastrtps_cpp/cmake)
-- Found OpenSSL: /usr/lib/aarch64-linux-gnu/libcrypto.so (found version "3.0.2")  
-- Found FastRTPS: /opt/ros/humble/include  
-- Using RMW implementation 'rmw_fastrtps_cpp' as default
-- Found Threads: TRUE  
-- Found Eigen3: TRUE (found version "3.4.0") 
-- Found rclcpp_lifecycle: 16.0.11 (/opt/ros/humble/share/rclcpp_lifecycle/cmake)
-- Found Boost: /usr/lib/aarch64-linux-gnu/cmake/Boost-1.74.0/BoostConfig.cmake (found version "1.74.0") found components: filesystem 
-- library: /usr/lib/aarch64-linux-gnu/libcurl.so
-- Ensuring Eigen3 include directory is part of orocos-kdl CMake target
-- Found Boost: /usr/lib/aarch64-linux-gnu/cmake/Boost-1.74.0/BoostConfig.cmake (found version "1.74.0") found components: system filesystem date_time program_options thread chrono 
-- Found Boost: /usr/lib/aarch64-linux-gnu/cmake/Boost-1.74.0/BoostConfig.cmake (found version "1.74.0") found components: thread system filesystem regex date_time program_options 
-- Found Boost: /usr/lib/aarch64-linux-gnu/cmake/Boost-1.74.0/BoostConfig.cmake (found version "1.74.0") found components: system filesystem date_time program_options thread 
-- Found ament_lint_auto: 0.12.11 (/opt/ros/humble/share/ament_lint_auto/cmake)
-- Added test 'copyright' to check source files copyright and LICENSE
-- Added test 'flake8' to check Python code syntax and style conventions
-- Added test 'lint_cmake' to check CMake code style
-- Added test 'pep257' to check Python code against some of the docstring style conventions in PEP 257
-- Added test 'xmllint' to check XML markup files
-- Configuring done
-- Generating done
-- Build files have been written to: /home/jetson/aichess/build/chess_arm
Built target ament_cmake_python_copy_chess_arm
running egg_info
creating chess_arm.egg-info
writing chess_arm.egg-info/PKG-INFO
writing dependency_links to chess_arm.egg-info/dependency_links.txt
writing top-level names to chess_arm.egg-info/top_level.txt
writing manifest file 'chess_arm.egg-info/SOURCES.txt'
reading manifest file 'chess_arm.egg-info/SOURCES.txt'
writing manifest file 'chess_arm.egg-info/SOURCES.txt'
Built target ament_cmake_python_build_chess_arm_egg
-- Install configuration: ""
-- Installing: /home/jetson/aichess/install/chess_arm/share/chess_arm/environment/pythonpath.sh
-- Installing: /home/jetson/aichess/install/chess_arm/share/chess_arm/environment/pythonpath.dsv
-- Installing: /home/jetson/aichess/install/chess_arm/local/lib/python3.10/dist-packages/chess_arm-0.0.1-py3.10.egg-info
-- Installing: /home/jetson/aichess/install/chess_arm/local/lib/python3.10/dist-packages/chess_arm-0.0.1-py3.10.egg-info/top_level.txt
-- Installing: /home/jetson/aichess/install/chess_arm/local/lib/python3.10/dist-packages/chess_arm-0.0.1-py3.10.egg-info/SOURCES.txt
-- Installing: /home/jetson/aichess/install/chess_arm/local/lib/python3.10/dist-packages/chess_arm-0.0.1-py3.10.egg-info/PKG-INFO
-- Installing: /home/jetson/aichess/install/chess_arm/local/lib/python3.10/dist-packages/chess_arm-0.0.1-py3.10.egg-info/dependency_links.txt
-- Installing: /home/jetson/aichess/install/chess_arm/local/lib/python3.10/dist-packages/chess_arm
-- Installing: /home/jetson/aichess/install/chess_arm/local/lib/python3.10/dist-packages/chess_arm/__init__.py
-- Installing: /home/jetson/aichess/install/chess_arm/local/lib/python3.10/dist-packages/chess_arm/arm_controller.py
Listing '/home/jetson/aichess/install/chess_arm/local/lib/python3.10/dist-packages/chess_arm'...
Compiling '/home/jetson/aichess/install/chess_arm/local/lib/python3.10/dist-packages/chess_arm/__init__.py'...
Compiling '/home/jetson/aichess/install/chess_arm/local/lib/python3.10/dist-packages/chess_arm/arm_controller.py'...
-- Installing: /home/jetson/aichess/install/chess_arm/lib/chess_arm/arm_controller.py
