[0.025s] Invoking command in '/home/jetson/aichess/build/chess_simulation': CMAKE_PREFIX_PATH=${CMAKE_PREFIX_PATH}:/home/jetson/dofbot_pro_ws/install/dofbot_pro_yolov11:/home/jetson/dofbot_pro_ws/install/dofbot_pro_voice_ctrl:/home/jetson/dofbot_pro_ws/install/dofbot_pro_vision:/home/jetson/dofbot_pro_ws/install/dofbot_pro_mediapipe:/home/jetson/dofbot_pro_ws/install/dofbot_pro_driver:/home/jetson/dofbot_pro_ws/install/dofbot_pro_depth:/home/jetson/dofbot_pro_ws/install/dofbot_pro_color:/home/jetson/dofbot_pro_ws/install/dofbot_pro_apriltag:/home/jetson/dofbot_pro_ws/install/dofbot_pro_KCF:/opt/ros/humble /usr/bin/cmake --build /home/jetson/aichess/build/chess_simulation -- -j6 -l6
[0.110s] Invoked command in '/home/jetson/aichess/build/chess_simulation' returned '0': CMAKE_PREFIX_PATH=${CMAKE_PREFIX_PATH}:/home/jetson/dofbot_pro_ws/install/dofbot_pro_yolov11:/home/jetson/dofbot_pro_ws/install/dofbot_pro_voice_ctrl:/home/jetson/dofbot_pro_ws/install/dofbot_pro_vision:/home/jetson/dofbot_pro_ws/install/dofbot_pro_mediapipe:/home/jetson/dofbot_pro_ws/install/dofbot_pro_driver:/home/jetson/dofbot_pro_ws/install/dofbot_pro_depth:/home/jetson/dofbot_pro_ws/install/dofbot_pro_color:/home/jetson/dofbot_pro_ws/install/dofbot_pro_apriltag:/home/jetson/dofbot_pro_ws/install/dofbot_pro_KCF:/opt/ros/humble /usr/bin/cmake --build /home/jetson/aichess/build/chess_simulation -- -j6 -l6
[0.111s] Invoking command in '/home/jetson/aichess/build/chess_simulation': CMAKE_PREFIX_PATH=${CMAKE_PREFIX_PATH}:/home/jetson/dofbot_pro_ws/install/dofbot_pro_yolov11:/home/jetson/dofbot_pro_ws/install/dofbot_pro_voice_ctrl:/home/jetson/dofbot_pro_ws/install/dofbot_pro_vision:/home/jetson/dofbot_pro_ws/install/dofbot_pro_mediapipe:/home/jetson/dofbot_pro_ws/install/dofbot_pro_driver:/home/jetson/dofbot_pro_ws/install/dofbot_pro_depth:/home/jetson/dofbot_pro_ws/install/dofbot_pro_color:/home/jetson/dofbot_pro_ws/install/dofbot_pro_apriltag:/home/jetson/dofbot_pro_ws/install/dofbot_pro_KCF:/opt/ros/humble /usr/bin/cmake --install /home/jetson/aichess/build/chess_simulation
[0.160s] -- Install configuration: ""
[0.160s] -- Up-to-date: /home/jetson/aichess/install/chess_simulation/share/chess_simulation/launch
[0.164s] -- Up-to-date: /home/jetson/aichess/install/chess_simulation/share/chess_simulation/launch/chess_world_with_robot.launch.py
[0.164s] -- Up-to-date: /home/jetson/aichess/install/chess_simulation/share/chess_simulation/launch/gazebo_world.launch.py
[0.164s] -- Up-to-date: /home/jetson/aichess/install/chess_simulation/share/chess_simulation/config
[0.164s] -- Up-to-date: /home/jetson/aichess/install/chess_simulation/share/chess_simulation/worlds
[0.165s] -- Up-to-date: /home/jetson/aichess/install/chess_simulation/share/chess_simulation/worlds/chess_world.sdf
[0.165s] -- Up-to-date: /home/jetson/aichess/install/chess_simulation/share/chess_simulation/models
[0.165s] -- Up-to-date: /home/jetson/aichess/install/chess_simulation/share/chess_simulation/models/chess_piece
[0.165s] -- Up-to-date: /home/jetson/aichess/install/chess_simulation/share/chess_simulation/models/chess_piece/model.sdf
[0.165s] -- Up-to-date: /home/jetson/aichess/install/chess_simulation/share/chess_simulation/models/chess_piece/model.config
[0.165s] -- Up-to-date: /home/jetson/aichess/install/chess_simulation/share/ament_index/resource_index/package_run_dependencies/chess_simulation
[0.165s] -- Up-to-date: /home/jetson/aichess/install/chess_simulation/share/ament_index/resource_index/parent_prefix_path/chess_simulation
[0.165s] -- Up-to-date: /home/jetson/aichess/install/chess_simulation/share/chess_simulation/environment/ament_prefix_path.sh
[0.165s] -- Up-to-date: /home/jetson/aichess/install/chess_simulation/share/chess_simulation/environment/ament_prefix_path.dsv
[0.166s] -- Up-to-date: /home/jetson/aichess/install/chess_simulation/share/chess_simulation/environment/path.sh
[0.166s] -- Up-to-date: /home/jetson/aichess/install/chess_simulation/share/chess_simulation/environment/path.dsv
[0.166s] -- Up-to-date: /home/jetson/aichess/install/chess_simulation/share/chess_simulation/local_setup.bash
[0.166s] -- Up-to-date: /home/jetson/aichess/install/chess_simulation/share/chess_simulation/local_setup.sh
[0.166s] -- Up-to-date: /home/jetson/aichess/install/chess_simulation/share/chess_simulation/local_setup.zsh
[0.166s] -- Up-to-date: /home/jetson/aichess/install/chess_simulation/share/chess_simulation/local_setup.dsv
[0.166s] -- Up-to-date: /home/jetson/aichess/install/chess_simulation/share/chess_simulation/package.dsv
[0.166s] -- Up-to-date: /home/jetson/aichess/install/chess_simulation/share/ament_index/resource_index/packages/chess_simulation
[0.166s] -- Up-to-date: /home/jetson/aichess/install/chess_simulation/share/chess_simulation/cmake/chess_simulationConfig.cmake
[0.166s] -- Up-to-date: /home/jetson/aichess/install/chess_simulation/share/chess_simulation/cmake/chess_simulationConfig-version.cmake
[0.167s] -- Up-to-date: /home/jetson/aichess/install/chess_simulation/share/chess_simulation/package.xml
[0.167s] Invoked command in '/home/jetson/aichess/build/chess_simulation' returned '0': CMAKE_PREFIX_PATH=${CMAKE_PREFIX_PATH}:/home/jetson/dofbot_pro_ws/install/dofbot_pro_yolov11:/home/jetson/dofbot_pro_ws/install/dofbot_pro_voice_ctrl:/home/jetson/dofbot_pro_ws/install/dofbot_pro_vision:/home/jetson/dofbot_pro_ws/install/dofbot_pro_mediapipe:/home/jetson/dofbot_pro_ws/install/dofbot_pro_driver:/home/jetson/dofbot_pro_ws/install/dofbot_pro_depth:/home/jetson/dofbot_pro_ws/install/dofbot_pro_color:/home/jetson/dofbot_pro_ws/install/dofbot_pro_apriltag:/home/jetson/dofbot_pro_ws/install/dofbot_pro_KCF:/opt/ros/humble /usr/bin/cmake --install /home/jetson/aichess/build/chess_simulation
