[0.020s] Invoking command in '/home/jetson/aichess/build/chess_description': CMAKE_PREFIX_PATH=${CMAKE_PREFIX_PATH}:/home/jetson/dofbot_pro_ws/install/dofbot_pro_yolov11:/home/jetson/dofbot_pro_ws/install/dofbot_pro_voice_ctrl:/home/jetson/dofbot_pro_ws/install/dofbot_pro_vision:/home/jetson/dofbot_pro_ws/install/dofbot_pro_mediapipe:/home/jetson/dofbot_pro_ws/install/dofbot_pro_driver:/home/jetson/dofbot_pro_ws/install/dofbot_pro_depth:/home/jetson/dofbot_pro_ws/install/dofbot_pro_color:/home/jetson/dofbot_pro_ws/install/dofbot_pro_apriltag:/home/jetson/dofbot_pro_ws/install/dofbot_pro_KCF:/opt/ros/humble /usr/bin/cmake --build /home/jetson/aichess/build/chess_description -- -j6 -l6
[0.057s] -- Found ament_cmake: 1.3.11 (/opt/ros/humble/share/ament_cmake/cmake)
[0.321s] -- Found urdf: 2.6.1 (/opt/ros/humble/share/urdf/cmake)
[0.386s] -- Found xacro: 2.0.8 (/opt/ros/humble/share/xacro/cmake)
[0.386s] -- Found ament_lint_auto: 0.12.11 (/opt/ros/humble/share/ament_lint_auto/cmake)
[0.528s] -- Added test 'copyright' to check source files copyright and LICENSE
[0.531s] -- Added test 'flake8' to check Python code syntax and style conventions
[0.531s] -- Added test 'lint_cmake' to check CMake code style
[0.532s] -- Added test 'pep257' to check Python code against some of the docstring style conventions in PEP 257
[0.533s] -- Added test 'xmllint' to check XML markup files
[0.534s] -- Configuring done
[0.541s] -- Generating done
[0.544s] -- Build files have been written to: /home/jetson/aichess/build/chess_description
[0.584s] Invoked command in '/home/jetson/aichess/build/chess_description' returned '0': CMAKE_PREFIX_PATH=${CMAKE_PREFIX_PATH}:/home/jetson/dofbot_pro_ws/install/dofbot_pro_yolov11:/home/jetson/dofbot_pro_ws/install/dofbot_pro_voice_ctrl:/home/jetson/dofbot_pro_ws/install/dofbot_pro_vision:/home/jetson/dofbot_pro_ws/install/dofbot_pro_mediapipe:/home/jetson/dofbot_pro_ws/install/dofbot_pro_driver:/home/jetson/dofbot_pro_ws/install/dofbot_pro_depth:/home/jetson/dofbot_pro_ws/install/dofbot_pro_color:/home/jetson/dofbot_pro_ws/install/dofbot_pro_apriltag:/home/jetson/dofbot_pro_ws/install/dofbot_pro_KCF:/opt/ros/humble /usr/bin/cmake --build /home/jetson/aichess/build/chess_description -- -j6 -l6
[0.599s] Invoking command in '/home/jetson/aichess/build/chess_description': CMAKE_PREFIX_PATH=${CMAKE_PREFIX_PATH}:/home/jetson/dofbot_pro_ws/install/dofbot_pro_yolov11:/home/jetson/dofbot_pro_ws/install/dofbot_pro_voice_ctrl:/home/jetson/dofbot_pro_ws/install/dofbot_pro_vision:/home/jetson/dofbot_pro_ws/install/dofbot_pro_mediapipe:/home/jetson/dofbot_pro_ws/install/dofbot_pro_driver:/home/jetson/dofbot_pro_ws/install/dofbot_pro_depth:/home/jetson/dofbot_pro_ws/install/dofbot_pro_color:/home/jetson/dofbot_pro_ws/install/dofbot_pro_apriltag:/home/jetson/dofbot_pro_ws/install/dofbot_pro_KCF:/opt/ros/humble /usr/bin/cmake --install /home/jetson/aichess/build/chess_description
[0.613s] -- Install configuration: ""
[0.613s] -- Up-to-date: /home/jetson/aichess/install/chess_description/share/chess_description/urdf
[0.613s] -- Up-to-date: /home/jetson/aichess/install/chess_description/share/chess_description/urdf/dofbot_pro.urdf.xacro
[0.613s] -- Up-to-date: /home/jetson/aichess/install/chess_description/share/chess_description/meshes
[0.613s] -- Up-to-date: /home/jetson/aichess/install/chess_description/share/chess_description/config
[0.614s] -- Up-to-date: /home/jetson/aichess/install/chess_description/share/chess_description/config/dofbot_pro_controllers.yaml
[0.614s] -- Installing: /home/jetson/aichess/install/chess_description/share/chess_description/launch
[0.614s] -- Installing: /home/jetson/aichess/install/chess_description/share/chess_description/launch/dofbot_pro.launch.py
[0.614s] -- Up-to-date: /home/jetson/aichess/install/chess_description/share/ament_index/resource_index/package_run_dependencies/chess_description
[0.614s] -- Up-to-date: /home/jetson/aichess/install/chess_description/share/ament_index/resource_index/parent_prefix_path/chess_description
[0.615s] -- Up-to-date: /home/jetson/aichess/install/chess_description/share/chess_description/environment/ament_prefix_path.sh
[0.615s] -- Installing: /home/jetson/aichess/install/chess_description/share/chess_description/environment/ament_prefix_path.dsv
[0.615s] -- Up-to-date: /home/jetson/aichess/install/chess_description/share/chess_description/environment/path.sh
[0.615s] -- Installing: /home/jetson/aichess/install/chess_description/share/chess_description/environment/path.dsv
[0.615s] -- Up-to-date: /home/jetson/aichess/install/chess_description/share/chess_description/local_setup.bash
[0.615s] -- Up-to-date: /home/jetson/aichess/install/chess_description/share/chess_description/local_setup.sh
[0.615s] -- Up-to-date: /home/jetson/aichess/install/chess_description/share/chess_description/local_setup.zsh
[0.615s] -- Installing: /home/jetson/aichess/install/chess_description/share/chess_description/local_setup.dsv
[0.616s] -- Installing: /home/jetson/aichess/install/chess_description/share/chess_description/package.dsv
[0.616s] -- Up-to-date: /home/jetson/aichess/install/chess_description/share/ament_index/resource_index/packages/chess_description
[0.616s] -- Up-to-date: /home/jetson/aichess/install/chess_description/share/chess_description/cmake/chess_descriptionConfig.cmake
[0.616s] -- Up-to-date: /home/jetson/aichess/install/chess_description/share/chess_description/cmake/chess_descriptionConfig-version.cmake
[0.616s] -- Up-to-date: /home/jetson/aichess/install/chess_description/share/chess_description/package.xml
[0.618s] Invoked command in '/home/jetson/aichess/build/chess_description' returned '0': CMAKE_PREFIX_PATH=${CMAKE_PREFIX_PATH}:/home/jetson/dofbot_pro_ws/install/dofbot_pro_yolov11:/home/jetson/dofbot_pro_ws/install/dofbot_pro_voice_ctrl:/home/jetson/dofbot_pro_ws/install/dofbot_pro_vision:/home/jetson/dofbot_pro_ws/install/dofbot_pro_mediapipe:/home/jetson/dofbot_pro_ws/install/dofbot_pro_driver:/home/jetson/dofbot_pro_ws/install/dofbot_pro_depth:/home/jetson/dofbot_pro_ws/install/dofbot_pro_color:/home/jetson/dofbot_pro_ws/install/dofbot_pro_apriltag:/home/jetson/dofbot_pro_ws/install/dofbot_pro_KCF:/opt/ros/humble /usr/bin/cmake --install /home/jetson/aichess/build/chess_description
