/home/jetson/aichess/install/chess_vision/lib/python3.10/site-packages/chess_vision/piece_detector.py
/home/jetson/aichess/install/chess_vision/lib/python3.10/site-packages/chess_vision/__init__.py
/home/jetson/aichess/install/chess_vision/lib/python3.10/site-packages/chess_vision/vision_coordinator.py
/home/jetson/aichess/install/chess_vision/lib/python3.10/site-packages/chess_vision/board_detector.py
/home/jetson/aichess/install/chess_vision/lib/python3.10/site-packages/chess_vision/__pycache__/piece_detector.cpython-310.pyc
/home/jetson/aichess/install/chess_vision/lib/python3.10/site-packages/chess_vision/__pycache__/__init__.cpython-310.pyc
/home/jetson/aichess/install/chess_vision/lib/python3.10/site-packages/chess_vision/__pycache__/vision_coordinator.cpython-310.pyc
/home/jetson/aichess/install/chess_vision/lib/python3.10/site-packages/chess_vision/__pycache__/board_detector.cpython-310.pyc
/home/jetson/aichess/install/chess_vision/share/ament_index/resource_index/packages/chess_vision
/home/jetson/aichess/install/chess_vision/share/chess_vision/package.xml
/home/jetson/aichess/install/chess_vision/share/chess_vision/launch/chess_vision.launch.py
/home/jetson/aichess/install/chess_vision/share/chess_vision/config/vision_params.yaml
/home/jetson/aichess/install/chess_vision/lib/python3.10/site-packages/chess_vision-0.0.1-py3.10.egg-info/top_level.txt
/home/jetson/aichess/install/chess_vision/lib/python3.10/site-packages/chess_vision-0.0.1-py3.10.egg-info/entry_points.txt
/home/jetson/aichess/install/chess_vision/lib/python3.10/site-packages/chess_vision-0.0.1-py3.10.egg-info/SOURCES.txt
/home/jetson/aichess/install/chess_vision/lib/python3.10/site-packages/chess_vision-0.0.1-py3.10.egg-info/requires.txt
/home/jetson/aichess/install/chess_vision/lib/python3.10/site-packages/chess_vision-0.0.1-py3.10.egg-info/PKG-INFO
/home/jetson/aichess/install/chess_vision/lib/python3.10/site-packages/chess_vision-0.0.1-py3.10.egg-info/zip-safe
/home/jetson/aichess/install/chess_vision/lib/python3.10/site-packages/chess_vision-0.0.1-py3.10.egg-info/dependency_links.txt
/home/jetson/aichess/install/chess_vision/bin/board_detector
/home/jetson/aichess/install/chess_vision/bin/piece_detector
/home/jetson/aichess/install/chess_vision/bin/vision_coordinator
