[0.019s] Invoking command in '/home/jetson/aichess/build/chess_simulation': CMAKE_PREFIX_PATH=${CMAKE_PREFIX_PATH}:/home/jetson/dofbot_pro_ws/install/dofbot_pro_yolov11:/home/jetson/dofbot_pro_ws/install/dofbot_pro_voice_ctrl:/home/jetson/dofbot_pro_ws/install/dofbot_pro_vision:/home/jetson/dofbot_pro_ws/install/dofbot_pro_mediapipe:/home/jetson/dofbot_pro_ws/install/dofbot_pro_driver:/home/jetson/dofbot_pro_ws/install/dofbot_pro_depth:/home/jetson/dofbot_pro_ws/install/dofbot_pro_color:/home/jetson/dofbot_pro_ws/install/dofbot_pro_apriltag:/home/jetson/dofbot_pro_ws/install/dofbot_pro_KCF:/opt/ros/humble /usr/bin/cmake /home/jetson/aichess/src/chess_simulation -DCMAKE_INSTALL_PREFIX=/home/jetson/aichess/install/chess_simulation
[0.039s] -- Found ament_cmake: 1.3.11 (/opt/ros/humble/share/ament_cmake/cmake)
[0.298s] -- Found rclcpp: 16.0.11 (/opt/ros/humble/share/rclcpp/cmake)
[0.346s] -- Found rosidl_generator_c: 3.1.6 (/opt/ros/humble/share/rosidl_generator_c/cmake)
[0.349s] -- Found rosidl_adapter: 3.1.6 (/opt/ros/humble/share/rosidl_adapter/cmake)
[0.358s] -- Found rosidl_generator_cpp: 3.1.6 (/opt/ros/humble/share/rosidl_generator_cpp/cmake)
[0.374s] -- Using all available rosidl_typesupport_c: rosidl_typesupport_fastrtps_c;rosidl_typesupport_introspection_c
[0.394s] -- Using all available rosidl_typesupport_cpp: rosidl_typesupport_fastrtps_cpp;rosidl_typesupport_introspection_cpp
[0.446s] -- Found rmw_implementation_cmake: 6.1.2 (/opt/ros/humble/share/rmw_implementation_cmake/cmake)
[0.449s] -- Found rmw_fastrtps_cpp: 6.2.7 (/opt/ros/humble/share/rmw_fastrtps_cpp/cmake)
[0.633s] -- Using RMW implementation 'rmw_fastrtps_cpp' as default
[0.716s] -- Found gazebo_msgs: 3.9.0 (/opt/ros/humble/share/gazebo_msgs/cmake)
[0.825s] -- Found sensor_msgs: 4.2.4 (/opt/ros/humble/share/sensor_msgs/cmake)
[0.864s] -- Found ament_lint_auto: 0.12.11 (/opt/ros/humble/share/ament_lint_auto/cmake)
[1.071s] -- Added test 'copyright' to check source files copyright and LICENSE
[1.076s] -- Added test 'flake8' to check Python code syntax and style conventions
[1.078s] -- Added test 'lint_cmake' to check CMake code style
[1.080s] -- Added test 'pep257' to check Python code against some of the docstring style conventions in PEP 257
[1.083s] -- Added test 'xmllint' to check XML markup files
[1.086s] -- Configuring done
[1.099s] -- Generating done
[1.103s] -- Build files have been written to: /home/jetson/aichess/build/chess_simulation
[1.120s] Invoked command in '/home/jetson/aichess/build/chess_simulation' returned '0': CMAKE_PREFIX_PATH=${CMAKE_PREFIX_PATH}:/home/jetson/dofbot_pro_ws/install/dofbot_pro_yolov11:/home/jetson/dofbot_pro_ws/install/dofbot_pro_voice_ctrl:/home/jetson/dofbot_pro_ws/install/dofbot_pro_vision:/home/jetson/dofbot_pro_ws/install/dofbot_pro_mediapipe:/home/jetson/dofbot_pro_ws/install/dofbot_pro_driver:/home/jetson/dofbot_pro_ws/install/dofbot_pro_depth:/home/jetson/dofbot_pro_ws/install/dofbot_pro_color:/home/jetson/dofbot_pro_ws/install/dofbot_pro_apriltag:/home/jetson/dofbot_pro_ws/install/dofbot_pro_KCF:/opt/ros/humble /usr/bin/cmake /home/jetson/aichess/src/chess_simulation -DCMAKE_INSTALL_PREFIX=/home/jetson/aichess/install/chess_simulation
[1.122s] Invoking command in '/home/jetson/aichess/build/chess_simulation': CMAKE_PREFIX_PATH=${CMAKE_PREFIX_PATH}:/home/jetson/dofbot_pro_ws/install/dofbot_pro_yolov11:/home/jetson/dofbot_pro_ws/install/dofbot_pro_voice_ctrl:/home/jetson/dofbot_pro_ws/install/dofbot_pro_vision:/home/jetson/dofbot_pro_ws/install/dofbot_pro_mediapipe:/home/jetson/dofbot_pro_ws/install/dofbot_pro_driver:/home/jetson/dofbot_pro_ws/install/dofbot_pro_depth:/home/jetson/dofbot_pro_ws/install/dofbot_pro_color:/home/jetson/dofbot_pro_ws/install/dofbot_pro_apriltag:/home/jetson/dofbot_pro_ws/install/dofbot_pro_KCF:/opt/ros/humble /usr/bin/cmake --build /home/jetson/aichess/build/chess_simulation -- -j6 -l6
[1.188s] Invoked command in '/home/jetson/aichess/build/chess_simulation' returned '0': CMAKE_PREFIX_PATH=${CMAKE_PREFIX_PATH}:/home/jetson/dofbot_pro_ws/install/dofbot_pro_yolov11:/home/jetson/dofbot_pro_ws/install/dofbot_pro_voice_ctrl:/home/jetson/dofbot_pro_ws/install/dofbot_pro_vision:/home/jetson/dofbot_pro_ws/install/dofbot_pro_mediapipe:/home/jetson/dofbot_pro_ws/install/dofbot_pro_driver:/home/jetson/dofbot_pro_ws/install/dofbot_pro_depth:/home/jetson/dofbot_pro_ws/install/dofbot_pro_color:/home/jetson/dofbot_pro_ws/install/dofbot_pro_apriltag:/home/jetson/dofbot_pro_ws/install/dofbot_pro_KCF:/opt/ros/humble /usr/bin/cmake --build /home/jetson/aichess/build/chess_simulation -- -j6 -l6
[1.203s] Invoking command in '/home/jetson/aichess/build/chess_simulation': CMAKE_PREFIX_PATH=${CMAKE_PREFIX_PATH}:/home/jetson/dofbot_pro_ws/install/dofbot_pro_yolov11:/home/jetson/dofbot_pro_ws/install/dofbot_pro_voice_ctrl:/home/jetson/dofbot_pro_ws/install/dofbot_pro_vision:/home/jetson/dofbot_pro_ws/install/dofbot_pro_mediapipe:/home/jetson/dofbot_pro_ws/install/dofbot_pro_driver:/home/jetson/dofbot_pro_ws/install/dofbot_pro_depth:/home/jetson/dofbot_pro_ws/install/dofbot_pro_color:/home/jetson/dofbot_pro_ws/install/dofbot_pro_apriltag:/home/jetson/dofbot_pro_ws/install/dofbot_pro_KCF:/opt/ros/humble /usr/bin/cmake --install /home/jetson/aichess/build/chess_simulation
[1.217s] -- Install configuration: ""
[1.217s] -- Installing: /home/jetson/aichess/install/chess_simulation/share/chess_simulation/launch
[1.217s] -- Installing: /home/jetson/aichess/install/chess_simulation/share/chess_simulation/launch/chess_world_with_robot.launch.py
[1.217s] -- Installing: /home/jetson/aichess/install/chess_simulation/share/chess_simulation/launch/gazebo_world.launch.py
[1.218s] -- Installing: /home/jetson/aichess/install/chess_simulation/share/chess_simulation/config
[1.218s] -- Installing: /home/jetson/aichess/install/chess_simulation/share/chess_simulation/worlds
[1.218s] -- Installing: /home/jetson/aichess/install/chess_simulation/share/chess_simulation/worlds/chess_world.sdf
[1.219s] -- Installing: /home/jetson/aichess/install/chess_simulation/share/chess_simulation/models
[1.219s] -- Installing: /home/jetson/aichess/install/chess_simulation/share/chess_simulation/models/chess_piece
[1.219s] -- Installing: /home/jetson/aichess/install/chess_simulation/share/chess_simulation/models/chess_piece/model.sdf
[1.219s] -- Installing: /home/jetson/aichess/install/chess_simulation/share/chess_simulation/models/chess_piece/model.config
[1.220s] -- Installing: /home/jetson/aichess/install/chess_simulation/share/ament_index/resource_index/package_run_dependencies/chess_simulation
[1.220s] -- Installing: /home/jetson/aichess/install/chess_simulation/share/ament_index/resource_index/parent_prefix_path/chess_simulation
[1.221s] -- Installing: /home/jetson/aichess/install/chess_simulation/share/chess_simulation/environment/ament_prefix_path.sh
[1.221s] -- Installing: /home/jetson/aichess/install/chess_simulation/share/chess_simulation/environment/ament_prefix_path.dsv
[1.221s] -- Installing: /home/jetson/aichess/install/chess_simulation/share/chess_simulation/environment/path.sh
[1.221s] -- Installing: /home/jetson/aichess/install/chess_simulation/share/chess_simulation/environment/path.dsv
[1.221s] -- Installing: /home/jetson/aichess/install/chess_simulation/share/chess_simulation/local_setup.bash
[1.222s] -- Installing: /home/jetson/aichess/install/chess_simulation/share/chess_simulation/local_setup.sh
[1.222s] -- Installing: /home/jetson/aichess/install/chess_simulation/share/chess_simulation/local_setup.zsh
[1.222s] -- Installing: /home/jetson/aichess/install/chess_simulation/share/chess_simulation/local_setup.dsv
[1.222s] -- Installing: /home/jetson/aichess/install/chess_simulation/share/chess_simulation/package.dsv
[1.223s] -- Installing: /home/jetson/aichess/install/chess_simulation/share/ament_index/resource_index/packages/chess_simulation
[1.223s] -- Installing: /home/jetson/aichess/install/chess_simulation/share/chess_simulation/cmake/chess_simulationConfig.cmake
[1.223s] -- Installing: /home/jetson/aichess/install/chess_simulation/share/chess_simulation/cmake/chess_simulationConfig-version.cmake
[1.223s] -- Installing: /home/jetson/aichess/install/chess_simulation/share/chess_simulation/package.xml
[1.226s] Invoked command in '/home/jetson/aichess/build/chess_simulation' returned '0': CMAKE_PREFIX_PATH=${CMAKE_PREFIX_PATH}:/home/jetson/dofbot_pro_ws/install/dofbot_pro_yolov11:/home/jetson/dofbot_pro_ws/install/dofbot_pro_voice_ctrl:/home/jetson/dofbot_pro_ws/install/dofbot_pro_vision:/home/jetson/dofbot_pro_ws/install/dofbot_pro_mediapipe:/home/jetson/dofbot_pro_ws/install/dofbot_pro_driver:/home/jetson/dofbot_pro_ws/install/dofbot_pro_depth:/home/jetson/dofbot_pro_ws/install/dofbot_pro_color:/home/jetson/dofbot_pro_ws/install/dofbot_pro_apriltag:/home/jetson/dofbot_pro_ws/install/dofbot_pro_KCF:/opt/ros/humble /usr/bin/cmake --install /home/jetson/aichess/build/chess_simulation
