running egg_info
writing ../../build/chess_vision/chess_vision.egg-info/PKG-INFO
writing dependency_links to ../../build/chess_vision/chess_vision.egg-info/dependency_links.txt
writing entry points to ../../build/chess_vision/chess_vision.egg-info/entry_points.txt
writing requirements to ../../build/chess_vision/chess_vision.egg-info/requires.txt
writing top-level names to ../../build/chess_vision/chess_vision.egg-info/top_level.txt
reading manifest file '../../build/chess_vision/chess_vision.egg-info/SOURCES.txt'
writing manifest file '../../build/chess_vision/chess_vision.egg-info/SOURCES.txt'
running build
running build_py
copying chess_vision/piece_detector.py -> /home/jetson/aichess/build/chess_vision/build/lib/chess_vision
copying chess_vision/__init__.py -> /home/jetson/aichess/build/chess_vision/build/lib/chess_vision
copying chess_vision/vision_coordinator.py -> /home/jetson/aichess/build/chess_vision/build/lib/chess_vision
copying chess_vision/board_detector.py -> /home/jetson/aichess/build/chess_vision/build/lib/chess_vision
running install
running install_lib
copying /home/jetson/aichess/build/chess_vision/build/lib/chess_vision/board_detector.py -> /home/jetson/aichess/install/chess_vision/lib/python3.10/site-packages/chess_vision
byte-compiling /home/jetson/aichess/install/chess_vision/lib/python3.10/site-packages/chess_vision/board_detector.py to board_detector.cpython-310.pyc
running install_data
copying resource/chess_vision -> /home/jetson/aichess/install/chess_vision/share/ament_index/resource_index/packages
copying package.xml -> /home/jetson/aichess/install/chess_vision/share/chess_vision
copying launch/chess_vision.launch.py -> /home/jetson/aichess/install/chess_vision/share/chess_vision/launch
copying config/vision_params.yaml -> /home/jetson/aichess/install/chess_vision/share/chess_vision/config
running install_egg_info
removing '/home/jetson/aichess/install/chess_vision/lib/python3.10/site-packages/chess_vision-0.0.1-py3.10.egg-info' (and everything under it)
Copying ../../build/chess_vision/chess_vision.egg-info to /home/jetson/aichess/install/chess_vision/lib/python3.10/site-packages/chess_vision-0.0.1-py3.10.egg-info
running install_scripts
Installing board_detector script to /home/jetson/aichess/install/chess_vision/bin
Installing piece_detector script to /home/jetson/aichess/install/chess_vision/bin
Installing vision_coordinator script to /home/jetson/aichess/install/chess_vision/bin
writing list of installed files to '/home/jetson/aichess/build/chess_vision/install.log'
