[1.586s] Invoking command in '/home/jetson/aichess/src/chess_vision': AMENT_PREFIX_PATH=/home/jetson/aichess/install/chess_interfaces:${AMENT_PREFIX_PATH} CMAKE_PREFIX_PATH=/home/jetson/aichess/install/chess_interfaces:${CMAKE_PREFIX_PATH} LD_LIBRARY_PATH=/home/jetson/aichess/install/chess_interfaces/lib:/home/jetson/dofbot_pro_ws/install/orbbec_camera/lib:/home/jetson/dofbot_pro_ws/install/orbbec_camera_msgs/lib:/home/jetson/dofbot_pro_ws/install/dofbot_pro_msgs/lib:/home/jetson/dofbot_pro_ws/install/dofbot_pro_interface/lib:/opt/ros/humble/opt/rviz_ogre_vendor/lib:/opt/ros/humble/lib/aarch64-linux-gnu:/opt/ros/humble/lib:/usr/local/lib:/usr/local/cuda-12.6/lib64 PYTHONPATH=/home/jetson/aichess/build/chess_vision/prefix_override:/usr/lib/python3/dist-packages/colcon_core/task/python/colcon_distutils_commands:/home/jetson/aichess/install/chess_vision/lib/python3.10/site-packages:/home/jetson/aichess/install/chess_interfaces/local/lib/python3.10/dist-packages:${PYTHONPATH} /usr/bin/python3 -W ignore:setup.py install is deprecated -W ignore:easy_install command is deprecated setup.py egg_info --egg-base ../../build/chess_vision build --build-base /home/jetson/aichess/build/chess_vision/build install --record /home/jetson/aichess/build/chess_vision/install.log --single-version-externally-managed install_data
[1.933s] /home/jetson/.local/lib/python3.10/site-packages/setuptools/_distutils/dist.py:289: UserWarning: Unknown distribution option: 'tests_require'
[1.933s]   warnings.warn(msg)
[2.238s] running egg_info
[2.288s] writing ../../build/chess_vision/chess_vision.egg-info/PKG-INFO
[2.289s] writing dependency_links to ../../build/chess_vision/chess_vision.egg-info/dependency_links.txt
[2.289s] writing entry points to ../../build/chess_vision/chess_vision.egg-info/entry_points.txt
[2.289s] writing requirements to ../../build/chess_vision/chess_vision.egg-info/requires.txt
[2.290s] writing top-level names to ../../build/chess_vision/chess_vision.egg-info/top_level.txt
[2.394s] reading manifest file '../../build/chess_vision/chess_vision.egg-info/SOURCES.txt'
[2.396s] writing manifest file '../../build/chess_vision/chess_vision.egg-info/SOURCES.txt'
[2.396s] running build
[2.396s] running build_py
[2.397s] copying chess_vision/piece_detector.py -> /home/jetson/aichess/build/chess_vision/build/lib/chess_vision
[2.397s] copying chess_vision/__init__.py -> /home/jetson/aichess/build/chess_vision/build/lib/chess_vision
[2.398s] copying chess_vision/vision_coordinator.py -> /home/jetson/aichess/build/chess_vision/build/lib/chess_vision
[2.398s] copying chess_vision/board_detector.py -> /home/jetson/aichess/build/chess_vision/build/lib/chess_vision
[2.399s] running install
[2.406s] running install_lib
[2.458s] copying /home/jetson/aichess/build/chess_vision/build/lib/chess_vision/board_detector.py -> /home/jetson/aichess/install/chess_vision/lib/python3.10/site-packages/chess_vision
[2.459s] byte-compiling /home/jetson/aichess/install/chess_vision/lib/python3.10/site-packages/chess_vision/board_detector.py to board_detector.cpython-310.pyc
[2.463s] running install_data
[2.464s] copying resource/chess_vision -> /home/jetson/aichess/install/chess_vision/share/ament_index/resource_index/packages
[2.464s] copying package.xml -> /home/jetson/aichess/install/chess_vision/share/chess_vision
[2.465s] copying launch/chess_vision.launch.py -> /home/jetson/aichess/install/chess_vision/share/chess_vision/launch
[2.465s] copying config/vision_params.yaml -> /home/jetson/aichess/install/chess_vision/share/chess_vision/config
[2.466s] running install_egg_info
[2.518s] removing '/home/jetson/aichess/install/chess_vision/lib/python3.10/site-packages/chess_vision-0.0.1-py3.10.egg-info' (and everything under it)
[2.519s] Copying ../../build/chess_vision/chess_vision.egg-info to /home/jetson/aichess/install/chess_vision/lib/python3.10/site-packages/chess_vision-0.0.1-py3.10.egg-info
[2.521s] running install_scripts
[2.625s] Installing board_detector script to /home/jetson/aichess/install/chess_vision/bin
[2.625s] Installing piece_detector script to /home/jetson/aichess/install/chess_vision/bin
[2.625s] Installing vision_coordinator script to /home/jetson/aichess/install/chess_vision/bin
[2.626s] writing list of installed files to '/home/jetson/aichess/build/chess_vision/install.log'
[2.681s] Invoked command in '/home/jetson/aichess/src/chess_vision' returned '0': AMENT_PREFIX_PATH=/home/jetson/aichess/install/chess_interfaces:${AMENT_PREFIX_PATH} CMAKE_PREFIX_PATH=/home/jetson/aichess/install/chess_interfaces:${CMAKE_PREFIX_PATH} LD_LIBRARY_PATH=/home/jetson/aichess/install/chess_interfaces/lib:/home/jetson/dofbot_pro_ws/install/orbbec_camera/lib:/home/jetson/dofbot_pro_ws/install/orbbec_camera_msgs/lib:/home/jetson/dofbot_pro_ws/install/dofbot_pro_msgs/lib:/home/jetson/dofbot_pro_ws/install/dofbot_pro_interface/lib:/opt/ros/humble/opt/rviz_ogre_vendor/lib:/opt/ros/humble/lib/aarch64-linux-gnu:/opt/ros/humble/lib:/usr/local/lib:/usr/local/cuda-12.6/lib64 PYTHONPATH=/home/jetson/aichess/build/chess_vision/prefix_override:/usr/lib/python3/dist-packages/colcon_core/task/python/colcon_distutils_commands:/home/jetson/aichess/install/chess_vision/lib/python3.10/site-packages:/home/jetson/aichess/install/chess_interfaces/local/lib/python3.10/dist-packages:${PYTHONPATH} /usr/bin/python3 -W ignore:setup.py install is deprecated -W ignore:easy_install command is deprecated setup.py egg_info --egg-base ../../build/chess_vision build --build-base /home/jetson/aichess/build/chess_vision/build install --record /home/jetson/aichess/build/chess_vision/install.log --single-version-externally-managed install_data
