[0.264s] colcon DEBUG Command line arguments: ['/usr/bin/colcon', 'build', '--packages-select', 'chess_vision']
[0.265s] colcon DEBUG Parsed command line arguments: Namespace(log_base=None, log_level=None, verb_name='build', build_base='build', install_base='install', merge_install=False, symlink_install=False, test_result_base=None, continue_on_error=False, executor='parallel', parallel_workers=6, event_handlers=None, ignore_user_meta=False, metas=['./colcon.meta'], base_paths=['.'], packages_ignore=None, packages_ignore_regex=None, paths=None, packages_up_to=None, packages_up_to_regex=None, packages_above=None, packages_above_and_dependencies=None, packages_above_depth=None, packages_select_by_dep=None, packages_skip_by_dep=None, packages_skip_up_to=None, packages_select_build_failed=False, packages_skip_build_finished=False, packages_select_test_failures=False, packages_skip_test_passed=False, packages_select=['chess_vision'], packages_skip=None, packages_select_regex=None, packages_skip_regex=None, packages_start=None, packages_end=None, allow_overriding=[], cmake_args=None, cmake_target=None, cmake_target_skip_unavailable=False, cmake_clean_cache=False, cmake_clean_first=False, cmake_force_configure=False, ament_cmake_args=None, catkin_cmake_args=None, catkin_skip_building_tests=False, mixin_files=None, mixin=None, verb_parser=<colcon_mixin.mixin.mixin_argument.MixinArgumentDecorator object at 0xffff80d079a0>, verb_extension=<colcon_core.verb.build.BuildVerb object at 0xffff80d07460>, main=<bound method BuildVerb.main of <colcon_core.verb.build.BuildVerb object at 0xffff80d07460>>, mixin_verb=('build',))
[0.342s] colcon.colcon_core.package_discovery Level 1 discover_packages(colcon_meta) check parameters
[0.342s] colcon.colcon_core.package_discovery Level 1 discover_packages(recursive) check parameters
[0.342s] colcon.colcon_core.package_discovery Level 1 discover_packages(ignore) check parameters
[0.342s] colcon.colcon_core.package_discovery Level 1 discover_packages(path) check parameters
[0.342s] colcon.colcon_core.package_discovery Level 1 discover_packages(colcon_meta) discover
[0.343s] colcon.colcon_core.package_discovery Level 1 discover_packages(recursive) discover
[0.343s] colcon.colcon_core.package_discovery INFO Crawling recursively for packages in '/home/jetson/aichess'
[0.343s] colcon.colcon_core.package_identification Level 1 _identify(.) by extensions ['ignore', 'ignore_ament_install']
[0.343s] colcon.colcon_core.package_identification Level 1 _identify(.) by extension 'ignore'
[0.343s] colcon.colcon_core.package_identification Level 1 _identify(.) by extension 'ignore_ament_install'
[0.343s] colcon.colcon_core.package_identification Level 1 _identify(.) by extensions ['colcon_pkg']
[0.343s] colcon.colcon_core.package_identification Level 1 _identify(.) by extension 'colcon_pkg'
[0.344s] colcon.colcon_core.package_identification Level 1 _identify(.) by extensions ['colcon_meta']
[0.344s] colcon.colcon_core.package_identification Level 1 _identify(.) by extension 'colcon_meta'
[0.344s] colcon.colcon_core.package_identification Level 1 _identify(.) by extensions ['ros']
[0.344s] colcon.colcon_core.package_identification Level 1 _identify(.) by extension 'ros'
[0.370s] colcon.colcon_core.package_identification Level 1 _identify(.) by extensions ['cmake', 'python']
[0.370s] colcon.colcon_core.package_identification Level 1 _identify(.) by extension 'cmake'
[0.371s] colcon.colcon_core.package_identification Level 1 _identify(.) by extension 'python'
[0.371s] colcon.colcon_core.package_identification Level 1 _identify(.) by extensions ['python_setup_py']
[0.371s] colcon.colcon_core.package_identification Level 1 _identify(.) by extension 'python_setup_py'
[0.371s] colcon.colcon_core.package_identification Level 1 _identify(build) by extensions ['ignore', 'ignore_ament_install']
[0.371s] colcon.colcon_core.package_identification Level 1 _identify(build) by extension 'ignore'
[0.371s] colcon.colcon_core.package_identification Level 1 _identify(build) ignored
[0.371s] colcon.colcon_core.package_identification Level 1 _identify(chess_camera) by extensions ['ignore', 'ignore_ament_install']
[0.372s] colcon.colcon_core.package_identification Level 1 _identify(chess_camera) by extension 'ignore'
[0.372s] colcon.colcon_core.package_identification Level 1 _identify(chess_camera) by extension 'ignore_ament_install'
[0.372s] colcon.colcon_core.package_identification Level 1 _identify(chess_camera) by extensions ['colcon_pkg']
[0.372s] colcon.colcon_core.package_identification Level 1 _identify(chess_camera) by extension 'colcon_pkg'
[0.372s] colcon.colcon_core.package_identification Level 1 _identify(chess_camera) by extensions ['colcon_meta']
[0.372s] colcon.colcon_core.package_identification Level 1 _identify(chess_camera) by extension 'colcon_meta'
[0.372s] colcon.colcon_core.package_identification Level 1 _identify(chess_camera) by extensions ['ros']
[0.372s] colcon.colcon_core.package_identification Level 1 _identify(chess_camera) by extension 'ros'
[0.377s] colcon.colcon_core.package_identification DEBUG Package 'chess_camera' with type 'ros.ament_python' and name 'chess_camera'
[0.377s] colcon.colcon_core.package_identification Level 1 _identify(install) by extensions ['ignore', 'ignore_ament_install']
[0.377s] colcon.colcon_core.package_identification Level 1 _identify(install) by extension 'ignore'
[0.377s] colcon.colcon_core.package_identification Level 1 _identify(install) ignored
[0.378s] colcon.colcon_core.package_identification Level 1 _identify(log) by extensions ['ignore', 'ignore_ament_install']
[0.378s] colcon.colcon_core.package_identification Level 1 _identify(log) by extension 'ignore'
[0.378s] colcon.colcon_core.package_identification Level 1 _identify(log) ignored
[0.378s] colcon.colcon_core.package_identification Level 1 _identify(src) by extensions ['ignore', 'ignore_ament_install']
[0.378s] colcon.colcon_core.package_identification Level 1 _identify(src) by extension 'ignore'
[0.378s] colcon.colcon_core.package_identification Level 1 _identify(src) by extension 'ignore_ament_install'
[0.378s] colcon.colcon_core.package_identification Level 1 _identify(src) by extensions ['colcon_pkg']
[0.378s] colcon.colcon_core.package_identification Level 1 _identify(src) by extension 'colcon_pkg'
[0.379s] colcon.colcon_core.package_identification Level 1 _identify(src) by extensions ['colcon_meta']
[0.379s] colcon.colcon_core.package_identification Level 1 _identify(src) by extension 'colcon_meta'
[0.379s] colcon.colcon_core.package_identification Level 1 _identify(src) by extensions ['ros']
[0.379s] colcon.colcon_core.package_identification Level 1 _identify(src) by extension 'ros'
[0.379s] colcon.colcon_core.package_identification Level 1 _identify(src) by extensions ['cmake', 'python']
[0.379s] colcon.colcon_core.package_identification Level 1 _identify(src) by extension 'cmake'
[0.379s] colcon.colcon_core.package_identification Level 1 _identify(src) by extension 'python'
[0.379s] colcon.colcon_core.package_identification Level 1 _identify(src) by extensions ['python_setup_py']
[0.379s] colcon.colcon_core.package_identification Level 1 _identify(src) by extension 'python_setup_py'
[0.379s] colcon.colcon_core.package_identification Level 1 _identify(src/chess_description) by extensions ['ignore', 'ignore_ament_install']
[0.380s] colcon.colcon_core.package_identification Level 1 _identify(src/chess_description) by extension 'ignore'
[0.380s] colcon.colcon_core.package_identification Level 1 _identify(src/chess_description) by extension 'ignore_ament_install'
[0.380s] colcon.colcon_core.package_identification Level 1 _identify(src/chess_description) by extensions ['colcon_pkg']
[0.380s] colcon.colcon_core.package_identification Level 1 _identify(src/chess_description) by extension 'colcon_pkg'
[0.380s] colcon.colcon_core.package_identification Level 1 _identify(src/chess_description) by extensions ['colcon_meta']
[0.380s] colcon.colcon_core.package_identification Level 1 _identify(src/chess_description) by extension 'colcon_meta'
[0.380s] colcon.colcon_core.package_identification Level 1 _identify(src/chess_description) by extensions ['ros']
[0.380s] colcon.colcon_core.package_identification Level 1 _identify(src/chess_description) by extension 'ros'
[0.381s] colcon.colcon_core.package_identification DEBUG Package 'src/chess_description' with type 'ros.ament_cmake' and name 'chess_description'
[0.381s] colcon.colcon_core.package_identification Level 1 _identify(src/chess_interfaces) by extensions ['ignore', 'ignore_ament_install']
[0.382s] colcon.colcon_core.package_identification Level 1 _identify(src/chess_interfaces) by extension 'ignore'
[0.382s] colcon.colcon_core.package_identification Level 1 _identify(src/chess_interfaces) by extension 'ignore_ament_install'
[0.382s] colcon.colcon_core.package_identification Level 1 _identify(src/chess_interfaces) by extensions ['colcon_pkg']
[0.382s] colcon.colcon_core.package_identification Level 1 _identify(src/chess_interfaces) by extension 'colcon_pkg'
[0.382s] colcon.colcon_core.package_identification Level 1 _identify(src/chess_interfaces) by extensions ['colcon_meta']
[0.382s] colcon.colcon_core.package_identification Level 1 _identify(src/chess_interfaces) by extension 'colcon_meta'
[0.382s] colcon.colcon_core.package_identification Level 1 _identify(src/chess_interfaces) by extensions ['ros']
[0.382s] colcon.colcon_core.package_identification Level 1 _identify(src/chess_interfaces) by extension 'ros'
[0.384s] colcon.colcon_core.package_identification DEBUG Package 'src/chess_interfaces' with type 'ros.ament_cmake' and name 'chess_interfaces'
[0.384s] colcon.colcon_core.package_identification Level 1 _identify(src/chess_simulation) by extensions ['ignore', 'ignore_ament_install']
[0.384s] colcon.colcon_core.package_identification Level 1 _identify(src/chess_simulation) by extension 'ignore'
[0.384s] colcon.colcon_core.package_identification Level 1 _identify(src/chess_simulation) by extension 'ignore_ament_install'
[0.384s] colcon.colcon_core.package_identification Level 1 _identify(src/chess_simulation) by extensions ['colcon_pkg']
[0.384s] colcon.colcon_core.package_identification Level 1 _identify(src/chess_simulation) by extension 'colcon_pkg'
[0.384s] colcon.colcon_core.package_identification Level 1 _identify(src/chess_simulation) by extensions ['colcon_meta']
[0.384s] colcon.colcon_core.package_identification Level 1 _identify(src/chess_simulation) by extension 'colcon_meta'
[0.384s] colcon.colcon_core.package_identification Level 1 _identify(src/chess_simulation) by extensions ['ros']
[0.385s] colcon.colcon_core.package_identification Level 1 _identify(src/chess_simulation) by extension 'ros'
[0.386s] colcon.colcon_core.package_identification DEBUG Package 'src/chess_simulation' with type 'ros.ament_cmake' and name 'chess_simulation'
[0.386s] colcon.colcon_core.package_identification Level 1 _identify(src/chess_vision) by extensions ['ignore', 'ignore_ament_install']
[0.386s] colcon.colcon_core.package_identification Level 1 _identify(src/chess_vision) by extension 'ignore'
[0.386s] colcon.colcon_core.package_identification Level 1 _identify(src/chess_vision) by extension 'ignore_ament_install'
[0.386s] colcon.colcon_core.package_identification Level 1 _identify(src/chess_vision) by extensions ['colcon_pkg']
[0.387s] colcon.colcon_core.package_identification Level 1 _identify(src/chess_vision) by extension 'colcon_pkg'
[0.387s] colcon.colcon_core.package_identification Level 1 _identify(src/chess_vision) by extensions ['colcon_meta']
[0.387s] colcon.colcon_core.package_identification Level 1 _identify(src/chess_vision) by extension 'colcon_meta'
[0.387s] colcon.colcon_core.package_identification Level 1 _identify(src/chess_vision) by extensions ['ros']
[0.387s] colcon.colcon_core.package_identification Level 1 _identify(src/chess_vision) by extension 'ros'
[0.388s] colcon.colcon_core.package_identification DEBUG Package 'src/chess_vision' with type 'ros.ament_python' and name 'chess_vision'
[0.388s] colcon.colcon_core.package_discovery Level 1 discover_packages(recursive) using defaults
[0.388s] colcon.colcon_core.package_discovery Level 1 discover_packages(ignore) discover
[0.388s] colcon.colcon_core.package_discovery Level 1 discover_packages(ignore) using defaults
[0.388s] colcon.colcon_core.package_discovery Level 1 discover_packages(path) discover
[0.389s] colcon.colcon_core.package_discovery Level 1 discover_packages(path) using defaults
[0.419s] colcon.colcon_core.package_selection INFO Skipping not selected package 'chess_description' in 'src/chess_description'
[0.419s] colcon.colcon_core.package_selection INFO Skipping not selected package 'chess_interfaces' in 'src/chess_interfaces'
[0.419s] colcon.colcon_core.package_selection INFO Skipping not selected package 'chess_simulation' in 'src/chess_simulation'
[0.419s] colcon.colcon_core.package_selection INFO Skipping not selected package 'chess_camera' in 'chess_camera'
[0.420s] colcon.colcon_core.package_discovery Level 1 discover_packages(prefix_path) check parameters
[0.420s] colcon.colcon_core.package_discovery Level 1 discover_packages(prefix_path) discover
[0.425s] colcon.colcon_installed_package_information.package_discovery DEBUG Found 17 installed packages in /home/jetson/dofbot_pro_ws/install
[0.428s] colcon.colcon_installed_package_information.package_discovery DEBUG Found 407 installed packages in /opt/ros/humble
[0.432s] colcon.colcon_core.package_discovery Level 1 discover_packages(prefix_path) using defaults
[0.546s] colcon.colcon_core.verb Level 5 set package 'chess_vision' build argument 'cmake_args' from command line to 'None'
[0.546s] colcon.colcon_core.verb Level 5 set package 'chess_vision' build argument 'cmake_target' from command line to 'None'
[0.546s] colcon.colcon_core.verb Level 5 set package 'chess_vision' build argument 'cmake_target_skip_unavailable' from command line to 'False'
[0.546s] colcon.colcon_core.verb Level 5 set package 'chess_vision' build argument 'cmake_clean_cache' from command line to 'False'
[0.546s] colcon.colcon_core.verb Level 5 set package 'chess_vision' build argument 'cmake_clean_first' from command line to 'False'
[0.546s] colcon.colcon_core.verb Level 5 set package 'chess_vision' build argument 'cmake_force_configure' from command line to 'False'
[0.546s] colcon.colcon_core.verb Level 5 set package 'chess_vision' build argument 'ament_cmake_args' from command line to 'None'
[0.546s] colcon.colcon_core.verb Level 5 set package 'chess_vision' build argument 'catkin_cmake_args' from command line to 'None'
[0.546s] colcon.colcon_core.verb Level 5 set package 'chess_vision' build argument 'catkin_skip_building_tests' from command line to 'False'
[0.546s] colcon.colcon_core.verb DEBUG Building package 'chess_vision' with the following arguments: {'ament_cmake_args': None, 'build_base': '/home/jetson/aichess/build/chess_vision', 'catkin_cmake_args': None, 'catkin_skip_building_tests': False, 'cmake_args': None, 'cmake_clean_cache': False, 'cmake_clean_first': False, 'cmake_force_configure': False, 'cmake_target': None, 'cmake_target_skip_unavailable': False, 'install_base': '/home/jetson/aichess/install/chess_vision', 'merge_install': False, 'path': '/home/jetson/aichess/src/chess_vision', 'symlink_install': False, 'test_result_base': None}
[0.546s] colcon.colcon_core.executor INFO Executing jobs using 'parallel' executor
[0.548s] colcon.colcon_parallel_executor.executor.parallel DEBUG run_until_complete
[0.549s] colcon.colcon_ros.task.ament_python.build INFO Building ROS package in '/home/jetson/aichess/src/chess_vision' with build type 'ament_python'
[0.549s] colcon.colcon_core.shell Level 1 create_environment_hook('chess_vision', 'ament_prefix_path')
[0.553s] colcon.colcon_core.plugin_system INFO Skipping extension 'colcon_core.shell.bat': Not used on non-Windows systems
[0.553s] colcon.colcon_core.shell INFO Creating environment hook '/home/jetson/aichess/install/chess_vision/share/chess_vision/hook/ament_prefix_path.ps1'
[0.555s] colcon.colcon_core.shell INFO Creating environment descriptor '/home/jetson/aichess/install/chess_vision/share/chess_vision/hook/ament_prefix_path.dsv'
[0.555s] colcon.colcon_core.shell INFO Creating environment hook '/home/jetson/aichess/install/chess_vision/share/chess_vision/hook/ament_prefix_path.sh'
[0.557s] colcon.colcon_core.shell INFO Skip shell extension 'powershell' for command environment: Not usable outside of PowerShell
[0.557s] colcon.colcon_core.shell DEBUG Skip shell extension 'dsv' for command environment
[1.073s] colcon.colcon_core.task.python.build INFO Building Python package in '/home/jetson/aichess/src/chess_vision'
[1.073s] colcon.colcon_core.shell INFO Skip shell extension 'powershell' for command environment: Not usable outside of PowerShell
[1.073s] colcon.colcon_core.shell DEBUG Skip shell extension 'dsv' for command environment
[2.142s] colcon.colcon_core.event_handler.log_command DEBUG Invoking command in '/home/jetson/aichess/src/chess_vision': AMENT_PREFIX_PATH=/home/jetson/aichess/install/chess_interfaces:${AMENT_PREFIX_PATH} CMAKE_PREFIX_PATH=/home/jetson/aichess/install/chess_interfaces:${CMAKE_PREFIX_PATH} LD_LIBRARY_PATH=/home/jetson/aichess/install/chess_interfaces/lib:/home/jetson/dofbot_pro_ws/install/orbbec_camera/lib:/home/jetson/dofbot_pro_ws/install/orbbec_camera_msgs/lib:/home/jetson/dofbot_pro_ws/install/dofbot_pro_msgs/lib:/home/jetson/dofbot_pro_ws/install/dofbot_pro_interface/lib:/opt/ros/humble/opt/rviz_ogre_vendor/lib:/opt/ros/humble/lib/aarch64-linux-gnu:/opt/ros/humble/lib:/usr/local/lib:/usr/local/cuda-12.6/lib64 PYTHONPATH=/home/jetson/aichess/build/chess_vision/prefix_override:/usr/lib/python3/dist-packages/colcon_core/task/python/colcon_distutils_commands:/home/jetson/aichess/install/chess_vision/lib/python3.10/site-packages:/home/jetson/aichess/install/chess_interfaces/local/lib/python3.10/dist-packages:${PYTHONPATH} /usr/bin/python3 -W ignore:setup.py install is deprecated -W ignore:easy_install command is deprecated setup.py egg_info --egg-base ../../build/chess_vision build --build-base /home/jetson/aichess/build/chess_vision/build install --record /home/jetson/aichess/build/chess_vision/install.log --single-version-externally-managed install_data
[3.257s] colcon.colcon_core.event_handler.log_command DEBUG Invoked command in '/home/jetson/aichess/src/chess_vision' returned '0': AMENT_PREFIX_PATH=/home/jetson/aichess/install/chess_interfaces:${AMENT_PREFIX_PATH} CMAKE_PREFIX_PATH=/home/jetson/aichess/install/chess_interfaces:${CMAKE_PREFIX_PATH} LD_LIBRARY_PATH=/home/jetson/aichess/install/chess_interfaces/lib:/home/jetson/dofbot_pro_ws/install/orbbec_camera/lib:/home/jetson/dofbot_pro_ws/install/orbbec_camera_msgs/lib:/home/jetson/dofbot_pro_ws/install/dofbot_pro_msgs/lib:/home/jetson/dofbot_pro_ws/install/dofbot_pro_interface/lib:/opt/ros/humble/opt/rviz_ogre_vendor/lib:/opt/ros/humble/lib/aarch64-linux-gnu:/opt/ros/humble/lib:/usr/local/lib:/usr/local/cuda-12.6/lib64 PYTHONPATH=/home/jetson/aichess/build/chess_vision/prefix_override:/usr/lib/python3/dist-packages/colcon_core/task/python/colcon_distutils_commands:/home/jetson/aichess/install/chess_vision/lib/python3.10/site-packages:/home/jetson/aichess/install/chess_interfaces/local/lib/python3.10/dist-packages:${PYTHONPATH} /usr/bin/python3 -W ignore:setup.py install is deprecated -W ignore:easy_install command is deprecated setup.py egg_info --egg-base ../../build/chess_vision build --build-base /home/jetson/aichess/build/chess_vision/build install --record /home/jetson/aichess/build/chess_vision/install.log --single-version-externally-managed install_data
[3.262s] colcon.colcon_core.environment Level 1 checking '/home/jetson/aichess/install/chess_vision' for CMake module files
[3.262s] colcon.colcon_core.environment Level 1 checking '/home/jetson/aichess/install/chess_vision' for CMake config files
[3.264s] colcon.colcon_core.environment Level 1 checking '/home/jetson/aichess/install/chess_vision/lib'
[3.264s] colcon.colcon_core.environment Level 1 checking '/home/jetson/aichess/install/chess_vision/bin'
[3.264s] colcon.colcon_core.shell Level 1 create_environment_hook('chess_vision', 'path')
[3.264s] colcon.colcon_core.shell INFO Creating environment hook '/home/jetson/aichess/install/chess_vision/share/chess_vision/hook/path.ps1'
[3.265s] colcon.colcon_core.shell INFO Creating environment descriptor '/home/jetson/aichess/install/chess_vision/share/chess_vision/hook/path.dsv'
[3.266s] colcon.colcon_core.shell INFO Creating environment hook '/home/jetson/aichess/install/chess_vision/share/chess_vision/hook/path.sh'
[3.266s] colcon.colcon_core.environment Level 1 checking '/home/jetson/aichess/install/chess_vision/lib/pkgconfig/chess_vision.pc'
[3.267s] colcon.colcon_core.environment Level 1 checking '/home/jetson/aichess/install/chess_vision/lib/python3.10/site-packages'
[3.267s] colcon.colcon_core.shell Level 1 create_environment_hook('chess_vision', 'pythonpath')
[3.267s] colcon.colcon_core.shell INFO Creating environment hook '/home/jetson/aichess/install/chess_vision/share/chess_vision/hook/pythonpath.ps1'
[3.268s] colcon.colcon_core.shell INFO Creating environment descriptor '/home/jetson/aichess/install/chess_vision/share/chess_vision/hook/pythonpath.dsv'
[3.269s] colcon.colcon_core.shell INFO Creating environment hook '/home/jetson/aichess/install/chess_vision/share/chess_vision/hook/pythonpath.sh'
[3.269s] colcon.colcon_core.environment Level 1 checking '/home/jetson/aichess/install/chess_vision/bin'
[3.270s] colcon.colcon_core.shell Level 1 create_environment_hook('chess_vision', 'pythonscriptspath')
[3.270s] colcon.colcon_core.shell INFO Creating environment hook '/home/jetson/aichess/install/chess_vision/share/chess_vision/hook/pythonscriptspath.ps1'
[3.271s] colcon.colcon_core.shell INFO Creating environment descriptor '/home/jetson/aichess/install/chess_vision/share/chess_vision/hook/pythonscriptspath.dsv'
[3.271s] colcon.colcon_core.shell INFO Creating environment hook '/home/jetson/aichess/install/chess_vision/share/chess_vision/hook/pythonscriptspath.sh'
[3.272s] colcon.colcon_core.environment Level 1 create_environment_scripts_only(chess_vision)
[3.272s] colcon.colcon_core.shell INFO Creating package script '/home/jetson/aichess/install/chess_vision/share/chess_vision/package.ps1'
[3.274s] colcon.colcon_core.shell INFO Creating package descriptor '/home/jetson/aichess/install/chess_vision/share/chess_vision/package.dsv'
[3.275s] colcon.colcon_core.shell INFO Creating package script '/home/jetson/aichess/install/chess_vision/share/chess_vision/package.sh'
[3.276s] colcon.colcon_core.shell INFO Creating package script '/home/jetson/aichess/install/chess_vision/share/chess_vision/package.bash'
[3.277s] colcon.colcon_core.shell INFO Creating package script '/home/jetson/aichess/install/chess_vision/share/chess_vision/package.zsh'
[3.278s] colcon.colcon_core.environment Level 1 create_file_with_runtime_dependencies(/home/jetson/aichess/install/chess_vision/share/colcon-core/packages/chess_vision)
[3.279s] colcon.colcon_parallel_executor.executor.parallel DEBUG closing loop
[3.279s] colcon.colcon_parallel_executor.executor.parallel DEBUG loop closed
[3.279s] colcon.colcon_parallel_executor.executor.parallel DEBUG run_until_complete finished with '0'
[3.280s] colcon.colcon_core.event_reactor DEBUG joining thread
[3.290s] colcon.colcon_core.plugin_system INFO Skipping extension 'colcon_notification.desktop_notification.terminal_notifier': Not used on non-Darwin systems
[3.290s] colcon.colcon_core.plugin_system INFO Skipping extension 'colcon_notification.desktop_notification.win32': Not used on non-Windows systems
[3.290s] colcon.colcon_notification.desktop_notification INFO Sending desktop notification using 'notify2'
[3.306s] colcon.colcon_core.event_reactor DEBUG joined thread
[3.307s] colcon.colcon_core.shell INFO Creating prefix script '/home/jetson/aichess/install/local_setup.ps1'
[3.309s] colcon.colcon_core.shell INFO Creating prefix util module '/home/jetson/aichess/install/_local_setup_util_ps1.py'
[3.311s] colcon.colcon_core.shell INFO Creating prefix chain script '/home/jetson/aichess/install/setup.ps1'
[3.314s] colcon.colcon_core.shell INFO Creating prefix script '/home/jetson/aichess/install/local_setup.sh'
[3.315s] colcon.colcon_core.shell INFO Creating prefix util module '/home/jetson/aichess/install/_local_setup_util_sh.py'
[3.316s] colcon.colcon_core.shell INFO Creating prefix chain script '/home/jetson/aichess/install/setup.sh'
[3.319s] colcon.colcon_core.shell INFO Creating prefix script '/home/jetson/aichess/install/local_setup.bash'
[3.320s] colcon.colcon_core.shell INFO Creating prefix chain script '/home/jetson/aichess/install/setup.bash'
[3.323s] colcon.colcon_core.shell INFO Creating prefix script '/home/jetson/aichess/install/local_setup.zsh'
[3.323s] colcon.colcon_core.shell INFO Creating prefix chain script '/home/jetson/aichess/install/setup.zsh'
