/home/jetson/.local/lib/python3.10/site-packages/setuptools/_distutils/dist.py:289: UserWarning: Unknown distribution option: 'tests_require'
  warnings.warn(msg)
running egg_info
creating ../../build/chess_vision/chess_vision.egg-info
writing ../../build/chess_vision/chess_vision.egg-info/PKG-INFO
writing dependency_links to ../../build/chess_vision/chess_vision.egg-info/dependency_links.txt
writing entry points to ../../build/chess_vision/chess_vision.egg-info/entry_points.txt
writing requirements to ../../build/chess_vision/chess_vision.egg-info/requires.txt
writing top-level names to ../../build/chess_vision/chess_vision.egg-info/top_level.txt
writing manifest file '../../build/chess_vision/chess_vision.egg-info/SOURCES.txt'
reading manifest file '../../build/chess_vision/chess_vision.egg-info/SOURCES.txt'
writing manifest file '../../build/chess_vision/chess_vision.egg-info/SOURCES.txt'
running build
running build_py
creating /home/jetson/aichess/build/chess_vision/build/lib/chess_vision
copying chess_vision/piece_detector.py -> /home/jetson/aichess/build/chess_vision/build/lib/chess_vision
copying chess_vision/__init__.py -> /home/jetson/aichess/build/chess_vision/build/lib/chess_vision
copying chess_vision/vision_coordinator.py -> /home/jetson/aichess/build/chess_vision/build/lib/chess_vision
copying chess_vision/board_detector.py -> /home/jetson/aichess/build/chess_vision/build/lib/chess_vision
running install
running install_lib
creating /home/jetson/aichess/install/chess_vision/lib/python3.10/site-packages/chess_vision
copying /home/jetson/aichess/build/chess_vision/build/lib/chess_vision/piece_detector.py -> /home/jetson/aichess/install/chess_vision/lib/python3.10/site-packages/chess_vision
copying /home/jetson/aichess/build/chess_vision/build/lib/chess_vision/__init__.py -> /home/jetson/aichess/install/chess_vision/lib/python3.10/site-packages/chess_vision
copying /home/jetson/aichess/build/chess_vision/build/lib/chess_vision/vision_coordinator.py -> /home/jetson/aichess/install/chess_vision/lib/python3.10/site-packages/chess_vision
copying /home/jetson/aichess/build/chess_vision/build/lib/chess_vision/board_detector.py -> /home/jetson/aichess/install/chess_vision/lib/python3.10/site-packages/chess_vision
byte-compiling /home/jetson/aichess/install/chess_vision/lib/python3.10/site-packages/chess_vision/piece_detector.py to piece_detector.cpython-310.pyc
byte-compiling /home/jetson/aichess/install/chess_vision/lib/python3.10/site-packages/chess_vision/__init__.py to __init__.cpython-310.pyc
byte-compiling /home/jetson/aichess/install/chess_vision/lib/python3.10/site-packages/chess_vision/vision_coordinator.py to vision_coordinator.cpython-310.pyc
byte-compiling /home/jetson/aichess/install/chess_vision/lib/python3.10/site-packages/chess_vision/board_detector.py to board_detector.cpython-310.pyc
running install_data
creating /home/jetson/aichess/install/chess_vision/share/ament_index/resource_index/packages
copying resource/chess_vision -> /home/jetson/aichess/install/chess_vision/share/ament_index/resource_index/packages
copying package.xml -> /home/jetson/aichess/install/chess_vision/share/chess_vision
creating /home/jetson/aichess/install/chess_vision/share/chess_vision/launch
copying launch/chess_vision.launch.py -> /home/jetson/aichess/install/chess_vision/share/chess_vision/launch
creating /home/jetson/aichess/install/chess_vision/share/chess_vision/config
copying config/vision_params.yaml -> /home/jetson/aichess/install/chess_vision/share/chess_vision/config
running install_egg_info
Copying ../../build/chess_vision/chess_vision.egg-info to /home/jetson/aichess/install/chess_vision/lib/python3.10/site-packages/chess_vision-0.0.1-py3.10.egg-info
running install_scripts
Installing board_detector script to /home/jetson/aichess/install/chess_vision/bin
Installing piece_detector script to /home/jetson/aichess/install/chess_vision/bin
Installing vision_coordinator script to /home/jetson/aichess/install/chess_vision/bin
writing list of installed files to '/home/jetson/aichess/build/chess_vision/install.log'
