-- The C compiler identification is GNU 11.4.0
-- The CXX compiler identification is GNU 11.4.0
-- Detecting C compiler ABI info
-- Detecting C compiler ABI info - done
-- Check for working C compiler: /usr/bin/cc - skipped
-- Detecting C compile features
-- Detecting C compile features - done
-- Detecting CXX compiler ABI info
-- Detecting CXX compiler ABI info - done
-- Check for working CXX compiler: /usr/bin/c++ - skipped
-- Detecting CXX compile features
-- Detecting CXX compile features - done
-- Found ament_cmake: 1.3.11 (/opt/ros/humble/share/ament_cmake/cmake)
-- Found Python3: /usr/bin/python3 (found version "3.10.12") found components: Interpreter 
-- Found rclcpp: 16.0.11 (/opt/ros/humble/share/rclcpp/cmake)
-- Found rosidl_generator_c: 3.1.6 (/opt/ros/humble/share/rosidl_generator_c/cmake)
-- Found rosidl_adapter: 3.1.6 (/opt/ros/humble/share/rosidl_adapter/cmake)
-- Found rosidl_generator_cpp: 3.1.6 (/opt/ros/humble/share/rosidl_generator_cpp/cmake)
-- Using all available rosidl_typesupport_c: rosidl_typesupport_fastrtps_c;rosidl_typesupport_introspection_c
-- Using all available rosidl_typesupport_cpp: rosidl_typesupport_fastrtps_cpp;rosidl_typesupport_introspection_cpp
-- Found rmw_implementation_cmake: 6.1.2 (/opt/ros/humble/share/rmw_implementation_cmake/cmake)
-- Found rmw_fastrtps_cpp: 6.2.7 (/opt/ros/humble/share/rmw_fastrtps_cpp/cmake)
-- Found OpenSSL: /usr/lib/aarch64-linux-gnu/libcrypto.so (found version "3.0.2")  
-- Found FastRTPS: /opt/ros/humble/include  
-- Using RMW implementation 'rmw_fastrtps_cpp' as default
-- Looking for pthread.h
-- Looking for pthread.h - found
-- Performing Test CMAKE_HAVE_LIBC_PTHREAD
-- Performing Test CMAKE_HAVE_LIBC_PTHREAD - Success
-- Found Threads: TRUE  
-- Found geometry_msgs: 4.2.4 (/opt/ros/humble/share/geometry_msgs/cmake)
-- Found sensor_msgs: 4.2.4 (/opt/ros/humble/share/sensor_msgs/cmake)
-- Found rosidl_default_generators: 1.2.0 (/opt/ros/humble/share/rosidl_default_generators/cmake)
-- Found ament_cmake_ros: 0.10.0 (/opt/ros/humble/share/ament_cmake_ros/cmake)
-- Using all available rosidl_typesupport_c: rosidl_typesupport_fastrtps_c;rosidl_typesupport_introspection_c
-- Using all available rosidl_typesupport_cpp: rosidl_typesupport_fastrtps_cpp;rosidl_typesupport_introspection_cpp
-- Found PythonInterp: /usr/bin/python3 (found suitable version "3.10.12", minimum required is "3.6") 
-- Found python_cmake_module: 0.10.0 (/opt/ros/humble/share/python_cmake_module/cmake)
-- Found PythonLibs: /usr/lib/aarch64-linux-gnu/libpython3.10.so (found suitable version "3.10.12", minimum required is "3.5") 
-- Using PYTHON_EXECUTABLE: /usr/bin/python3
-- Using PYTHON_INCLUDE_DIRS: /usr/include/python3.10
-- Using PYTHON_LIBRARIES: /usr/lib/aarch64-linux-gnu/libpython3.10.so
-- Found PythonExtra: .so  
-- Using numpy include directory: /home/jetson/.local/lib/python3.10/site-packages/numpy/core/include
-- Found ament_lint_auto: 0.12.11 (/opt/ros/humble/share/ament_lint_auto/cmake)
-- Added test 'lint_cmake' to check CMake code style
-- Added test 'xmllint' to check XML markup files
-- Configuring done
-- Generating done
-- Build files have been written to: /home/jetson/aichess/build/chess_interfaces
[  1%] Generating C code for ROS interfaces
[  2%] Generating C++ code for ROS interfaces
[  2%] Built target ament_cmake_python_copy_chess_interfaces
running egg_info
creating chess_interfaces.egg-info
writing chess_interfaces.egg-info/PKG-INFO
writing dependency_links to chess_interfaces.egg-info/dependency_links.txt
writing top-level names to chess_interfaces.egg-info/top_level.txt
writing manifest file 'chess_interfaces.egg-info/SOURCES.txt'
reading manifest file 'chess_interfaces.egg-info/SOURCES.txt'
writing manifest file 'chess_interfaces.egg-info/SOURCES.txt'
[  2%] Built target ament_cmake_python_build_chess_interfaces_egg
[  2%] Built target chess_interfaces__cpp
[  7%] Generating C++ type support dispatch for ROS interfaces
[  7%] Generating C++ type support for eProsima Fast-RTPS
[  7%] Generating C++ introspection for ROS interfaces
[  8%] Building C object CMakeFiles/chess_interfaces__rosidl_generator_c.dir/rosidl_generator_c/chess_interfaces/msg/detail/board_state__functions.c.o
[  9%] Building C object CMakeFiles/chess_interfaces__rosidl_generator_c.dir/rosidl_generator_c/chess_interfaces/msg/detail/chess_move__functions.c.o
[ 11%] Building C object CMakeFiles/chess_interfaces__rosidl_generator_c.dir/rosidl_generator_c/chess_interfaces/msg/detail/piece_detection__functions.c.o
[ 14%] Building C object CMakeFiles/chess_interfaces__rosidl_generator_c.dir/rosidl_generator_c/chess_interfaces/srv/detail/plan_move__functions.c.o
[ 14%] Building C object CMakeFiles/chess_interfaces__rosidl_generator_c.dir/rosidl_generator_c/chess_interfaces/srv/detail/detect_board__functions.c.o
[ 15%] Building C object CMakeFiles/chess_interfaces__rosidl_generator_c.dir/rosidl_generator_c/chess_interfaces/srv/detail/execute_move__functions.c.o
[ 16%] Linking C shared library libchess_interfaces__rosidl_generator_c.so
[ 16%] Built target chess_interfaces__rosidl_generator_c
[ 19%] Generating C type support for eProsima Fast-RTPS
[ 19%] Generating C type support dispatch for ROS interfaces
[ 21%] Generating C introspection for ROS interfaces
[ 22%] Building CXX object CMakeFiles/chess_interfaces__rosidl_typesupport_cpp.dir/rosidl_typesupport_cpp/chess_interfaces/msg/board_state__type_support.cpp.o
[ 23%] Building CXX object CMakeFiles/chess_interfaces__rosidl_typesupport_introspection_cpp.dir/rosidl_typesupport_introspection_cpp/chess_interfaces/msg/detail/board_state__type_support.cpp.o
[ 25%] Building CXX object CMakeFiles/chess_interfaces__rosidl_typesupport_fastrtps_cpp.dir/rosidl_typesupport_fastrtps_cpp/chess_interfaces/msg/detail/dds_fastrtps/board_state__type_support.cpp.o
[ 26%] Building CXX object CMakeFiles/chess_interfaces__rosidl_typesupport_c.dir/rosidl_typesupport_c/chess_interfaces/msg/board_state__type_support.cpp.o
[ 29%] Building CXX object CMakeFiles/chess_interfaces__rosidl_typesupport_c.dir/rosidl_typesupport_c/chess_interfaces/msg/chess_move__type_support.cpp.o
[ 29%] Building CXX object CMakeFiles/chess_interfaces__rosidl_typesupport_cpp.dir/rosidl_typesupport_cpp/chess_interfaces/msg/chess_move__type_support.cpp.o
[ 30%] Building CXX object CMakeFiles/chess_interfaces__rosidl_typesupport_c.dir/rosidl_typesupport_c/chess_interfaces/msg/piece_detection__type_support.cpp.o
[ 32%] Building CXX object CMakeFiles/chess_interfaces__rosidl_typesupport_c.dir/rosidl_typesupport_c/chess_interfaces/srv/detect_board__type_support.cpp.o
[ 33%] Building CXX object CMakeFiles/chess_interfaces__rosidl_typesupport_fastrtps_c.dir/rosidl_typesupport_fastrtps_c/chess_interfaces/msg/detail/board_state__type_support_c.cpp.o
[ 35%] Building CXX object CMakeFiles/chess_interfaces__rosidl_typesupport_c.dir/rosidl_typesupport_c/chess_interfaces/srv/plan_move__type_support.cpp.o
[ 36%] Building CXX object CMakeFiles/chess_interfaces__rosidl_typesupport_c.dir/rosidl_typesupport_c/chess_interfaces/srv/execute_move__type_support.cpp.o
[ 38%] Building CXX object CMakeFiles/chess_interfaces__rosidl_typesupport_introspection_cpp.dir/rosidl_typesupport_introspection_cpp/chess_interfaces/msg/detail/chess_move__type_support.cpp.o
[ 39%] Building CXX object CMakeFiles/chess_interfaces__rosidl_typesupport_cpp.dir/rosidl_typesupport_cpp/chess_interfaces/msg/piece_detection__type_support.cpp.o
[ 40%] Linking CXX shared library libchess_interfaces__rosidl_typesupport_c.so
[ 40%] Built target chess_interfaces__rosidl_typesupport_c
[ 42%] Building CXX object CMakeFiles/chess_interfaces__rosidl_typesupport_fastrtps_cpp.dir/rosidl_typesupport_fastrtps_cpp/chess_interfaces/msg/detail/dds_fastrtps/chess_move__type_support.cpp.o
[ 43%] Building C object CMakeFiles/chess_interfaces__rosidl_typesupport_introspection_c.dir/rosidl_typesupport_introspection_c/chess_interfaces/msg/detail/board_state__type_support.c.o
[ 45%] Building C object CMakeFiles/chess_interfaces__rosidl_typesupport_introspection_c.dir/rosidl_typesupport_introspection_c/chess_interfaces/msg/detail/chess_move__type_support.c.o
[ 46%] Building CXX object CMakeFiles/chess_interfaces__rosidl_typesupport_fastrtps_cpp.dir/rosidl_typesupport_fastrtps_cpp/chess_interfaces/msg/detail/dds_fastrtps/piece_detection__type_support.cpp.o
[ 47%] Building C object CMakeFiles/chess_interfaces__rosidl_typesupport_introspection_c.dir/rosidl_typesupport_introspection_c/chess_interfaces/msg/detail/piece_detection__type_support.c.o
[ 49%] Building CXX object CMakeFiles/chess_interfaces__rosidl_typesupport_fastrtps_c.dir/rosidl_typesupport_fastrtps_c/chess_interfaces/msg/detail/chess_move__type_support_c.cpp.o
[ 50%] Building C object CMakeFiles/chess_interfaces__rosidl_typesupport_introspection_c.dir/rosidl_typesupport_introspection_c/chess_interfaces/srv/detail/detect_board__type_support.c.o
[ 52%] Building CXX object CMakeFiles/chess_interfaces__rosidl_typesupport_cpp.dir/rosidl_typesupport_cpp/chess_interfaces/srv/detect_board__type_support.cpp.o
[ 53%] Building C object CMakeFiles/chess_interfaces__rosidl_typesupport_introspection_c.dir/rosidl_typesupport_introspection_c/chess_interfaces/srv/detail/plan_move__type_support.c.o
[ 54%] Building C object CMakeFiles/chess_interfaces__rosidl_typesupport_introspection_c.dir/rosidl_typesupport_introspection_c/chess_interfaces/srv/detail/execute_move__type_support.c.o
[ 56%] Linking C shared library libchess_interfaces__rosidl_typesupport_introspection_c.so
[ 57%] Building CXX object CMakeFiles/chess_interfaces__rosidl_typesupport_introspection_cpp.dir/rosidl_typesupport_introspection_cpp/chess_interfaces/msg/detail/piece_detection__type_support.cpp.o
[ 57%] Built target chess_interfaces__rosidl_typesupport_introspection_c
[ 59%] Building CXX object CMakeFiles/chess_interfaces__rosidl_typesupport_fastrtps_c.dir/rosidl_typesupport_fastrtps_c/chess_interfaces/msg/detail/piece_detection__type_support_c.cpp.o
[ 60%] Building CXX object CMakeFiles/chess_interfaces__rosidl_typesupport_fastrtps_c.dir/rosidl_typesupport_fastrtps_c/chess_interfaces/srv/detail/detect_board__type_support_c.cpp.o
[ 61%] Building CXX object CMakeFiles/chess_interfaces__rosidl_typesupport_fastrtps_cpp.dir/rosidl_typesupport_fastrtps_cpp/chess_interfaces/srv/detail/dds_fastrtps/detect_board__type_support.cpp.o
[ 63%] Building CXX object CMakeFiles/chess_interfaces__rosidl_typesupport_fastrtps_cpp.dir/rosidl_typesupport_fastrtps_cpp/chess_interfaces/srv/detail/dds_fastrtps/plan_move__type_support.cpp.o
[ 64%] Building CXX object CMakeFiles/chess_interfaces__rosidl_typesupport_cpp.dir/rosidl_typesupport_cpp/chess_interfaces/srv/plan_move__type_support.cpp.o
[ 66%] Building CXX object CMakeFiles/chess_interfaces__rosidl_typesupport_introspection_cpp.dir/rosidl_typesupport_introspection_cpp/chess_interfaces/srv/detail/detect_board__type_support.cpp.o
[ 67%] Building CXX object CMakeFiles/chess_interfaces__rosidl_typesupport_fastrtps_c.dir/rosidl_typesupport_fastrtps_c/chess_interfaces/srv/detail/plan_move__type_support_c.cpp.o
[ 69%] Building CXX object CMakeFiles/chess_interfaces__rosidl_typesupport_cpp.dir/rosidl_typesupport_cpp/chess_interfaces/srv/execute_move__type_support.cpp.o
[ 70%] Building CXX object CMakeFiles/chess_interfaces__rosidl_typesupport_fastrtps_c.dir/rosidl_typesupport_fastrtps_c/chess_interfaces/srv/detail/execute_move__type_support_c.cpp.o
[ 71%] Building CXX object CMakeFiles/chess_interfaces__rosidl_typesupport_fastrtps_cpp.dir/rosidl_typesupport_fastrtps_cpp/chess_interfaces/srv/detail/dds_fastrtps/execute_move__type_support.cpp.o
[ 73%] Building CXX object CMakeFiles/chess_interfaces__rosidl_typesupport_introspection_cpp.dir/rosidl_typesupport_introspection_cpp/chess_interfaces/srv/detail/plan_move__type_support.cpp.o
[ 74%] Linking CXX shared library libchess_interfaces__rosidl_typesupport_cpp.so
[ 74%] Built target chess_interfaces__rosidl_typesupport_cpp
[ 76%] Building CXX object CMakeFiles/chess_interfaces__rosidl_typesupport_introspection_cpp.dir/rosidl_typesupport_introspection_cpp/chess_interfaces/srv/detail/execute_move__type_support.cpp.o
[ 77%] Linking CXX shared library libchess_interfaces__rosidl_typesupport_fastrtps_c.so
[ 77%] Built target chess_interfaces__rosidl_typesupport_fastrtps_c
[ 78%] Linking CXX shared library libchess_interfaces__rosidl_typesupport_fastrtps_cpp.so
[ 78%] Built target chess_interfaces__rosidl_typesupport_fastrtps_cpp
[ 80%] Linking CXX shared library libchess_interfaces__rosidl_typesupport_introspection_cpp.so
[ 80%] Built target chess_interfaces__rosidl_typesupport_introspection_cpp
[ 80%] Built target chess_interfaces
[ 81%] Generating Python code for ROS interfaces
[ 81%] Built target chess_interfaces__py
[ 87%] Building C object CMakeFiles/chess_interfaces__rosidl_generator_py.dir/rosidl_generator_py/chess_interfaces/srv/_detect_board_s.c.o
[ 87%] Building C object CMakeFiles/chess_interfaces__rosidl_generator_py.dir/rosidl_generator_py/chess_interfaces/msg/_board_state_s.c.o
[ 87%] Building C object CMakeFiles/chess_interfaces__rosidl_generator_py.dir/rosidl_generator_py/chess_interfaces/srv/_execute_move_s.c.o
[ 87%] Building C object CMakeFiles/chess_interfaces__rosidl_generator_py.dir/rosidl_generator_py/chess_interfaces/msg/_piece_detection_s.c.o
[ 88%] Building C object CMakeFiles/chess_interfaces__rosidl_generator_py.dir/rosidl_generator_py/chess_interfaces/srv/_plan_move_s.c.o
[ 90%] Building C object CMakeFiles/chess_interfaces__rosidl_generator_py.dir/rosidl_generator_py/chess_interfaces/msg/_chess_move_s.c.o
[ 91%] Linking C shared library rosidl_generator_py/chess_interfaces/libchess_interfaces__rosidl_generator_py.so
[ 91%] Built target chess_interfaces__rosidl_generator_py
[ 95%] Building C object CMakeFiles/chess_interfaces__rosidl_typesupport_c__pyext.dir/rosidl_generator_py/chess_interfaces/_chess_interfaces_s.ep.rosidl_typesupport_c.c.o
[ 95%] Building C object CMakeFiles/chess_interfaces__rosidl_typesupport_introspection_c__pyext.dir/rosidl_generator_py/chess_interfaces/_chess_interfaces_s.ep.rosidl_typesupport_introspection_c.c.o
[ 95%] Building C object CMakeFiles/chess_interfaces__rosidl_typesupport_fastrtps_c__pyext.dir/rosidl_generator_py/chess_interfaces/_chess_interfaces_s.ep.rosidl_typesupport_fastrtps_c.c.o
[100%] Linking C shared library rosidl_generator_py/chess_interfaces/chess_interfaces_s__rosidl_typesupport_fastrtps_c.cpython-310-aarch64-linux-gnu.so
[100%] Linking C shared library rosidl_generator_py/chess_interfaces/chess_interfaces_s__rosidl_typesupport_c.cpython-310-aarch64-linux-gnu.so
[100%] Linking C shared library rosidl_generator_py/chess_interfaces/chess_interfaces_s__rosidl_typesupport_introspection_c.cpython-310-aarch64-linux-gnu.so
[100%] Built target chess_interfaces__rosidl_typesupport_fastrtps_c__pyext
[100%] Built target chess_interfaces__rosidl_typesupport_introspection_c__pyext
[100%] Built target chess_interfaces__rosidl_typesupport_c__pyext
-- Install configuration: ""
-- Installing: /home/jetson/aichess/install/chess_interfaces/share/ament_index/resource_index/rosidl_interfaces/chess_interfaces
-- Installing: /home/jetson/aichess/install/chess_interfaces/include/chess_interfaces/chess_interfaces
-- Installing: /home/jetson/aichess/install/chess_interfaces/include/chess_interfaces/chess_interfaces/msg
-- Installing: /home/jetson/aichess/install/chess_interfaces/include/chess_interfaces/chess_interfaces/msg/piece_detection.h
-- Installing: /home/jetson/aichess/install/chess_interfaces/include/chess_interfaces/chess_interfaces/msg/rosidl_generator_c__visibility_control.h
-- Installing: /home/jetson/aichess/install/chess_interfaces/include/chess_interfaces/chess_interfaces/msg/chess_move.h
-- Installing: /home/jetson/aichess/install/chess_interfaces/include/chess_interfaces/chess_interfaces/msg/detail
-- Installing: /home/jetson/aichess/install/chess_interfaces/include/chess_interfaces/chess_interfaces/msg/detail/board_state__type_support.h
-- Installing: /home/jetson/aichess/install/chess_interfaces/include/chess_interfaces/chess_interfaces/msg/detail/board_state__struct.h
-- Installing: /home/jetson/aichess/install/chess_interfaces/include/chess_interfaces/chess_interfaces/msg/detail/piece_detection__type_support.h
-- Installing: /home/jetson/aichess/install/chess_interfaces/include/chess_interfaces/chess_interfaces/msg/detail/chess_move__type_support.h
-- Installing: /home/jetson/aichess/install/chess_interfaces/include/chess_interfaces/chess_interfaces/msg/detail/board_state__functions.h
-- Installing: /home/jetson/aichess/install/chess_interfaces/include/chess_interfaces/chess_interfaces/msg/detail/chess_move__functions.c
-- Installing: /home/jetson/aichess/install/chess_interfaces/include/chess_interfaces/chess_interfaces/msg/detail/piece_detection__functions.c
-- Installing: /home/jetson/aichess/install/chess_interfaces/include/chess_interfaces/chess_interfaces/msg/detail/piece_detection__functions.h
-- Installing: /home/jetson/aichess/install/chess_interfaces/include/chess_interfaces/chess_interfaces/msg/detail/board_state__functions.c
-- Installing: /home/jetson/aichess/install/chess_interfaces/include/chess_interfaces/chess_interfaces/msg/detail/piece_detection__struct.h
-- Installing: /home/jetson/aichess/install/chess_interfaces/include/chess_interfaces/chess_interfaces/msg/detail/chess_move__functions.h
-- Installing: /home/jetson/aichess/install/chess_interfaces/include/chess_interfaces/chess_interfaces/msg/detail/chess_move__struct.h
-- Installing: /home/jetson/aichess/install/chess_interfaces/include/chess_interfaces/chess_interfaces/msg/board_state.h
-- Installing: /home/jetson/aichess/install/chess_interfaces/include/chess_interfaces/chess_interfaces/srv
-- Installing: /home/jetson/aichess/install/chess_interfaces/include/chess_interfaces/chess_interfaces/srv/plan_move.h
-- Installing: /home/jetson/aichess/install/chess_interfaces/include/chess_interfaces/chess_interfaces/srv/detect_board.h
-- Installing: /home/jetson/aichess/install/chess_interfaces/include/chess_interfaces/chess_interfaces/srv/detail
-- Installing: /home/jetson/aichess/install/chess_interfaces/include/chess_interfaces/chess_interfaces/srv/detail/detect_board__struct.h
-- Installing: /home/jetson/aichess/install/chess_interfaces/include/chess_interfaces/chess_interfaces/srv/detail/plan_move__struct.h
-- Installing: /home/jetson/aichess/install/chess_interfaces/include/chess_interfaces/chess_interfaces/srv/detail/detect_board__functions.c
-- Installing: /home/jetson/aichess/install/chess_interfaces/include/chess_interfaces/chess_interfaces/srv/detail/plan_move__type_support.h
-- Installing: /home/jetson/aichess/install/chess_interfaces/include/chess_interfaces/chess_interfaces/srv/detail/execute_move__struct.h
-- Installing: /home/jetson/aichess/install/chess_interfaces/include/chess_interfaces/chess_interfaces/srv/detail/plan_move__functions.c
-- Installing: /home/jetson/aichess/install/chess_interfaces/include/chess_interfaces/chess_interfaces/srv/detail/detect_board__type_support.h
-- Installing: /home/jetson/aichess/install/chess_interfaces/include/chess_interfaces/chess_interfaces/srv/detail/detect_board__functions.h
-- Installing: /home/jetson/aichess/install/chess_interfaces/include/chess_interfaces/chess_interfaces/srv/detail/execute_move__functions.c
-- Installing: /home/jetson/aichess/install/chess_interfaces/include/chess_interfaces/chess_interfaces/srv/detail/execute_move__functions.h
-- Installing: /home/jetson/aichess/install/chess_interfaces/include/chess_interfaces/chess_interfaces/srv/detail/plan_move__functions.h
-- Installing: /home/jetson/aichess/install/chess_interfaces/include/chess_interfaces/chess_interfaces/srv/detail/execute_move__type_support.h
-- Installing: /home/jetson/aichess/install/chess_interfaces/include/chess_interfaces/chess_interfaces/srv/execute_move.h
-- Installing: /home/jetson/aichess/install/chess_interfaces/share/chess_interfaces/environment/library_path.sh
-- Installing: /home/jetson/aichess/install/chess_interfaces/share/chess_interfaces/environment/library_path.dsv
-- Installing: /home/jetson/aichess/install/chess_interfaces/lib/libchess_interfaces__rosidl_generator_c.so
-- Set runtime path of "/home/jetson/aichess/install/chess_interfaces/lib/libchess_interfaces__rosidl_generator_c.so" to ""
-- Up-to-date: /home/jetson/aichess/install/chess_interfaces/include/chess_interfaces/chess_interfaces
-- Up-to-date: /home/jetson/aichess/install/chess_interfaces/include/chess_interfaces/chess_interfaces/msg
-- Installing: /home/jetson/aichess/install/chess_interfaces/include/chess_interfaces/chess_interfaces/msg/rosidl_typesupport_fastrtps_c__visibility_control.h
-- Up-to-date: /home/jetson/aichess/install/chess_interfaces/include/chess_interfaces/chess_interfaces/msg/detail
-- Installing: /home/jetson/aichess/install/chess_interfaces/include/chess_interfaces/chess_interfaces/msg/detail/piece_detection__rosidl_typesupport_fastrtps_c.h
-- Installing: /home/jetson/aichess/install/chess_interfaces/include/chess_interfaces/chess_interfaces/msg/detail/board_state__rosidl_typesupport_fastrtps_c.h
-- Installing: /home/jetson/aichess/install/chess_interfaces/include/chess_interfaces/chess_interfaces/msg/detail/chess_move__rosidl_typesupport_fastrtps_c.h
-- Up-to-date: /home/jetson/aichess/install/chess_interfaces/include/chess_interfaces/chess_interfaces/srv
-- Up-to-date: /home/jetson/aichess/install/chess_interfaces/include/chess_interfaces/chess_interfaces/srv/detail
-- Installing: /home/jetson/aichess/install/chess_interfaces/include/chess_interfaces/chess_interfaces/srv/detail/detect_board__rosidl_typesupport_fastrtps_c.h
-- Installing: /home/jetson/aichess/install/chess_interfaces/include/chess_interfaces/chess_interfaces/srv/detail/plan_move__rosidl_typesupport_fastrtps_c.h
-- Installing: /home/jetson/aichess/install/chess_interfaces/include/chess_interfaces/chess_interfaces/srv/detail/execute_move__rosidl_typesupport_fastrtps_c.h
-- Installing: /home/jetson/aichess/install/chess_interfaces/lib/libchess_interfaces__rosidl_typesupport_fastrtps_c.so
-- Set runtime path of "/home/jetson/aichess/install/chess_interfaces/lib/libchess_interfaces__rosidl_typesupport_fastrtps_c.so" to ""
-- Up-to-date: /home/jetson/aichess/install/chess_interfaces/include/chess_interfaces/chess_interfaces
-- Up-to-date: /home/jetson/aichess/install/chess_interfaces/include/chess_interfaces/chess_interfaces/msg
-- Installing: /home/jetson/aichess/install/chess_interfaces/include/chess_interfaces/chess_interfaces/msg/chess_move.hpp
-- Installing: /home/jetson/aichess/install/chess_interfaces/include/chess_interfaces/chess_interfaces/msg/rosidl_generator_cpp__visibility_control.hpp
-- Up-to-date: /home/jetson/aichess/install/chess_interfaces/include/chess_interfaces/chess_interfaces/msg/detail
-- Installing: /home/jetson/aichess/install/chess_interfaces/include/chess_interfaces/chess_interfaces/msg/detail/board_state__traits.hpp
-- Installing: /home/jetson/aichess/install/chess_interfaces/include/chess_interfaces/chess_interfaces/msg/detail/chess_move__builder.hpp
-- Installing: /home/jetson/aichess/install/chess_interfaces/include/chess_interfaces/chess_interfaces/msg/detail/piece_detection__traits.hpp
-- Installing: /home/jetson/aichess/install/chess_interfaces/include/chess_interfaces/chess_interfaces/msg/detail/board_state__struct.hpp
-- Installing: /home/jetson/aichess/install/chess_interfaces/include/chess_interfaces/chess_interfaces/msg/detail/chess_move__struct.hpp
-- Installing: /home/jetson/aichess/install/chess_interfaces/include/chess_interfaces/chess_interfaces/msg/detail/chess_move__traits.hpp
-- Installing: /home/jetson/aichess/install/chess_interfaces/include/chess_interfaces/chess_interfaces/msg/detail/piece_detection__struct.hpp
-- Installing: /home/jetson/aichess/install/chess_interfaces/include/chess_interfaces/chess_interfaces/msg/detail/board_state__builder.hpp
-- Installing: /home/jetson/aichess/install/chess_interfaces/include/chess_interfaces/chess_interfaces/msg/detail/board_state__type_support.hpp
-- Installing: /home/jetson/aichess/install/chess_interfaces/include/chess_interfaces/chess_interfaces/msg/detail/piece_detection__type_support.hpp
-- Installing: /home/jetson/aichess/install/chess_interfaces/include/chess_interfaces/chess_interfaces/msg/detail/chess_move__type_support.hpp
-- Installing: /home/jetson/aichess/install/chess_interfaces/include/chess_interfaces/chess_interfaces/msg/detail/piece_detection__builder.hpp
-- Installing: /home/jetson/aichess/install/chess_interfaces/include/chess_interfaces/chess_interfaces/msg/piece_detection.hpp
-- Installing: /home/jetson/aichess/install/chess_interfaces/include/chess_interfaces/chess_interfaces/msg/board_state.hpp
-- Up-to-date: /home/jetson/aichess/install/chess_interfaces/include/chess_interfaces/chess_interfaces/srv
-- Installing: /home/jetson/aichess/install/chess_interfaces/include/chess_interfaces/chess_interfaces/srv/execute_move.hpp
-- Installing: /home/jetson/aichess/install/chess_interfaces/include/chess_interfaces/chess_interfaces/srv/plan_move.hpp
-- Installing: /home/jetson/aichess/install/chess_interfaces/include/chess_interfaces/chess_interfaces/srv/detect_board.hpp
-- Up-to-date: /home/jetson/aichess/install/chess_interfaces/include/chess_interfaces/chess_interfaces/srv/detail
-- Installing: /home/jetson/aichess/install/chess_interfaces/include/chess_interfaces/chess_interfaces/srv/detail/detect_board__builder.hpp
-- Installing: /home/jetson/aichess/install/chess_interfaces/include/chess_interfaces/chess_interfaces/srv/detail/detect_board__type_support.hpp
-- Installing: /home/jetson/aichess/install/chess_interfaces/include/chess_interfaces/chess_interfaces/srv/detail/detect_board__struct.hpp
-- Installing: /home/jetson/aichess/install/chess_interfaces/include/chess_interfaces/chess_interfaces/srv/detail/detect_board__traits.hpp
-- Installing: /home/jetson/aichess/install/chess_interfaces/include/chess_interfaces/chess_interfaces/srv/detail/execute_move__struct.hpp
-- Installing: /home/jetson/aichess/install/chess_interfaces/include/chess_interfaces/chess_interfaces/srv/detail/plan_move__type_support.hpp
-- Installing: /home/jetson/aichess/install/chess_interfaces/include/chess_interfaces/chess_interfaces/srv/detail/execute_move__type_support.hpp
-- Installing: /home/jetson/aichess/install/chess_interfaces/include/chess_interfaces/chess_interfaces/srv/detail/plan_move__struct.hpp
-- Installing: /home/jetson/aichess/install/chess_interfaces/include/chess_interfaces/chess_interfaces/srv/detail/plan_move__traits.hpp
-- Installing: /home/jetson/aichess/install/chess_interfaces/include/chess_interfaces/chess_interfaces/srv/detail/execute_move__builder.hpp
-- Installing: /home/jetson/aichess/install/chess_interfaces/include/chess_interfaces/chess_interfaces/srv/detail/execute_move__traits.hpp
-- Installing: /home/jetson/aichess/install/chess_interfaces/include/chess_interfaces/chess_interfaces/srv/detail/plan_move__builder.hpp
-- Up-to-date: /home/jetson/aichess/install/chess_interfaces/include/chess_interfaces/chess_interfaces
-- Up-to-date: /home/jetson/aichess/install/chess_interfaces/include/chess_interfaces/chess_interfaces/msg
-- Installing: /home/jetson/aichess/install/chess_interfaces/include/chess_interfaces/chess_interfaces/msg/rosidl_typesupport_fastrtps_cpp__visibility_control.h
-- Up-to-date: /home/jetson/aichess/install/chess_interfaces/include/chess_interfaces/chess_interfaces/msg/detail
-- Installing: /home/jetson/aichess/install/chess_interfaces/include/chess_interfaces/chess_interfaces/msg/detail/dds_fastrtps
-- Installing: /home/jetson/aichess/install/chess_interfaces/include/chess_interfaces/chess_interfaces/msg/detail/board_state__rosidl_typesupport_fastrtps_cpp.hpp
-- Installing: /home/jetson/aichess/install/chess_interfaces/include/chess_interfaces/chess_interfaces/msg/detail/piece_detection__rosidl_typesupport_fastrtps_cpp.hpp
-- Installing: /home/jetson/aichess/install/chess_interfaces/include/chess_interfaces/chess_interfaces/msg/detail/chess_move__rosidl_typesupport_fastrtps_cpp.hpp
-- Up-to-date: /home/jetson/aichess/install/chess_interfaces/include/chess_interfaces/chess_interfaces/srv
-- Up-to-date: /home/jetson/aichess/install/chess_interfaces/include/chess_interfaces/chess_interfaces/srv/detail
-- Installing: /home/jetson/aichess/install/chess_interfaces/include/chess_interfaces/chess_interfaces/srv/detail/dds_fastrtps
-- Installing: /home/jetson/aichess/install/chess_interfaces/include/chess_interfaces/chess_interfaces/srv/detail/detect_board__rosidl_typesupport_fastrtps_cpp.hpp
-- Installing: /home/jetson/aichess/install/chess_interfaces/include/chess_interfaces/chess_interfaces/srv/detail/execute_move__rosidl_typesupport_fastrtps_cpp.hpp
-- Installing: /home/jetson/aichess/install/chess_interfaces/include/chess_interfaces/chess_interfaces/srv/detail/plan_move__rosidl_typesupport_fastrtps_cpp.hpp
-- Installing: /home/jetson/aichess/install/chess_interfaces/lib/libchess_interfaces__rosidl_typesupport_fastrtps_cpp.so
-- Set runtime path of "/home/jetson/aichess/install/chess_interfaces/lib/libchess_interfaces__rosidl_typesupport_fastrtps_cpp.so" to ""
-- Up-to-date: /home/jetson/aichess/install/chess_interfaces/include/chess_interfaces/chess_interfaces
-- Up-to-date: /home/jetson/aichess/install/chess_interfaces/include/chess_interfaces/chess_interfaces/msg
-- Installing: /home/jetson/aichess/install/chess_interfaces/include/chess_interfaces/chess_interfaces/msg/rosidl_typesupport_introspection_c__visibility_control.h
-- Up-to-date: /home/jetson/aichess/install/chess_interfaces/include/chess_interfaces/chess_interfaces/msg/detail
-- Installing: /home/jetson/aichess/install/chess_interfaces/include/chess_interfaces/chess_interfaces/msg/detail/board_state__rosidl_typesupport_introspection_c.h
-- Installing: /home/jetson/aichess/install/chess_interfaces/include/chess_interfaces/chess_interfaces/msg/detail/chess_move__rosidl_typesupport_introspection_c.h
-- Installing: /home/jetson/aichess/install/chess_interfaces/include/chess_interfaces/chess_interfaces/msg/detail/board_state__type_support.c
-- Installing: /home/jetson/aichess/install/chess_interfaces/include/chess_interfaces/chess_interfaces/msg/detail/piece_detection__rosidl_typesupport_introspection_c.h
-- Installing: /home/jetson/aichess/install/chess_interfaces/include/chess_interfaces/chess_interfaces/msg/detail/chess_move__type_support.c
-- Installing: /home/jetson/aichess/install/chess_interfaces/include/chess_interfaces/chess_interfaces/msg/detail/piece_detection__type_support.c
-- Up-to-date: /home/jetson/aichess/install/chess_interfaces/include/chess_interfaces/chess_interfaces/srv
-- Up-to-date: /home/jetson/aichess/install/chess_interfaces/include/chess_interfaces/chess_interfaces/srv/detail
-- Installing: /home/jetson/aichess/install/chess_interfaces/include/chess_interfaces/chess_interfaces/srv/detail/execute_move__rosidl_typesupport_introspection_c.h
-- Installing: /home/jetson/aichess/install/chess_interfaces/include/chess_interfaces/chess_interfaces/srv/detail/execute_move__type_support.c
-- Installing: /home/jetson/aichess/install/chess_interfaces/include/chess_interfaces/chess_interfaces/srv/detail/detect_board__type_support.c
-- Installing: /home/jetson/aichess/install/chess_interfaces/include/chess_interfaces/chess_interfaces/srv/detail/plan_move__type_support.c
-- Installing: /home/jetson/aichess/install/chess_interfaces/include/chess_interfaces/chess_interfaces/srv/detail/plan_move__rosidl_typesupport_introspection_c.h
-- Installing: /home/jetson/aichess/install/chess_interfaces/include/chess_interfaces/chess_interfaces/srv/detail/detect_board__rosidl_typesupport_introspection_c.h
-- Installing: /home/jetson/aichess/install/chess_interfaces/lib/libchess_interfaces__rosidl_typesupport_introspection_c.so
-- Set runtime path of "/home/jetson/aichess/install/chess_interfaces/lib/libchess_interfaces__rosidl_typesupport_introspection_c.so" to ""
-- Installing: /home/jetson/aichess/install/chess_interfaces/lib/libchess_interfaces__rosidl_typesupport_c.so
-- Set runtime path of "/home/jetson/aichess/install/chess_interfaces/lib/libchess_interfaces__rosidl_typesupport_c.so" to ""
-- Up-to-date: /home/jetson/aichess/install/chess_interfaces/include/chess_interfaces/chess_interfaces
-- Up-to-date: /home/jetson/aichess/install/chess_interfaces/include/chess_interfaces/chess_interfaces/msg
-- Up-to-date: /home/jetson/aichess/install/chess_interfaces/include/chess_interfaces/chess_interfaces/msg/detail
-- Installing: /home/jetson/aichess/install/chess_interfaces/include/chess_interfaces/chess_interfaces/msg/detail/chess_move__rosidl_typesupport_introspection_cpp.hpp
-- Installing: /home/jetson/aichess/install/chess_interfaces/include/chess_interfaces/chess_interfaces/msg/detail/board_state__type_support.cpp
-- Installing: /home/jetson/aichess/install/chess_interfaces/include/chess_interfaces/chess_interfaces/msg/detail/piece_detection__type_support.cpp
-- Installing: /home/jetson/aichess/install/chess_interfaces/include/chess_interfaces/chess_interfaces/msg/detail/chess_move__type_support.cpp
-- Installing: /home/jetson/aichess/install/chess_interfaces/include/chess_interfaces/chess_interfaces/msg/detail/board_state__rosidl_typesupport_introspection_cpp.hpp
-- Installing: /home/jetson/aichess/install/chess_interfaces/include/chess_interfaces/chess_interfaces/msg/detail/piece_detection__rosidl_typesupport_introspection_cpp.hpp
-- Up-to-date: /home/jetson/aichess/install/chess_interfaces/include/chess_interfaces/chess_interfaces/srv
-- Up-to-date: /home/jetson/aichess/install/chess_interfaces/include/chess_interfaces/chess_interfaces/srv/detail
-- Installing: /home/jetson/aichess/install/chess_interfaces/include/chess_interfaces/chess_interfaces/srv/detail/execute_move__rosidl_typesupport_introspection_cpp.hpp
-- Installing: /home/jetson/aichess/install/chess_interfaces/include/chess_interfaces/chess_interfaces/srv/detail/detect_board__rosidl_typesupport_introspection_cpp.hpp
-- Installing: /home/jetson/aichess/install/chess_interfaces/include/chess_interfaces/chess_interfaces/srv/detail/detect_board__type_support.cpp
-- Installing: /home/jetson/aichess/install/chess_interfaces/include/chess_interfaces/chess_interfaces/srv/detail/plan_move__rosidl_typesupport_introspection_cpp.hpp
-- Installing: /home/jetson/aichess/install/chess_interfaces/include/chess_interfaces/chess_interfaces/srv/detail/plan_move__type_support.cpp
-- Installing: /home/jetson/aichess/install/chess_interfaces/include/chess_interfaces/chess_interfaces/srv/detail/execute_move__type_support.cpp
-- Installing: /home/jetson/aichess/install/chess_interfaces/lib/libchess_interfaces__rosidl_typesupport_introspection_cpp.so
-- Set runtime path of "/home/jetson/aichess/install/chess_interfaces/lib/libchess_interfaces__rosidl_typesupport_introspection_cpp.so" to ""
-- Installing: /home/jetson/aichess/install/chess_interfaces/lib/libchess_interfaces__rosidl_typesupport_cpp.so
-- Set runtime path of "/home/jetson/aichess/install/chess_interfaces/lib/libchess_interfaces__rosidl_typesupport_cpp.so" to ""
-- Installing: /home/jetson/aichess/install/chess_interfaces/share/chess_interfaces/environment/pythonpath.sh
-- Installing: /home/jetson/aichess/install/chess_interfaces/share/chess_interfaces/environment/pythonpath.dsv
-- Installing: /home/jetson/aichess/install/chess_interfaces/local/lib/python3.10/dist-packages/chess_interfaces-0.0.0-py3.10.egg-info
-- Installing: /home/jetson/aichess/install/chess_interfaces/local/lib/python3.10/dist-packages/chess_interfaces-0.0.0-py3.10.egg-info/top_level.txt
-- Installing: /home/jetson/aichess/install/chess_interfaces/local/lib/python3.10/dist-packages/chess_interfaces-0.0.0-py3.10.egg-info/SOURCES.txt
-- Installing: /home/jetson/aichess/install/chess_interfaces/local/lib/python3.10/dist-packages/chess_interfaces-0.0.0-py3.10.egg-info/PKG-INFO
-- Installing: /home/jetson/aichess/install/chess_interfaces/local/lib/python3.10/dist-packages/chess_interfaces-0.0.0-py3.10.egg-info/dependency_links.txt
-- Installing: /home/jetson/aichess/install/chess_interfaces/local/lib/python3.10/dist-packages/chess_interfaces
-- Installing: /home/jetson/aichess/install/chess_interfaces/local/lib/python3.10/dist-packages/chess_interfaces/_chess_interfaces_s.ep.rosidl_typesupport_introspection_c.c
-- Installing: /home/jetson/aichess/install/chess_interfaces/local/lib/python3.10/dist-packages/chess_interfaces/chess_interfaces_s__rosidl_typesupport_fastrtps_c.cpython-310-aarch64-linux-gnu.so
-- Installing: /home/jetson/aichess/install/chess_interfaces/local/lib/python3.10/dist-packages/chess_interfaces/chess_interfaces_s__rosidl_typesupport_introspection_c.cpython-310-aarch64-linux-gnu.so
-- Installing: /home/jetson/aichess/install/chess_interfaces/local/lib/python3.10/dist-packages/chess_interfaces/libchess_interfaces__rosidl_generator_py.so
-- Installing: /home/jetson/aichess/install/chess_interfaces/local/lib/python3.10/dist-packages/chess_interfaces/__init__.py
-- Installing: /home/jetson/aichess/install/chess_interfaces/local/lib/python3.10/dist-packages/chess_interfaces/_chess_interfaces_s.ep.rosidl_typesupport_fastrtps_c.c
-- Installing: /home/jetson/aichess/install/chess_interfaces/local/lib/python3.10/dist-packages/chess_interfaces/msg
-- Installing: /home/jetson/aichess/install/chess_interfaces/local/lib/python3.10/dist-packages/chess_interfaces/msg/_chess_move_s.c
-- Installing: /home/jetson/aichess/install/chess_interfaces/local/lib/python3.10/dist-packages/chess_interfaces/msg/_piece_detection.py
-- Installing: /home/jetson/aichess/install/chess_interfaces/local/lib/python3.10/dist-packages/chess_interfaces/msg/_board_state.py
-- Installing: /home/jetson/aichess/install/chess_interfaces/local/lib/python3.10/dist-packages/chess_interfaces/msg/__init__.py
-- Installing: /home/jetson/aichess/install/chess_interfaces/local/lib/python3.10/dist-packages/chess_interfaces/msg/_piece_detection_s.c
-- Installing: /home/jetson/aichess/install/chess_interfaces/local/lib/python3.10/dist-packages/chess_interfaces/msg/_board_state_s.c
-- Installing: /home/jetson/aichess/install/chess_interfaces/local/lib/python3.10/dist-packages/chess_interfaces/msg/_chess_move.py
-- Installing: /home/jetson/aichess/install/chess_interfaces/local/lib/python3.10/dist-packages/chess_interfaces/_chess_interfaces_s.ep.rosidl_typesupport_c.c
-- Installing: /home/jetson/aichess/install/chess_interfaces/local/lib/python3.10/dist-packages/chess_interfaces/srv
-- Installing: /home/jetson/aichess/install/chess_interfaces/local/lib/python3.10/dist-packages/chess_interfaces/srv/_execute_move_s.c
-- Installing: /home/jetson/aichess/install/chess_interfaces/local/lib/python3.10/dist-packages/chess_interfaces/srv/_execute_move.py
-- Installing: /home/jetson/aichess/install/chess_interfaces/local/lib/python3.10/dist-packages/chess_interfaces/srv/__init__.py
-- Installing: /home/jetson/aichess/install/chess_interfaces/local/lib/python3.10/dist-packages/chess_interfaces/srv/_plan_move_s.c
-- Installing: /home/jetson/aichess/install/chess_interfaces/local/lib/python3.10/dist-packages/chess_interfaces/srv/_detect_board.py
-- Installing: /home/jetson/aichess/install/chess_interfaces/local/lib/python3.10/dist-packages/chess_interfaces/srv/_detect_board_s.c
-- Installing: /home/jetson/aichess/install/chess_interfaces/local/lib/python3.10/dist-packages/chess_interfaces/srv/_plan_move.py
-- Installing: /home/jetson/aichess/install/chess_interfaces/local/lib/python3.10/dist-packages/chess_interfaces/chess_interfaces_s__rosidl_typesupport_c.cpython-310-aarch64-linux-gnu.so
Listing '/home/jetson/aichess/install/chess_interfaces/local/lib/python3.10/dist-packages/chess_interfaces'...
Compiling '/home/jetson/aichess/install/chess_interfaces/local/lib/python3.10/dist-packages/chess_interfaces/__init__.py'...
Listing '/home/jetson/aichess/install/chess_interfaces/local/lib/python3.10/dist-packages/chess_interfaces/msg'...
Compiling '/home/jetson/aichess/install/chess_interfaces/local/lib/python3.10/dist-packages/chess_interfaces/msg/__init__.py'...
Compiling '/home/jetson/aichess/install/chess_interfaces/local/lib/python3.10/dist-packages/chess_interfaces/msg/_board_state.py'...
Compiling '/home/jetson/aichess/install/chess_interfaces/local/lib/python3.10/dist-packages/chess_interfaces/msg/_chess_move.py'...
Compiling '/home/jetson/aichess/install/chess_interfaces/local/lib/python3.10/dist-packages/chess_interfaces/msg/_piece_detection.py'...
Listing '/home/jetson/aichess/install/chess_interfaces/local/lib/python3.10/dist-packages/chess_interfaces/srv'...
Compiling '/home/jetson/aichess/install/chess_interfaces/local/lib/python3.10/dist-packages/chess_interfaces/srv/__init__.py'...
Compiling '/home/jetson/aichess/install/chess_interfaces/local/lib/python3.10/dist-packages/chess_interfaces/srv/_detect_board.py'...
Compiling '/home/jetson/aichess/install/chess_interfaces/local/lib/python3.10/dist-packages/chess_interfaces/srv/_execute_move.py'...
Compiling '/home/jetson/aichess/install/chess_interfaces/local/lib/python3.10/dist-packages/chess_interfaces/srv/_plan_move.py'...
-- Installing: /home/jetson/aichess/install/chess_interfaces/local/lib/python3.10/dist-packages/chess_interfaces/chess_interfaces_s__rosidl_typesupport_fastrtps_c.cpython-310-aarch64-linux-gnu.so
-- Set runtime path of "/home/jetson/aichess/install/chess_interfaces/local/lib/python3.10/dist-packages/chess_interfaces/chess_interfaces_s__rosidl_typesupport_fastrtps_c.cpython-310-aarch64-linux-gnu.so" to ""
-- Installing: /home/jetson/aichess/install/chess_interfaces/local/lib/python3.10/dist-packages/chess_interfaces/chess_interfaces_s__rosidl_typesupport_introspection_c.cpython-310-aarch64-linux-gnu.so
-- Set runtime path of "/home/jetson/aichess/install/chess_interfaces/local/lib/python3.10/dist-packages/chess_interfaces/chess_interfaces_s__rosidl_typesupport_introspection_c.cpython-310-aarch64-linux-gnu.so" to ""
-- Installing: /home/jetson/aichess/install/chess_interfaces/local/lib/python3.10/dist-packages/chess_interfaces/chess_interfaces_s__rosidl_typesupport_c.cpython-310-aarch64-linux-gnu.so
-- Set runtime path of "/home/jetson/aichess/install/chess_interfaces/local/lib/python3.10/dist-packages/chess_interfaces/chess_interfaces_s__rosidl_typesupport_c.cpython-310-aarch64-linux-gnu.so" to ""
-- Installing: /home/jetson/aichess/install/chess_interfaces/lib/libchess_interfaces__rosidl_generator_py.so
-- Set runtime path of "/home/jetson/aichess/install/chess_interfaces/lib/libchess_interfaces__rosidl_generator_py.so" to ""
-- Installing: /home/jetson/aichess/install/chess_interfaces/share/chess_interfaces/msg/BoardState.idl
-- Installing: /home/jetson/aichess/install/chess_interfaces/share/chess_interfaces/msg/ChessMove.idl
-- Installing: /home/jetson/aichess/install/chess_interfaces/share/chess_interfaces/msg/PieceDetection.idl
-- Installing: /home/jetson/aichess/install/chess_interfaces/share/chess_interfaces/srv/DetectBoard.idl
-- Installing: /home/jetson/aichess/install/chess_interfaces/share/chess_interfaces/srv/PlanMove.idl
-- Installing: /home/jetson/aichess/install/chess_interfaces/share/chess_interfaces/srv/ExecuteMove.idl
-- Installing: /home/jetson/aichess/install/chess_interfaces/share/chess_interfaces/msg/BoardState.msg
-- Installing: /home/jetson/aichess/install/chess_interfaces/share/chess_interfaces/msg/ChessMove.msg
-- Installing: /home/jetson/aichess/install/chess_interfaces/share/chess_interfaces/msg/PieceDetection.msg
-- Installing: /home/jetson/aichess/install/chess_interfaces/share/chess_interfaces/srv/DetectBoard.srv
-- Installing: /home/jetson/aichess/install/chess_interfaces/share/chess_interfaces/srv/DetectBoard_Request.msg
-- Installing: /home/jetson/aichess/install/chess_interfaces/share/chess_interfaces/srv/DetectBoard_Response.msg
-- Installing: /home/jetson/aichess/install/chess_interfaces/share/chess_interfaces/srv/PlanMove.srv
-- Installing: /home/jetson/aichess/install/chess_interfaces/share/chess_interfaces/srv/PlanMove_Request.msg
-- Installing: /home/jetson/aichess/install/chess_interfaces/share/chess_interfaces/srv/PlanMove_Response.msg
-- Installing: /home/jetson/aichess/install/chess_interfaces/share/chess_interfaces/srv/ExecuteMove.srv
-- Installing: /home/jetson/aichess/install/chess_interfaces/share/chess_interfaces/srv/ExecuteMove_Request.msg
-- Installing: /home/jetson/aichess/install/chess_interfaces/share/chess_interfaces/srv/ExecuteMove_Response.msg
-- Installing: /home/jetson/aichess/install/chess_interfaces/share/ament_index/resource_index/package_run_dependencies/chess_interfaces
-- Installing: /home/jetson/aichess/install/chess_interfaces/share/ament_index/resource_index/parent_prefix_path/chess_interfaces
-- Installing: /home/jetson/aichess/install/chess_interfaces/share/chess_interfaces/environment/ament_prefix_path.sh
-- Installing: /home/jetson/aichess/install/chess_interfaces/share/chess_interfaces/environment/ament_prefix_path.dsv
-- Installing: /home/jetson/aichess/install/chess_interfaces/share/chess_interfaces/environment/path.sh
-- Installing: /home/jetson/aichess/install/chess_interfaces/share/chess_interfaces/environment/path.dsv
-- Installing: /home/jetson/aichess/install/chess_interfaces/share/chess_interfaces/local_setup.bash
-- Installing: /home/jetson/aichess/install/chess_interfaces/share/chess_interfaces/local_setup.sh
-- Installing: /home/jetson/aichess/install/chess_interfaces/share/chess_interfaces/local_setup.zsh
-- Installing: /home/jetson/aichess/install/chess_interfaces/share/chess_interfaces/local_setup.dsv
-- Installing: /home/jetson/aichess/install/chess_interfaces/share/chess_interfaces/package.dsv
-- Installing: /home/jetson/aichess/install/chess_interfaces/share/ament_index/resource_index/packages/chess_interfaces
-- Installing: /home/jetson/aichess/install/chess_interfaces/share/chess_interfaces/cmake/export_chess_interfaces__rosidl_generator_cExport.cmake
-- Installing: /home/jetson/aichess/install/chess_interfaces/share/chess_interfaces/cmake/export_chess_interfaces__rosidl_generator_cExport-noconfig.cmake
-- Installing: /home/jetson/aichess/install/chess_interfaces/share/chess_interfaces/cmake/export_chess_interfaces__rosidl_typesupport_fastrtps_cExport.cmake
-- Installing: /home/jetson/aichess/install/chess_interfaces/share/chess_interfaces/cmake/export_chess_interfaces__rosidl_typesupport_fastrtps_cExport-noconfig.cmake
-- Installing: /home/jetson/aichess/install/chess_interfaces/share/chess_interfaces/cmake/export_chess_interfaces__rosidl_generator_cppExport.cmake
-- Installing: /home/jetson/aichess/install/chess_interfaces/share/chess_interfaces/cmake/export_chess_interfaces__rosidl_typesupport_fastrtps_cppExport.cmake
-- Installing: /home/jetson/aichess/install/chess_interfaces/share/chess_interfaces/cmake/export_chess_interfaces__rosidl_typesupport_fastrtps_cppExport-noconfig.cmake
-- Installing: /home/jetson/aichess/install/chess_interfaces/share/chess_interfaces/cmake/chess_interfaces__rosidl_typesupport_introspection_cExport.cmake
-- Installing: /home/jetson/aichess/install/chess_interfaces/share/chess_interfaces/cmake/chess_interfaces__rosidl_typesupport_introspection_cExport-noconfig.cmake
-- Installing: /home/jetson/aichess/install/chess_interfaces/share/chess_interfaces/cmake/chess_interfaces__rosidl_typesupport_cExport.cmake
-- Installing: /home/jetson/aichess/install/chess_interfaces/share/chess_interfaces/cmake/chess_interfaces__rosidl_typesupport_cExport-noconfig.cmake
-- Installing: /home/jetson/aichess/install/chess_interfaces/share/chess_interfaces/cmake/chess_interfaces__rosidl_typesupport_introspection_cppExport.cmake
-- Installing: /home/jetson/aichess/install/chess_interfaces/share/chess_interfaces/cmake/chess_interfaces__rosidl_typesupport_introspection_cppExport-noconfig.cmake
-- Installing: /home/jetson/aichess/install/chess_interfaces/share/chess_interfaces/cmake/chess_interfaces__rosidl_typesupport_cppExport.cmake
-- Installing: /home/jetson/aichess/install/chess_interfaces/share/chess_interfaces/cmake/chess_interfaces__rosidl_typesupport_cppExport-noconfig.cmake
-- Installing: /home/jetson/aichess/install/chess_interfaces/share/chess_interfaces/cmake/export_chess_interfaces__rosidl_generator_pyExport.cmake
-- Installing: /home/jetson/aichess/install/chess_interfaces/share/chess_interfaces/cmake/export_chess_interfaces__rosidl_generator_pyExport-noconfig.cmake
-- Installing: /home/jetson/aichess/install/chess_interfaces/share/chess_interfaces/cmake/rosidl_cmake-extras.cmake
-- Installing: /home/jetson/aichess/install/chess_interfaces/share/chess_interfaces/cmake/ament_cmake_export_dependencies-extras.cmake
-- Installing: /home/jetson/aichess/install/chess_interfaces/share/chess_interfaces/cmake/ament_cmake_export_include_directories-extras.cmake
-- Installing: /home/jetson/aichess/install/chess_interfaces/share/chess_interfaces/cmake/ament_cmake_export_libraries-extras.cmake
-- Installing: /home/jetson/aichess/install/chess_interfaces/share/chess_interfaces/cmake/ament_cmake_export_targets-extras.cmake
-- Installing: /home/jetson/aichess/install/chess_interfaces/share/chess_interfaces/cmake/rosidl_cmake_export_typesupport_targets-extras.cmake
-- Installing: /home/jetson/aichess/install/chess_interfaces/share/chess_interfaces/cmake/rosidl_cmake_export_typesupport_libraries-extras.cmake
-- Installing: /home/jetson/aichess/install/chess_interfaces/share/chess_interfaces/cmake/chess_interfacesConfig.cmake
-- Installing: /home/jetson/aichess/install/chess_interfaces/share/chess_interfaces/cmake/chess_interfacesConfig-version.cmake
-- Installing: /home/jetson/aichess/install/chess_interfaces/share/chess_interfaces/package.xml
