[0.022s] Invoking command in '/home/jetson/aichess/build/chess_coordinator': AMENT_PREFIX_PATH=/home/jetson/aichess/install/chess_interfaces:${AMENT_PREFIX_PATH} CMAKE_PREFIX_PATH=/home/jetson/aichess/install/chess_interfaces:/home/jetson/dofbot_pro_ws/install/orbbec_description:/home/jetson/dofbot_pro_ws/install/orbbec_camera:/home/jetson/dofbot_pro_ws/install/orbbec_camera_msgs:/home/jetson/dofbot_pro_ws/install/dofbot_pro_msgs:/home/jetson/dofbot_pro_ws/install/dofbot_pro_moveit:/home/jetson/dofbot_pro_ws/install/dofbot_pro_interface:/home/jetson/dofbot_pro_ws/install/dofbot_pro_info:/home/jetson/dofbot_pro_ws/install/dofbot_pro_description:/home/jetson/dofbot_pro_ws/install/dofbot_pro_yolov11:/home/jetson/dofbot_pro_ws/install/dofbot_pro_voice_ctrl:/home/jetson/dofbot_pro_ws/install/dofbot_pro_vision:/home/jetson/dofbot_pro_ws/install/dofbot_pro_mediapipe:/home/jetson/dofbot_pro_ws/install/dofbot_pro_driver:/home/jetson/dofbot_pro_ws/install/dofbot_pro_depth:/home/jetson/dofbot_pro_ws/install/dofbot_pro_color:/home/jetson/dofbot_pro_ws/install/dofbot_pro_apriltag:/home/jetson/dofbot_pro_ws/install/dofbot_pro_KCF:/opt/ros/humble LD_LIBRARY_PATH=/home/jetson/aichess/install/chess_interfaces/lib:/home/jetson/dofbot_pro_ws/install/orbbec_camera/lib:/home/jetson/dofbot_pro_ws/install/orbbec_camera_msgs/lib:/home/jetson/dofbot_pro_ws/install/dofbot_pro_msgs/lib:/home/jetson/dofbot_pro_ws/install/dofbot_pro_interface/lib:/opt/ros/humble/opt/rviz_ogre_vendor/lib:/opt/ros/humble/lib/aarch64-linux-gnu:/opt/ros/humble/lib:/usr/local/lib:/usr/local/cuda-12.6/lib64 PYTHONPATH=/home/jetson/aichess/install/chess_interfaces/local/lib/python3.10/dist-packages:${PYTHONPATH} /usr/bin/cmake /home/jetson/aichess/src/chess_coordinator -DCMAKE_INSTALL_PREFIX=/home/jetson/aichess/install/chess_coordinator
[0.106s] -- The C compiler identification is GNU 11.4.0
[0.190s] -- The CXX compiler identification is GNU 11.4.0
[0.200s] -- Detecting C compiler ABI info
[0.303s] -- Detecting C compiler ABI info - done
[0.314s] -- Check for working C compiler: /usr/bin/cc - skipped
[0.314s] -- Detecting C compile features
[0.314s] -- Detecting C compile features - done
[0.319s] -- Detecting CXX compiler ABI info
[0.437s] -- Detecting CXX compiler ABI info - done
[0.448s] -- Check for working CXX compiler: /usr/bin/c++ - skipped
[0.448s] -- Detecting CXX compile features
[0.449s] -- Detecting CXX compile features - done
[0.456s] -- Found ament_cmake: 1.3.11 (/opt/ros/humble/share/ament_cmake/cmake)
[1.192s] -- Found Python3: /usr/bin/python3 (found version "3.10.12") found components: Interpreter 
[1.402s] -- Found rclpy: 3.3.15 (/opt/ros/humble/share/rclpy/cmake)
[1.406s] -- Found std_msgs: 4.2.4 (/opt/ros/humble/share/std_msgs/cmake)
[1.489s] -- Found rosidl_generator_c: 3.1.6 (/opt/ros/humble/share/rosidl_generator_c/cmake)
[1.503s] -- Found rosidl_adapter: 3.1.6 (/opt/ros/humble/share/rosidl_adapter/cmake)
[1.522s] -- Found rosidl_generator_cpp: 3.1.6 (/opt/ros/humble/share/rosidl_generator_cpp/cmake)
[1.547s] -- Using all available rosidl_typesupport_c: rosidl_typesupport_fastrtps_c;rosidl_typesupport_introspection_c
[1.582s] -- Using all available rosidl_typesupport_cpp: rosidl_typesupport_fastrtps_cpp;rosidl_typesupport_introspection_cpp
[1.634s] -- Found geometry_msgs: 4.2.4 (/opt/ros/humble/share/geometry_msgs/cmake)
[1.658s] -- Found sensor_msgs: 4.2.4 (/opt/ros/humble/share/sensor_msgs/cmake)
[1.684s] -- Found chess_interfaces: 0.0.0 (/home/jetson/aichess/install/chess_interfaces/share/chess_interfaces/cmake)
[1.716s] -- Found lifecycle_msgs: 1.2.1 (/opt/ros/humble/share/lifecycle_msgs/cmake)
[1.751s] CMake Error at CMakeLists.txt:17 (find_package):
[1.751s]   By not providing "Findlaunch_ros.cmake" in CMAKE_MODULE_PATH this project
[1.751s]   has asked CMake to find a package configuration file provided by
[1.752s]   "launch_ros", but CMake did not find one.
[1.752s] 
[1.752s]   Could not find a package configuration file provided by "launch_ros" with
[1.752s]   any of the following names:
[1.752s] 
[1.752s]     launch_rosConfig.cmake
[1.752s]     launch_ros-config.cmake
[1.752s] 
[1.752s]   Add the installation prefix of "launch_ros" to CMAKE_PREFIX_PATH or set
[1.752s]   "launch_ros_DIR" to a directory containing one of the above files.  If
[1.752s]   "launch_ros" provides a separate development package or SDK, be sure it has
[1.753s]   been installed.
[1.753s] 
[1.753s] 
[1.753s] -- Configuring incomplete, errors occurred!
[1.753s] See also "/home/jetson/aichess/build/chess_coordinator/CMakeFiles/CMakeOutput.log".
[1.764s] Invoked command in '/home/jetson/aichess/build/chess_coordinator' returned '1': AMENT_PREFIX_PATH=/home/jetson/aichess/install/chess_interfaces:${AMENT_PREFIX_PATH} CMAKE_PREFIX_PATH=/home/jetson/aichess/install/chess_interfaces:/home/jetson/dofbot_pro_ws/install/orbbec_description:/home/jetson/dofbot_pro_ws/install/orbbec_camera:/home/jetson/dofbot_pro_ws/install/orbbec_camera_msgs:/home/jetson/dofbot_pro_ws/install/dofbot_pro_msgs:/home/jetson/dofbot_pro_ws/install/dofbot_pro_moveit:/home/jetson/dofbot_pro_ws/install/dofbot_pro_interface:/home/jetson/dofbot_pro_ws/install/dofbot_pro_info:/home/jetson/dofbot_pro_ws/install/dofbot_pro_description:/home/jetson/dofbot_pro_ws/install/dofbot_pro_yolov11:/home/jetson/dofbot_pro_ws/install/dofbot_pro_voice_ctrl:/home/jetson/dofbot_pro_ws/install/dofbot_pro_vision:/home/jetson/dofbot_pro_ws/install/dofbot_pro_mediapipe:/home/jetson/dofbot_pro_ws/install/dofbot_pro_driver:/home/jetson/dofbot_pro_ws/install/dofbot_pro_depth:/home/jetson/dofbot_pro_ws/install/dofbot_pro_color:/home/jetson/dofbot_pro_ws/install/dofbot_pro_apriltag:/home/jetson/dofbot_pro_ws/install/dofbot_pro_KCF:/opt/ros/humble LD_LIBRARY_PATH=/home/jetson/aichess/install/chess_interfaces/lib:/home/jetson/dofbot_pro_ws/install/orbbec_camera/lib:/home/jetson/dofbot_pro_ws/install/orbbec_camera_msgs/lib:/home/jetson/dofbot_pro_ws/install/dofbot_pro_msgs/lib:/home/jetson/dofbot_pro_ws/install/dofbot_pro_interface/lib:/opt/ros/humble/opt/rviz_ogre_vendor/lib:/opt/ros/humble/lib/aarch64-linux-gnu:/opt/ros/humble/lib:/usr/local/lib:/usr/local/cuda-12.6/lib64 PYTHONPATH=/home/jetson/aichess/install/chess_interfaces/local/lib/python3.10/dist-packages:${PYTHONPATH} /usr/bin/cmake /home/jetson/aichess/src/chess_coordinator -DCMAKE_INSTALL_PREFIX=/home/jetson/aichess/install/chess_coordinator
