/home/jetson/aichess/install/chess_game/lib/python3.10/site-packages/chess_game/chess_ai.py
/home/jetson/aichess/install/chess_game/lib/python3.10/site-packages/chess_game/game_coordinator.py
/home/jetson/aichess/install/chess_game/lib/python3.10/site-packages/chess_game/__init__.py
/home/jetson/aichess/install/chess_game/lib/python3.10/site-packages/chess_game/game_engine.py
/home/jetson/aichess/install/chess_game/lib/python3.10/site-packages/chess_game/__pycache__/chess_ai.cpython-310.pyc
/home/jetson/aichess/install/chess_game/lib/python3.10/site-packages/chess_game/__pycache__/game_coordinator.cpython-310.pyc
/home/jetson/aichess/install/chess_game/lib/python3.10/site-packages/chess_game/__pycache__/__init__.cpython-310.pyc
/home/jetson/aichess/install/chess_game/lib/python3.10/site-packages/chess_game/__pycache__/game_engine.cpython-310.pyc
/home/jetson/aichess/install/chess_game/share/ament_index/resource_index/packages/chess_game
/home/jetson/aichess/install/chess_game/share/chess_game/package.xml
/home/jetson/aichess/install/chess_game/share/chess_game/launch
/home/jetson/aichess/install/chess_game/share/chess_game/config
/home/jetson/aichess/install/chess_game/lib/python3.10/site-packages/chess_game-0.0.1-py3.10.egg-info/top_level.txt
/home/jetson/aichess/install/chess_game/lib/python3.10/site-packages/chess_game-0.0.1-py3.10.egg-info/entry_points.txt
/home/jetson/aichess/install/chess_game/lib/python3.10/site-packages/chess_game-0.0.1-py3.10.egg-info/SOURCES.txt
/home/jetson/aichess/install/chess_game/lib/python3.10/site-packages/chess_game-0.0.1-py3.10.egg-info/requires.txt
/home/jetson/aichess/install/chess_game/lib/python3.10/site-packages/chess_game-0.0.1-py3.10.egg-info/PKG-INFO
/home/jetson/aichess/install/chess_game/lib/python3.10/site-packages/chess_game-0.0.1-py3.10.egg-info/zip-safe
/home/jetson/aichess/install/chess_game/lib/python3.10/site-packages/chess_game-0.0.1-py3.10.egg-info/dependency_links.txt
/home/jetson/aichess/install/chess_game/bin/chess_ai
/home/jetson/aichess/install/chess_game/bin/game_coordinator
/home/jetson/aichess/install/chess_game/bin/game_engine
