[0.024s] Invoking command in '/home/jetson/aichess/build/chess_arm': AMENT_PREFIX_PATH=/home/jetson/aichess/install/chess_interfaces:${AMENT_PREFIX_PATH} CMAKE_PREFIX_PATH=/home/jetson/aichess/install/chess_interfaces:/home/jetson/dofbot_pro_ws/install/orbbec_description:/home/jetson/dofbot_pro_ws/install/orbbec_camera:/home/jetson/dofbot_pro_ws/install/orbbec_camera_msgs:/home/jetson/dofbot_pro_ws/install/dofbot_pro_msgs:/home/jetson/dofbot_pro_ws/install/dofbot_pro_moveit:/home/jetson/dofbot_pro_ws/install/dofbot_pro_interface:/home/jetson/dofbot_pro_ws/install/dofbot_pro_info:/home/jetson/dofbot_pro_ws/install/dofbot_pro_description:/home/jetson/dofbot_pro_ws/install/dofbot_pro_yolov11:/home/jetson/dofbot_pro_ws/install/dofbot_pro_voice_ctrl:/home/jetson/dofbot_pro_ws/install/dofbot_pro_vision:/home/jetson/dofbot_pro_ws/install/dofbot_pro_mediapipe:/home/jetson/dofbot_pro_ws/install/dofbot_pro_driver:/home/jetson/dofbot_pro_ws/install/dofbot_pro_depth:/home/jetson/dofbot_pro_ws/install/dofbot_pro_color:/home/jetson/dofbot_pro_ws/install/dofbot_pro_apriltag:/home/jetson/dofbot_pro_ws/install/dofbot_pro_KCF:/opt/ros/humble LD_LIBRARY_PATH=/home/jetson/aichess/install/chess_interfaces/lib:/home/jetson/dofbot_pro_ws/install/orbbec_camera/lib:/home/jetson/dofbot_pro_ws/install/orbbec_camera_msgs/lib:/home/jetson/dofbot_pro_ws/install/dofbot_pro_msgs/lib:/home/jetson/dofbot_pro_ws/install/dofbot_pro_interface/lib:/opt/ros/humble/opt/rviz_ogre_vendor/lib:/opt/ros/humble/lib/aarch64-linux-gnu:/opt/ros/humble/lib:/usr/local/lib:/usr/local/cuda-12.6/lib64 PYTHONPATH=/home/jetson/aichess/install/chess_interfaces/local/lib/python3.10/dist-packages:${PYTHONPATH} /usr/bin/cmake --build /home/jetson/aichess/build/chess_arm -- -j6 -l6
[0.118s] Built target ament_cmake_python_copy_chess_arm
[0.643s] running egg_info
[0.696s] writing chess_arm.egg-info/PKG-INFO
[0.697s] writing dependency_links to chess_arm.egg-info/dependency_links.txt
[0.697s] writing top-level names to chess_arm.egg-info/top_level.txt
[0.854s] reading manifest file 'chess_arm.egg-info/SOURCES.txt'
[0.855s] writing manifest file 'chess_arm.egg-info/SOURCES.txt'
[0.918s] Built target ament_cmake_python_build_chess_arm_egg
[0.934s] Invoked command in '/home/jetson/aichess/build/chess_arm' returned '0': AMENT_PREFIX_PATH=/home/jetson/aichess/install/chess_interfaces:${AMENT_PREFIX_PATH} CMAKE_PREFIX_PATH=/home/jetson/aichess/install/chess_interfaces:/home/jetson/dofbot_pro_ws/install/orbbec_description:/home/jetson/dofbot_pro_ws/install/orbbec_camera:/home/jetson/dofbot_pro_ws/install/orbbec_camera_msgs:/home/jetson/dofbot_pro_ws/install/dofbot_pro_msgs:/home/jetson/dofbot_pro_ws/install/dofbot_pro_moveit:/home/jetson/dofbot_pro_ws/install/dofbot_pro_interface:/home/jetson/dofbot_pro_ws/install/dofbot_pro_info:/home/jetson/dofbot_pro_ws/install/dofbot_pro_description:/home/jetson/dofbot_pro_ws/install/dofbot_pro_yolov11:/home/jetson/dofbot_pro_ws/install/dofbot_pro_voice_ctrl:/home/jetson/dofbot_pro_ws/install/dofbot_pro_vision:/home/jetson/dofbot_pro_ws/install/dofbot_pro_mediapipe:/home/jetson/dofbot_pro_ws/install/dofbot_pro_driver:/home/jetson/dofbot_pro_ws/install/dofbot_pro_depth:/home/jetson/dofbot_pro_ws/install/dofbot_pro_color:/home/jetson/dofbot_pro_ws/install/dofbot_pro_apriltag:/home/jetson/dofbot_pro_ws/install/dofbot_pro_KCF:/opt/ros/humble LD_LIBRARY_PATH=/home/jetson/aichess/install/chess_interfaces/lib:/home/jetson/dofbot_pro_ws/install/orbbec_camera/lib:/home/jetson/dofbot_pro_ws/install/orbbec_camera_msgs/lib:/home/jetson/dofbot_pro_ws/install/dofbot_pro_msgs/lib:/home/jetson/dofbot_pro_ws/install/dofbot_pro_interface/lib:/opt/ros/humble/opt/rviz_ogre_vendor/lib:/opt/ros/humble/lib/aarch64-linux-gnu:/opt/ros/humble/lib:/usr/local/lib:/usr/local/cuda-12.6/lib64 PYTHONPATH=/home/jetson/aichess/install/chess_interfaces/local/lib/python3.10/dist-packages:${PYTHONPATH} /usr/bin/cmake --build /home/jetson/aichess/build/chess_arm -- -j6 -l6
[0.952s] Invoking command in '/home/jetson/aichess/build/chess_arm': AMENT_PREFIX_PATH=/home/jetson/aichess/install/chess_interfaces:${AMENT_PREFIX_PATH} CMAKE_PREFIX_PATH=/home/jetson/aichess/install/chess_interfaces:/home/jetson/dofbot_pro_ws/install/orbbec_description:/home/jetson/dofbot_pro_ws/install/orbbec_camera:/home/jetson/dofbot_pro_ws/install/orbbec_camera_msgs:/home/jetson/dofbot_pro_ws/install/dofbot_pro_msgs:/home/jetson/dofbot_pro_ws/install/dofbot_pro_moveit:/home/jetson/dofbot_pro_ws/install/dofbot_pro_interface:/home/jetson/dofbot_pro_ws/install/dofbot_pro_info:/home/jetson/dofbot_pro_ws/install/dofbot_pro_description:/home/jetson/dofbot_pro_ws/install/dofbot_pro_yolov11:/home/jetson/dofbot_pro_ws/install/dofbot_pro_voice_ctrl:/home/jetson/dofbot_pro_ws/install/dofbot_pro_vision:/home/jetson/dofbot_pro_ws/install/dofbot_pro_mediapipe:/home/jetson/dofbot_pro_ws/install/dofbot_pro_driver:/home/jetson/dofbot_pro_ws/install/dofbot_pro_depth:/home/jetson/dofbot_pro_ws/install/dofbot_pro_color:/home/jetson/dofbot_pro_ws/install/dofbot_pro_apriltag:/home/jetson/dofbot_pro_ws/install/dofbot_pro_KCF:/opt/ros/humble LD_LIBRARY_PATH=/home/jetson/aichess/install/chess_interfaces/lib:/home/jetson/dofbot_pro_ws/install/orbbec_camera/lib:/home/jetson/dofbot_pro_ws/install/orbbec_camera_msgs/lib:/home/jetson/dofbot_pro_ws/install/dofbot_pro_msgs/lib:/home/jetson/dofbot_pro_ws/install/dofbot_pro_interface/lib:/opt/ros/humble/opt/rviz_ogre_vendor/lib:/opt/ros/humble/lib/aarch64-linux-gnu:/opt/ros/humble/lib:/usr/local/lib:/usr/local/cuda-12.6/lib64 PYTHONPATH=/home/jetson/aichess/install/chess_interfaces/local/lib/python3.10/dist-packages:${PYTHONPATH} /usr/bin/cmake --install /home/jetson/aichess/build/chess_arm
[0.965s] -- Install configuration: ""
[0.965s] -- Up-to-date: /home/jetson/aichess/install/chess_arm/share/chess_arm/environment/pythonpath.sh
[0.966s] -- Up-to-date: /home/jetson/aichess/install/chess_arm/share/chess_arm/environment/pythonpath.dsv
[0.966s] -- Up-to-date: /home/jetson/aichess/install/chess_arm/local/lib/python3.10/dist-packages/chess_arm-0.0.1-py3.10.egg-info
[0.966s] -- Installing: /home/jetson/aichess/install/chess_arm/local/lib/python3.10/dist-packages/chess_arm-0.0.1-py3.10.egg-info/top_level.txt
[0.966s] -- Installing: /home/jetson/aichess/install/chess_arm/local/lib/python3.10/dist-packages/chess_arm-0.0.1-py3.10.egg-info/SOURCES.txt
[0.966s] -- Installing: /home/jetson/aichess/install/chess_arm/local/lib/python3.10/dist-packages/chess_arm-0.0.1-py3.10.egg-info/PKG-INFO
[0.966s] -- Installing: /home/jetson/aichess/install/chess_arm/local/lib/python3.10/dist-packages/chess_arm-0.0.1-py3.10.egg-info/dependency_links.txt
[0.966s] -- Up-to-date: /home/jetson/aichess/install/chess_arm/local/lib/python3.10/dist-packages/chess_arm
[0.967s] -- Up-to-date: /home/jetson/aichess/install/chess_arm/local/lib/python3.10/dist-packages/chess_arm/__init__.py
[0.967s] -- Up-to-date: /home/jetson/aichess/install/chess_arm/local/lib/python3.10/dist-packages/chess_arm/arm_controller.py
[1.036s] Listing '/home/jetson/aichess/install/chess_arm/local/lib/python3.10/dist-packages/chess_arm'...
[1.046s] -- Up-to-date: /home/jetson/aichess/install/chess_arm/lib/chess_arm/arm_controller.py
[1.046s] -- Up-to-date: /home/jetson/aichess/install/chess_arm/share/chess_arm/launch
[1.046s] -- Up-to-date: /home/jetson/aichess/install/chess_arm/share/chess_arm/config
[1.047s] -- Up-to-date: /home/jetson/aichess/install/chess_arm/share/chess_arm/resource
[1.047s] -- Installing: /home/jetson/aichess/install/chess_arm/share/chess_arm/resource/chess_arm
[1.047s] -- Up-to-date: /home/jetson/aichess/install/chess_arm/share/ament_index/resource_index/package_run_dependencies/chess_arm
[1.047s] -- Up-to-date: /home/jetson/aichess/install/chess_arm/share/ament_index/resource_index/parent_prefix_path/chess_arm
[1.047s] -- Up-to-date: /home/jetson/aichess/install/chess_arm/share/chess_arm/environment/ament_prefix_path.sh
[1.047s] -- Up-to-date: /home/jetson/aichess/install/chess_arm/share/chess_arm/environment/ament_prefix_path.dsv
[1.047s] -- Up-to-date: /home/jetson/aichess/install/chess_arm/share/chess_arm/environment/path.sh
[1.047s] -- Up-to-date: /home/jetson/aichess/install/chess_arm/share/chess_arm/environment/path.dsv
[1.047s] -- Up-to-date: /home/jetson/aichess/install/chess_arm/share/chess_arm/local_setup.bash
[1.048s] -- Up-to-date: /home/jetson/aichess/install/chess_arm/share/chess_arm/local_setup.sh
[1.048s] -- Up-to-date: /home/jetson/aichess/install/chess_arm/share/chess_arm/local_setup.zsh
[1.048s] -- Up-to-date: /home/jetson/aichess/install/chess_arm/share/chess_arm/local_setup.dsv
[1.048s] -- Installing: /home/jetson/aichess/install/chess_arm/share/chess_arm/package.dsv
[1.048s] -- Up-to-date: /home/jetson/aichess/install/chess_arm/share/ament_index/resource_index/packages/chess_arm
[1.048s] -- Up-to-date: /home/jetson/aichess/install/chess_arm/share/chess_arm/cmake/chess_armConfig.cmake
[1.048s] -- Up-to-date: /home/jetson/aichess/install/chess_arm/share/chess_arm/cmake/chess_armConfig-version.cmake
[1.048s] -- Up-to-date: /home/jetson/aichess/install/chess_arm/share/chess_arm/package.xml
[1.050s] Invoked command in '/home/jetson/aichess/build/chess_arm' returned '0': AMENT_PREFIX_PATH=/home/jetson/aichess/install/chess_interfaces:${AMENT_PREFIX_PATH} CMAKE_PREFIX_PATH=/home/jetson/aichess/install/chess_interfaces:/home/jetson/dofbot_pro_ws/install/orbbec_description:/home/jetson/dofbot_pro_ws/install/orbbec_camera:/home/jetson/dofbot_pro_ws/install/orbbec_camera_msgs:/home/jetson/dofbot_pro_ws/install/dofbot_pro_msgs:/home/jetson/dofbot_pro_ws/install/dofbot_pro_moveit:/home/jetson/dofbot_pro_ws/install/dofbot_pro_interface:/home/jetson/dofbot_pro_ws/install/dofbot_pro_info:/home/jetson/dofbot_pro_ws/install/dofbot_pro_description:/home/jetson/dofbot_pro_ws/install/dofbot_pro_yolov11:/home/jetson/dofbot_pro_ws/install/dofbot_pro_voice_ctrl:/home/jetson/dofbot_pro_ws/install/dofbot_pro_vision:/home/jetson/dofbot_pro_ws/install/dofbot_pro_mediapipe:/home/jetson/dofbot_pro_ws/install/dofbot_pro_driver:/home/jetson/dofbot_pro_ws/install/dofbot_pro_depth:/home/jetson/dofbot_pro_ws/install/dofbot_pro_color:/home/jetson/dofbot_pro_ws/install/dofbot_pro_apriltag:/home/jetson/dofbot_pro_ws/install/dofbot_pro_KCF:/opt/ros/humble LD_LIBRARY_PATH=/home/jetson/aichess/install/chess_interfaces/lib:/home/jetson/dofbot_pro_ws/install/orbbec_camera/lib:/home/jetson/dofbot_pro_ws/install/orbbec_camera_msgs/lib:/home/jetson/dofbot_pro_ws/install/dofbot_pro_msgs/lib:/home/jetson/dofbot_pro_ws/install/dofbot_pro_interface/lib:/opt/ros/humble/opt/rviz_ogre_vendor/lib:/opt/ros/humble/lib/aarch64-linux-gnu:/opt/ros/humble/lib:/usr/local/lib:/usr/local/cuda-12.6/lib64 PYTHONPATH=/home/jetson/aichess/install/chess_interfaces/local/lib/python3.10/dist-packages:${PYTHONPATH} /usr/bin/cmake --install /home/jetson/aichess/build/chess_arm
