[0.252s] colcon DEBUG Command line arguments: ['/usr/bin/colcon', 'build', '--packages-select', 'chess_simulation']
[0.252s] colcon DEBUG Parsed command line arguments: Namespace(log_base=None, log_level=None, verb_name='build', build_base='build', install_base='install', merge_install=False, symlink_install=False, test_result_base=None, continue_on_error=False, executor='parallel', parallel_workers=6, event_handlers=None, ignore_user_meta=False, metas=['./colcon.meta'], base_paths=['.'], packages_ignore=None, packages_ignore_regex=None, paths=None, packages_up_to=None, packages_up_to_regex=None, packages_above=None, packages_above_and_dependencies=None, packages_above_depth=None, packages_select_by_dep=None, packages_skip_by_dep=None, packages_skip_up_to=None, packages_select_build_failed=False, packages_skip_build_finished=False, packages_select_test_failures=False, packages_skip_test_passed=False, packages_select=['chess_simulation'], packages_skip=None, packages_select_regex=None, packages_skip_regex=None, packages_start=None, packages_end=None, allow_overriding=[], cmake_args=None, cmake_target=None, cmake_target_skip_unavailable=False, cmake_clean_cache=False, cmake_clean_first=False, cmake_force_configure=False, ament_cmake_args=None, catkin_cmake_args=None, catkin_skip_building_tests=False, mixin_files=None, mixin=None, verb_parser=<colcon_mixin.mixin.mixin_argument.MixinArgumentDecorator object at 0xffffacac3700>, verb_extension=<colcon_core.verb.build.BuildVerb object at 0xffffacac31c0>, main=<bound method BuildVerb.main of <colcon_core.verb.build.BuildVerb object at 0xffffacac31c0>>, mixin_verb=('build',))
[0.327s] colcon.colcon_core.package_discovery Level 1 discover_packages(colcon_meta) check parameters
[0.327s] colcon.colcon_core.package_discovery Level 1 discover_packages(recursive) check parameters
[0.327s] colcon.colcon_core.package_discovery Level 1 discover_packages(ignore) check parameters
[0.327s] colcon.colcon_core.package_discovery Level 1 discover_packages(path) check parameters
[0.327s] colcon.colcon_core.package_discovery Level 1 discover_packages(colcon_meta) discover
[0.328s] colcon.colcon_core.package_discovery Level 1 discover_packages(recursive) discover
[0.328s] colcon.colcon_core.package_discovery INFO Crawling recursively for packages in '/home/jetson/aichess'
[0.328s] colcon.colcon_core.package_identification Level 1 _identify(.) by extensions ['ignore', 'ignore_ament_install']
[0.328s] colcon.colcon_core.package_identification Level 1 _identify(.) by extension 'ignore'
[0.328s] colcon.colcon_core.package_identification Level 1 _identify(.) by extension 'ignore_ament_install'
[0.328s] colcon.colcon_core.package_identification Level 1 _identify(.) by extensions ['colcon_pkg']
[0.329s] colcon.colcon_core.package_identification Level 1 _identify(.) by extension 'colcon_pkg'
[0.329s] colcon.colcon_core.package_identification Level 1 _identify(.) by extensions ['colcon_meta']
[0.329s] colcon.colcon_core.package_identification Level 1 _identify(.) by extension 'colcon_meta'
[0.329s] colcon.colcon_core.package_identification Level 1 _identify(.) by extensions ['ros']
[0.329s] colcon.colcon_core.package_identification Level 1 _identify(.) by extension 'ros'
[0.356s] colcon.colcon_core.package_identification Level 1 _identify(.) by extensions ['cmake', 'python']
[0.356s] colcon.colcon_core.package_identification Level 1 _identify(.) by extension 'cmake'
[0.356s] colcon.colcon_core.package_identification Level 1 _identify(.) by extension 'python'
[0.356s] colcon.colcon_core.package_identification Level 1 _identify(.) by extensions ['python_setup_py']
[0.356s] colcon.colcon_core.package_identification Level 1 _identify(.) by extension 'python_setup_py'
[0.356s] colcon.colcon_core.package_identification Level 1 _identify(build) by extensions ['ignore', 'ignore_ament_install']
[0.357s] colcon.colcon_core.package_identification Level 1 _identify(build) by extension 'ignore'
[0.357s] colcon.colcon_core.package_identification Level 1 _identify(build) ignored
[0.357s] colcon.colcon_core.package_identification Level 1 _identify(chess_camera) by extensions ['ignore', 'ignore_ament_install']
[0.357s] colcon.colcon_core.package_identification Level 1 _identify(chess_camera) by extension 'ignore'
[0.357s] colcon.colcon_core.package_identification Level 1 _identify(chess_camera) by extension 'ignore_ament_install'
[0.357s] colcon.colcon_core.package_identification Level 1 _identify(chess_camera) by extensions ['colcon_pkg']
[0.357s] colcon.colcon_core.package_identification Level 1 _identify(chess_camera) by extension 'colcon_pkg'
[0.357s] colcon.colcon_core.package_identification Level 1 _identify(chess_camera) by extensions ['colcon_meta']
[0.358s] colcon.colcon_core.package_identification Level 1 _identify(chess_camera) by extension 'colcon_meta'
[0.358s] colcon.colcon_core.package_identification Level 1 _identify(chess_camera) by extensions ['ros']
[0.358s] colcon.colcon_core.package_identification Level 1 _identify(chess_camera) by extension 'ros'
[0.363s] colcon.colcon_core.package_identification DEBUG Package 'chess_camera' with type 'ros.ament_python' and name 'chess_camera'
[0.363s] colcon.colcon_core.package_identification Level 1 _identify(install) by extensions ['ignore', 'ignore_ament_install']
[0.363s] colcon.colcon_core.package_identification Level 1 _identify(install) by extension 'ignore'
[0.363s] colcon.colcon_core.package_identification Level 1 _identify(install) ignored
[0.364s] colcon.colcon_core.package_identification Level 1 _identify(log) by extensions ['ignore', 'ignore_ament_install']
[0.364s] colcon.colcon_core.package_identification Level 1 _identify(log) by extension 'ignore'
[0.364s] colcon.colcon_core.package_identification Level 1 _identify(log) ignored
[0.364s] colcon.colcon_core.package_identification Level 1 _identify(src) by extensions ['ignore', 'ignore_ament_install']
[0.364s] colcon.colcon_core.package_identification Level 1 _identify(src) by extension 'ignore'
[0.364s] colcon.colcon_core.package_identification Level 1 _identify(src) by extension 'ignore_ament_install'
[0.364s] colcon.colcon_core.package_identification Level 1 _identify(src) by extensions ['colcon_pkg']
[0.364s] colcon.colcon_core.package_identification Level 1 _identify(src) by extension 'colcon_pkg'
[0.364s] colcon.colcon_core.package_identification Level 1 _identify(src) by extensions ['colcon_meta']
[0.365s] colcon.colcon_core.package_identification Level 1 _identify(src) by extension 'colcon_meta'
[0.365s] colcon.colcon_core.package_identification Level 1 _identify(src) by extensions ['ros']
[0.365s] colcon.colcon_core.package_identification Level 1 _identify(src) by extension 'ros'
[0.365s] colcon.colcon_core.package_identification Level 1 _identify(src) by extensions ['cmake', 'python']
[0.365s] colcon.colcon_core.package_identification Level 1 _identify(src) by extension 'cmake'
[0.365s] colcon.colcon_core.package_identification Level 1 _identify(src) by extension 'python'
[0.365s] colcon.colcon_core.package_identification Level 1 _identify(src) by extensions ['python_setup_py']
[0.365s] colcon.colcon_core.package_identification Level 1 _identify(src) by extension 'python_setup_py'
[0.365s] colcon.colcon_core.package_identification Level 1 _identify(src/chess_description) by extensions ['ignore', 'ignore_ament_install']
[0.365s] colcon.colcon_core.package_identification Level 1 _identify(src/chess_description) by extension 'ignore'
[0.366s] colcon.colcon_core.package_identification Level 1 _identify(src/chess_description) by extension 'ignore_ament_install'
[0.366s] colcon.colcon_core.package_identification Level 1 _identify(src/chess_description) by extensions ['colcon_pkg']
[0.366s] colcon.colcon_core.package_identification Level 1 _identify(src/chess_description) by extension 'colcon_pkg'
[0.366s] colcon.colcon_core.package_identification Level 1 _identify(src/chess_description) by extensions ['colcon_meta']
[0.366s] colcon.colcon_core.package_identification Level 1 _identify(src/chess_description) by extension 'colcon_meta'
[0.366s] colcon.colcon_core.package_identification Level 1 _identify(src/chess_description) by extensions ['ros']
[0.366s] colcon.colcon_core.package_identification Level 1 _identify(src/chess_description) by extension 'ros'
[0.367s] colcon.colcon_core.package_identification DEBUG Package 'src/chess_description' with type 'ros.ament_cmake' and name 'chess_description'
[0.367s] colcon.colcon_core.package_identification Level 1 _identify(src/chess_interfaces) by extensions ['ignore', 'ignore_ament_install']
[0.368s] colcon.colcon_core.package_identification Level 1 _identify(src/chess_interfaces) by extension 'ignore'
[0.368s] colcon.colcon_core.package_identification Level 1 _identify(src/chess_interfaces) by extension 'ignore_ament_install'
[0.368s] colcon.colcon_core.package_identification Level 1 _identify(src/chess_interfaces) by extensions ['colcon_pkg']
[0.368s] colcon.colcon_core.package_identification Level 1 _identify(src/chess_interfaces) by extension 'colcon_pkg'
[0.368s] colcon.colcon_core.package_identification Level 1 _identify(src/chess_interfaces) by extensions ['colcon_meta']
[0.368s] colcon.colcon_core.package_identification Level 1 _identify(src/chess_interfaces) by extension 'colcon_meta'
[0.368s] colcon.colcon_core.package_identification Level 1 _identify(src/chess_interfaces) by extensions ['ros']
[0.368s] colcon.colcon_core.package_identification Level 1 _identify(src/chess_interfaces) by extension 'ros'
[0.370s] colcon.colcon_core.package_identification DEBUG Package 'src/chess_interfaces' with type 'ros.ament_cmake' and name 'chess_interfaces'
[0.370s] colcon.colcon_core.package_identification Level 1 _identify(src/chess_simulation) by extensions ['ignore', 'ignore_ament_install']
[0.370s] colcon.colcon_core.package_identification Level 1 _identify(src/chess_simulation) by extension 'ignore'
[0.370s] colcon.colcon_core.package_identification Level 1 _identify(src/chess_simulation) by extension 'ignore_ament_install'
[0.370s] colcon.colcon_core.package_identification Level 1 _identify(src/chess_simulation) by extensions ['colcon_pkg']
[0.370s] colcon.colcon_core.package_identification Level 1 _identify(src/chess_simulation) by extension 'colcon_pkg'
[0.370s] colcon.colcon_core.package_identification Level 1 _identify(src/chess_simulation) by extensions ['colcon_meta']
[0.370s] colcon.colcon_core.package_identification Level 1 _identify(src/chess_simulation) by extension 'colcon_meta'
[0.370s] colcon.colcon_core.package_identification Level 1 _identify(src/chess_simulation) by extensions ['ros']
[0.370s] colcon.colcon_core.package_identification Level 1 _identify(src/chess_simulation) by extension 'ros'
[0.372s] colcon.colcon_core.package_identification DEBUG Package 'src/chess_simulation' with type 'ros.ament_cmake' and name 'chess_simulation'
[0.372s] colcon.colcon_core.package_discovery Level 1 discover_packages(recursive) using defaults
[0.372s] colcon.colcon_core.package_discovery Level 1 discover_packages(ignore) discover
[0.372s] colcon.colcon_core.package_discovery Level 1 discover_packages(ignore) using defaults
[0.372s] colcon.colcon_core.package_discovery Level 1 discover_packages(path) discover
[0.372s] colcon.colcon_core.package_discovery Level 1 discover_packages(path) using defaults
[0.402s] colcon.colcon_core.package_selection INFO Skipping not selected package 'chess_description' in 'src/chess_description'
[0.402s] colcon.colcon_core.package_selection INFO Skipping not selected package 'chess_interfaces' in 'src/chess_interfaces'
[0.402s] colcon.colcon_core.package_selection INFO Skipping not selected package 'chess_camera' in 'chess_camera'
[0.403s] colcon.colcon_core.package_discovery Level 1 discover_packages(prefix_path) check parameters
[0.403s] colcon.colcon_core.package_discovery Level 1 discover_packages(prefix_path) discover
[0.408s] colcon.colcon_installed_package_information.package_discovery DEBUG Found 17 installed packages in /home/jetson/dofbot_pro_ws/install
[0.411s] colcon.colcon_installed_package_information.package_discovery DEBUG Found 381 installed packages in /opt/ros/humble
[0.415s] colcon.colcon_core.package_discovery Level 1 discover_packages(prefix_path) using defaults
[0.523s] colcon.colcon_core.verb Level 5 set package 'chess_simulation' build argument 'cmake_args' from command line to 'None'
[0.523s] colcon.colcon_core.verb Level 5 set package 'chess_simulation' build argument 'cmake_target' from command line to 'None'
[0.524s] colcon.colcon_core.verb Level 5 set package 'chess_simulation' build argument 'cmake_target_skip_unavailable' from command line to 'False'
[0.524s] colcon.colcon_core.verb Level 5 set package 'chess_simulation' build argument 'cmake_clean_cache' from command line to 'False'
[0.524s] colcon.colcon_core.verb Level 5 set package 'chess_simulation' build argument 'cmake_clean_first' from command line to 'False'
[0.524s] colcon.colcon_core.verb Level 5 set package 'chess_simulation' build argument 'cmake_force_configure' from command line to 'False'
[0.524s] colcon.colcon_core.verb Level 5 set package 'chess_simulation' build argument 'ament_cmake_args' from command line to 'None'
[0.524s] colcon.colcon_core.verb Level 5 set package 'chess_simulation' build argument 'catkin_cmake_args' from command line to 'None'
[0.524s] colcon.colcon_core.verb Level 5 set package 'chess_simulation' build argument 'catkin_skip_building_tests' from command line to 'False'
[0.524s] colcon.colcon_core.verb DEBUG Building package 'chess_simulation' with the following arguments: {'ament_cmake_args': None, 'build_base': '/home/jetson/aichess/build/chess_simulation', 'catkin_cmake_args': None, 'catkin_skip_building_tests': False, 'cmake_args': None, 'cmake_clean_cache': False, 'cmake_clean_first': False, 'cmake_force_configure': False, 'cmake_target': None, 'cmake_target_skip_unavailable': False, 'install_base': '/home/jetson/aichess/install/chess_simulation', 'merge_install': False, 'path': '/home/jetson/aichess/src/chess_simulation', 'symlink_install': False, 'test_result_base': None}
[0.524s] colcon.colcon_core.executor INFO Executing jobs using 'parallel' executor
[0.526s] colcon.colcon_parallel_executor.executor.parallel DEBUG run_until_complete
[0.526s] colcon.colcon_ros.task.ament_cmake.build INFO Building ROS package in '/home/jetson/aichess/src/chess_simulation' with build type 'ament_cmake'
[0.527s] colcon.colcon_cmake.task.cmake.build INFO Building CMake package in '/home/jetson/aichess/src/chess_simulation'
[0.531s] colcon.colcon_core.plugin_system INFO Skipping extension 'colcon_core.shell.bat': Not used on non-Windows systems
[0.531s] colcon.colcon_core.shell INFO Skip shell extension 'powershell' for command environment: Not usable outside of PowerShell
[0.531s] colcon.colcon_core.shell DEBUG Skip shell extension 'dsv' for command environment
[0.546s] colcon.colcon_core.event_handler.log_command DEBUG Invoking command in '/home/jetson/aichess/build/chess_simulation': CMAKE_PREFIX_PATH=${CMAKE_PREFIX_PATH}:/home/jetson/dofbot_pro_ws/install/dofbot_pro_yolov11:/home/jetson/dofbot_pro_ws/install/dofbot_pro_voice_ctrl:/home/jetson/dofbot_pro_ws/install/dofbot_pro_vision:/home/jetson/dofbot_pro_ws/install/dofbot_pro_mediapipe:/home/jetson/dofbot_pro_ws/install/dofbot_pro_driver:/home/jetson/dofbot_pro_ws/install/dofbot_pro_depth:/home/jetson/dofbot_pro_ws/install/dofbot_pro_color:/home/jetson/dofbot_pro_ws/install/dofbot_pro_apriltag:/home/jetson/dofbot_pro_ws/install/dofbot_pro_KCF:/opt/ros/humble /usr/bin/cmake /home/jetson/aichess/src/chess_simulation -DCMAKE_INSTALL_PREFIX=/home/jetson/aichess/install/chess_simulation
[2.902s] colcon.colcon_core.event_handler.log_command DEBUG Invoked command in '/home/jetson/aichess/build/chess_simulation' returned '1': CMAKE_PREFIX_PATH=${CMAKE_PREFIX_PATH}:/home/jetson/dofbot_pro_ws/install/dofbot_pro_yolov11:/home/jetson/dofbot_pro_ws/install/dofbot_pro_voice_ctrl:/home/jetson/dofbot_pro_ws/install/dofbot_pro_vision:/home/jetson/dofbot_pro_ws/install/dofbot_pro_mediapipe:/home/jetson/dofbot_pro_ws/install/dofbot_pro_driver:/home/jetson/dofbot_pro_ws/install/dofbot_pro_depth:/home/jetson/dofbot_pro_ws/install/dofbot_pro_color:/home/jetson/dofbot_pro_ws/install/dofbot_pro_apriltag:/home/jetson/dofbot_pro_ws/install/dofbot_pro_KCF:/opt/ros/humble /usr/bin/cmake /home/jetson/aichess/src/chess_simulation -DCMAKE_INSTALL_PREFIX=/home/jetson/aichess/install/chess_simulation
[2.921s] colcon.colcon_core.environment Level 1 create_environment_scripts_only(chess_simulation)
[2.926s] colcon.colcon_core.environment Level 1 checking '/home/jetson/aichess/install/chess_simulation' for CMake module files
[2.926s] colcon.colcon_core.environment Level 1 checking '/home/jetson/aichess/install/chess_simulation' for CMake config files
[2.927s] colcon.colcon_core.environment Level 1 checking '/home/jetson/aichess/install/chess_simulation/bin'
[2.927s] colcon.colcon_core.environment Level 1 checking '/home/jetson/aichess/install/chess_simulation/lib/pkgconfig/chess_simulation.pc'
[2.927s] colcon.colcon_core.environment Level 1 checking '/home/jetson/aichess/install/chess_simulation/lib/python3.10/site-packages'
[2.928s] colcon.colcon_core.environment Level 1 checking '/home/jetson/aichess/install/chess_simulation/bin'
[2.928s] colcon.colcon_core.shell INFO Creating package script '/home/jetson/aichess/install/chess_simulation/share/chess_simulation/package.ps1'
[2.930s] colcon.colcon_core.shell INFO Creating package descriptor '/home/jetson/aichess/install/chess_simulation/share/chess_simulation/package.dsv'
[2.931s] colcon.colcon_core.shell INFO Creating package script '/home/jetson/aichess/install/chess_simulation/share/chess_simulation/package.sh'
[2.932s] colcon.colcon_core.shell INFO Creating package script '/home/jetson/aichess/install/chess_simulation/share/chess_simulation/package.bash'
[2.933s] colcon.colcon_core.shell INFO Creating package script '/home/jetson/aichess/install/chess_simulation/share/chess_simulation/package.zsh'
[2.934s] colcon.colcon_core.environment Level 1 create_file_with_runtime_dependencies(/home/jetson/aichess/install/chess_simulation/share/colcon-core/packages/chess_simulation)
[2.945s] colcon.colcon_parallel_executor.executor.parallel DEBUG closing loop
[2.945s] colcon.colcon_parallel_executor.executor.parallel DEBUG loop closed
[2.945s] colcon.colcon_parallel_executor.executor.parallel DEBUG run_until_complete finished with '1'
[2.945s] colcon.colcon_core.event_reactor DEBUG joining thread
[2.954s] colcon.colcon_core.plugin_system INFO Skipping extension 'colcon_notification.desktop_notification.terminal_notifier': Not used on non-Darwin systems
[2.955s] colcon.colcon_core.plugin_system INFO Skipping extension 'colcon_notification.desktop_notification.win32': Not used on non-Windows systems
[2.955s] colcon.colcon_notification.desktop_notification INFO Sending desktop notification using 'notify2'
[2.970s] colcon.colcon_core.event_reactor DEBUG joined thread
[2.971s] colcon.colcon_core.shell INFO Creating prefix script '/home/jetson/aichess/install/local_setup.ps1'
[2.973s] colcon.colcon_core.shell INFO Creating prefix util module '/home/jetson/aichess/install/_local_setup_util_ps1.py'
[2.975s] colcon.colcon_core.shell INFO Creating prefix chain script '/home/jetson/aichess/install/setup.ps1'
[2.978s] colcon.colcon_core.shell INFO Creating prefix script '/home/jetson/aichess/install/local_setup.sh'
[2.979s] colcon.colcon_core.shell INFO Creating prefix util module '/home/jetson/aichess/install/_local_setup_util_sh.py'
[2.980s] colcon.colcon_core.shell INFO Creating prefix chain script '/home/jetson/aichess/install/setup.sh'
[2.983s] colcon.colcon_core.shell INFO Creating prefix script '/home/jetson/aichess/install/local_setup.bash'
[2.984s] colcon.colcon_core.shell INFO Creating prefix chain script '/home/jetson/aichess/install/setup.bash'
[2.986s] colcon.colcon_core.shell INFO Creating prefix script '/home/jetson/aichess/install/local_setup.zsh'
[2.987s] colcon.colcon_core.shell INFO Creating prefix chain script '/home/jetson/aichess/install/setup.zsh'
