[0.261s] colcon DEBUG Command line arguments: ['/usr/bin/colcon', 'build', '--packages-select', 'chess_vision', '--symlink-install']
[0.261s] colcon DEBUG Parsed command line arguments: Namespace(log_base=None, log_level=None, verb_name='build', build_base='build', install_base='install', merge_install=False, symlink_install=True, test_result_base=None, continue_on_error=False, executor='parallel', parallel_workers=6, event_handlers=None, ignore_user_meta=False, metas=['./colcon.meta'], base_paths=['.'], packages_ignore=None, packages_ignore_regex=None, paths=None, packages_up_to=None, packages_up_to_regex=None, packages_above=None, packages_above_and_dependencies=None, packages_above_depth=None, packages_select_by_dep=None, packages_skip_by_dep=None, packages_skip_up_to=None, packages_select_build_failed=False, packages_skip_build_finished=False, packages_select_test_failures=False, packages_skip_test_passed=False, packages_select=['chess_vision'], packages_skip=None, packages_select_regex=None, packages_skip_regex=None, packages_start=None, packages_end=None, allow_overriding=[], cmake_args=None, cmake_target=None, cmake_target_skip_unavailable=False, cmake_clean_cache=False, cmake_clean_first=False, cmake_force_configure=False, ament_cmake_args=None, catkin_cmake_args=None, catkin_skip_building_tests=False, mixin_files=None, mixin=None, verb_parser=<colcon_mixin.mixin.mixin_argument.MixinArgumentDecorator object at 0xffffa04d79d0>, verb_extension=<colcon_core.verb.build.BuildVerb object at 0xffffa04d7490>, main=<bound method BuildVerb.main of <colcon_core.verb.build.BuildVerb object at 0xffffa04d7490>>, mixin_verb=('build',))
[0.340s] colcon.colcon_core.package_discovery Level 1 discover_packages(colcon_meta) check parameters
[0.341s] colcon.colcon_core.package_discovery Level 1 discover_packages(recursive) check parameters
[0.341s] colcon.colcon_core.package_discovery Level 1 discover_packages(ignore) check parameters
[0.341s] colcon.colcon_core.package_discovery Level 1 discover_packages(path) check parameters
[0.341s] colcon.colcon_core.package_discovery Level 1 discover_packages(colcon_meta) discover
[0.341s] colcon.colcon_core.package_discovery Level 1 discover_packages(recursive) discover
[0.341s] colcon.colcon_core.package_discovery INFO Crawling recursively for packages in '/home/jetson/aichess'
[0.342s] colcon.colcon_core.package_identification Level 1 _identify(.) by extensions ['ignore', 'ignore_ament_install']
[0.342s] colcon.colcon_core.package_identification Level 1 _identify(.) by extension 'ignore'
[0.342s] colcon.colcon_core.package_identification Level 1 _identify(.) by extension 'ignore_ament_install'
[0.342s] colcon.colcon_core.package_identification Level 1 _identify(.) by extensions ['colcon_pkg']
[0.342s] colcon.colcon_core.package_identification Level 1 _identify(.) by extension 'colcon_pkg'
[0.342s] colcon.colcon_core.package_identification Level 1 _identify(.) by extensions ['colcon_meta']
[0.342s] colcon.colcon_core.package_identification Level 1 _identify(.) by extension 'colcon_meta'
[0.342s] colcon.colcon_core.package_identification Level 1 _identify(.) by extensions ['ros']
[0.342s] colcon.colcon_core.package_identification Level 1 _identify(.) by extension 'ros'
[0.371s] colcon.colcon_core.package_identification Level 1 _identify(.) by extensions ['cmake', 'python']
[0.371s] colcon.colcon_core.package_identification Level 1 _identify(.) by extension 'cmake'
[0.371s] colcon.colcon_core.package_identification Level 1 _identify(.) by extension 'python'
[0.371s] colcon.colcon_core.package_identification Level 1 _identify(.) by extensions ['python_setup_py']
[0.371s] colcon.colcon_core.package_identification Level 1 _identify(.) by extension 'python_setup_py'
[0.372s] colcon.colcon_core.package_identification Level 1 _identify(build) by extensions ['ignore', 'ignore_ament_install']
[0.372s] colcon.colcon_core.package_identification Level 1 _identify(build) by extension 'ignore'
[0.372s] colcon.colcon_core.package_identification Level 1 _identify(build) ignored
[0.372s] colcon.colcon_core.package_identification Level 1 _identify(chess_camera) by extensions ['ignore', 'ignore_ament_install']
[0.372s] colcon.colcon_core.package_identification Level 1 _identify(chess_camera) by extension 'ignore'
[0.373s] colcon.colcon_core.package_identification Level 1 _identify(chess_camera) by extension 'ignore_ament_install'
[0.373s] colcon.colcon_core.package_identification Level 1 _identify(chess_camera) by extensions ['colcon_pkg']
[0.373s] colcon.colcon_core.package_identification Level 1 _identify(chess_camera) by extension 'colcon_pkg'
[0.373s] colcon.colcon_core.package_identification Level 1 _identify(chess_camera) by extensions ['colcon_meta']
[0.373s] colcon.colcon_core.package_identification Level 1 _identify(chess_camera) by extension 'colcon_meta'
[0.373s] colcon.colcon_core.package_identification Level 1 _identify(chess_camera) by extensions ['ros']
[0.373s] colcon.colcon_core.package_identification Level 1 _identify(chess_camera) by extension 'ros'
[0.378s] colcon.colcon_core.package_identification DEBUG Package 'chess_camera' with type 'ros.ament_python' and name 'chess_camera'
[0.378s] colcon.colcon_core.package_identification Level 1 _identify(install) by extensions ['ignore', 'ignore_ament_install']
[0.379s] colcon.colcon_core.package_identification Level 1 _identify(install) by extension 'ignore'
[0.379s] colcon.colcon_core.package_identification Level 1 _identify(install) ignored
[0.379s] colcon.colcon_core.package_identification Level 1 _identify(log) by extensions ['ignore', 'ignore_ament_install']
[0.379s] colcon.colcon_core.package_identification Level 1 _identify(log) by extension 'ignore'
[0.379s] colcon.colcon_core.package_identification Level 1 _identify(log) ignored
[0.379s] colcon.colcon_core.package_identification Level 1 _identify(src) by extensions ['ignore', 'ignore_ament_install']
[0.380s] colcon.colcon_core.package_identification Level 1 _identify(src) by extension 'ignore'
[0.380s] colcon.colcon_core.package_identification Level 1 _identify(src) by extension 'ignore_ament_install'
[0.380s] colcon.colcon_core.package_identification Level 1 _identify(src) by extensions ['colcon_pkg']
[0.380s] colcon.colcon_core.package_identification Level 1 _identify(src) by extension 'colcon_pkg'
[0.380s] colcon.colcon_core.package_identification Level 1 _identify(src) by extensions ['colcon_meta']
[0.380s] colcon.colcon_core.package_identification Level 1 _identify(src) by extension 'colcon_meta'
[0.380s] colcon.colcon_core.package_identification Level 1 _identify(src) by extensions ['ros']
[0.380s] colcon.colcon_core.package_identification Level 1 _identify(src) by extension 'ros'
[0.380s] colcon.colcon_core.package_identification Level 1 _identify(src) by extensions ['cmake', 'python']
[0.380s] colcon.colcon_core.package_identification Level 1 _identify(src) by extension 'cmake'
[0.380s] colcon.colcon_core.package_identification Level 1 _identify(src) by extension 'python'
[0.381s] colcon.colcon_core.package_identification Level 1 _identify(src) by extensions ['python_setup_py']
[0.381s] colcon.colcon_core.package_identification Level 1 _identify(src) by extension 'python_setup_py'
[0.381s] colcon.colcon_core.package_identification Level 1 _identify(src/chess_description) by extensions ['ignore', 'ignore_ament_install']
[0.381s] colcon.colcon_core.package_identification Level 1 _identify(src/chess_description) by extension 'ignore'
[0.381s] colcon.colcon_core.package_identification Level 1 _identify(src/chess_description) by extension 'ignore_ament_install'
[0.381s] colcon.colcon_core.package_identification Level 1 _identify(src/chess_description) by extensions ['colcon_pkg']
[0.381s] colcon.colcon_core.package_identification Level 1 _identify(src/chess_description) by extension 'colcon_pkg'
[0.381s] colcon.colcon_core.package_identification Level 1 _identify(src/chess_description) by extensions ['colcon_meta']
[0.381s] colcon.colcon_core.package_identification Level 1 _identify(src/chess_description) by extension 'colcon_meta'
[0.381s] colcon.colcon_core.package_identification Level 1 _identify(src/chess_description) by extensions ['ros']
[0.382s] colcon.colcon_core.package_identification Level 1 _identify(src/chess_description) by extension 'ros'
[0.383s] colcon.colcon_core.package_identification DEBUG Package 'src/chess_description' with type 'ros.ament_cmake' and name 'chess_description'
[0.383s] colcon.colcon_core.package_identification Level 1 _identify(src/chess_interfaces) by extensions ['ignore', 'ignore_ament_install']
[0.383s] colcon.colcon_core.package_identification Level 1 _identify(src/chess_interfaces) by extension 'ignore'
[0.383s] colcon.colcon_core.package_identification Level 1 _identify(src/chess_interfaces) by extension 'ignore_ament_install'
[0.383s] colcon.colcon_core.package_identification Level 1 _identify(src/chess_interfaces) by extensions ['colcon_pkg']
[0.383s] colcon.colcon_core.package_identification Level 1 _identify(src/chess_interfaces) by extension 'colcon_pkg'
[0.384s] colcon.colcon_core.package_identification Level 1 _identify(src/chess_interfaces) by extensions ['colcon_meta']
[0.384s] colcon.colcon_core.package_identification Level 1 _identify(src/chess_interfaces) by extension 'colcon_meta'
[0.384s] colcon.colcon_core.package_identification Level 1 _identify(src/chess_interfaces) by extensions ['ros']
[0.384s] colcon.colcon_core.package_identification Level 1 _identify(src/chess_interfaces) by extension 'ros'
[0.385s] colcon.colcon_core.package_identification DEBUG Package 'src/chess_interfaces' with type 'ros.ament_cmake' and name 'chess_interfaces'
[0.385s] colcon.colcon_core.package_identification Level 1 _identify(src/chess_simulation) by extensions ['ignore', 'ignore_ament_install']
[0.386s] colcon.colcon_core.package_identification Level 1 _identify(src/chess_simulation) by extension 'ignore'
[0.386s] colcon.colcon_core.package_identification Level 1 _identify(src/chess_simulation) by extension 'ignore_ament_install'
[0.386s] colcon.colcon_core.package_identification Level 1 _identify(src/chess_simulation) by extensions ['colcon_pkg']
[0.386s] colcon.colcon_core.package_identification Level 1 _identify(src/chess_simulation) by extension 'colcon_pkg'
[0.386s] colcon.colcon_core.package_identification Level 1 _identify(src/chess_simulation) by extensions ['colcon_meta']
[0.386s] colcon.colcon_core.package_identification Level 1 _identify(src/chess_simulation) by extension 'colcon_meta'
[0.386s] colcon.colcon_core.package_identification Level 1 _identify(src/chess_simulation) by extensions ['ros']
[0.386s] colcon.colcon_core.package_identification Level 1 _identify(src/chess_simulation) by extension 'ros'
[0.388s] colcon.colcon_core.package_identification DEBUG Package 'src/chess_simulation' with type 'ros.ament_cmake' and name 'chess_simulation'
[0.388s] colcon.colcon_core.package_identification Level 1 _identify(src/chess_vision) by extensions ['ignore', 'ignore_ament_install']
[0.388s] colcon.colcon_core.package_identification Level 1 _identify(src/chess_vision) by extension 'ignore'
[0.388s] colcon.colcon_core.package_identification Level 1 _identify(src/chess_vision) by extension 'ignore_ament_install'
[0.388s] colcon.colcon_core.package_identification Level 1 _identify(src/chess_vision) by extensions ['colcon_pkg']
[0.388s] colcon.colcon_core.package_identification Level 1 _identify(src/chess_vision) by extension 'colcon_pkg'
[0.388s] colcon.colcon_core.package_identification Level 1 _identify(src/chess_vision) by extensions ['colcon_meta']
[0.388s] colcon.colcon_core.package_identification Level 1 _identify(src/chess_vision) by extension 'colcon_meta'
[0.388s] colcon.colcon_core.package_identification Level 1 _identify(src/chess_vision) by extensions ['ros']
[0.389s] colcon.colcon_core.package_identification Level 1 _identify(src/chess_vision) by extension 'ros'
[0.390s] colcon.colcon_core.package_identification DEBUG Package 'src/chess_vision' with type 'ros.ament_python' and name 'chess_vision'
[0.390s] colcon.colcon_core.package_discovery Level 1 discover_packages(recursive) using defaults
[0.390s] colcon.colcon_core.package_discovery Level 1 discover_packages(ignore) discover
[0.390s] colcon.colcon_core.package_discovery Level 1 discover_packages(ignore) using defaults
[0.390s] colcon.colcon_core.package_discovery Level 1 discover_packages(path) discover
[0.390s] colcon.colcon_core.package_discovery Level 1 discover_packages(path) using defaults
[0.422s] colcon.colcon_core.package_selection INFO Skipping not selected package 'chess_description' in 'src/chess_description'
[0.422s] colcon.colcon_core.package_selection INFO Skipping not selected package 'chess_interfaces' in 'src/chess_interfaces'
[0.422s] colcon.colcon_core.package_selection INFO Skipping not selected package 'chess_simulation' in 'src/chess_simulation'
[0.422s] colcon.colcon_core.package_selection INFO Skipping not selected package 'chess_camera' in 'chess_camera'
[0.423s] colcon.colcon_core.package_discovery Level 1 discover_packages(prefix_path) check parameters
[0.423s] colcon.colcon_core.package_discovery Level 1 discover_packages(prefix_path) discover
[0.428s] colcon.colcon_installed_package_information.package_discovery DEBUG Found 17 installed packages in /home/jetson/dofbot_pro_ws/install
[0.431s] colcon.colcon_installed_package_information.package_discovery DEBUG Found 407 installed packages in /opt/ros/humble
[0.436s] colcon.colcon_core.package_discovery Level 1 discover_packages(prefix_path) using defaults
[0.554s] colcon.colcon_core.verb Level 5 set package 'chess_vision' build argument 'cmake_args' from command line to 'None'
[0.554s] colcon.colcon_core.verb Level 5 set package 'chess_vision' build argument 'cmake_target' from command line to 'None'
[0.554s] colcon.colcon_core.verb Level 5 set package 'chess_vision' build argument 'cmake_target_skip_unavailable' from command line to 'False'
[0.554s] colcon.colcon_core.verb Level 5 set package 'chess_vision' build argument 'cmake_clean_cache' from command line to 'False'
[0.554s] colcon.colcon_core.verb Level 5 set package 'chess_vision' build argument 'cmake_clean_first' from command line to 'False'
[0.554s] colcon.colcon_core.verb Level 5 set package 'chess_vision' build argument 'cmake_force_configure' from command line to 'False'
[0.554s] colcon.colcon_core.verb Level 5 set package 'chess_vision' build argument 'ament_cmake_args' from command line to 'None'
[0.554s] colcon.colcon_core.verb Level 5 set package 'chess_vision' build argument 'catkin_cmake_args' from command line to 'None'
[0.554s] colcon.colcon_core.verb Level 5 set package 'chess_vision' build argument 'catkin_skip_building_tests' from command line to 'False'
[0.554s] colcon.colcon_core.verb DEBUG Building package 'chess_vision' with the following arguments: {'ament_cmake_args': None, 'build_base': '/home/jetson/aichess/build/chess_vision', 'catkin_cmake_args': None, 'catkin_skip_building_tests': False, 'cmake_args': None, 'cmake_clean_cache': False, 'cmake_clean_first': False, 'cmake_force_configure': False, 'cmake_target': None, 'cmake_target_skip_unavailable': False, 'install_base': '/home/jetson/aichess/install/chess_vision', 'merge_install': False, 'path': '/home/jetson/aichess/src/chess_vision', 'symlink_install': True, 'test_result_base': None}
[0.555s] colcon.colcon_core.executor INFO Executing jobs using 'parallel' executor
[0.556s] colcon.colcon_parallel_executor.executor.parallel DEBUG run_until_complete
[0.557s] colcon.colcon_ros.task.ament_python.build INFO Building ROS package in '/home/jetson/aichess/src/chess_vision' with build type 'ament_python'
[0.557s] colcon.colcon_core.shell Level 1 create_environment_hook('chess_vision', 'ament_prefix_path')
[0.561s] colcon.colcon_core.plugin_system INFO Skipping extension 'colcon_core.shell.bat': Not used on non-Windows systems
[0.562s] colcon.colcon_core.shell INFO Creating environment hook '/home/jetson/aichess/install/chess_vision/share/chess_vision/hook/ament_prefix_path.ps1'
[0.563s] colcon.colcon_core.shell INFO Creating environment descriptor '/home/jetson/aichess/install/chess_vision/share/chess_vision/hook/ament_prefix_path.dsv'
[0.564s] colcon.colcon_core.shell INFO Creating environment hook '/home/jetson/aichess/install/chess_vision/share/chess_vision/hook/ament_prefix_path.sh'
[0.565s] colcon.colcon_core.shell INFO Skip shell extension 'powershell' for command environment: Not usable outside of PowerShell
[0.565s] colcon.colcon_core.shell DEBUG Skip shell extension 'dsv' for command environment
[1.094s] colcon.colcon_core.task.python.build INFO Building Python package in '/home/jetson/aichess/src/chess_vision'
[1.094s] colcon.colcon_core.shell INFO Skip shell extension 'powershell' for command environment: Not usable outside of PowerShell
[1.094s] colcon.colcon_core.shell DEBUG Skip shell extension 'dsv' for command environment
[2.181s] colcon.colcon_core.task.python.build DEBUG While undoing a previous installation files outside the Python library path are being ignored: /home/jetson/aichess/install/chess_vision/share/ament_index/resource_index/packages/chess_vision
[2.181s] colcon.colcon_core.task.python.build DEBUG While undoing a previous installation files outside the Python library path are being ignored: /home/jetson/aichess/install/chess_vision/share/chess_vision/package.xml
[2.181s] colcon.colcon_core.task.python.build DEBUG While undoing a previous installation files outside the Python library path are being ignored: /home/jetson/aichess/install/chess_vision/share/chess_vision/launch/chess_vision.launch.py
[2.181s] colcon.colcon_core.task.python.build DEBUG While undoing a previous installation files outside the Python library path are being ignored: /home/jetson/aichess/install/chess_vision/share/chess_vision/config/vision_params.yaml
[2.181s] colcon.colcon_core.task.python.build DEBUG While undoing a previous installation files outside the Python library path are being ignored: /home/jetson/aichess/install/chess_vision/bin/board_detector
[2.181s] colcon.colcon_core.task.python.build DEBUG While undoing a previous installation files outside the Python library path are being ignored: /home/jetson/aichess/install/chess_vision/bin/piece_detector
[2.181s] colcon.colcon_core.task.python.build DEBUG While undoing a previous installation files outside the Python library path are being ignored: /home/jetson/aichess/install/chess_vision/bin/vision_coordinator
[2.185s] colcon.colcon_core.event_handler.log_command DEBUG Invoking command in '/home/jetson/aichess/build/chess_vision': AMENT_PREFIX_PATH=/home/jetson/aichess/install/chess_interfaces:${AMENT_PREFIX_PATH} CMAKE_PREFIX_PATH=/home/jetson/aichess/install/chess_interfaces:${CMAKE_PREFIX_PATH} LD_LIBRARY_PATH=/home/jetson/aichess/install/chess_interfaces/lib:/home/jetson/dofbot_pro_ws/install/orbbec_camera/lib:/home/jetson/dofbot_pro_ws/install/orbbec_camera_msgs/lib:/home/jetson/dofbot_pro_ws/install/dofbot_pro_msgs/lib:/home/jetson/dofbot_pro_ws/install/dofbot_pro_interface/lib:/opt/ros/humble/opt/rviz_ogre_vendor/lib:/opt/ros/humble/lib/aarch64-linux-gnu:/opt/ros/humble/lib:/usr/local/lib:/usr/local/cuda-12.6/lib64 PYTHONPATH=/home/jetson/aichess/build/chess_vision/prefix_override:/usr/lib/python3/dist-packages/colcon_core/task/python/colcon_distutils_commands:/home/jetson/aichess/install/chess_vision/lib/python3.10/site-packages:/home/jetson/aichess/install/chess_interfaces/local/lib/python3.10/dist-packages:${PYTHONPATH} /usr/bin/python3 -W ignore:setup.py install is deprecated -W ignore:easy_install command is deprecated setup.py develop --editable --build-directory /home/jetson/aichess/build/chess_vision/build --no-deps symlink_data --force
[2.761s] colcon.colcon_core.event_handler.log_command DEBUG Invoked command in '/home/jetson/aichess/build/chess_vision' returned '1': AMENT_PREFIX_PATH=/home/jetson/aichess/install/chess_interfaces:${AMENT_PREFIX_PATH} CMAKE_PREFIX_PATH=/home/jetson/aichess/install/chess_interfaces:${CMAKE_PREFIX_PATH} LD_LIBRARY_PATH=/home/jetson/aichess/install/chess_interfaces/lib:/home/jetson/dofbot_pro_ws/install/orbbec_camera/lib:/home/jetson/dofbot_pro_ws/install/orbbec_camera_msgs/lib:/home/jetson/dofbot_pro_ws/install/dofbot_pro_msgs/lib:/home/jetson/dofbot_pro_ws/install/dofbot_pro_interface/lib:/opt/ros/humble/opt/rviz_ogre_vendor/lib:/opt/ros/humble/lib/aarch64-linux-gnu:/opt/ros/humble/lib:/usr/local/lib:/usr/local/cuda-12.6/lib64 PYTHONPATH=/home/jetson/aichess/build/chess_vision/prefix_override:/usr/lib/python3/dist-packages/colcon_core/task/python/colcon_distutils_commands:/home/jetson/aichess/install/chess_vision/lib/python3.10/site-packages:/home/jetson/aichess/install/chess_interfaces/local/lib/python3.10/dist-packages:${PYTHONPATH} /usr/bin/python3 -W ignore:setup.py install is deprecated -W ignore:easy_install command is deprecated setup.py develop --editable --build-directory /home/jetson/aichess/build/chess_vision/build --no-deps symlink_data --force
[2.770s] colcon.colcon_parallel_executor.executor.parallel DEBUG closing loop
[2.770s] colcon.colcon_parallel_executor.executor.parallel DEBUG loop closed
[2.771s] colcon.colcon_parallel_executor.executor.parallel DEBUG run_until_complete finished with '1'
[2.771s] colcon.colcon_core.event_reactor DEBUG joining thread
[2.781s] colcon.colcon_core.plugin_system INFO Skipping extension 'colcon_notification.desktop_notification.terminal_notifier': Not used on non-Darwin systems
[2.781s] colcon.colcon_core.plugin_system INFO Skipping extension 'colcon_notification.desktop_notification.win32': Not used on non-Windows systems
[2.781s] colcon.colcon_notification.desktop_notification INFO Sending desktop notification using 'notify2'
[2.798s] colcon.colcon_core.event_reactor DEBUG joined thread
[2.799s] colcon.colcon_core.shell INFO Creating prefix script '/home/jetson/aichess/install/local_setup.ps1'
[2.801s] colcon.colcon_core.shell INFO Creating prefix util module '/home/jetson/aichess/install/_local_setup_util_ps1.py'
[2.803s] colcon.colcon_core.shell INFO Creating prefix chain script '/home/jetson/aichess/install/setup.ps1'
[2.806s] colcon.colcon_core.shell INFO Creating prefix script '/home/jetson/aichess/install/local_setup.sh'
[2.807s] colcon.colcon_core.shell INFO Creating prefix util module '/home/jetson/aichess/install/_local_setup_util_sh.py'
[2.808s] colcon.colcon_core.shell INFO Creating prefix chain script '/home/jetson/aichess/install/setup.sh'
[2.811s] colcon.colcon_core.shell INFO Creating prefix script '/home/jetson/aichess/install/local_setup.bash'
[2.812s] colcon.colcon_core.shell INFO Creating prefix chain script '/home/jetson/aichess/install/setup.bash'
[2.815s] colcon.colcon_core.shell INFO Creating prefix script '/home/jetson/aichess/install/local_setup.zsh'
[2.816s] colcon.colcon_core.shell INFO Creating prefix chain script '/home/jetson/aichess/install/setup.zsh'
