[0.023s] Invoking command in '/home/jetson/aichess/build/chess_coordinator': AMENT_PREFIX_PATH=/home/jetson/aichess/install/chess_interfaces:${AMENT_PREFIX_PATH} CMAKE_PREFIX_PATH=/home/jetson/aichess/install/chess_interfaces:/home/jetson/dofbot_pro_ws/install/orbbec_description:/home/jetson/dofbot_pro_ws/install/orbbec_camera:/home/jetson/dofbot_pro_ws/install/orbbec_camera_msgs:/home/jetson/dofbot_pro_ws/install/dofbot_pro_msgs:/home/jetson/dofbot_pro_ws/install/dofbot_pro_moveit:/home/jetson/dofbot_pro_ws/install/dofbot_pro_interface:/home/jetson/dofbot_pro_ws/install/dofbot_pro_info:/home/jetson/dofbot_pro_ws/install/dofbot_pro_description:/home/jetson/dofbot_pro_ws/install/dofbot_pro_yolov11:/home/jetson/dofbot_pro_ws/install/dofbot_pro_voice_ctrl:/home/jetson/dofbot_pro_ws/install/dofbot_pro_vision:/home/jetson/dofbot_pro_ws/install/dofbot_pro_mediapipe:/home/jetson/dofbot_pro_ws/install/dofbot_pro_driver:/home/jetson/dofbot_pro_ws/install/dofbot_pro_depth:/home/jetson/dofbot_pro_ws/install/dofbot_pro_color:/home/jetson/dofbot_pro_ws/install/dofbot_pro_apriltag:/home/jetson/dofbot_pro_ws/install/dofbot_pro_KCF:/opt/ros/humble LD_LIBRARY_PATH=/home/jetson/aichess/install/chess_interfaces/lib:/home/jetson/dofbot_pro_ws/install/orbbec_camera/lib:/home/jetson/dofbot_pro_ws/install/orbbec_camera_msgs/lib:/home/jetson/dofbot_pro_ws/install/dofbot_pro_msgs/lib:/home/jetson/dofbot_pro_ws/install/dofbot_pro_interface/lib:/opt/ros/humble/opt/rviz_ogre_vendor/lib:/opt/ros/humble/lib/aarch64-linux-gnu:/opt/ros/humble/lib:/usr/local/lib:/usr/local/cuda-12.6/lib64 PYTHONPATH=/home/jetson/aichess/install/chess_interfaces/local/lib/python3.10/dist-packages:${PYTHONPATH} /usr/bin/cmake --build /home/jetson/aichess/build/chess_coordinator -- -j6 -l6
[0.111s] Built target ament_cmake_python_copy_chess_coordinator
[0.632s] running egg_info
[0.685s] writing chess_coordinator.egg-info/PKG-INFO
[0.685s] writing dependency_links to chess_coordinator.egg-info/dependency_links.txt
[0.686s] writing top-level names to chess_coordinator.egg-info/top_level.txt
[0.842s] reading manifest file 'chess_coordinator.egg-info/SOURCES.txt'
[0.843s] writing manifest file 'chess_coordinator.egg-info/SOURCES.txt'
[0.904s] Built target ament_cmake_python_build_chess_coordinator_egg
[0.920s] Invoked command in '/home/jetson/aichess/build/chess_coordinator' returned '0': AMENT_PREFIX_PATH=/home/jetson/aichess/install/chess_interfaces:${AMENT_PREFIX_PATH} CMAKE_PREFIX_PATH=/home/jetson/aichess/install/chess_interfaces:/home/jetson/dofbot_pro_ws/install/orbbec_description:/home/jetson/dofbot_pro_ws/install/orbbec_camera:/home/jetson/dofbot_pro_ws/install/orbbec_camera_msgs:/home/jetson/dofbot_pro_ws/install/dofbot_pro_msgs:/home/jetson/dofbot_pro_ws/install/dofbot_pro_moveit:/home/jetson/dofbot_pro_ws/install/dofbot_pro_interface:/home/jetson/dofbot_pro_ws/install/dofbot_pro_info:/home/jetson/dofbot_pro_ws/install/dofbot_pro_description:/home/jetson/dofbot_pro_ws/install/dofbot_pro_yolov11:/home/jetson/dofbot_pro_ws/install/dofbot_pro_voice_ctrl:/home/jetson/dofbot_pro_ws/install/dofbot_pro_vision:/home/jetson/dofbot_pro_ws/install/dofbot_pro_mediapipe:/home/jetson/dofbot_pro_ws/install/dofbot_pro_driver:/home/jetson/dofbot_pro_ws/install/dofbot_pro_depth:/home/jetson/dofbot_pro_ws/install/dofbot_pro_color:/home/jetson/dofbot_pro_ws/install/dofbot_pro_apriltag:/home/jetson/dofbot_pro_ws/install/dofbot_pro_KCF:/opt/ros/humble LD_LIBRARY_PATH=/home/jetson/aichess/install/chess_interfaces/lib:/home/jetson/dofbot_pro_ws/install/orbbec_camera/lib:/home/jetson/dofbot_pro_ws/install/orbbec_camera_msgs/lib:/home/jetson/dofbot_pro_ws/install/dofbot_pro_msgs/lib:/home/jetson/dofbot_pro_ws/install/dofbot_pro_interface/lib:/opt/ros/humble/opt/rviz_ogre_vendor/lib:/opt/ros/humble/lib/aarch64-linux-gnu:/opt/ros/humble/lib:/usr/local/lib:/usr/local/cuda-12.6/lib64 PYTHONPATH=/home/jetson/aichess/install/chess_interfaces/local/lib/python3.10/dist-packages:${PYTHONPATH} /usr/bin/cmake --build /home/jetson/aichess/build/chess_coordinator -- -j6 -l6
[0.938s] Invoking command in '/home/jetson/aichess/build/chess_coordinator': AMENT_PREFIX_PATH=/home/jetson/aichess/install/chess_interfaces:${AMENT_PREFIX_PATH} CMAKE_PREFIX_PATH=/home/jetson/aichess/install/chess_interfaces:/home/jetson/dofbot_pro_ws/install/orbbec_description:/home/jetson/dofbot_pro_ws/install/orbbec_camera:/home/jetson/dofbot_pro_ws/install/orbbec_camera_msgs:/home/jetson/dofbot_pro_ws/install/dofbot_pro_msgs:/home/jetson/dofbot_pro_ws/install/dofbot_pro_moveit:/home/jetson/dofbot_pro_ws/install/dofbot_pro_interface:/home/jetson/dofbot_pro_ws/install/dofbot_pro_info:/home/jetson/dofbot_pro_ws/install/dofbot_pro_description:/home/jetson/dofbot_pro_ws/install/dofbot_pro_yolov11:/home/jetson/dofbot_pro_ws/install/dofbot_pro_voice_ctrl:/home/jetson/dofbot_pro_ws/install/dofbot_pro_vision:/home/jetson/dofbot_pro_ws/install/dofbot_pro_mediapipe:/home/jetson/dofbot_pro_ws/install/dofbot_pro_driver:/home/jetson/dofbot_pro_ws/install/dofbot_pro_depth:/home/jetson/dofbot_pro_ws/install/dofbot_pro_color:/home/jetson/dofbot_pro_ws/install/dofbot_pro_apriltag:/home/jetson/dofbot_pro_ws/install/dofbot_pro_KCF:/opt/ros/humble LD_LIBRARY_PATH=/home/jetson/aichess/install/chess_interfaces/lib:/home/jetson/dofbot_pro_ws/install/orbbec_camera/lib:/home/jetson/dofbot_pro_ws/install/orbbec_camera_msgs/lib:/home/jetson/dofbot_pro_ws/install/dofbot_pro_msgs/lib:/home/jetson/dofbot_pro_ws/install/dofbot_pro_interface/lib:/opt/ros/humble/opt/rviz_ogre_vendor/lib:/opt/ros/humble/lib/aarch64-linux-gnu:/opt/ros/humble/lib:/usr/local/lib:/usr/local/cuda-12.6/lib64 PYTHONPATH=/home/jetson/aichess/install/chess_interfaces/local/lib/python3.10/dist-packages:${PYTHONPATH} /usr/bin/cmake --install /home/jetson/aichess/build/chess_coordinator
[0.950s] -- Install configuration: ""
[0.951s] -- Up-to-date: /home/jetson/aichess/install/chess_coordinator/share/chess_coordinator/environment/pythonpath.sh
[0.951s] -- Up-to-date: /home/jetson/aichess/install/chess_coordinator/share/chess_coordinator/environment/pythonpath.dsv
[0.951s] -- Up-to-date: /home/jetson/aichess/install/chess_coordinator/local/lib/python3.10/dist-packages/chess_coordinator-0.0.1-py3.10.egg-info
[0.951s] -- Installing: /home/jetson/aichess/install/chess_coordinator/local/lib/python3.10/dist-packages/chess_coordinator-0.0.1-py3.10.egg-info/top_level.txt
[0.952s] -- Installing: /home/jetson/aichess/install/chess_coordinator/local/lib/python3.10/dist-packages/chess_coordinator-0.0.1-py3.10.egg-info/SOURCES.txt
[0.952s] -- Installing: /home/jetson/aichess/install/chess_coordinator/local/lib/python3.10/dist-packages/chess_coordinator-0.0.1-py3.10.egg-info/PKG-INFO
[0.952s] -- Installing: /home/jetson/aichess/install/chess_coordinator/local/lib/python3.10/dist-packages/chess_coordinator-0.0.1-py3.10.egg-info/dependency_links.txt
[0.952s] -- Up-to-date: /home/jetson/aichess/install/chess_coordinator/local/lib/python3.10/dist-packages/chess_coordinator
[0.952s] -- Up-to-date: /home/jetson/aichess/install/chess_coordinator/local/lib/python3.10/dist-packages/chess_coordinator/__init__.py
[0.952s] -- Installing: /home/jetson/aichess/install/chess_coordinator/local/lib/python3.10/dist-packages/chess_coordinator/system_coordinator.py
[1.029s] Listing '/home/jetson/aichess/install/chess_coordinator/local/lib/python3.10/dist-packages/chess_coordinator'...
[1.029s] Compiling '/home/jetson/aichess/install/chess_coordinator/local/lib/python3.10/dist-packages/chess_coordinator/system_coordinator.py'...
[1.039s] -- Installing: /home/jetson/aichess/install/chess_coordinator/lib/chess_coordinator/system_coordinator.py
[1.039s] -- Up-to-date: /home/jetson/aichess/install/chess_coordinator/share/chess_coordinator/launch
[1.040s] -- Up-to-date: /home/jetson/aichess/install/chess_coordinator/share/chess_coordinator/launch/chess_basic_test.launch.py
[1.040s] -- Up-to-date: /home/jetson/aichess/install/chess_coordinator/share/chess_coordinator/config
[1.040s] -- Up-to-date: /home/jetson/aichess/install/chess_coordinator/share/chess_coordinator/resource
[1.040s] -- Up-to-date: /home/jetson/aichess/install/chess_coordinator/share/chess_coordinator/resource/chess_coordinator
[1.040s] -- Up-to-date: /home/jetson/aichess/install/chess_coordinator/share/ament_index/resource_index/package_run_dependencies/chess_coordinator
[1.040s] -- Up-to-date: /home/jetson/aichess/install/chess_coordinator/share/ament_index/resource_index/parent_prefix_path/chess_coordinator
[1.041s] -- Up-to-date: /home/jetson/aichess/install/chess_coordinator/share/chess_coordinator/environment/ament_prefix_path.sh
[1.041s] -- Up-to-date: /home/jetson/aichess/install/chess_coordinator/share/chess_coordinator/environment/ament_prefix_path.dsv
[1.041s] -- Up-to-date: /home/jetson/aichess/install/chess_coordinator/share/chess_coordinator/environment/path.sh
[1.041s] -- Up-to-date: /home/jetson/aichess/install/chess_coordinator/share/chess_coordinator/environment/path.dsv
[1.041s] -- Up-to-date: /home/jetson/aichess/install/chess_coordinator/share/chess_coordinator/local_setup.bash
[1.041s] -- Up-to-date: /home/jetson/aichess/install/chess_coordinator/share/chess_coordinator/local_setup.sh
[1.041s] -- Up-to-date: /home/jetson/aichess/install/chess_coordinator/share/chess_coordinator/local_setup.zsh
[1.041s] -- Up-to-date: /home/jetson/aichess/install/chess_coordinator/share/chess_coordinator/local_setup.dsv
[1.041s] -- Installing: /home/jetson/aichess/install/chess_coordinator/share/chess_coordinator/package.dsv
[1.041s] -- Up-to-date: /home/jetson/aichess/install/chess_coordinator/share/ament_index/resource_index/packages/chess_coordinator
[1.041s] -- Up-to-date: /home/jetson/aichess/install/chess_coordinator/share/chess_coordinator/cmake/chess_coordinatorConfig.cmake
[1.042s] -- Up-to-date: /home/jetson/aichess/install/chess_coordinator/share/chess_coordinator/cmake/chess_coordinatorConfig-version.cmake
[1.042s] -- Up-to-date: /home/jetson/aichess/install/chess_coordinator/share/chess_coordinator/package.xml
[1.044s] Invoked command in '/home/jetson/aichess/build/chess_coordinator' returned '0': AMENT_PREFIX_PATH=/home/jetson/aichess/install/chess_interfaces:${AMENT_PREFIX_PATH} CMAKE_PREFIX_PATH=/home/jetson/aichess/install/chess_interfaces:/home/jetson/dofbot_pro_ws/install/orbbec_description:/home/jetson/dofbot_pro_ws/install/orbbec_camera:/home/jetson/dofbot_pro_ws/install/orbbec_camera_msgs:/home/jetson/dofbot_pro_ws/install/dofbot_pro_msgs:/home/jetson/dofbot_pro_ws/install/dofbot_pro_moveit:/home/jetson/dofbot_pro_ws/install/dofbot_pro_interface:/home/jetson/dofbot_pro_ws/install/dofbot_pro_info:/home/jetson/dofbot_pro_ws/install/dofbot_pro_description:/home/jetson/dofbot_pro_ws/install/dofbot_pro_yolov11:/home/jetson/dofbot_pro_ws/install/dofbot_pro_voice_ctrl:/home/jetson/dofbot_pro_ws/install/dofbot_pro_vision:/home/jetson/dofbot_pro_ws/install/dofbot_pro_mediapipe:/home/jetson/dofbot_pro_ws/install/dofbot_pro_driver:/home/jetson/dofbot_pro_ws/install/dofbot_pro_depth:/home/jetson/dofbot_pro_ws/install/dofbot_pro_color:/home/jetson/dofbot_pro_ws/install/dofbot_pro_apriltag:/home/jetson/dofbot_pro_ws/install/dofbot_pro_KCF:/opt/ros/humble LD_LIBRARY_PATH=/home/jetson/aichess/install/chess_interfaces/lib:/home/jetson/dofbot_pro_ws/install/orbbec_camera/lib:/home/jetson/dofbot_pro_ws/install/orbbec_camera_msgs/lib:/home/jetson/dofbot_pro_ws/install/dofbot_pro_msgs/lib:/home/jetson/dofbot_pro_ws/install/dofbot_pro_interface/lib:/opt/ros/humble/opt/rviz_ogre_vendor/lib:/opt/ros/humble/lib/aarch64-linux-gnu:/opt/ros/humble/lib:/usr/local/lib:/usr/local/cuda-12.6/lib64 PYTHONPATH=/home/jetson/aichess/install/chess_interfaces/local/lib/python3.10/dist-packages:${PYTHONPATH} /usr/bin/cmake --install /home/jetson/aichess/build/chess_coordinator
